0     -0.0902297     -0.0902297              0
1       0.108884     0.00932728       0.099557
2      0.0811085      0.0332543      0.0622605
3      0.0426201      0.0355958       0.044087
4        0.06571      0.0416186      0.0346767
5       -0.13192      0.0126956      0.0404746
6      0.0893689      0.0236489      0.0359181
7     -0.0168276      0.0185894      0.0315148
8      0.0654594      0.0237972      0.0282771
9     -0.0250023      0.0189172      0.0257583
10      0.0118577      0.0182754      0.0233081
11        0.11269      0.0261433      0.0226854
12     -0.0922832      0.0170336      0.0227693
13     -0.0330971      0.0134528      0.0213822
14     -0.0469964     0.00942288      0.0203096
15      0.0416884      0.0114395      0.0191046
16     -0.0580966     0.00734912      0.0184059
17     -0.0862769     0.00214767      0.0181161
18       0.254377      0.0154229      0.0216766
19      -0.029685      0.0131675      0.0206876
20      0.0744452      0.0160855       0.019893
21       0.202317      0.0245506      0.0207705
22      -0.133113      0.0176956      0.0209974
23       0.133984       0.022541      0.0206791
24      0.0838662       0.024994      0.0199858
25    -0.00829364      0.0237137      0.0192444
26     -0.0100902      0.0224617      0.0185602
27     -0.0874601      0.0185359      0.0183108
28      0.0452391      0.0194567      0.0176921
29     -0.0380573      0.0175396      0.0171994
30      0.0986865      0.0201572        0.01684
31      0.0601332      0.0214065      0.0163531
32       0.231017      0.0277583      0.0170752
33     -0.0530393      0.0253819      0.0167349
34       0.119763      0.0280785       0.016472
35       0.144598      0.0313152      0.0163318
36      0.0466948      0.0317308      0.0158897
37       0.106818      0.0337068      0.0155916
38      -0.222176      0.0271457      0.0165433
39       0.104124      0.0290702      0.0162389
40      0.0781107      0.0302663      0.0158829
41      0.0947979      0.0318028      0.0155761
42       0.205053      0.0358318      0.0157342
43      0.0338111      0.0357859      0.0153725
44       0.129543      0.0378694      0.0151708
45     -0.0608134      0.0357241      0.0149916
46     -0.0817907      0.0332238      0.0148807
47       0.121356      0.0350599      0.0146826
48       0.129967      0.0369968      0.0145097
49      -0.103149      0.0341939      0.0144903
50       0.282344      0.0390596      0.0150136
51      0.0941487       0.040119      0.0147601
52     -0.0340811       0.038719      0.0145465
53      0.0652397      0.0392101       0.014283
54      0.0328592      0.0390946      0.0140214
55         0.0184      0.0387251      0.0137737
56      0.0952019      0.0397159      0.0135661
57      -0.110227      0.0371307      0.0135785
58      0.0237555       0.036904      0.0133483
59       0.175014      0.0392058      0.0133243
60       0.117395      0.0404876      0.0131666
61       0.122095      0.0418038      0.0130192
62     -0.0123175      0.0409448      0.0128396
63       0.152086      0.0426814      0.0127562
64      0.0293276      0.0424759      0.0125601
65       0.102592      0.0433868      0.0124018
66      0.0102195      0.0428917      0.0122253
67      -0.112611      0.0406049      0.0122594
68      -0.121781      0.0382515      0.0123075
69      0.0240085       0.038048      0.0121321
70        0.18432      0.0401082      0.0121362
71        0.17142       0.041932      0.0121046
72      0.0153004      0.0415672      0.0119432
73       0.235488      0.0441877      0.0120686
74       0.051357      0.0442833       0.011907
75       0.124213       0.045335      0.0117963
76       0.147543      0.0466624      0.0117175
77     -0.0216799      0.0457862      0.0115994
78     -0.0297816      0.0448297      0.0114916
79       0.160904      0.0462806      0.0114394
80       -0.13118      0.0440897      0.0115078
81     -0.0484959      0.0429606      0.0114225
82      0.0559449      0.0431171      0.0112851
83       0.130092      0.0441525      0.0111979
84       0.141695         0.0453      0.0111248
85       0.152341      0.0465447      0.0110649
86      0.0905313      0.0470503      0.0109486
87     -0.0495169      0.0459529       0.010879
88      0.0734363      0.0462617      0.0107605
89       0.197565      0.0479429      0.0107722
90      -0.224791      0.0449458      0.0110668
91     -0.0280228      0.0441527      0.0109745
92     -0.0391922      0.0432565      0.0108928
93     -0.0439837      0.0423284      0.0108162
94      0.0659436       0.042577      0.0107046
95      0.0922196      0.0430941      0.0106051
96       0.073481      0.0434074      0.0104999
97       0.137181      0.0443642      0.0104362
98       0.123617      0.0451648      0.0103612
99      0.0844444      0.0455576      0.0102646
