1283.77
1292.28
1211.01
1197.83
1197.83
1193.63
1180.79
1104.64
1104.64
1081.7
1070.3
1042.91
1005.41
1005.41
977.271
948.306
948.306
934.077
919.163
919.163
919.163
910.749
916.059
916.059
908.453
896.022
805.132
805.132
805.132
805.132
803.777
786.704
782.754
786.704
786.704
734.784
734.784
734.784
717.649
717.649
717.649
721.741
698.588
714.015
676.716
676.716
671.578
662.859
662.859
654.094
667.183
673.702
668.116
673.702
654.138
651.839
634.983
634.983
634.983
645.461
645.461
636.015
632.46
616.748
613.623
627.93
627.93
622.892
612.03
622.686
615.142
596.883
596.883
592.546
630.512
630.955
630.955
612.847
612.847
610.247
598.597
613.139
606.57
601.991
592.146
592.146
592.656
592.656
592.656
592.656
575.775
575.775
555.605
555.605
555.605
546.664
546.664
527.397
546.664
546.664
546.664
546.664
546.664
534.638
542.659
542.659
542.659
538.511
533.326
539.925
520.373
520.373
515.859
519.269
515.99
509.699
509.699
500.119
489.408
489.408
489.408
475.159
482.166
465.496
476.005
474.231
460.94
460.94
451.615
447.345
441.455
443.358
437.352
419.971
419.971
419.971
410.638
410.638
406.78
406.78
406.78
405.387
405.387
401.72
401.72
404.25
405.387
405.164
403.677
403.677
403.677
402.365
396.839
396.839
396.839
396.839
396.839
393.736
383.631
383.631
388.965
392.179
383.631
392.098
385.131
383.55
383.55
381.084
381.084
381.084
381.084
381.084
380.417
377.866
377.866
377.866
375.319
374.652
373.821
373.74
373.74
373.005
368.578
366.553
365.967
364.765
364.959
364.098
364.469
364.098
364.017
364.017
362.484
360.727
361.895
347.866
347.866
360.516
360.21
357.491
356.598
356.598
356.598
356.598
355.885
355.221
355.2
352.929
352.929
352.929
352.927
352.759
352.759
352.759
352.759
350.425
350.423
348.69
346.272
348.69
346.272
346.207
346.207
345.08
345.08
342.511
342.511
342.49
342.49
342.401
342.401
341.802
341.713
341.713
341.713
341.713
341.713
341.713
341.713
341.713
341.713
341.713
341.713
341.713
341.713
341.408
341.408
341.408
341.408
341.408
341.408
325.501
325.501
325.501
325.501
325.501
325.501
325.501
325.501
333.329
333.329
333.329
333.329
339.002
339.002
339.002
338.988
338.988
338.988
336.709
336.709
334.308
330.942
330.942
330.942
330.928
330.942
330.928
330.928
327.989
327.989
327.989
327.989
327.974
327.974
327.974
327.974
327.974
327.974
327.974
327.974
326.791
326.791
326.791
326.791
326.791
326.791
326.791
326.791
326.791
326.791
326.791
326.791
326.791
326.791
326.791
326.791
326.791
326.791
326.791
326.791
326.791
326.791
326.325
324.251
320.402
320.402
320.402
320.402
317.588
317.588
317.588
317.588
317.588
317.588
317.588
311.142
311.142
311.142
311.142
309.836
309.836
309.836
309.836
309.836
309.836
309.836
308.329
308.329
308.329
308.329
308.329
308.329
308.329
308.329
308.329
308.329
308.329
308.329
308.329
308.329
308.329
306.63
306.63
306.63
306.63
306.63
306.63
306.63
306.63
306.63
306.63
306.63
306.63
306.63
306.63
306.63
306.63
306.63
306.63
306.63
306.63
306.63
306.63
306.63
306.63
306.63
306.506
306.506
306.506
306.63
306.63
306.63
306.63
306.63
306.63
306.63
306.63
306.63
306.63
306.63
306.63
306.63
306.63
306.63
306.63
305.938
306.63
305.399
305.399
306.014
306.63
306.63
306.63
306.63
306.63
306.63
306.63
306.63
306.63
306.63
306.63
306.63
306.63
306.63
306.63
306.63
306.63
306.63
293.056
293.056
293.056
293.056
293.056
304.599
303.377
303.377
295.705
295.705
295.705
295.705
294.985
294.985
294.985
294.985
294.985
292.367
292.367
292.367
292.367
292.367
292.367
292.367
292.367
292.367
292.367
292.367
292.367
292.367
292.367
292.367
292.367
292.367
292.367
289.782
289.782
289.782
289.782
289.782
289.782
289.782
289.782
289.782
289.782
289.782
289.782
289.782
289.782
289.326
289.326
289.326
289.326
289.326
289.326
289.326
289.326
289.326
289.326
289.326
289.326
289.326
289.326
289.326
287.308
287.308
287.308
287.308
287.308
287.308
285.31
285.31
285.31
285.31
285.31
284.867
284.867
282.358
282.358
282.358
282.358
282.358
282.358
282.358
282.358
282.358
282.358
282.358
282.358
282.358
282.358
282.358
282.358
282.358
282.358
282.358
282.358
282.358
282.358
282.358
282.358
282.358
282.358
282.358
282.358
282.358
282.358
282.358
282.358
282.358
282.358
282.358
282.358
282.358
282.358
282.358
282.358
282.358
282.358
282.358
282.358
282.358
282.358
282.358
282.358
282.358
282.358
282.358
282.358
282.358
282.358
282.358
282.358
282.358
282.313
282.313
282.313
282.313
282.313
282.313
282.313
282.313
282.313
282.313
282.313
282.313
282.313
282.313
282.313
282.313
282.313
282.313
282.313
282.313
282.313
282.313
282.313
282.313
282.313
282.313
282.313
282.313
282.313
282.313
282.313
282.313
282.313
282.313
282.313
282.313
282.313
282.313
282.313
282.313
282.313
282.313
282.313
282.313
282.313
282.313
282.313
282.313
282.313
282.313
282.313
282.313
282.313
282.313
282.313
282.313
282.313
282.313
282.313
282.313
282.313
282.313
282.313
282.313
282.313
282.313
282.313
282.313
282.313
282.313
282.313
282.313
282.313
282.313
282.313
282.313
282.313
282.313
282.313
282.313
282.313
282.313
282.313
282.313
282.313
282.313
282.313
282.313
282.313
282.313
282.313
282.313
282.313
282.313
282.313
282.313
282.313
282.313
282.313
282.313
282.313
282.313
282.313
282.313
282.313
282.313
282.313
282.313
282.313
282.313
282.313
282.313
282.313
282.313
282.313
282.313
282.313
282.313
282.313
282.313
282.313
282.313
282.313
282.313
282.313
282.313
282.313
282.313
282.313
282.313
282.313
282.313
282.313
282.313
282.313
282.313
282.313
282.313
282.313
282.313
282.313
282.313
282.313
282.313
282.313
282.313
282.313
282.313
282.313
282.313
282.313
282.313
282.313
282.313
282.313
282.313
282.313
282.313
282.313
282.313
282.313
282.313
282.313
282.313
282.313
282.313
282.313
282.313
282.313
282.313
282.313
282.313
282.313
282.313
282.313
282.313
282.313
282.313
282.313
282.313
282.313
282.313
282.313
282.313
282.313
282.313
282.313
282.313
282.313
282.313
282.313
282.313
282.313
282.313
282.313
282.313
282.313
282.313
282.313
282.313
282.313
282.313
282.313
282.313
282.313
282.313
282.313
282.313
282.313
282.313
282.313
282.313
282.313
282.313
282.313
282.313
282.313
282.313
282.313
282.313
282.313
282.313
282.313
282.313
282.313
282.313
282.313
282.313
282.313
282.313
282.313
282.313
282.313
282.313
282.313
282.313
282.313
282.313
282.313
282.313
282.313
282.313
282.313
282.313
282.313
282.313
282.313
282.313
282.313
282.313
282.313
282.313
282.313
282.313
282.313
282.313
282.313
282.313
282.313
282.313
282.313
282.313
282.313
282.313
282.313
282.313
282.313
282.313
282.313
282.313
282.313
282.313
282.313
282.313
282.313
282.313
282.313
282.313
282.313
282.313
282.313
282.313
282.313
282.313
282.313
282.313
282.313
282.313
282.313
282.313
282.313
282.313
282.313
282.313
282.313
282.313
282.313
282.313
282.313
282.313
282.313
282.313
282.313
282.313
282.313
282.313
282.313
282.313
282.313
282.313
282.313
282.313
282.313
282.313
282.313
282.313
282.313
282.313
282.313
282.313
282.313
282.313
282.313
282.313
282.313
281.456
281.456
281.456
281.456
281.456
281.456
281.456
281.456
281.456
281.456
281.456
281.456
281.456
281.456
281.456
281.456
281.456
281.456
281.456
281.456
281.456
281.456
281.456
281.456
281.456
281.456
281.456
281.456
281.456
281.456
281.456
281.456
281.456
281.456
281.456
281.456
281.456
281.456
281.456
281.456
281.456
281.456
281.456
281.456
281.456
281.456
281.456
281.456
281.456
281.456
281.456
281.456
281.456
281.456
281.456
281.456
281.456
281.456
281.456
281.456
281.456
281.456
281.456
281.456
281.456
281.456
281.265
281.265
281.456
281.456
281.456
281.456
281.456
281.456
281.456
281.456
281.456
281.456
281.456
281.456
281.456
281.456
281.456
281.456
281.456
281.456
281.456
281.456
281.456
281.456
281.456
281.456
281.456
281.456
281.456
281.456
281.456
281.456
281.456
281.456
281.456
281.456
281.456
281.456
281.456
281.456
281.456
281.456
281.265
281.265
281.265
281.456
281.456
281.456
281.456
281.456
281.456
281.456
281.456
281.456
281.456
281.456
281.456
281.456
281.456
281.456
281.456
281.456
281.456
281.265
281.265
281.265
281.265
281.456
281.456
281.456
281.456
281.456
281.456
281.456
281.456
281.456
281.456
281.456
281.456
281.456
281.456
281.456
281.456
281.456
281.456
281.456
281.456
281.456
281.456
281.456
281.456
281.456
281.456
281.456
281.456
281.456
281.456
281.456
281.456
281.456
281.456
281.456
281.456
281.456
281.456
281.456
281.456
281.456
281.456
281.456
281.456
281.456
281.456
281.456
281.456
281.456
281.456
281.456
281.456
281.456
281.456
281.456
281.456
281.456
281.456
281.456
281.456
281.456
281.456
281.456
281.456
281.456
281.456
281.456
281.456
281.456
281.456
281.456
281.456
281.456
281.456
281.456
281.456
281.456
281.456
281.456
281.456
281.265
281.456
281.456
281.456
281.456
281.456
281.456
281.456
281.456
281.456
281.456
281.456
281.456
281.456
281.456
281.456
281.456
281.456
281.456
281.456
281.456
281.456
281.456
281.456
281.456
281.456
281.456
281.456
281.456
281.456
281.456
281.456
281.456
281.456
281.456
281.456
281.456
281.456
281.456
281.456
281.456
281.456
281.456
281.456
281.456
281.456
281.456
281.456
281.456
281.456
281.456
281.456
281.456
281.456
281.456
281.456
281.456
281.456
281.456
281.456
281.456
281.456
281.456
281.456
281.456
281.456
281.456
281.456
281.456
281.456
281.456
281.456
281.456
281.456
281.456
281.456
281.456
281.456
281.456
281.456
281.456
281.456
281.456
281.456
281.456
281.456
281.456
281.456
281.456
281.456
281.456
281.456
281.456
281.456
281.456
281.456
281.456
281.456
281.456
281.456
281.456
281.456
281.456
281.456
281.456
281.456
281.456
281.456
281.456
281.456
281.456
281.456
281.456
281.456
281.456
281.456
281.456
281.456
281.456
281.456
281.456
281.456
281.456
281.456
281.456
281.456
280.513
280.513
281.456
281.456
281.456
281.456
281.456
281.456
281.456
281.456
281.456
281.456
281.456
281.456
281.456
281.456
281.456
281.456
281.456
281.456
281.456
280.513
280.513
280.513
280.513
280.513
280.513
280.513
280.513
280.513
280.513
280.513
280.513
280.513
280.513
280.513
280.513
280.513
280.513
280.513
281.456
281.456
281.456
281.456
281.456
281.456
281.456
281.456
281.456
281.456
281.456
281.456
281.456
281.456
281.456
281.456
281.456
281.456
281.456
281.456
281.456
281.456
281.456
281.456
281.456
281.456
281.456
281.456
281.456
281.456
281.456
281.456
281.456
281.456
281.456
281.456
281.456
281.456
281.456
281.456
281.456
281.456
281.456
281.456
281.456
281.456
281.456
281.456
281.456
281.456
281.456
281.456
281.456
281.456
281.456
281.456
281.456
281.456
281.456
281.456
281.456
281.456
281.456
281.456
281.456
280.513
280.513
280.513
280.513
280.513
281.456
281.456
281.456
281.456
281.456
281.456
281.456
281.456
281.456
281.456
281.456
281.456
281.456
281.456
281.456
281.456
281.456
281.456
281.456
281.456
281.456
281.456
281.456
281.456
281.456
281.456
281.456
281.456
281.456
281.456
281.456
281.456
281.456
281.456
281.456
281.456
281.456
280.513
281.456
281.456
281.456
281.456
281.456
281.456
281.456
281.456
281.456
281.456
281.456
281.456
281.456
281.456
281.456
281.456
281.456
281.456
281.456
281.456
281.456
281.456
281.456
281.456
281.456
281.456
281.456
281.456
281.456
281.456
281.456
281.456
281.456
281.456
281.456
281.456
281.456
281.456
281.456
281.456
281.456
281.456
281.456
281.456
281.456
281.456
281.456
281.456
281.456
281.456
281.456
281.456
281.456
281.456
281.456
281.456
281.456
281.456
281.456
281.456
281.456
281.456
281.456
281.456
281.456
281.456
281.456
281.456
281.456
281.456
281.456
281.456
281.456
281.456
281.456
281.456
281.456
281.456
281.456
281.456
281.456
281.456
281.456
281.456
281.456
281.456
281.456
281.456
281.456
281.456
281.456
281.456
281.456
281.456
281.456
281.456
281.456
281.456
281.456
281.456
281.456
281.456
281.456
281.456
281.456
281.456
281.456
281.456
281.456
281.456
281.456
281.456
281.456
281.456
281.456
281.456
281.456
281.456
281.456
281.456
281.456
281.456
281.456
281.456
281.456
281.456
281.456
281.456
281.456
281.456
281.456
281.456
281.456
281.456
281.456
281.456
281.456
281.456
281.456
281.456
281.456
281.456
281.456
281.456
281.456
281.456
281.456
281.456
281.456
281.456
281.456
281.456
281.456
281.456
281.456
281.456
281.456
281.456
281.456
281.456
281.456
281.456
281.456
281.456
281.456
281.456
281.456
281.456
281.456
281.456
281.456
281.456
281.456
281.456
281.456
281.456
281.456
281.456
281.456
281.456
281.456
281.456
281.456
281.456
281.456
281.456
281.456
281.456
280.513
281.456
281.456
281.456
281.456
281.456
281.456
281.456
281.456
281.456
281.456
281.456
281.456
281.456
281.456
281.456
281.456
281.456
281.456
281.456
281.456
281.456
281.456
281.456
281.456
281.456
281.456
281.456
281.456
281.456
281.456
281.456
281.456
281.456
281.456
281.456
281.456
281.456
281.456
281.456
281.456
281.456
281.456
281.456
281.456
281.456
281.456
281.456
281.456
281.456
281.456
281.456
281.456
281.456
281.456
281.456
281.456
281.456
281.456
281.456
281.456
281.456
281.456
280.513
280.513
281.456
281.456
281.456
281.456
281.456
281.456
281.456
281.456
281.456
281.456
281.456
281.456
281.456
281.456
281.456
281.456
281.456
281.456
281.456
281.456
281.456
281.456
281.456
281.456
281.456
281.456
281.456
281.456
281.456
281.456
281.456
281.456
281.456
281.456
281.456
281.456
281.456
281.456
281.456
281.456
281.456
281.456
281.456
281.456
281.456
281.456
281.456
281.456
281.456
281.456
281.456
281.456
281.456
281.456
281.456
281.456
281.456
281.456
281.456
281.456
281.456
281.456
281.456
281.456
281.456
281.456
281.456
281.456
281.456
281.456
281.456
281.456
281.456
281.456
281.456
281.456
281.456
281.456
281.456
281.456
281.456
281.456
281.456
281.456
281.456
281.456
281.456
281.456
281.456
281.456
281.456
281.456
281.456
281.456
281.456
281.456
281.456
281.456
281.456
281.456
281.456
281.456
281.456
280.513
280.513
280.513
280.513
280.513
280.513
280.513
280.513
280.513
280.513
280.513
280.513
280.513
281.456
281.456
281.456
281.456
281.456
281.456
281.456
281.456
281.456
281.456
281.456
281.456
281.456
281.456
281.456
281.456
281.456
281.456
281.456
281.456
281.456
281.456
281.456
281.456
281.456
281.456
281.456
281.456
281.456
281.456
281.456
281.456
281.456
281.456
281.456
281.456
281.456
281.456
281.456
281.456
281.456
281.456
281.456
281.456
281.456
281.456
281.456
281.456
281.456
281.456
280.513
280.513
280.513
280.513
280.677
280.677
280.677
280.677
280.677
280.677
280.677
280.677
280.677
280.677
280.677
280.677
280.677
280.026
280.026
280.677
280.677
280.677
280.026
280.026
280.026
280.026
280.026
280.026
280.026
280.026
280.026
280.026
280.026
280.026
280.026
280.026
280.026
280.026
280.026
280.026
280.026
280.026
280.026
280.026
280.026
280.026
280.026
280.026
280.026
280.026
280.026
280.026
280.026
280.026
280.026
280.026
280.026
280.026
280.026
280.026
280.026
280.026
280.026
280.026
280.026
280.026
280.026
280.026
280.026
280.026
280.026
280.026
280.026
280.026
280.026
280.026
280.026
280.026
280.026
280.026
280.026
280.026
280.026
280.026
280.026
280.026
280.026
280.026
280.026
280.026
280.026
280.026
280.026
280.026
280.026
280.026
280.026
280.026
280.026
280.026
280.026
280.026
280.026
280.026
280.026
280.026
280.026
280.026
280.026
280.026
280.026
280.026
280.026
280.026
280.026
280.026
280.026
280.026
280.026
280.026
280.026
280.026
280.026
280.026
280.026
280.026
280.026
280.026
280.026
280.026
280.026
280.026
280.026
280.026
280.026
280.026
280.026
279.311
280.026
280.026
280.026
280.026
280.026
280.026
280.026
280.026
280.026
280.026
280.026
280.026
280.026
280.026
280.026
280.026
280.026
280.026
280.026
280.026
280.026
280.026
280.026
280.026
280.026
280.026
280.026
280.026
280.026
280.026
280.026
280.026
280.026
280.026
280.026
280.026
280.026
280.026
280.026
280.026
280.026
280.026
280.026
280.026
280.026
280.026
280.026
280.026
280.026
280.026
280.026
280.026
280.026
280.026
280.026
280.026
280.026
280.026
280.026
280.026
280.026
280.026
280.026
280.026
280.026
280.026
280.026
280.026
280.026
280.026
280.026
280.026
280.026
280.026
280.026
280.026
280.026
280.026
1283.77
1292.28
1211.01
1197.83
1197.83
1193.63
1180.79
1104.64
1104.64
1081.7
1070.3
1042.91
1005.41
1005.41
977.271
948.306
948.306
934.077
919.163
919.163
919.163
910.749
916.059
916.059
908.453
896.022
805.132
805.132
805.132
805.132
803.777
786.704
782.754
786.704
786.704
734.784
734.784
734.784
717.649
717.649
717.649
721.741
698.588
714.015
676.716
676.716
671.578
662.859
662.859
654.094
667.183
673.702
668.116
673.702
654.138
651.839
634.983
634.983
634.983
645.461
645.461
636.015
632.46
616.748
613.623
627.93
627.93
622.892
612.03
622.686
615.142
596.883
596.883
592.546
630.512
630.955
630.955
612.847
612.847
610.247
598.597
613.139
606.57
601.991
592.146
592.146
592.656
592.656
592.656
592.656
575.775
575.775
555.605
555.605
555.605
546.664
546.664
527.397
546.664
546.664
546.664
546.664
546.664
534.638
542.659
542.659
542.659
538.511
533.326
539.925
520.373
520.373
515.859
519.269
515.99
509.699
509.699
500.119
489.408
489.408
489.408
475.159
482.166
465.496
476.005
474.231
460.94
460.94
451.615
447.345
441.455
443.358
437.352
419.971
419.971
419.971
410.638
410.638
406.78
406.78
406.78
405.387
405.387
401.72
401.72
404.25
405.387
405.164
403.677
403.677
403.677
402.365
396.839
396.839
396.839
396.839
396.839
393.736
383.631
383.631
388.965
392.179
383.631
392.098
385.131
383.55
383.55
381.084
381.084
381.084
381.084
381.084
380.417
377.866
377.866
377.866
375.319
374.652
373.821
373.74
373.74
373.005
368.578
366.553
365.967
364.765
364.959
364.098
364.469
364.098
364.017
364.017
362.484
360.727
361.895
347.866
347.866
360.516
360.21
357.491
356.598
356.598
356.598
356.598
355.885
355.221
355.2
352.929
352.929
352.929
352.927
352.759
352.759
352.759
352.759
350.425
350.423
348.69
346.272
348.69
346.272
346.207
346.207
345.08
345.08
342.511
342.511
342.49
342.49
342.401
342.401
341.802
341.713
341.713
341.713
341.713
341.713
341.713
341.713
341.713
341.713
341.713
341.713
341.713
341.713
341.408
341.408
341.408
341.408
341.408
341.408
325.501
325.501
325.501
325.501
325.501
325.501
325.501
325.501
333.329
333.329
333.329
333.329
339.002
339.002
339.002
338.988
338.988
338.988
336.709
336.709
334.308
330.942
330.942
330.942
330.928
330.942
330.928
330.928
327.989
327.989
327.989
327.989
327.974
327.974
327.974
327.974
327.974
327.974
327.974
327.974
326.791
326.791
326.791
326.791
326.791
326.791
326.791
326.791
326.791
326.791
326.791
326.791
326.791
326.791
326.791
326.791
326.791
326.791
326.791
326.791
326.791
326.791
326.325
324.251
320.402
320.402
320.402
320.402
317.588
317.588
317.588
317.588
317.588
317.588
317.588
311.142
311.142
311.142
311.142
309.836
309.836
309.836
309.836
309.836
309.836
309.836
308.329
308.329
308.329
308.329
308.329
308.329
308.329
308.329
308.329
308.329
308.329
308.329
308.329
308.329
308.329
306.63
306.63
306.63
306.63
306.63
306.63
306.63
306.63
306.63
306.63
306.63
306.63
306.63
306.63
306.63
306.63
306.63
306.63
306.63
306.63
306.63
306.63
306.63
306.63
306.63
306.506
306.506
306.506
306.63
306.63
306.63
306.63
306.63
306.63
306.63
306.63
306.63
306.63
306.63
306.63
306.63
306.63
306.63
306.63
305.938
306.63
305.399
305.399
306.014
306.63
306.63
306.63
306.63
306.63
306.63
306.63
306.63
306.63
306.63
306.63
306.63
306.63
306.63
306.63
306.63
306.63
306.63
293.056
293.056
293.056
293.056
293.056
304.599
303.377
303.377
295.705
295.705
295.705
295.705
294.985
294.985
294.985
294.985
294.985
292.367
292.367
292.367
292.367
292.367
292.367
292.367
292.367
292.367
292.367
292.367
292.367
292.367
292.367
292.367
292.367
292.367
292.367
289.782
289.782
289.782
289.782
289.782
289.782
289.782
289.782
289.782
289.782
289.782
289.782
289.782
289.782
289.326
289.326
289.326
289.326
289.326
289.326
289.326
289.326
289.326
289.326
289.326
289.326
289.326
289.326
289.326
287.308
287.308
287.308
287.308
287.308
287.308
285.31
285.31
285.31
285.31
285.31
284.867
284.867
282.358
282.358
282.358
282.358
282.358
282.358
282.358
282.358
282.358
282.358
282.358
282.358
282.358
282.358
282.358
282.358
282.358
282.358
282.358
282.358
282.358
282.358
282.358
282.358
282.358
282.358
282.358
282.358
282.358
282.358
282.358
282.358
282.358
282.358
282.358
282.358
282.358
282.358
282.358
282.358
282.358
282.358
282.358
282.358
282.358
282.358
282.358
282.358
282.358
282.358
282.358
282.358
282.358
282.358
282.358
282.358
282.358
282.313
282.313
282.313
282.313
282.313
282.313
282.313
282.313
282.313
282.313
282.313
282.313
282.313
282.313
282.313
282.313
282.313
282.313
282.313
282.313
282.313
282.313
282.313
282.313
282.313
282.313
282.313
282.313
282.313
282.313
282.313
282.313
282.313
282.313
282.313
282.313
282.313
282.313
282.313
282.313
282.313
282.313
282.313
282.313
282.313
282.313
282.313
282.313
282.313
282.313
282.313
282.313
282.313
282.313
282.313
282.313
282.313
282.313
282.313
282.313
282.313
282.313
282.313
282.313
282.313
282.313
282.313
282.313
282.313
282.313
282.313
282.313
282.313
282.313
282.313
282.313
282.313
282.313
282.313
282.313
282.313
282.313
282.313
282.313
282.313
282.313
282.313
282.313
282.313
282.313
282.313
282.313
282.313
282.313
282.313
282.313
282.313
282.313
282.313
282.313
282.313
282.313
282.313
282.313
282.313
282.313
282.313
282.313
282.313
282.313
282.313
282.313
282.313
282.313
282.313
282.313
282.313
282.313
282.313
282.313
282.313
282.313
282.313
282.313
282.313
282.313
282.313
282.313
282.313
282.313
282.313
282.313
282.313
282.313
282.313
282.313
282.313
282.313
282.313
282.313
282.313
282.313
282.313
282.313
282.313
282.313
282.313
282.313
282.313
282.313
282.313
282.313
282.313
282.313
282.313
282.313
282.313
282.313
282.313
282.313
282.313
282.313
282.313
282.313
282.313
282.313
282.313
282.313
282.313
282.313
282.313
282.313
282.313
282.313
282.313
282.313
282.313
282.313
282.313
282.313
282.313
282.313
282.313
282.313
282.313
282.313
282.313
282.313
282.313
282.313
282.313
282.313
282.313
282.313
282.313
282.313
282.313
282.313
282.313
282.313
282.313
282.313
282.313
282.313
282.313
282.313
282.313
282.313
282.313
282.313
282.313
282.313
282.313
282.313
282.313
282.313
282.313
282.313
282.313
282.313
282.313
282.313
282.313
282.313
282.313
282.313
282.313
282.313
282.313
282.313
282.313
282.313
282.313
282.313
282.313
282.313
282.313
282.313
282.313
282.313
282.313
282.313
282.313
282.313
282.313
282.313
282.313
282.313
282.313
282.313
282.313
282.313
282.313
282.313
282.313
282.313
282.313
282.313
282.313
282.313
282.313
282.313
282.313
282.313
282.313
282.313
282.313
282.313
282.313
282.313
282.313
282.313
282.313
282.313
282.313
282.313
282.313
282.313
282.313
282.313
282.313
282.313
282.313
282.313
282.313
282.313
282.313
282.313
282.313
282.313
282.313
282.313
282.313
282.313
282.313
282.313
282.313
282.313
282.313
282.313
282.313
282.313
282.313
282.313
282.313
282.313
282.313
282.313
282.313
282.313
282.313
282.313
282.313
282.313
282.313
282.313
282.313
282.313
282.313
282.313
282.313
282.313
282.313
282.313
282.313
281.456
281.456
281.456
281.456
281.456
281.456
281.456
281.456
281.456
281.456
281.456
281.456
281.456
281.456
281.456
281.456
281.456
281.456
281.456
281.456
281.456
281.456
281.456
281.456
281.456
281.456
281.456
281.456
281.456
281.456
281.456
281.456
281.456
281.456
281.456
281.456
281.456
281.456
281.456
281.456
281.456
281.456
281.456
281.456
281.456
281.456
281.456
281.456
281.456
281.456
281.456
281.456
281.456
281.456
281.456
281.456
281.456
281.456
281.456
281.456
281.456
281.456
281.456
281.456
281.456
281.456
281.265
281.265
281.456
281.456
281.456
281.456
281.456
281.456
281.456
281.456
281.456
281.456
281.456
281.456
281.456
281.456
281.456
281.456
281.456
281.456
281.456
281.456
281.456
281.456
281.456
281.456
281.456
281.456
281.456
281.456
281.456
281.456
281.456
281.456
281.456
281.456
281.456
281.456
281.456
281.456
281.456
281.456
281.265
281.265
281.265
281.456
281.456
281.456
281.456
281.456
281.456
281.456
281.456
281.456
281.456
281.456
281.456
281.456
281.456
281.456
281.456
281.456
281.456
281.265
281.265
281.265
281.265
281.456
281.456
281.456
281.456
281.456
281.456
281.456
281.456
281.456
281.456
281.456
281.456
281.456
281.456
281.456
281.456
281.456
281.456
281.456
281.456
281.456
281.456
281.456
281.456
281.456
281.456
281.456
281.456
281.456
281.456
281.456
281.456
281.456
281.456
281.456
281.456
281.456
281.456
281.456
281.456
281.456
281.456
281.456
281.456
281.456
281.456
281.456
281.456
281.456
281.456
281.456
281.456
281.456
281.456
281.456
281.456
281.456
281.456
281.456
281.456
281.456
281.456
281.456
281.456
281.456
281.456
281.456
281.456
281.456
281.456
281.456
281.456
281.456
281.456
281.456
281.456
281.456
281.456
281.456
281.456
281.265
281.456
281.456
281.456
281.456
281.456
281.456
281.456
281.456
281.456
281.456
281.456
281.456
281.456
281.456
281.456
281.456
281.456
281.456
281.456
281.456
281.456
281.456
281.456
281.456
281.456
281.456
281.456
281.456
281.456
281.456
281.456
281.456
281.456
281.456
281.456
281.456
281.456
281.456
281.456
281.456
281.456
281.456
281.456
281.456
281.456
281.456
281.456
281.456
281.456
281.456
281.456
281.456
281.456
281.456
281.456
281.456
281.456
281.456
281.456
281.456
281.456
281.456
281.456
281.456
281.456
281.456
281.456
281.456
281.456
281.456
281.456
281.456
281.456
281.456
281.456
281.456
281.456
281.456
281.456
281.456
281.456
281.456
281.456
281.456
281.456
281.456
281.456
281.456
281.456
281.456
281.456
281.456
281.456
281.456
281.456
281.456
281.456
281.456
281.456
281.456
281.456
281.456
281.456
281.456
281.456
281.456
281.456
281.456
281.456
281.456
281.456
281.456
281.456
281.456
281.456
281.456
281.456
281.456
281.456
281.456
281.456
281.456
281.456
281.456
281.456
280.513
280.513
281.456
281.456
281.456
281.456
281.456
281.456
281.456
281.456
281.456
281.456
281.456
281.456
281.456
281.456
281.456
281.456
281.456
281.456
281.456
280.513
280.513
280.513
280.513
280.513
280.513
280.513
280.513
280.513
280.513
280.513
280.513
280.513
280.513
280.513
280.513
280.513
280.513
280.513
281.456
281.456
281.456
281.456
281.456
281.456
281.456
281.456
281.456
281.456
281.456
281.456
281.456
281.456
281.456
281.456
281.456
281.456
281.456
281.456
281.456
281.456
281.456
281.456
281.456
281.456
281.456
281.456
281.456
281.456
281.456
281.456
281.456
281.456
281.456
281.456
281.456
281.456
281.456
281.456
281.456
281.456
281.456
281.456
281.456
281.456
281.456
281.456
281.456
281.456
281.456
281.456
281.456
281.456
281.456
281.456
281.456
281.456
281.456
281.456
281.456
281.456
281.456
281.456
281.456
280.513
280.513
280.513
280.513
280.513
281.456
281.456
281.456
281.456
281.456
281.456
281.456
281.456
281.456
281.456
281.456
281.456
281.456
281.456
281.456
281.456
281.456
281.456
281.456
281.456
281.456
281.456
281.456
281.456
281.456
281.456
281.456
281.456
281.456
281.456
281.456
281.456
281.456
281.456
281.456
281.456
281.456
280.513
281.456
281.456
281.456
281.456
281.456
281.456
281.456
281.456
281.456
281.456
281.456
281.456
281.456
281.456
281.456
281.456
281.456
281.456
281.456
281.456
281.456
281.456
281.456
281.456
281.456
281.456
281.456
281.456
281.456
281.456
281.456
281.456
281.456
281.456
281.456
281.456
281.456
281.456
281.456
281.456
281.456
281.456
281.456
281.456
281.456
281.456
281.456
281.456
281.456
281.456
281.456
281.456
281.456
281.456
281.456
281.456
281.456
281.456
281.456
281.456
281.456
281.456
281.456
281.456
281.456
281.456
281.456
281.456
281.456
281.456
281.456
281.456
281.456
281.456
281.456
281.456
281.456
281.456
281.456
281.456
281.456
281.456
281.456
281.456
281.456
281.456
281.456
281.456
281.456
281.456
281.456
281.456
281.456
281.456
281.456
281.456
281.456
281.456
281.456
281.456
281.456
281.456
281.456
281.456
281.456
281.456
281.456
281.456
281.456
281.456
281.456
281.456
281.456
281.456
281.456
281.456
281.456
281.456
281.456
281.456
281.456
281.456
281.456
281.456
281.456
281.456
281.456
281.456
281.456
281.456
281.456
281.456
281.456
281.456
281.456
281.456
281.456
281.456
281.456
281.456
281.456
281.456
281.456
281.456
281.456
281.456
281.456
281.456
281.456
281.456
281.456
281.456
281.456
281.456
281.456
281.456
281.456
281.456
281.456
281.456
281.456
281.456
281.456
281.456
281.456
281.456
281.456
281.456
281.456
281.456
281.456
281.456
281.456
281.456
281.456
281.456
281.456
281.456
281.456
281.456
281.456
281.456
281.456
281.456
281.456
281.456
281.456
281.456
280.513
281.456
281.456
281.456
281.456
281.456
281.456
281.456
281.456
281.456
281.456
281.456
281.456
281.456
281.456
281.456
281.456
281.456
281.456
281.456
281.456
281.456
281.456
281.456
281.456
281.456
281.456
281.456
281.456
281.456
281.456
281.456
281.456
281.456
281.456
281.456
281.456
281.456
281.456
281.456
281.456
281.456
281.456
281.456
281.456
281.456
281.456
281.456
281.456
281.456
281.456
281.456
281.456
281.456
281.456
281.456
281.456
281.456
281.456
281.456
281.456
281.456
281.456
280.513
280.513
281.456
281.456
281.456
281.456
281.456
281.456
281.456
281.456
281.456
281.456
281.456
281.456
281.456
281.456
281.456
281.456
281.456
281.456
281.456
281.456
281.456
281.456
281.456
281.456
281.456
281.456
281.456
281.456
281.456
281.456
281.456
281.456
281.456
281.456
281.456
281.456
281.456
281.456
281.456
281.456
281.456
281.456
281.456
281.456
281.456
281.456
281.456
281.456
281.456
281.456
281.456
281.456
281.456
281.456
281.456
281.456
281.456
281.456
281.456
281.456
281.456
281.456
281.456
281.456
281.456
281.456
281.456
281.456
281.456
281.456
281.456
281.456
281.456
281.456
281.456
281.456
281.456
281.456
281.456
281.456
281.456
281.456
281.456
281.456
281.456
281.456
281.456
281.456
281.456
281.456
281.456
281.456
281.456
281.456
281.456
281.456
281.456
281.456
281.456
281.456
281.456
281.456
281.456
280.513
280.513
280.513
280.513
280.513
280.513
280.513
280.513
280.513
280.513
280.513
280.513
280.513
281.456
281.456
281.456
281.456
281.456
281.456
281.456
281.456
281.456
281.456
281.456
281.456
281.456
281.456
281.456
281.456
281.456
281.456
281.456
281.456
281.456
281.456
281.456
281.456
281.456
281.456
281.456
281.456
281.456
281.456
281.456
281.456
281.456
281.456
281.456
281.456
281.456
281.456
281.456
281.456
281.456
281.456
281.456
281.456
281.456
281.456
281.456
281.456
281.456
281.456
280.513
280.513
280.513
280.513
280.677
280.677
280.677
280.677
280.677
280.677
280.677
280.677
280.677
280.677
280.677
280.677
280.677
280.026
280.026
280.677
280.677
280.677
280.026
280.026
280.026
280.026
280.026
280.026
280.026
280.026
280.026
280.026
280.026
280.026
280.026
280.026
280.026
280.026
280.026
280.026
280.026
280.026
280.026
280.026
280.026
280.026
280.026
280.026
280.026
280.026
280.026
280.026
280.026
280.026
280.026
280.026
280.026
280.026
280.026
280.026
280.026
280.026
280.026
280.026
280.026
280.026
280.026
280.026
280.026
280.026
280.026
280.026
280.026
280.026
280.026
280.026
280.026
280.026
280.026
280.026
280.026
280.026
280.026
280.026
280.026
280.026
280.026
280.026
280.026
280.026
280.026
280.026
280.026
280.026
280.026
280.026
280.026
280.026
280.026
280.026
280.026
280.026
280.026
280.026
280.026
280.026
280.026
280.026
280.026
280.026
280.026
280.026
280.026
280.026
280.026
280.026
280.026
280.026
280.026
280.026
280.026
280.026
280.026
280.026
280.026
280.026
280.026
280.026
280.026
280.026
280.026
280.026
280.026
280.026
280.026
280.026
280.026
279.311
280.026
280.026
280.026
280.026
280.026
280.026
280.026
280.026
280.026
280.026
280.026
280.026
280.026
280.026
280.026
280.026
280.026
280.026
280.026
280.026
280.026
280.026
280.026
280.026
280.026
280.026
280.026
280.026
280.026
280.026
280.026
280.026
280.026
280.026
280.026
280.026
280.026
280.026
280.026
280.026
280.026
280.026
280.026
280.026
280.026
280.026
280.026
280.026
280.026
280.026
280.026
280.026
280.026
280.026
280.026
280.026
280.026
280.026
280.026
280.026
280.026
280.026
280.026
280.026
280.026
280.026
280.026
280.026
280.026
280.026
280.026
280.026
280.026
280.026
280.026
280.026
280.026
280.026
1283.77
1292.28
1211.01
1197.83
1197.83
1193.63
1180.79
1104.64
1104.64
1081.7
1070.3
1042.91
1005.41
1005.41
977.271
948.306
948.306
934.077
919.163
919.163
919.163
910.749
916.059
916.059
908.453
896.022
805.132
805.132
805.132
805.132
803.777
786.704
782.754
786.704
786.704
734.784
734.784
734.784
717.649
717.649
717.649
721.741
698.588
714.015
676.716
676.716
671.578
662.859
662.859
654.094
667.183
673.702
668.116
673.702
654.138
651.839
634.983
634.983
634.983
645.461
645.461
636.015
632.46
616.748
613.623
627.93
627.93
622.892
612.03
622.686
615.142
596.883
596.883
592.546
630.512
630.955
630.955
612.847
612.847
610.247
598.597
613.139
606.57
601.991
592.146
592.146
592.656
592.656
592.656
592.656
575.775
575.775
555.605
555.605
555.605
546.664
546.664
527.397
546.664
546.664
546.664
546.664
546.664
534.638
542.659
542.659
542.659
538.511
533.326
539.925
520.373
520.373
515.859
519.269
515.99
509.699
509.699
500.119
489.408
489.408
489.408
475.159
482.166
465.496
476.005
474.231
460.94
460.94
451.615
447.345
441.455
443.358
437.352
419.971
419.971
419.971
410.638
410.638
406.78
406.78
406.78
405.387
405.387
401.72
401.72
404.25
405.387
405.164
403.677
403.677
403.677
402.365
396.839
396.839
396.839
396.839
396.839
393.736
383.631
383.631
388.965
392.179
383.631
392.098
385.131
383.55
383.55
381.084
381.084
381.084
381.084
381.084
380.417
377.866
377.866
377.866
375.319
374.652
373.821
373.74
373.74
373.005
368.578
366.553
365.967
364.765
364.959
364.098
364.469
364.098
364.017
364.017
362.484
360.727
361.895
347.866
347.866
360.516
360.21
357.491
356.598
356.598
356.598
356.598
355.885
355.221
355.2
352.929
352.929
352.929
352.927
352.759
352.759
352.759
352.759
350.425
350.423
348.69
346.272
348.69
346.272
346.207
346.207
345.08
345.08
342.511
342.511
342.49
342.49
342.401
342.401
341.802
341.713
341.713
341.713
341.713
341.713
341.713
341.713
341.713
341.713
341.713
341.713
341.713
341.713
341.408
341.408
341.408
341.408
341.408
341.408
325.501
325.501
325.501
325.501
325.501
325.501
325.501
325.501
333.329
333.329
333.329
333.329
339.002
339.002
339.002
338.988
338.988
338.988
336.709
336.709
334.308
330.942
330.942
330.942
330.928
330.942
330.928
330.928
327.989
327.989
327.989
327.989
327.974
327.974
327.974
327.974
327.974
327.974
327.974
327.974
326.791
326.791
326.791
326.791
326.791
326.791
326.791
326.791
326.791
326.791
326.791
326.791
326.791
326.791
326.791
326.791
326.791
326.791
326.791
326.791
326.791
326.791
326.325
324.251
320.402
320.402
320.402
320.402
317.588
317.588
317.588
317.588
317.588
317.588
317.588
311.142
311.142
311.142
311.142
309.836
309.836
309.836
309.836
309.836
309.836
309.836
308.329
308.329
308.329
308.329
308.329
308.329
308.329
308.329
308.329
308.329
308.329
308.329
308.329
308.329
308.329
306.63
306.63
306.63
306.63
306.63
306.63
306.63
306.63
306.63
306.63
306.63
306.63
306.63
306.63
306.63
306.63
306.63
306.63
306.63
306.63
306.63
306.63
306.63
306.63
306.63
306.506
306.506
306.506
306.63
306.63
306.63
306.63
306.63
306.63
306.63
306.63
306.63
306.63
306.63
306.63
306.63
306.63
306.63
306.63
305.938
306.63
305.399
305.399
306.014
306.63
306.63
306.63
306.63
306.63
306.63
306.63
306.63
306.63
306.63
306.63
306.63
306.63
306.63
306.63
306.63
306.63
306.63
293.056
293.056
293.056
293.056
293.056
304.599
303.377
303.377
295.705
295.705
295.705
295.705
294.985
294.985
294.985
294.985
294.985
292.367
292.367
292.367
292.367
292.367
292.367
292.367
292.367
292.367
292.367
292.367
292.367
292.367
292.367
292.367
292.367
292.367
292.367
289.782
289.782
289.782
289.782
289.782
289.782
289.782
289.782
289.782
289.782
289.782
289.782
289.782
289.782
289.326
289.326
289.326
289.326
289.326
289.326
289.326
289.326
289.326
289.326
289.326
289.326
289.326
289.326
289.326
287.308
287.308
287.308
287.308
287.308
287.308
285.31
285.31
285.31
285.31
285.31
284.867
284.867
282.358
282.358
282.358
282.358
282.358
282.358
282.358
282.358
282.358
282.358
282.358
282.358
282.358
282.358
282.358
282.358
282.358
282.358
282.358
282.358
282.358
282.358
282.358
282.358
282.358
282.358
282.358
282.358
282.358
282.358
282.358
282.358
282.358
282.358
282.358
282.358
282.358
282.358
282.358
282.358
282.358
282.358
282.358
282.358
282.358
282.358
282.358
282.358
282.358
282.358
282.358
282.358
282.358
282.358
282.358
282.358
282.358
282.313
282.313
282.313
282.313
282.313
282.313
282.313
282.313
282.313
282.313
282.313
282.313
282.313
282.313
282.313
282.313
282.313
282.313
282.313
282.313
282.313
282.313
282.313
282.313
282.313
282.313
282.313
282.313
282.313
282.313
282.313
282.313
282.313
282.313
282.313
282.313
282.313
282.313
282.313
282.313
282.313
282.313
282.313
282.313
282.313
282.313
282.313
282.313
282.313
282.313
282.313
282.313
282.313
282.313
282.313
282.313
282.313
282.313
282.313
282.313
282.313
282.313
282.313
282.313
282.313
282.313
282.313
282.313
282.313
282.313
282.313
282.313
282.313
282.313
282.313
282.313
282.313
282.313
282.313
282.313
282.313
282.313
282.313
282.313
282.313
282.313
282.313
282.313
282.313
282.313
282.313
282.313
282.313
282.313
282.313
282.313
282.313
282.313
282.313
282.313
282.313
282.313
282.313
282.313
282.313
282.313
282.313
282.313
282.313
282.313
282.313
282.313
282.313
282.313
282.313
282.313
282.313
282.313
282.313
282.313
282.313
282.313
282.313
282.313
282.313
282.313
282.313
282.313
282.313
282.313
282.313
282.313
282.313
282.313
282.313
282.313
282.313
282.313
282.313
282.313
282.313
282.313
282.313
282.313
282.313
282.313
282.313
282.313
282.313
282.313
282.313
282.313
282.313
282.313
282.313
282.313
282.313
282.313
282.313
282.313
282.313
282.313
282.313
282.313
282.313
282.313
282.313
282.313
282.313
282.313
282.313
282.313
282.313
282.313
282.313
282.313
282.313
282.313
282.313
282.313
282.313
282.313
282.313
282.313
282.313
282.313
282.313
282.313
282.313
282.313
282.313
282.313
282.313
282.313
282.313
282.313
282.313
282.313
282.313
282.313
282.313
282.313
282.313
282.313
282.313
282.313
282.313
282.313
282.313
282.313
282.313
282.313
282.313
282.313
282.313
282.313
282.313
282.313
282.313
282.313
282.313
282.313
282.313
282.313
282.313
282.313
282.313
282.313
282.313
282.313
282.313
282.313
282.313
282.313
282.313
282.313
282.313
282.313
282.313
282.313
282.313
282.313
282.313
282.313
282.313
282.313
282.313
282.313
282.313
282.313
282.313
282.313
282.313
282.313
282.313
282.313
282.313
282.313
282.313
282.313
282.313
282.313
282.313
282.313
282.313
282.313
282.313
282.313
282.313
282.313
282.313
282.313
282.313
282.313
282.313
282.313
282.313
282.313
282.313
282.313
282.313
282.313
282.313
282.313
282.313
282.313
282.313
282.313
282.313
282.313
282.313
282.313
282.313
282.313
282.313
282.313
282.313
282.313
282.313
282.313
282.313
282.313
282.313
282.313
282.313
282.313
282.313
282.313
282.313
282.313
282.313
282.313
282.313
282.313
282.313
282.313
282.313
282.313
282.313
282.313
282.313
282.313
282.313
282.313
282.313
281.456
281.456
281.456
281.456
281.456
281.456
281.456
281.456
281.456
281.456
281.456
281.456
281.456
281.456
281.456
281.456
281.456
281.456
281.456
281.456
281.456
281.456
281.456
281.456
281.456
281.456
281.456
281.456
281.456
281.456
281.456
281.456
281.456
281.456
281.456
281.456
281.456
281.456
281.456
281.456
281.456
281.456
281.456
281.456
281.456
281.456
281.456
281.456
281.456
281.456
281.456
281.456
281.456
281.456
281.456
281.456
281.456
281.456
281.456
281.456
281.456
281.456
281.456
281.456
281.456
281.456
281.265
281.265
281.456
281.456
281.456
281.456
281.456
281.456
281.456
281.456
281.456
281.456
281.456
281.456
281.456
281.456
281.456
281.456
281.456
281.456
281.456
281.456
281.456
281.456
281.456
281.456
281.456
281.456
281.456
281.456
281.456
281.456
281.456
281.456
281.456
281.456
281.456
281.456
281.456
281.456
281.456
281.456
281.265
281.265
281.265
281.456
281.456
281.456
281.456
281.456
281.456
281.456
281.456
281.456
281.456
281.456
281.456
281.456
281.456
281.456
281.456
281.456
281.456
281.265
281.265
281.265
281.265
281.456
281.456
281.456
281.456
281.456
281.456
281.456
281.456
281.456
281.456
281.456
281.456
281.456
281.456
281.456
281.456
281.456
281.456
281.456
281.456
281.456
281.456
281.456
281.456
281.456
281.456
281.456
281.456
281.456
281.456
281.456
281.456
281.456
281.456
281.456
281.456
281.456
281.456
281.456
281.456
281.456
281.456
281.456
281.456
281.456
281.456
281.456
281.456
281.456
281.456
281.456
281.456
281.456
281.456
281.456
281.456
281.456
281.456
281.456
281.456
281.456
281.456
281.456
281.456
281.456
281.456
281.456
281.456
281.456
281.456
281.456
281.456
281.456
281.456
281.456
281.456
281.456
281.456
281.456
281.456
281.265
281.456
281.456
281.456
281.456
281.456
281.456
281.456
281.456
281.456
281.456
281.456
281.456
281.456
281.456
281.456
281.456
281.456
281.456
281.456
281.456
281.456
281.456
281.456
281.456
281.456
281.456
281.456
281.456
281.456
281.456
281.456
281.456
281.456
281.456
281.456
281.456
281.456
281.456
281.456
281.456
281.456
281.456
281.456
281.456
281.456
281.456
281.456
281.456
281.456
281.456
281.456
281.456
281.456
281.456
281.456
281.456
281.456
281.456
281.456
281.456
281.456
281.456
281.456
281.456
281.456
281.456
281.456
281.456
281.456
281.456
281.456
281.456
281.456
281.456
281.456
281.456
281.456
281.456
281.456
281.456
281.456
281.456
281.456
281.456
281.456
281.456
281.456
281.456
281.456
281.456
281.456
281.456
281.456
281.456
281.456
281.456
281.456
281.456
281.456
281.456
281.456
281.456
281.456
281.456
281.456
281.456
281.456
281.456
281.456
281.456
281.456
281.456
281.456
281.456
281.456
281.456
281.456
281.456
281.456
281.456
281.456
281.456
281.456
281.456
281.456
280.513
280.513
281.456
281.456
281.456
281.456
281.456
281.456
281.456
281.456
281.456
281.456
281.456
281.456
281.456
281.456
281.456
281.456
281.456
281.456
281.456
280.513
280.513
280.513
280.513
280.513
280.513
280.513
280.513
280.513
280.513
280.513
280.513
280.513
280.513
280.513
280.513
280.513
280.513
280.513
281.456
281.456
281.456
281.456
281.456
281.456
281.456
281.456
281.456
281.456
281.456
281.456
281.456
281.456
281.456
281.456
281.456
281.456
281.456
281.456
281.456
281.456
281.456
281.456
281.456
281.456
281.456
281.456
281.456
281.456
281.456
281.456
281.456
281.456
281.456
281.456
281.456
281.456
281.456
281.456
281.456
281.456
281.456
281.456
281.456
281.456
281.456
281.456
281.456
281.456
281.456
281.456
281.456
281.456
281.456
281.456
281.456
281.456
281.456
281.456
281.456
281.456
281.456
281.456
281.456
280.513
280.513
280.513
280.513
280.513
281.456
281.456
281.456
281.456
281.456
281.456
281.456
281.456
281.456
281.456
281.456
281.456
281.456
281.456
281.456
281.456
281.456
281.456
281.456
281.456
281.456
281.456
281.456
281.456
281.456
281.456
281.456
281.456
281.456
281.456
281.456
281.456
281.456
281.456
281.456
281.456
281.456
280.513
281.456
281.456
281.456
281.456
281.456
281.456
281.456
281.456
281.456
281.456
281.456
281.456
281.456
281.456
281.456
281.456
281.456
281.456
281.456
281.456
281.456
281.456
281.456
281.456
281.456
281.456
281.456
281.456
281.456
281.456
281.456
281.456
281.456
281.456
281.456
281.456
281.456
281.456
281.456
281.456
281.456
281.456
281.456
281.456
281.456
281.456
281.456
281.456
281.456
281.456
281.456
281.456
281.456
281.456
281.456
281.456
281.456
281.456
281.456
281.456
281.456
281.456
281.456
281.456
281.456
281.456
281.456
281.456
281.456
281.456
281.456
281.456
281.456
281.456
281.456
281.456
281.456
281.456
281.456
281.456
281.456
281.456
281.456
281.456
281.456
281.456
281.456
281.456
281.456
281.456
281.456
281.456
281.456
281.456
281.456
281.456
281.456
281.456
281.456
281.456
281.456
281.456
281.456
281.456
281.456
281.456
281.456
281.456
281.456
281.456
281.456
281.456
281.456
281.456
281.456
281.456
281.456
281.456
281.456
281.456
281.456
281.456
281.456
281.456
281.456
281.456
281.456
281.456
281.456
281.456
281.456
281.456
281.456
281.456
281.456
281.456
281.456
281.456
281.456
281.456
281.456
281.456
281.456
281.456
281.456
281.456
281.456
281.456
281.456
281.456
281.456
281.456
281.456
281.456
281.456
281.456
281.456
281.456
281.456
281.456
281.456
281.456
281.456
281.456
281.456
281.456
281.456
281.456
281.456
281.456
281.456
281.456
281.456
281.456
281.456
281.456
281.456
281.456
281.456
281.456
281.456
281.456
281.456
281.456
281.456
281.456
281.456
281.456
280.513
281.456
281.456
281.456
281.456
281.456
281.456
281.456
281.456
281.456
281.456
281.456
281.456
281.456
281.456
281.456
281.456
281.456
281.456
281.456
281.456
281.456
281.456
281.456
281.456
281.456
281.456
281.456
281.456
281.456
281.456
281.456
281.456
281.456
281.456
281.456
281.456
281.456
281.456
281.456
281.456
281.456
281.456
281.456
281.456
281.456
281.456
281.456
281.456
281.456
281.456
281.456
281.456
281.456
281.456
281.456
281.456
281.456
281.456
281.456
281.456
281.456
281.456
280.513
280.513
281.456
281.456
281.456
281.456
281.456
281.456
281.456
281.456
281.456
281.456
281.456
281.456
281.456
281.456
281.456
281.456
281.456
281.456
281.456
281.456
281.456
281.456
281.456
281.456
281.456
281.456
281.456
281.456
281.456
281.456
281.456
281.456
281.456
281.456
281.456
281.456
281.456
281.456
281.456
281.456
281.456
281.456
281.456
281.456
281.456
281.456
281.456
281.456
281.456
281.456
281.456
281.456
281.456
281.456
281.456
281.456
281.456
281.456
281.456
281.456
281.456
281.456
281.456
281.456
281.456
281.456
281.456
281.456
281.456
281.456
281.456
281.456
281.456
281.456
281.456
281.456
281.456
281.456
281.456
281.456
281.456
281.456
281.456
281.456
281.456
281.456
281.456
281.456
281.456
281.456
281.456
281.456
281.456
281.456
281.456
281.456
281.456
281.456
281.456
281.456
281.456
281.456
281.456
280.513
280.513
280.513
280.513
280.513
280.513
280.513
280.513
280.513
280.513
280.513
280.513
280.513
281.456
281.456
281.456
281.456
281.456
281.456
281.456
281.456
281.456
281.456
281.456
281.456
281.456
281.456
281.456
281.456
281.456
281.456
281.456
281.456
281.456
281.456
281.456
281.456
281.456
281.456
281.456
281.456
281.456
281.456
281.456
281.456
281.456
281.456
281.456
281.456
281.456
281.456
281.456
281.456
281.456
281.456
281.456
281.456
281.456
281.456
281.456
281.456
281.456
281.456
280.513
280.513
280.513
280.513
280.677
280.677
280.677
280.677
280.677
280.677
280.677
280.677
280.677
280.677
280.677
280.677
280.677
280.026
280.026
280.677
280.677
280.677
280.026
280.026
280.026
280.026
280.026
280.026
280.026
280.026
280.026
280.026
280.026
280.026
280.026
280.026
280.026
280.026
280.026
280.026
280.026
280.026
280.026
280.026
280.026
280.026
280.026
280.026
280.026
280.026
280.026
280.026
280.026
280.026
280.026
280.026
280.026
280.026
280.026
280.026
280.026
280.026
280.026
280.026
280.026
280.026
280.026
280.026
280.026
280.026
280.026
280.026
280.026
280.026
280.026
280.026
280.026
280.026
280.026
280.026
280.026
280.026
280.026
280.026
280.026
280.026
280.026
280.026
280.026
280.026
280.026
280.026
280.026
280.026
280.026
280.026
280.026
280.026
280.026
280.026
280.026
280.026
280.026
280.026
280.026
280.026
280.026
280.026
280.026
280.026
280.026
280.026
280.026
280.026
280.026
280.026
280.026
280.026
280.026
280.026
280.026
280.026
280.026
280.026
280.026
280.026
280.026
280.026
280.026
280.026
280.026
280.026
280.026
280.026
280.026
280.026
280.026
279.311
280.026
280.026
280.026
280.026
280.026
280.026
280.026
280.026
280.026
280.026
280.026
280.026
280.026
280.026
280.026
280.026
280.026
280.026
280.026
280.026
280.026
280.026
280.026
280.026
280.026
280.026
280.026
280.026
280.026
280.026
280.026
280.026
280.026
280.026
280.026
280.026
280.026
280.026
280.026
280.026
280.026
280.026
280.026
280.026
280.026
280.026
280.026
280.026
280.026
280.026
280.026
280.026
280.026
280.026
280.026
280.026
280.026
280.026
280.026
280.026
280.026
280.026
280.026
280.026
280.026
280.026
280.026
280.026
280.026
280.026
280.026
280.026
280.026
280.026
280.026
280.026
280.026
280.026
