1283.77
1292.28
1211.01
1197.83
1197.83
1193.63
1180.79
1104.64
1104.64
1081.7
1070.3
1042.91
1005.41
1005.41
977.271
948.306
948.306
934.077
919.163
919.163
919.163
918.937
902.975
886.214
886.214
860.5
860.5
820.86
820.86
820.86
820.86
815.171
812.144
788.775
781.54
777.256
752.487
752.487
752.487
735.897
735.897
711.781
711.781
711.781
687.28
687.28
687.597
687.597
710.24
710.24
709.74
709.74
709.74
702.174
717.099
689.6
690.956
690.956
690.404
693.315
693.315
678.025
611.03
611.03
620.071
624.694
624.694
637.714
610.542
638.355
606.67
601.81
588.128
601.81
592.516
597.069
592.425
598.482
588.622
588.622
577.82
577.82
573.662
580.236
575.29
569.112
577.027
574.749
578.985
563.756
553.395
557.59
557.59
550.492
548.761
545.162
548.774
540.31
540.453
540.453
528.278
527.927
523.276
509.914
521.382
513.653
513.653
509.278
509.278
503.244
503.244
503.244
500.944
500.944
504.475
504.475
504.251
504.251
499.655
501.739
484.408
484.408
484.408
484.533
484.533
495.742
483.462
491.062
488.585
488.585
488.585
478.962
475.883
475.883
475.883
483.915
478.716
478.716
475.063
475.063
475.063
475.063
475.063
475.063
475.063
474.128
474.128
474.128
452.591
452.591
474.156
471.09
469.979
467.814
467.814
467.814
469.149
467.164
468.038
468.038
448.486
448.486
448.486
458.934
454.306
454.306
454.306
456.207
441.525
441.525
441.525
441.525
441.525
441.525
441.525
441.525
441.525
441.525
446.347
451.674
442.98
444.714
443.561
443.561
443.561
438.827
438.827
434.419
434.419
436.067
436.067
428.911
418.778
423.267
418.86
418.86
418.86
412.328
404.685
403.175
404.578
400.252
400.108
396.342
394.243
383.567
388.049
387.674
384.994
371.519
379.052
375.227
375.227
373.877
375.227
367.104
367.104
367.104
363.031
359.691
356.704
352.411
351.13
348.452
344.93
340.743
340.743
340.743
340.743
340.575
336.604
334.521
333.256
331.761
332.808
332.344
332.808
330.725
330.435
330.155
330.104
330.009
330.009
329.534
329.439
326.413
325.792
325.792
325.501
325.501
325.501
324.931
324.931
324.931
324.931
324.931
324.931
324.931
322.061
322.061
322.061
322.061
322.061
322.061
322.061
321.557
321.557
321.557
321.557
321.557
321.557
321.557
321.332
320.842
320.291
320.291
320.291
320.291
319.667
319.667
319.667
318.755
319.667
319.667
319.667
319.667
319.667
319.667
319.329
319.329
317.954
317.954
317.954
318.256
318.256
317.237
316.968
316.968
316.968
316.968
316.754
316.005
316.005
316.005
316.005
315.96
315.96
315.96
311.91
311.91
311.91
311.865
311.865
311.865
311.865
311.865
311.865
311.865
311.865
311.865
311.865
311.865
311.865
311.865
311.865
311.865
311.865
311.865
311.865
311.865
311.865
311.865
311.865
311.865
311.615
309.836
311.865
311.865
311.865
311.865
311.865
311.865
311.865
311.865
311.865
311.865
311.865
311.05
309.152
309.152
309.152
309.152
309.152
309.152
309.152
309.977
309.977
309.977
309.977
309.977
309.977
307.956
307.956
307.956
307.956
307.956
307.956
307.956
307.556
307.556
306.506
306.506
306.506
306.506
306.506
306.506
306.506
306.506
306.506
306.506
306.506
306.506
305.399
305.399
305.399
305.399
305.399
305.399
305.399
305.399
305.399
305.399
305.399
305.399
305.399
305.399
305.399
305.399
305.399
305.399
302.757
302.757
302.757
302.757
302.757
302.757
302.757
301.813
301.31
301.31
300.297
300.297
300.297
299.736
299.736
299.736
297.882
297.882
297.882
297.882
297.882
297.882
297.882
297.882
297.882
297.882
297.882
297.882
297.882
297.882
297.882
297.882
297.882
297.882
297.882
297.882
297.882
297.882
297.882
297.882
292.367
292.367
292.367
292.367
292.367
292.367
292.367
292.367
292.367
292.367
292.367
297.882
297.882
297.882
297.882
297.882
297.882
297.882
297.882
297.882
296.11
289.782
289.782
297.102
297.102
297.102
297.102
297.102
297.102
296.621
296.621
296.621
296.621
296.621
296.621
296.621
296.621
296.621
296.621
296.621
296.364
296.076
296.364
296.364
296.12
296.12
296.12
296.364
296.364
296.364
296.364
296.364
296.364
296.364
296.364
296.364
296.364
296.364
296.364
296.364
296.364
296.364
296.364
296.364
296.364
296.364
296.364
296.364
296.364
296.364
296.364
296.364
296.364
296.364
296.364
296.364
296.364
296.364
295.185
295.185
295.185
295.185
295.185
294.465
294.465
294.465
294.465
294.465
294.465
294.465
294.465
294.465
294.465
294.465
291.956
294.465
294.465
294.465
294.465
294.465
294.465
294.465
294.465
294.465
294.465
294.465
294.465
294.465
294.465
294.465
294.465
294.465
294.465
294.465
293.92
293.92
293.92
293.92
293.92
293.92
293.92
293.92
288.344
288.344
288.344
288.344
288.344
288.344
288.344
293.92
293.92
293.92
293.92
293.92
293.92
293.92
293.92
293.92
293.92
293.92
293.92
293.92
288.344
288.344
293.92
293.92
293.92
282.313
282.313
293.92
293.92
293.92
293.92
293.92
293.92
293.92
293.92
293.92
293.92
293.92
293.92
293.92
293.92
293.92
293.92
293.92
293.92
293.92
293.92
293.92
293.92
293.92
293.92
293.92
293.92
293.92
293.92
293.92
292.918
290.361
290.361
288.344
288.344
288.344
293.92
293.92
293.92
293.92
293.92
293.92
293.92
293.92
293.92
293.92
293.92
293.92
293.92
293.92
293.92
293.92
293.92
293.92
293.92
293.92
293.92
293.92
293.92
293.92
293.92
293.92
293.92
293.92
293.92
293.92
293.92
293.92
293.92
293.92
293.92
293.92
293.92
293.92
293.92
293.92
293.92
293.92
293.92
293.92
293.92
293.92
293.92
282.313
282.313
282.313
282.313
282.313
282.313
293.92
293.92
293.92
293.92
293.92
293.92
293.92
293.92
293.92
293.92
293.92
293.92
293.92
293.92
293.92
293.92
290.232
293.92
292.918
292.918
290.361
290.361
290.361
290.361
290.361
290.361
290.361
290.361
290.295
290.361
290.361
290.361
290.361
290.361
290.361
290.361
290.361
290.361
293.133
293.133
293.133
293.92
293.92
291.411
291.411
291.411
291.411
291.411
291.411
291.411
291.411
291.411
291.411
291.411
291.411
291.411
291.411
291.411
291.411
291.411
291.411
291.411
291.411
291.411
291.411
291.411
291.411
291.411
291.411
291.411
291.411
291.411
291.411
287.723
287.723
291.411
291.411
291.411
282.313
282.313
291.411
291.411
291.411
291.411
291.411
291.411
291.411
291.411
291.411
285.835
291.411
291.411
291.411
291.411
291.411
285.835
285.835
285.835
285.835
282.313
290.702
290.861
290.861
288.524
288.524
288.524
288.524
288.524
288.524
288.524
288.524
288.524
288.524
288.524
288.621
288.621
289.027
289.027
289.027
289.027
289.027
289.027
289.027
289.027
289.027
289.027
289.027
289.027
289.027
289.027
289.027
289.027
289.027
289.027
289.027
289.027
289.027
289.027
289.027
289.027
289.027
289.027
283.402
289.027
287.279
287.279
284.824
284.824
284.824
284.824
284.824
284.824
284.824
284.824
284.824
284.824
284.824
284.824
284.824
284.824
284.824
284.824
282.313
284.824
284.824
284.824
284.824
284.824
284.824
284.824
284.824
284.824
284.824
284.824
284.824
284.824
284.824
284.824
284.824
284.824
284.824
284.824
284.824
284.824
284.824
284.824
284.824
284.824
284.824
284.824
284.824
284.824
284.824
284.824
284.824
284.824
284.824
284.824
284.824
284.824
284.824
284.824
284.824
284.824
281.456
284.824
284.824
284.824
284.824
284.824
284.824
284.824
284.824
284.824
284.824
284.824
284.824
284.824
284.824
284.824
284.824
283.822
281.265
281.265
281.265
281.265
281.265
281.265
281.265
281.265
281.265
281.265
281.265
281.265
281.265
281.265
281.265
281.265
281.265
281.265
281.265
281.265
281.265
281.265
281.265
281.265
281.265
281.265
281.265
281.265
281.265
281.265
281.265
281.265
281.265
281.265
281.265
281.265
281.265
281.265
281.265
281.265
281.265
281.265
281.265
281.265
281.265
281.265
281.265
281.265
281.265
281.265
281.265
281.265
281.265
281.265
281.265
281.265
281.265
281.265
281.265
281.265
281.265
281.265
281.265
281.265
281.265
281.265
281.265
281.265
281.265
281.265
281.265
281.265
281.265
281.265
281.265
281.265
281.265
281.265
281.265
281.265
281.265
281.265
281.265
281.265
281.265
281.265
281.265
281.265
281.265
281.265
281.265
281.265
281.265
281.265
281.265
281.265
281.265
281.265
281.265
281.265
281.265
281.265
281.265
281.265
281.265
281.265
281.265
281.265
281.265
281.265
281.265
281.265
281.265
281.265
281.265
281.265
281.265
281.265
281.265
281.265
281.265
281.265
281.265
281.265
281.265
281.265
281.265
281.265
281.265
281.265
281.265
281.265
281.265
281.265
281.265
281.265
281.265
281.265
281.265
281.265
281.265
281.265
281.265
281.265
281.265
281.265
281.265
281.265
281.265
281.265
281.265
281.265
281.265
281.265
281.265
281.265
281.265
281.265
281.265
281.265
281.265
281.265
281.265
281.265
281.265
281.265
281.265
281.265
281.265
281.265
281.265
281.265
281.265
281.265
281.265
281.265
281.265
281.265
281.265
281.265
281.265
281.265
281.265
281.265
281.265
281.265
281.265
281.265
281.265
281.265
281.265
281.265
281.265
281.265
281.265
281.265
281.265
281.265
281.265
281.265
281.265
281.265
281.265
281.265
281.265
281.265
281.265
281.265
281.265
281.265
281.265
281.265
281.265
281.265
281.265
281.265
281.265
281.265
281.265
281.265
281.265
281.265
281.265
281.265
281.265
281.265
281.265
281.265
281.265
281.265
281.265
281.265
281.265
281.265
281.265
281.265
281.265
281.265
281.265
281.265
281.265
281.265
281.265
281.265
281.265
281.265
281.265
281.265
281.265
281.265
281.265
281.265
281.265
281.265
281.265
281.265
281.265
281.265
281.265
281.265
281.265
281.265
281.265
281.265
281.265
281.265
281.265
281.265
281.265
281.265
281.265
281.265
281.265
280.513
280.513
280.513
280.513
280.513
280.513
280.513
280.513
280.513
280.513
280.513
280.513
280.513
280.513
280.513
280.513
280.513
280.513
280.513
280.513
280.513
280.513
280.513
280.513
280.513
280.513
280.513
280.513
280.513
280.513
280.513
280.513
280.513
280.513
280.513
280.513
280.513
280.513
280.513
280.513
280.513
280.513
280.513
280.513
280.513
280.513
280.513
280.513
280.513
280.513
280.513
280.513
280.513
280.513
280.513
280.513
280.513
280.513
280.513
280.513
280.513
280.513
280.513
280.513
280.513
280.513
280.513
280.513
280.513
280.513
280.513
280.513
280.513
280.513
280.513
280.513
280.513
280.513
280.513
280.513
280.513
280.513
280.513
280.513
280.513
280.513
280.513
280.513
280.513
280.513
280.513
280.513
280.513
280.513
280.513
280.513
280.513
280.513
280.513
280.513
280.513
280.513
280.513
280.513
280.513
280.513
280.513
280.513
280.513
280.513
280.513
280.513
280.513
280.513
280.513
280.513
280.513
280.513
280.513
280.513
280.513
280.513
280.513
280.513
280.513
280.513
280.513
280.513
280.513
280.513
280.513
280.513
280.513
280.513
280.513
280.513
280.513
280.513
280.513
280.513
280.513
280.513
280.513
280.513
280.513
280.513
280.513
280.513
280.513
280.513
280.513
280.513
280.513
280.513
280.513
280.513
280.513
280.513
280.513
280.513
280.513
280.513
280.513
280.513
280.513
280.513
280.513
280.513
280.513
280.513
280.513
280.513
280.513
280.513
280.513
280.513
280.513
280.513
280.513
280.513
280.513
280.513
280.513
280.513
280.513
280.513
280.513
280.513
280.513
280.513
280.513
280.513
280.513
280.513
280.513
280.513
280.513
280.513
280.513
280.513
280.513
280.513
280.513
280.513
280.513
280.513
280.513
280.513
280.513
280.513
280.513
280.513
280.513
280.513
280.513
280.513
280.513
280.513
280.513
280.513
280.513
280.513
280.513
280.513
280.513
280.513
280.513
280.513
280.513
280.513
280.513
280.513
280.513
280.513
280.513
280.513
280.513
280.513
280.513
280.513
280.513
280.513
280.513
280.513
280.513
280.513
280.513
280.513
280.513
280.513
280.513
280.513
280.513
280.513
280.513
280.513
280.513
280.513
280.513
280.513
280.513
280.513
280.513
280.513
280.513
280.513
280.513
280.513
280.513
280.513
280.513
280.513
280.513
280.513
280.513
280.513
280.513
280.513
280.513
280.513
280.513
280.513
280.513
280.513
280.513
280.513
280.513
280.513
280.513
280.513
280.513
280.513
280.513
280.513
280.513
280.513
280.513
280.513
280.513
280.513
280.513
280.513
280.513
280.513
280.513
280.513
280.513
280.513
280.513
280.513
280.513
280.513
280.513
280.513
280.513
280.513
280.513
280.513
280.513
280.513
280.513
280.513
280.513
280.513
280.513
280.513
280.513
280.513
280.513
280.513
280.513
280.513
280.513
280.513
280.513
280.513
280.513
280.513
280.513
280.513
280.513
280.513
280.513
280.513
280.513
280.513
280.513
280.513
280.513
280.513
280.513
280.513
280.513
280.513
280.513
280.513
280.513
280.513
280.513
280.513
280.513
280.513
280.513
280.513
280.513
280.513
280.513
280.513
280.513
280.513
280.513
280.513
280.513
280.513
280.513
280.513
280.513
280.513
280.513
280.513
280.513
280.513
280.513
280.513
280.513
280.513
280.513
280.513
280.513
280.513
280.513
280.513
280.513
280.513
280.513
280.513
280.513
280.513
280.513
280.513
280.513
280.513
280.513
280.513
280.513
280.513
280.513
280.513
280.513
280.513
280.513
280.513
280.513
280.513
280.513
280.513
280.513
280.513
280.513
280.513
280.513
280.513
280.513
280.513
280.513
280.513
280.513
280.513
280.513
280.513
280.513
280.513
280.513
280.513
280.513
280.513
280.513
280.513
280.513
280.513
280.513
280.513
280.513
280.513
280.513
280.513
280.513
280.513
280.513
280.513
280.513
280.513
280.513
280.513
280.513
280.513
280.513
280.513
280.513
280.513
280.513
280.513
280.513
280.513
280.513
280.513
280.513
280.513
280.513
280.513
280.513
280.513
280.513
280.513
280.513
280.513
280.513
280.513
280.513
280.513
280.513
280.513
280.513
280.513
280.513
280.513
280.513
280.513
280.513
280.513
280.513
280.513
280.513
280.513
280.513
280.513
280.513
280.513
280.513
280.513
280.513
280.513
280.513
280.513
280.513
280.513
280.513
280.513
280.513
280.513
280.513
280.513
280.513
280.513
280.513
280.513
280.513
280.513
280.513
280.513
280.513
280.513
280.513
280.513
280.513
280.513
280.513
280.513
280.513
280.513
280.513
280.513
280.513
280.513
280.513
280.513
280.513
280.513
280.513
280.513
280.513
280.513
280.513
280.513
280.513
280.513
280.513
280.513
280.513
280.513
280.513
280.513
280.513
280.513
280.513
280.513
280.513
280.513
280.513
280.513
280.513
280.513
280.513
280.513
280.513
280.513
280.513
280.513
280.513
280.513
280.513
280.513
280.513
280.513
280.513
280.513
280.513
280.513
280.513
280.513
280.513
280.513
280.513
280.513
280.513
280.513
280.513
280.513
280.513
280.513
280.513
280.513
280.513
280.513
280.513
280.513
280.513
280.513
280.513
280.513
280.513
280.513
280.513
280.513
280.513
280.513
280.513
280.513
280.513
280.513
280.513
280.513
280.513
280.513
280.513
280.513
280.513
280.513
280.513
280.513
280.513
280.513
280.513
280.513
280.513
280.513
280.513
280.513
280.513
280.513
280.513
280.513
280.513
280.513
280.513
280.513
280.513
280.513
280.513
280.513
280.513
280.513
280.513
280.513
280.513
280.513
280.513
280.513
280.513
280.513
280.513
280.513
280.513
280.513
280.513
280.513
280.513
280.513
280.513
280.513
280.513
280.513
280.513
280.513
280.513
280.513
280.513
280.513
280.513
280.513
280.513
280.513
280.513
280.513
280.513
280.513
280.513
280.513
280.513
280.513
280.513
280.513
280.513
280.513
280.513
280.513
280.513
280.513
280.513
280.513
280.513
280.513
280.513
280.513
280.513
280.513
280.026
280.513
280.513
280.513
280.513
280.513
280.513
280.513
280.513
280.513
280.513
280.513
280.513
280.513
280.513
280.513
280.513
280.513
280.513
280.513
280.513
280.513
280.513
280.513
280.513
280.513
280.513
280.513
280.513
280.513
280.513
280.513
280.513
280.513
280.513
280.513
280.513
280.513
280.513
280.513
280.513
280.513
280.513
280.513
280.513
280.513
280.513
280.513
280.513
280.513
280.513
280.513
280.513
280.513
280.513
280.513
280.513
280.513
280.513
280.513
280.513
280.513
280.513
280.026
280.026
280.026
280.026
280.513
280.513
280.513
280.513
280.513
280.513
280.513
280.513
280.513
280.513
280.513
280.513
280.513
280.513
280.513
280.513
280.513
280.026
280.026
280.026
280.026
280.026
280.026
280.026
280.026
280.513
280.513
280.513
280.513
280.513
280.513
280.513
280.513
280.513
280.513
280.513
280.513
280.513
280.513
280.513
280.513
280.513
280.513
280.513
280.513
280.513
280.513
280.513
280.513
280.06
280.513
280.513
280.513
280.513
280.513
280.513
280.513
280.513
280.513
280.026
280.026
280.513
280.513
280.513
280.513
1283.77
1292.28
1211.01
1197.83
1197.83
1193.63
1180.79
1104.64
1104.64
1081.7
1070.3
1042.91
1005.41
1005.41
977.271
948.306
948.306
934.077
919.163
919.163
1283.77
1292.28
1211.01
1197.83
1197.83
1193.63
1180.79
1104.64
1104.64
1081.7
1070.3
1042.91
1005.41
1005.41
977.271
948.306
948.306
934.077
919.163
919.163
919.163
918.937
902.975
886.214
886.214
860.5
860.5
820.86
820.86
820.86
820.86
815.171
812.144
788.775
781.54
777.256
752.487
752.487
752.487
735.897
735.897
711.781
711.781
711.781
687.28
687.28
687.597
687.597
710.24
710.24
709.74
709.74
709.74
702.174
717.099
689.6
690.956
690.956
690.404
693.315
693.315
678.025
611.03
611.03
620.071
624.694
624.694
637.714
610.542
638.355
606.67
601.81
588.128
601.81
592.516
597.069
592.425
598.482
588.622
588.622
577.82
577.82
573.662
580.236
575.29
569.112
577.027
574.749
578.985
563.756
553.395
557.59
557.59
550.492
548.761
545.162
548.774
540.31
540.453
540.453
528.278
527.927
523.276
509.914
521.382
513.653
513.653
509.278
509.278
503.244
503.244
503.244
500.944
500.944
504.475
504.475
504.251
504.251
499.655
501.739
484.408
484.408
484.408
484.533
484.533
495.742
483.462
491.062
488.585
488.585
488.585
478.962
475.883
475.883
475.883
483.915
478.716
478.716
475.063
475.063
475.063
475.063
475.063
475.063
475.063
474.128
474.128
474.128
452.591
452.591
474.156
471.09
469.979
467.814
467.814
467.814
469.149
467.164
468.038
468.038
448.486
448.486
448.486
458.934
454.306
454.306
454.306
456.207
441.525
441.525
441.525
441.525
441.525
441.525
441.525
441.525
441.525
441.525
446.347
451.674
442.98
444.714
443.561
443.561
443.561
438.827
438.827
434.419
434.419
436.067
436.067
428.911
418.778
423.267
418.86
418.86
418.86
412.328
404.685
403.175
404.578
400.252
400.108
396.342
394.243
383.567
388.049
387.674
384.994
371.519
379.052
375.227
375.227
373.877
375.227
367.104
367.104
367.104
363.031
359.691
356.704
352.411
351.13
348.452
344.93
340.743
340.743
340.743
340.743
340.575
336.604
334.521
333.256
331.761
332.808
332.344
332.808
330.725
330.435
330.155
330.104
330.009
330.009
329.534
329.439
326.413
325.792
325.792
325.501
325.501
325.501
324.931
324.931
324.931
324.931
324.931
324.931
324.931
322.061
322.061
322.061
322.061
322.061
322.061
322.061
321.557
321.557
321.557
321.557
321.557
321.557
321.557
321.332
320.842
320.291
320.291
320.291
320.291
319.667
319.667
319.667
318.755
319.667
319.667
319.667
319.667
319.667
319.667
319.329
319.329
317.954
317.954
317.954
318.256
318.256
317.237
316.968
316.968
316.968
316.968
316.754
316.005
316.005
316.005
316.005
315.96
315.96
315.96
311.91
311.91
311.91
311.865
311.865
311.865
311.865
311.865
311.865
311.865
311.865
311.865
311.865
311.865
311.865
311.865
311.865
311.865
311.865
311.865
311.865
311.865
311.865
311.865
311.865
311.865
311.615
309.836
311.865
311.865
311.865
311.865
311.865
311.865
311.865
311.865
311.865
311.865
311.865
311.05
309.152
309.152
309.152
309.152
309.152
309.152
309.152
309.977
309.977
309.977
309.977
309.977
309.977
307.956
307.956
307.956
307.956
307.956
307.956
307.956
307.556
307.556
306.506
306.506
306.506
306.506
306.506
306.506
306.506
306.506
306.506
306.506
306.506
306.506
305.399
305.399
305.399
305.399
305.399
305.399
305.399
305.399
305.399
305.399
305.399
305.399
305.399
305.399
305.399
305.399
305.399
305.399
302.757
302.757
302.757
302.757
302.757
302.757
302.757
301.813
301.31
301.31
300.297
300.297
300.297
299.736
299.736
299.736
297.882
297.882
297.882
297.882
297.882
297.882
297.882
297.882
297.882
297.882
297.882
297.882
297.882
297.882
297.882
297.882
297.882
297.882
297.882
297.882
297.882
297.882
297.882
297.882
292.367
292.367
292.367
292.367
292.367
292.367
292.367
292.367
292.367
292.367
292.367
297.882
297.882
297.882
297.882
297.882
297.882
297.882
297.882
297.882
296.11
289.782
289.782
297.102
297.102
297.102
297.102
297.102
297.102
296.621
296.621
296.621
296.621
296.621
296.621
296.621
296.621
296.621
296.621
296.621
296.364
296.076
296.364
296.364
296.12
296.12
296.12
296.364
296.364
296.364
296.364
296.364
296.364
296.364
296.364
296.364
296.364
296.364
296.364
296.364
296.364
296.364
296.364
296.364
296.364
296.364
296.364
296.364
296.364
296.364
296.364
296.364
296.364
296.364
296.364
296.364
296.364
296.364
295.185
295.185
295.185
295.185
295.185
294.465
294.465
294.465
294.465
294.465
294.465
294.465
294.465
294.465
294.465
294.465
291.956
294.465
294.465
294.465
294.465
294.465
294.465
294.465
294.465
294.465
294.465
294.465
294.465
294.465
294.465
294.465
294.465
294.465
294.465
294.465
293.92
293.92
293.92
293.92
293.92
293.92
293.92
293.92
288.344
288.344
288.344
288.344
288.344
288.344
288.344
293.92
293.92
293.92
293.92
293.92
293.92
293.92
293.92
293.92
293.92
293.92
293.92
293.92
288.344
288.344
293.92
293.92
293.92
282.313
282.313
293.92
293.92
293.92
293.92
293.92
293.92
293.92
293.92
293.92
293.92
293.92
293.92
293.92
293.92
293.92
293.92
293.92
293.92
293.92
293.92
293.92
293.92
293.92
293.92
293.92
293.92
293.92
293.92
293.92
292.918
290.361
290.361
288.344
288.344
288.344
293.92
293.92
293.92
293.92
293.92
293.92
293.92
293.92
293.92
293.92
293.92
293.92
293.92
293.92
293.92
293.92
293.92
293.92
293.92
293.92
293.92
293.92
293.92
293.92
293.92
293.92
293.92
293.92
293.92
293.92
293.92
293.92
293.92
293.92
293.92
293.92
293.92
293.92
293.92
293.92
293.92
293.92
293.92
293.92
293.92
293.92
293.92
282.313
282.313
282.313
282.313
282.313
282.313
293.92
293.92
293.92
293.92
293.92
293.92
293.92
293.92
293.92
293.92
293.92
293.92
293.92
293.92
293.92
293.92
290.232
293.92
292.918
292.918
290.361
290.361
290.361
290.361
290.361
290.361
290.361
290.361
290.295
290.361
290.361
290.361
290.361
290.361
290.361
290.361
290.361
290.361
293.133
293.133
293.133
293.92
293.92
291.411
291.411
291.411
291.411
291.411
291.411
291.411
291.411
291.411
291.411
291.411
291.411
291.411
291.411
291.411
291.411
291.411
291.411
291.411
291.411
291.411
291.411
291.411
291.411
291.411
291.411
291.411
291.411
291.411
291.411
287.723
287.723
291.411
291.411
291.411
282.313
282.313
291.411
291.411
291.411
291.411
291.411
291.411
291.411
291.411
291.411
285.835
291.411
291.411
291.411
291.411
291.411
285.835
285.835
285.835
285.835
282.313
290.702
290.861
290.861
288.524
288.524
288.524
288.524
288.524
288.524
288.524
288.524
288.524
288.524
288.524
288.621
288.621
289.027
289.027
289.027
289.027
289.027
289.027
289.027
289.027
289.027
289.027
289.027
289.027
289.027
289.027
289.027
289.027
289.027
289.027
289.027
289.027
289.027
289.027
289.027
289.027
289.027
289.027
283.402
289.027
287.279
287.279
284.824
284.824
284.824
284.824
284.824
284.824
284.824
284.824
284.824
284.824
284.824
284.824
284.824
284.824
284.824
284.824
282.313
284.824
284.824
284.824
284.824
284.824
284.824
284.824
284.824
284.824
284.824
284.824
284.824
284.824
284.824
284.824
284.824
284.824
284.824
284.824
284.824
284.824
284.824
284.824
284.824
284.824
284.824
284.824
284.824
284.824
284.824
284.824
284.824
284.824
284.824
284.824
284.824
284.824
284.824
284.824
284.824
284.824
281.456
284.824
284.824
284.824
284.824
284.824
284.824
284.824
284.824
284.824
284.824
284.824
284.824
284.824
284.824
284.824
284.824
283.822
281.265
281.265
281.265
281.265
281.265
281.265
281.265
281.265
281.265
281.265
281.265
281.265
281.265
281.265
281.265
281.265
281.265
281.265
281.265
281.265
281.265
281.265
281.265
281.265
281.265
281.265
281.265
281.265
281.265
281.265
281.265
281.265
281.265
281.265
281.265
281.265
281.265
281.265
281.265
281.265
281.265
281.265
281.265
281.265
281.265
281.265
281.265
281.265
281.265
281.265
281.265
281.265
281.265
281.265
281.265
281.265
281.265
281.265
281.265
281.265
281.265
281.265
281.265
281.265
281.265
281.265
281.265
281.265
281.265
281.265
281.265
281.265
281.265
281.265
281.265
281.265
281.265
281.265
281.265
281.265
281.265
281.265
281.265
281.265
281.265
281.265
281.265
281.265
281.265
281.265
281.265
281.265
281.265
281.265
281.265
281.265
281.265
281.265
281.265
281.265
281.265
281.265
281.265
281.265
281.265
281.265
281.265
281.265
281.265
281.265
281.265
281.265
281.265
281.265
281.265
281.265
281.265
281.265
281.265
281.265
281.265
281.265
281.265
281.265
281.265
281.265
281.265
281.265
281.265
281.265
281.265
281.265
281.265
281.265
281.265
281.265
281.265
281.265
281.265
281.265
281.265
281.265
281.265
281.265
281.265
281.265
281.265
281.265
281.265
281.265
281.265
281.265
281.265
281.265
281.265
281.265
281.265
281.265
281.265
281.265
281.265
281.265
281.265
281.265
281.265
281.265
281.265
281.265
281.265
281.265
281.265
281.265
281.265
281.265
281.265
281.265
281.265
281.265
281.265
281.265
281.265
281.265
281.265
281.265
281.265
281.265
281.265
281.265
281.265
281.265
281.265
281.265
281.265
281.265
281.265
281.265
281.265
281.265
281.265
281.265
281.265
281.265
281.265
281.265
281.265
281.265
281.265
281.265
281.265
281.265
281.265
281.265
281.265
281.265
281.265
281.265
281.265
281.265
281.265
281.265
281.265
281.265
281.265
281.265
281.265
281.265
281.265
281.265
281.265
281.265
281.265
281.265
281.265
281.265
281.265
281.265
281.265
281.265
281.265
281.265
281.265
281.265
281.265
281.265
281.265
281.265
281.265
281.265
281.265
281.265
281.265
281.265
281.265
281.265
281.265
281.265
281.265
281.265
281.265
281.265
281.265
281.265
281.265
281.265
281.265
281.265
281.265
281.265
281.265
281.265
281.265
281.265
281.265
280.513
280.513
280.513
280.513
280.513
280.513
280.513
280.513
280.513
280.513
280.513
280.513
280.513
280.513
280.513
280.513
280.513
280.513
280.513
280.513
280.513
280.513
280.513
280.513
280.513
280.513
280.513
280.513
280.513
280.513
280.513
280.513
280.513
280.513
280.513
280.513
280.513
280.513
280.513
280.513
280.513
280.513
280.513
280.513
280.513
280.513
280.513
280.513
280.513
280.513
280.513
280.513
280.513
280.513
280.513
280.513
280.513
280.513
280.513
280.513
280.513
280.513
280.513
280.513
280.513
280.513
280.513
280.513
280.513
280.513
280.513
280.513
280.513
280.513
280.513
280.513
280.513
280.513
280.513
280.513
280.513
280.513
280.513
280.513
280.513
280.513
280.513
280.513
280.513
280.513
280.513
280.513
280.513
280.513
280.513
280.513
280.513
280.513
280.513
280.513
280.513
280.513
280.513
280.513
280.513
280.513
280.513
280.513
280.513
280.513
280.513
280.513
280.513
280.513
280.513
280.513
280.513
280.513
280.513
280.513
280.513
280.513
280.513
280.513
280.513
280.513
280.513
280.513
280.513
280.513
280.513
280.513
280.513
280.513
280.513
280.513
280.513
280.513
280.513
280.513
280.513
280.513
280.513
280.513
280.513
280.513
280.513
280.513
280.513
280.513
280.513
280.513
280.513
280.513
280.513
280.513
280.513
280.513
280.513
280.513
280.513
280.513
280.513
280.513
280.513
280.513
280.513
280.513
280.513
280.513
280.513
280.513
280.513
280.513
280.513
280.513
280.513
280.513
280.513
280.513
280.513
280.513
280.513
280.513
280.513
280.513
280.513
280.513
280.513
280.513
280.513
280.513
280.513
280.513
280.513
280.513
280.513
280.513
280.513
280.513
280.513
280.513
280.513
280.513
280.513
280.513
280.513
280.513
280.513
280.513
280.513
280.513
280.513
280.513
280.513
280.513
280.513
280.513
280.513
280.513
280.513
280.513
280.513
280.513
280.513
280.513
280.513
280.513
280.513
280.513
280.513
280.513
280.513
280.513
280.513
280.513
280.513
280.513
280.513
280.513
280.513
280.513
280.513
280.513
280.513
280.513
280.513
280.513
280.513
280.513
280.513
280.513
280.513
280.513
280.513
280.513
280.513
280.513
280.513
280.513
280.513
280.513
280.513
280.513
280.513
280.513
280.513
280.513
280.513
280.513
280.513
280.513
280.513
280.513
280.513
280.513
280.513
280.513
280.513
280.513
280.513
280.513
280.513
280.513
280.513
280.513
280.513
280.513
280.513
280.513
280.513
280.513
280.513
280.513
280.513
280.513
280.513
280.513
280.513
280.513
280.513
280.513
280.513
280.513
280.513
280.513
280.513
280.513
280.513
280.513
280.513
280.513
280.513
280.513
280.513
280.513
280.513
280.513
280.513
280.513
280.513
280.513
280.513
280.513
280.513
280.513
280.513
280.513
280.513
280.513
280.513
280.513
280.513
280.513
280.513
280.513
280.513
280.513
280.513
280.513
280.513
280.513
280.513
280.513
280.513
280.513
280.513
280.513
280.513
280.513
280.513
280.513
280.513
280.513
280.513
280.513
280.513
280.513
280.513
280.513
280.513
280.513
280.513
280.513
280.513
280.513
280.513
280.513
280.513
280.513
280.513
280.513
280.513
280.513
280.513
280.513
280.513
280.513
280.513
280.513
280.513
280.513
280.513
280.513
280.513
280.513
280.513
280.513
280.513
280.513
280.513
280.513
280.513
280.513
280.513
280.513
280.513
280.513
280.513
280.513
280.513
280.513
280.513
280.513
280.513
280.513
280.513
280.513
280.513
280.513
280.513
280.513
280.513
280.513
280.513
280.513
280.513
280.513
280.513
280.513
280.513
280.513
280.513
280.513
280.513
280.513
280.513
280.513
280.513
280.513
280.513
280.513
280.513
280.513
280.513
280.513
280.513
280.513
280.513
280.513
280.513
280.513
280.513
280.513
280.513
280.513
280.513
280.513
280.513
280.513
280.513
280.513
280.513
280.513
280.513
280.513
280.513
280.513
280.513
280.513
280.513
280.513
280.513
280.513
280.513
280.513
280.513
280.513
280.513
280.513
280.513
280.513
280.513
280.513
280.513
280.513
280.513
280.513
280.513
280.513
280.513
280.513
280.513
280.513
280.513
280.513
280.513
280.513
280.513
280.513
280.513
280.513
280.513
280.513
280.513
280.513
280.513
280.513
280.513
280.513
280.513
280.513
280.513
280.513
280.513
280.513
280.513
280.513
280.513
280.513
280.513
280.513
280.513
280.513
280.513
280.513
280.513
280.513
280.513
280.513
280.513
280.513
280.513
280.513
280.513
280.513
280.513
280.513
280.513
280.513
280.513
280.513
280.513
280.513
280.513
280.513
280.513
280.513
280.513
280.513
280.513
280.513
280.513
280.513
280.513
280.513
280.513
280.513
280.513
280.513
280.513
280.513
280.513
280.513
280.513
280.513
280.513
280.513
280.513
280.513
280.513
280.513
280.513
280.513
280.513
280.513
280.513
280.513
280.513
280.513
280.513
280.513
280.513
280.513
280.513
280.513
280.513
280.513
280.513
280.513
280.513
280.513
280.513
280.513
280.513
280.513
280.513
280.513
280.513
280.513
280.513
280.513
280.513
280.513
280.513
280.513
280.513
280.513
280.513
280.513
280.513
280.513
280.513
280.513
280.513
280.513
280.513
280.513
280.513
280.513
280.513
280.513
280.513
280.513
280.513
280.513
280.513
280.513
280.513
280.513
280.513
280.513
280.513
280.513
280.513
280.513
280.513
280.513
280.513
280.513
280.513
280.513
280.513
280.513
280.513
280.513
280.513
280.513
280.513
280.513
280.513
280.513
280.513
280.513
280.513
280.513
280.513
280.513
280.513
280.513
280.513
280.513
280.513
280.513
280.513
280.513
280.513
280.513
280.513
280.513
280.513
280.513
280.513
280.513
280.513
280.513
280.513
280.513
280.513
280.513
280.513
280.513
280.513
280.513
280.513
280.513
280.513
280.513
280.513
280.513
280.513
280.513
280.513
280.513
280.513
280.513
280.513
280.513
280.513
280.513
280.513
280.513
280.513
280.513
280.513
280.513
280.026
280.513
280.513
280.513
280.513
280.513
280.513
280.513
280.513
280.513
280.513
280.513
280.513
280.513
280.513
280.513
280.513
280.513
280.513
280.513
280.513
280.513
280.513
280.513
280.513
280.513
280.513
280.513
280.513
280.513
280.513
280.513
280.513
280.513
280.513
280.513
280.513
280.513
280.513
280.513
280.513
280.513
280.513
280.513
280.513
280.513
280.513
280.513
280.513
280.513
280.513
280.513
280.513
280.513
280.513
280.513
280.513
280.513
280.513
280.513
280.513
280.513
280.513
280.026
280.026
280.026
280.026
280.513
280.513
280.513
280.513
280.513
280.513
280.513
280.513
280.513
280.513
280.513
280.513
280.513
280.513
280.513
280.513
280.513
280.026
280.026
280.026
280.026
280.026
280.026
280.026
280.026
280.513
280.513
280.513
280.513
280.513
280.513
280.513
280.513
280.513
280.513
280.513
280.513
280.513
280.513
280.513
280.513
280.513
280.513
280.513
280.513
280.513
280.513
280.513
280.513
280.06
280.513
280.513
280.513
280.513
280.513
280.513
280.513
280.513
280.513
280.026
280.026
280.513
280.513
280.513
280.513
1283.77
1292.28
1211.01
1197.83
1197.83
1193.63
1180.79
1104.64
1104.64
1081.7
1070.3
1042.91
1005.41
1005.41
977.271
948.306
948.306
934.077
919.163
919.163
919.163
918.937
902.975
886.214
886.214
860.5
860.5
820.86
820.86
820.86
820.86
815.171
812.144
788.775
781.54
777.256
752.487
752.487
752.487
735.897
735.897
711.781
711.781
711.781
687.28
687.28
687.597
687.597
710.24
710.24
709.74
709.74
709.74
702.174
717.099
689.6
690.956
690.956
690.404
693.315
693.315
678.025
611.03
611.03
620.071
624.694
624.694
637.714
610.542
638.355
606.67
601.81
588.128
601.81
592.516
597.069
592.425
598.482
588.622
588.622
577.82
577.82
573.662
580.236
575.29
569.112
577.027
574.749
578.985
563.756
553.395
557.59
557.59
550.492
548.761
545.162
548.774
540.31
540.453
540.453
528.278
527.927
523.276
509.914
521.382
513.653
513.653
509.278
509.278
503.244
503.244
503.244
500.944
500.944
504.475
504.475
504.251
504.251
499.655
501.739
484.408
484.408
484.408
484.533
484.533
495.742
483.462
491.062
488.585
488.585
488.585
478.962
475.883
475.883
475.883
483.915
478.716
478.716
475.063
475.063
475.063
475.063
475.063
475.063
475.063
474.128
474.128
474.128
452.591
452.591
474.156
471.09
469.979
467.814
467.814
467.814
469.149
467.164
468.038
468.038
448.486
448.486
448.486
458.934
454.306
454.306
454.306
456.207
441.525
441.525
441.525
441.525
441.525
441.525
441.525
441.525
441.525
441.525
446.347
451.674
442.98
444.714
443.561
443.561
443.561
438.827
438.827
434.419
434.419
436.067
436.067
428.911
418.778
423.267
418.86
418.86
418.86
412.328
404.685
403.175
404.578
400.252
400.108
396.342
394.243
383.567
388.049
387.674
384.994
371.519
379.052
375.227
375.227
373.877
375.227
367.104
367.104
367.104
363.031
359.691
356.704
352.411
351.13
348.452
344.93
340.743
340.743
340.743
340.743
340.575
336.604
334.521
333.256
331.761
332.808
332.344
332.808
330.725
330.435
330.155
330.104
330.009
330.009
329.534
329.439
326.413
325.792
325.792
325.501
325.501
325.501
324.931
324.931
324.931
324.931
324.931
324.931
324.931
322.061
322.061
322.061
322.061
322.061
322.061
322.061
321.557
321.557
321.557
321.557
321.557
321.557
321.557
321.332
320.842
320.291
320.291
320.291
320.291
319.667
319.667
319.667
318.755
319.667
319.667
319.667
319.667
319.667
319.667
319.329
319.329
317.954
317.954
317.954
318.256
318.256
317.237
316.968
316.968
316.968
316.968
316.754
316.005
316.005
316.005
316.005
315.96
315.96
315.96
311.91
311.91
311.91
311.865
311.865
311.865
311.865
311.865
311.865
311.865
311.865
311.865
311.865
311.865
311.865
311.865
311.865
311.865
311.865
311.865
311.865
311.865
311.865
311.865
311.865
311.865
311.615
309.836
311.865
311.865
311.865
311.865
311.865
311.865
311.865
311.865
311.865
311.865
311.865
311.05
309.152
309.152
309.152
309.152
309.152
309.152
309.152
309.977
309.977
309.977
309.977
309.977
309.977
307.956
307.956
307.956
307.956
307.956
307.956
307.956
307.556
307.556
306.506
306.506
306.506
306.506
306.506
306.506
306.506
306.506
306.506
306.506
306.506
306.506
305.399
305.399
305.399
305.399
305.399
305.399
305.399
305.399
305.399
305.399
305.399
305.399
305.399
305.399
305.399
305.399
305.399
305.399
302.757
302.757
302.757
302.757
302.757
302.757
302.757
301.813
301.31
301.31
300.297
300.297
300.297
299.736
299.736
299.736
297.882
297.882
297.882
297.882
297.882
297.882
297.882
297.882
297.882
297.882
297.882
297.882
297.882
297.882
297.882
297.882
297.882
297.882
297.882
297.882
297.882
297.882
297.882
297.882
292.367
292.367
292.367
292.367
292.367
292.367
292.367
292.367
292.367
292.367
292.367
297.882
297.882
297.882
297.882
297.882
297.882
297.882
297.882
297.882
296.11
289.782
289.782
297.102
297.102
297.102
297.102
297.102
297.102
296.621
296.621
296.621
296.621
296.621
296.621
296.621
296.621
296.621
296.621
296.621
296.364
296.076
296.364
296.364
296.12
296.12
296.12
296.364
296.364
296.364
296.364
296.364
296.364
296.364
296.364
296.364
296.364
296.364
296.364
296.364
296.364
296.364
296.364
296.364
296.364
296.364
296.364
296.364
296.364
296.364
296.364
296.364
296.364
296.364
296.364
296.364
296.364
296.364
295.185
295.185
295.185
295.185
295.185
294.465
294.465
294.465
294.465
294.465
294.465
294.465
294.465
294.465
294.465
294.465
291.956
294.465
294.465
294.465
294.465
294.465
294.465
294.465
294.465
294.465
294.465
294.465
294.465
294.465
294.465
294.465
294.465
294.465
294.465
294.465
293.92
293.92
293.92
293.92
293.92
293.92
293.92
293.92
288.344
288.344
288.344
288.344
288.344
288.344
288.344
293.92
293.92
293.92
293.92
293.92
293.92
293.92
293.92
293.92
293.92
293.92
293.92
293.92
288.344
288.344
293.92
293.92
293.92
282.313
282.313
293.92
293.92
293.92
293.92
293.92
293.92
293.92
293.92
293.92
293.92
293.92
293.92
293.92
293.92
293.92
293.92
293.92
293.92
293.92
293.92
293.92
293.92
293.92
293.92
293.92
293.92
293.92
293.92
293.92
292.918
290.361
290.361
288.344
288.344
288.344
293.92
293.92
293.92
293.92
293.92
293.92
293.92
293.92
293.92
293.92
293.92
293.92
293.92
293.92
293.92
293.92
293.92
293.92
293.92
293.92
293.92
293.92
293.92
293.92
293.92
293.92
293.92
293.92
293.92
293.92
293.92
293.92
293.92
293.92
293.92
293.92
293.92
293.92
293.92
293.92
293.92
293.92
293.92
293.92
293.92
293.92
293.92
282.313
282.313
282.313
282.313
282.313
282.313
293.92
293.92
293.92
293.92
293.92
293.92
293.92
293.92
293.92
293.92
293.92
293.92
293.92
293.92
293.92
293.92
290.232
293.92
292.918
292.918
290.361
290.361
290.361
290.361
290.361
290.361
290.361
290.361
290.295
290.361
290.361
290.361
290.361
290.361
290.361
290.361
290.361
290.361
293.133
293.133
293.133
293.92
293.92
291.411
291.411
291.411
291.411
291.411
291.411
291.411
291.411
291.411
291.411
291.411
291.411
291.411
291.411
291.411
291.411
291.411
291.411
291.411
291.411
291.411
291.411
291.411
291.411
291.411
291.411
291.411
291.411
291.411
291.411
287.723
287.723
291.411
291.411
291.411
282.313
282.313
291.411
291.411
291.411
291.411
291.411
291.411
291.411
291.411
291.411
285.835
291.411
291.411
291.411
291.411
291.411
285.835
285.835
285.835
285.835
282.313
290.702
290.861
290.861
288.524
288.524
288.524
288.524
288.524
288.524
288.524
288.524
288.524
288.524
288.524
288.621
288.621
289.027
289.027
289.027
289.027
289.027
289.027
289.027
289.027
289.027
289.027
289.027
289.027
289.027
289.027
289.027
289.027
289.027
289.027
289.027
289.027
289.027
289.027
289.027
289.027
289.027
289.027
283.402
289.027
287.279
287.279
284.824
284.824
284.824
284.824
284.824
284.824
284.824
284.824
284.824
284.824
284.824
284.824
284.824
284.824
284.824
284.824
282.313
284.824
284.824
284.824
284.824
284.824
284.824
284.824
284.824
284.824
284.824
284.824
284.824
284.824
284.824
284.824
284.824
284.824
284.824
284.824
284.824
284.824
284.824
284.824
284.824
284.824
284.824
284.824
284.824
284.824
284.824
284.824
284.824
284.824
284.824
284.824
284.824
284.824
284.824
284.824
284.824
284.824
281.456
284.824
284.824
284.824
284.824
284.824
284.824
284.824
284.824
284.824
284.824
284.824
284.824
284.824
284.824
284.824
284.824
283.822
281.265
281.265
281.265
281.265
281.265
281.265
281.265
281.265
281.265
281.265
281.265
281.265
281.265
281.265
281.265
281.265
281.265
281.265
281.265
281.265
281.265
281.265
281.265
281.265
281.265
281.265
281.265
281.265
281.265
281.265
281.265
281.265
281.265
281.265
281.265
281.265
281.265
281.265
281.265
281.265
281.265
281.265
281.265
281.265
281.265
281.265
281.265
281.265
281.265
281.265
281.265
281.265
281.265
281.265
281.265
281.265
281.265
281.265
281.265
281.265
281.265
281.265
281.265
281.265
281.265
281.265
281.265
281.265
281.265
281.265
281.265
281.265
281.265
281.265
281.265
281.265
281.265
281.265
281.265
281.265
281.265
281.265
281.265
281.265
281.265
281.265
281.265
281.265
281.265
281.265
281.265
281.265
281.265
281.265
281.265
281.265
281.265
281.265
281.265
281.265
281.265
281.265
281.265
281.265
281.265
281.265
281.265
281.265
281.265
281.265
281.265
281.265
281.265
281.265
281.265
281.265
281.265
281.265
281.265
281.265
281.265
281.265
281.265
281.265
281.265
281.265
281.265
281.265
281.265
281.265
281.265
281.265
281.265
281.265
281.265
281.265
281.265
281.265
281.265
281.265
281.265
281.265
281.265
281.265
281.265
281.265
281.265
281.265
281.265
281.265
281.265
281.265
281.265
281.265
281.265
281.265
281.265
281.265
281.265
281.265
281.265
281.265
281.265
281.265
281.265
281.265
281.265
281.265
281.265
281.265
281.265
281.265
281.265
281.265
281.265
281.265
281.265
281.265
281.265
281.265
281.265
281.265
281.265
281.265
281.265
281.265
281.265
281.265
281.265
281.265
281.265
281.265
281.265
281.265
281.265
281.265
281.265
281.265
281.265
281.265
281.265
281.265
281.265
281.265
281.265
281.265
281.265
281.265
281.265
281.265
281.265
281.265
281.265
281.265
281.265
281.265
281.265
281.265
281.265
281.265
281.265
281.265
281.265
281.265
281.265
281.265
281.265
281.265
281.265
281.265
281.265
281.265
281.265
281.265
281.265
281.265
281.265
281.265
281.265
281.265
281.265
281.265
281.265
281.265
281.265
281.265
281.265
281.265
281.265
281.265
281.265
281.265
281.265
281.265
281.265
281.265
281.265
281.265
281.265
281.265
281.265
281.265
281.265
281.265
281.265
281.265
281.265
281.265
281.265
281.265
281.265
281.265
281.265
280.513
280.513
280.513
280.513
280.513
280.513
280.513
280.513
280.513
280.513
280.513
280.513
280.513
280.513
280.513
280.513
280.513
280.513
280.513
280.513
280.513
280.513
280.513
280.513
280.513
280.513
280.513
280.513
280.513
280.513
280.513
280.513
280.513
280.513
280.513
280.513
280.513
280.513
280.513
280.513
280.513
280.513
280.513
280.513
280.513
280.513
280.513
280.513
280.513
280.513
280.513
280.513
280.513
280.513
280.513
280.513
280.513
280.513
280.513
280.513
280.513
280.513
280.513
280.513
280.513
280.513
280.513
280.513
280.513
280.513
280.513
280.513
280.513
280.513
280.513
280.513
280.513
280.513
280.513
280.513
280.513
280.513
280.513
280.513
280.513
280.513
280.513
280.513
280.513
280.513
280.513
280.513
280.513
280.513
280.513
280.513
280.513
280.513
280.513
280.513
280.513
280.513
280.513
280.513
280.513
280.513
280.513
280.513
280.513
280.513
280.513
280.513
280.513
280.513
280.513
280.513
280.513
280.513
280.513
280.513
280.513
280.513
280.513
280.513
280.513
280.513
280.513
280.513
280.513
280.513
280.513
280.513
280.513
280.513
280.513
280.513
280.513
280.513
280.513
280.513
280.513
280.513
280.513
280.513
280.513
280.513
280.513
280.513
280.513
280.513
280.513
280.513
280.513
280.513
280.513
280.513
280.513
280.513
280.513
280.513
280.513
280.513
280.513
280.513
280.513
280.513
280.513
280.513
280.513
280.513
280.513
280.513
280.513
280.513
280.513
280.513
280.513
280.513
280.513
280.513
280.513
280.513
280.513
280.513
280.513
280.513
280.513
280.513
280.513
280.513
280.513
280.513
280.513
280.513
280.513
280.513
280.513
280.513
280.513
280.513
280.513
280.513
280.513
280.513
280.513
280.513
280.513
280.513
280.513
280.513
280.513
280.513
280.513
280.513
280.513
280.513
280.513
280.513
280.513
280.513
280.513
280.513
280.513
280.513
280.513
280.513
280.513
280.513
280.513
280.513
280.513
280.513
280.513
280.513
280.513
280.513
280.513
280.513
280.513
280.513
280.513
280.513
280.513
280.513
280.513
280.513
280.513
280.513
280.513
280.513
280.513
280.513
280.513
280.513
280.513
280.513
280.513
280.513
280.513
280.513
280.513
280.513
280.513
280.513
280.513
280.513
280.513
280.513
280.513
280.513
280.513
280.513
280.513
280.513
280.513
280.513
280.513
280.513
280.513
280.513
280.513
280.513
280.513
280.513
280.513
280.513
280.513
280.513
280.513
280.513
280.513
280.513
280.513
280.513
280.513
280.513
280.513
280.513
280.513
280.513
280.513
280.513
280.513
280.513
280.513
280.513
280.513
280.513
280.513
280.513
280.513
280.513
280.513
280.513
280.513
280.513
280.513
280.513
280.513
280.513
280.513
280.513
280.513
280.513
280.513
280.513
280.513
280.513
280.513
280.513
280.513
280.513
280.513
280.513
280.513
280.513
280.513
280.513
280.513
280.513
280.513
280.513
280.513
280.513
280.513
280.513
280.513
280.513
280.513
280.513
280.513
280.513
280.513
280.513
280.513
280.513
280.513
280.513
280.513
280.513
280.513
280.513
280.513
280.513
280.513
280.513
280.513
280.513
280.513
280.513
280.513
280.513
280.513
280.513
280.513
280.513
280.513
280.513
280.513
280.513
280.513
280.513
280.513
280.513
280.513
280.513
280.513
280.513
280.513
280.513
280.513
280.513
280.513
280.513
280.513
280.513
280.513
280.513
280.513
280.513
280.513
280.513
280.513
280.513
280.513
280.513
280.513
280.513
280.513
280.513
280.513
280.513
280.513
280.513
280.513
280.513
280.513
280.513
280.513
280.513
280.513
280.513
280.513
280.513
280.513
280.513
280.513
280.513
280.513
280.513
280.513
280.513
280.513
280.513
280.513
280.513
280.513
280.513
280.513
280.513
280.513
280.513
280.513
280.513
280.513
280.513
280.513
280.513
280.513
280.513
280.513
280.513
280.513
280.513
280.513
280.513
280.513
280.513
280.513
280.513
280.513
280.513
280.513
280.513
280.513
280.513
280.513
280.513
280.513
280.513
280.513
280.513
280.513
280.513
280.513
280.513
280.513
280.513
280.513
280.513
280.513
280.513
280.513
280.513
280.513
280.513
280.513
280.513
280.513
280.513
280.513
280.513
280.513
280.513
280.513
280.513
280.513
280.513
280.513
280.513
280.513
280.513
280.513
280.513
280.513
280.513
280.513
280.513
280.513
280.513
280.513
280.513
280.513
280.513
280.513
280.513
280.513
280.513
280.513
280.513
280.513
280.513
280.513
280.513
280.513
280.513
280.513
280.513
280.513
280.513
280.513
280.513
280.513
280.513
280.513
280.513
280.513
280.513
280.513
280.513
280.513
280.513
280.513
280.513
280.513
280.513
280.513
280.513
280.513
280.513
280.513
280.513
280.513
280.513
280.513
280.513
280.513
280.513
280.513
280.513
280.513
280.513
280.513
280.513
280.513
280.513
280.513
280.513
280.513
280.513
280.513
280.513
280.513
280.513
280.513
280.513
280.513
280.513
280.513
280.513
280.513
280.513
280.513
280.513
280.513
280.513
280.513
280.513
280.513
280.513
280.513
280.513
280.513
280.513
280.513
280.513
280.513
280.513
280.513
280.513
280.513
280.513
280.513
280.513
280.513
280.513
280.513
280.513
280.513
280.513
280.513
280.513
280.513
280.513
280.513
280.513
280.513
280.513
280.513
280.513
280.513
280.513
280.513
280.513
280.513
280.513
280.513
280.513
280.513
280.513
280.513
280.513
280.513
280.513
280.513
280.513
280.513
280.513
280.513
280.513
280.513
280.513
280.513
280.513
280.513
280.513
280.513
280.513
280.513
280.513
280.513
280.513
280.513
280.513
280.513
280.513
280.513
280.513
280.513
280.513
280.513
280.513
280.513
280.513
280.513
280.513
280.513
280.513
280.513
280.513
280.513
280.513
280.513
280.513
280.513
280.513
280.513
280.513
280.513
280.513
280.513
280.513
280.513
280.513
280.513
280.513
280.513
280.513
280.513
280.513
280.513
280.513
280.513
280.513
280.513
280.513
280.026
280.513
280.513
280.513
280.513
280.513
280.513
280.513
280.513
280.513
280.513
280.513
280.513
280.513
280.513
280.513
280.513
280.513
280.513
280.513
280.513
280.513
280.513
280.513
280.513
280.513
280.513
280.513
280.513
280.513
280.513
280.513
280.513
280.513
280.513
280.513
280.513
280.513
280.513
280.513
280.513
280.513
280.513
280.513
280.513
280.513
280.513
280.513
280.513
280.513
280.513
280.513
280.513
280.513
280.513
280.513
280.513
280.513
280.513
280.513
280.513
280.513
280.513
280.026
280.026
280.026
280.026
280.513
280.513
280.513
280.513
280.513
280.513
280.513
280.513
280.513
280.513
280.513
280.513
280.513
280.513
280.513
280.513
280.513
280.026
280.026
280.026
280.026
280.026
280.026
280.026
280.026
280.513
280.513
280.513
280.513
280.513
280.513
280.513
280.513
280.513
280.513
280.513
280.513
280.513
280.513
280.513
280.513
280.513
280.513
280.513
280.513
280.513
280.513
280.513
280.513
280.06
280.513
280.513
280.513
280.513
280.513
280.513
280.513
280.513
280.513
280.026
280.026
280.513
280.513
280.513
280.513
