0         2.2123         2.2123              0
1        1.30451        1.75841       0.453894
2        1.11201        1.54294       0.339261
3        1.05242        1.42031        0.26942
4        1.95987        1.52822       0.234941
5        1.79327         1.5724       0.196849
6        2.28354        1.67399       0.194934
7        3.29726         1.8769       0.263953
8        1.88516        1.87782       0.232786
9         1.2316        1.81319       0.218008
10        1.13901        1.75191       0.206501
11        1.35582         1.7189       0.191376
12        2.23563        1.75865       0.180472
13         1.6021        1.74747       0.167459
14        2.96709        1.82877       0.175825
15        1.95846        1.83688       0.164669
16        2.38316        1.86901       0.157982
17        1.32829        1.83897       0.151946
18        1.64297        1.82866       0.144096
19        2.28192        1.85132       0.138568
20        1.07986        1.81458       0.136828
21        1.16157         1.7849       0.133795
22        1.73333        1.78266       0.127865
23        2.20353         1.8002       0.123671
24        1.06279         1.7707       0.122233
25        2.40388        1.79505       0.119936
26        1.70424        1.79169       0.115458
27        1.80693        1.79223       0.111259
28       0.741382          1.756       0.113305
29        1.05283        1.73256       0.111944
30        2.27032        1.74991       0.109654
31        2.14704        1.76232       0.106895
32        1.95869        1.76827       0.103776
33        1.63481        1.76434       0.100754
34        2.54961        1.78678       0.100372
35        1.68677          1.784      0.0975838
36         1.7344        1.78266      0.0949193
37        1.09558        1.76458      0.0941403
38        1.22335         1.7507      0.0927389
39        1.96516        1.75606      0.0905496
40        2.16589        1.76606      0.0888773
41        2.01309        1.77194      0.0869346
42       0.692461        1.74684       0.088523
43        2.53923        1.76484      0.0883428
44        2.04059        1.77097      0.0865744
45        1.31675         1.7611      0.0852453
46        1.81765         1.7623      0.0834205
47        1.55507        1.75798      0.0817781
48        3.25371        1.78851      0.0857116
49        1.60675        1.78487      0.0840585
50        2.53504        1.79958      0.0836964
51        1.54134        1.79462      0.0822212
52        1.39914        1.78715      0.0809994
53       0.630843        1.76574      0.0823191
54        1.56907        1.76217      0.0808876
55        2.55338        1.77629      0.0806769
56        1.82852        1.77721      0.0792541
57        2.91909         1.7969      0.0803257
58        2.22108        1.80409      0.0792792
59        1.22956        1.79451      0.0785327
60        2.24768        1.80194       0.077591
61        3.30308        1.82615      0.0800773
62        1.93447        1.82787      0.0788147
63        1.27973        1.81931      0.0780449
64       0.466909         1.7985       0.079602
65        1.97806        1.80122      0.0784338
66        1.06438        1.79022      0.0780332
67        2.49955        1.80066      0.0775815
68        1.21437        1.79216      0.0769196
69        2.67545        1.80478      0.0768558
70        2.20256        1.81038      0.0759724
71         2.5931        1.82125      0.0756945
72        1.25209        1.81345      0.0750565
73        2.33108        1.82045       0.074365
74        1.17942         1.8119      0.0738629
75        1.73437        1.81088      0.0728917
76        1.02807        1.80072      0.0726536
77        1.92851        1.80235      0.0717348
78        1.32995        1.79637       0.071073
79        0.79948        1.78391      0.0712767
80        1.44308         1.7797      0.0705169
81        1.47197        1.77595      0.0697526
82        1.76366         1.7758      0.0689073
83        1.34854        1.77072      0.0682717
84        2.10238        1.77462      0.0675765
85        1.06099        1.76632      0.0672996
86        1.65349        1.76502      0.0665342
87        2.34764        1.77165      0.0661062
88        2.32798         1.7779      0.0656574
89        1.31894         1.7728      0.0651238
90        1.10245        1.76543      0.0648241
91        1.77491        1.76553      0.0641157
92        1.69677        1.76479      0.0634268
93        2.95521        1.77746      0.0640136
94        2.26035        1.78254      0.0635398
95        1.37847        1.77833      0.0630152
96        1.75852        1.77813      0.0623625
97        1.39426        1.77421      0.0618471
98        1.28755        1.76929      0.0614162
99        2.15398        1.77314      0.0609205
