0       -0.18699       -0.18699              0
1      -0.173132      -0.180061     0.00692919
2      -0.216887      -0.192337      0.0129108
3      -0.255731      -0.208185      0.0182899
4      -0.231901      -0.212928      0.0149402
5      -0.289956      -0.225766      0.0177093
6      -0.263559      -0.231165      0.0159111
7      -0.277464      -0.236953      0.0149454
8      -0.250245      -0.238429      0.0132631
9      -0.282021      -0.242789      0.0126385
10      -0.235565      -0.242132      0.0114508
11      -0.332535      -0.249666      0.0128849
12      -0.276875      -0.251759      0.0120358
13      -0.290601      -0.254533      0.0114832
14      -0.337833      -0.260086      0.0120466
15      -0.284647      -0.261621      0.0113727
16      -0.172167      -0.256359      0.0119084
17      -0.236493      -0.255256      0.0112815
18      -0.257684      -0.255384       0.010672
19      -0.322997      -0.258764      0.0106738
20      -0.301801      -0.260814      0.0103576
21      -0.188783      -0.257539      0.0104042
22      -0.228935      -0.256296      0.0100191
23      -0.221057      -0.254827     0.00970424
24      -0.267758      -0.255345     0.00932234
25      -0.256215      -0.255378     0.00895667
26      -0.245054      -0.254996     0.00862704
27      -0.267612      -0.255446     0.00832543
28      -0.190088      -0.253193     0.00834338
29      -0.240717      -0.252777     0.00807119
30       -0.24333      -0.252472     0.00781243
31      -0.283634      -0.253446     0.00762678
32       -0.17897      -0.251189     0.00772889
33      -0.190591      -0.249407     0.00770704
34      -0.173309      -0.247232     0.00779304
35      -0.252324      -0.247374     0.00757479
36      -0.273025      -0.248067     0.00739977
37      -0.217565      -0.247264       0.007247
38      -0.266229      -0.247751     0.00707547
39       -0.31028      -0.249314     0.00707126
40      -0.203176      -0.248189     0.00698784
41      -0.198404      -0.247003     0.00692169
42      -0.223311      -0.246452     0.00678122
43      -0.312722      -0.247958     0.00679435
44      -0.221903      -0.247379     0.00666684
45      -0.296265      -0.248442     0.00660634
46      -0.273237       -0.24897     0.00648574
47      -0.323608      -0.250525     0.00653682
48      -0.222445      -0.249952     0.00642762
49      -0.201512      -0.248983     0.00637184
50       -0.29926      -0.249969     0.00632298
51      -0.288402      -0.250708     0.00624408
52      -0.175239      -0.249284     0.00628848
53      -0.244504      -0.249195     0.00617156
54      -0.228557       -0.24882     0.00606992
55      -0.235575      -0.248584     0.00596523
56      -0.270932      -0.248976     0.00587275
57      -0.236283      -0.248757     0.00577475
58      -0.252035      -0.248812      0.0056763
59      -0.209737      -0.248161     0.00561877
60      -0.239403      -0.248018     0.00552775
61      -0.198234      -0.247215     0.00549683
62      -0.271889      -0.247606     0.00542303
63      -0.220513      -0.247183     0.00535439
64      -0.293638      -0.247898      0.0053196
65      -0.291627       -0.24856     0.00528011
66      -0.189968      -0.247686     0.00527372
67      -0.190293      -0.246842      0.0052637
68      -0.260749      -0.247043     0.00519076
69      -0.142776      -0.245554      0.0053285
70      -0.233638      -0.245386     0.00525559
71      -0.233456       -0.24522     0.00518473
72      -0.242726      -0.245186     0.00511333
73       -0.20492      -0.244642     0.00507302
74      -0.264899      -0.244912     0.00501221
75      -0.267142      -0.245204     0.00495446
76      -0.201126      -0.244632     0.00492309
77      -0.167914      -0.243648      0.0049581
78      -0.238789      -0.243587     0.00489532
79      -0.279365      -0.244034     0.00485439
80      -0.209712       -0.24361     0.00481277
81      -0.246777      -0.243649     0.00475387
82      -0.324085      -0.244618      0.0047952
83      -0.263206      -0.244839     0.00474293
84      -0.246599       -0.24486     0.00468685
85       -0.20302      -0.244374     0.00465751
86      -0.275026      -0.244726     0.00461713
87      -0.297664      -0.245327     0.00460383
88      -0.267972      -0.245582     0.00455891
89      -0.280159      -0.245966     0.00452431
90      -0.250467      -0.246016     0.00447459
91      -0.270926      -0.246286     0.00443396
92      -0.271809      -0.246561      0.0043946
93      -0.287528      -0.246997     0.00436939
94      -0.292352      -0.247474     0.00434944
95      -0.286254      -0.247878     0.00432281
96      -0.289522      -0.248307      0.0042995
97      -0.258336       -0.24841     0.00425663
98      -0.283439      -0.248763     0.00422825
99      -0.251526      -0.248791     0.00418584
