811.034
810.111
789.4
785.955
730.885
730.885
730.885
730.885
704.661
675.684
674.63
638.671
639.996
643.751
638.322
633.349
599.607
603.139
603.139
597.107
591.691
583.009
574.504
578.105
578.105
561.708
561.708
548.654
554.198
555.466
555.466
552.349
524.351
524.351
536.198
536.198
536.515
540.362
544.19
547.112
510.856
510.272
498.083
498.083
498.083
488.868
471.021
488.868
488.868
488.868
496.622
490.78
496.156
470.306
470.306
470.306
471.047
475.478
472.233
478.223
469.182
472.155
478.748
479.389
463.973
466.976
457.584
462.144
462.144
462.144
446.074
464.509
450.358
461.779
449.113
449.113
456.092
458.575
444.989
444.989
444.989
430.984
430.984
414.818
417.102
417.102
417.102
445.757
428.909
435.876
435.235
435.235
429.429
429.429
420.492
420.492
420.88
405.312
405.312
405.312
405.312
405.312
405.312
402.323
390.735
403.326
399.71
400.379
398.771
393.517
393.517
386.73
381.153
364.108
364.108
364.108
364.108
364.108
363.467
355.253
355.253
353.484
349.31
348.787
347.822
347.547
346.138
346.138
346.138
345.13
344.316
344.041
344.041
344.041
344.041
344.041
343.996
343.996
343.996
340.802
340.802
340.802
340.802
340.757
335.794
335.794
335.794
338.91
335.794
335.794
335.794
335.794
335.794
335.794
331.197
328.142
328.142
328.142
328.142
328.142
328.142
328.142
328.142
326.969
312.119
312.119
312.119
312.119
312.119
312.119
312.119
311.55
305.585
305.585
304.159
304.159
304.159
304.159
304.159
304.159
304.159
304.159
304.115
304.115
304.115
304.115
304.115
304.115
297.562
295.82
304.115
304.115
304.115
304.115
304.115
304.115
304.115
304.115
304.115
304.115
304.115
304.115
304.115
304.115
304.115
304.115
304.115
304.115
304.115
304.115
304.115
304.115
304.115
304.115
304.115
304.115
304.115
304.115
304.115
304.115
304.115
304.115
304.115
304.115
304.115
304.115
304.115
304.115
304.115
304.115
304.115
304.115
304.115
304.115
304.115
304.115
304.115
304.115
304.115
304.115
304.115
304.115
304.115
304.115
304.115
304.115
304.115
304.115
304.115
304.115
304.115
304.115
304.115
304.115
304.115
304.115
299.877
299.877
299.877
299.877
299.877
299.275
299.275
299.275
299.275
299.275
299.275
299.275
299.275
299.275
299.275
297.355
299.275
299.275
299.275
299.275
299.275
299.275
299.275
299.275
299.275
299.275
299.275
299.275
299.275
299.275
299.275
299.275
299.275
299.275
299.275
299.275
299.275
299.275
299.275
299.275
299.275
299.275
299.275
299.275
299.275
299.275
299.275
299.275
299.275
299.275
299.275
299.275
299.275
299.275
299.275
299.275
299.275
299.275
299.275
299.275
299.275
299.275
299.275
299.275
299.275
299.275
299.275
299.275
299.275
299.275
299.275
299.275
299.275
298.56
298.56
297.427
297.427
289.09
289.09
283.76
289.09
288.08
288.08
288.08
288.08
288.08
288.08
288.08
288.08
288.08
288.08
288.08
288.08
288.08
288.08
288.08
288.08
288.08
288.08
288.08
288.08
288.08
288.08
288.08
288.08
288.08
288.08
288.08
288.08
288.08
288.08
288.08
288.08
288.08
288.08
288.08
288.08
288.08
288.08
288.08
288.08
288.08
283.796
283.796
283.796
283.796
283.796
283.525
283.525
283.525
283.525
283.525
283.525
283.525
283.525
283.525
283.525
283.525
283.525
283.525
283.525
283.525
283.525
283.525
283.525
283.525
283.525
283.525
283.525
283.525
283.525
283.525
283.525
283.525
283.525
283.525
283.525
283.525
283.525
283.525
283.525
283.525
283.525
283.525
283.525
283.525
283.525
283.525
283.525
283.525
283.525
283.525
283.525
283.525
283.525
283.525
283.525
283.525
283.525
283.525
283.525
283.525
283.525
283.525
283.525
283.525
283.525
283.525
283.525
283.525
283.525
283.525
283.525
283.525
283.525
283.525
283.525
283.525
283.525
283.525
283.525
283.525
283.525
283.525
283.525
283.525
283.525
283.525
283.525
283.525
283.525
283.525
283.525
283.525
283.525
283.525
283.525
283.525
283.525
283.525
283.525
283.525
283.525
283.525
283.525
283.525
283.525
283.525
283.525
283.525
283.525
283.525
283.525
283.525
283.525
283.525
283.525
283.525
283.525
283.525
283.525
283.525
283.525
283.525
283.525
283.525
283.525
276.615
276.615
276.615
276.615
283.525
283.525
283.525
283.525
283.525
283.525
283.525
283.525
283.525
283.525
283.525
283.525
283.525
283.525
283.525
283.525
283.525
281.295
281.295
283.525
283.525
283.525
283.525
283.525
283.525
283.525
283.525
283.525
283.525
283.525
283.525
283.525
283.525
283.525
283.525
283.525
283.525
283.525
283.525
283.525
283.525
283.525
283.525
283.525
283.525
283.525
283.525
283.525
283.525
283.525
283.525
283.525
283.525
283.525
283.525
283.525
283.525
283.525
283.525
283.525
283.525
283.525
283.525
283.525
283.525
283.525
283.525
283.525
283.525
283.525
283.525
283.525
283.525
283.525
283.525
283.525
283.525
283.525
283.525
283.525
283.525
283.525
283.525
283.525
283.525
283.525
283.525
283.525
283.525
283.525
283.525
283.525
283.525
283.525
283.525
283.525
283.525
283.525
283.525
283.525
283.525
283.525
283.525
283.525
283.525
283.525
283.525
283.525
283.525
283.525
283.525
283.525
283.525
283.525
283.525
283.525
283.525
283.525
283.525
283.525
283.525
283.525
283.525
283.525
283.525
283.525
283.525
283.525
283.525
283.525
283.525
283.525
283.525
283.525
283.525
283.525
283.525
283.525
283.525
283.525
283.525
283.525
283.525
283.525
283.525
283.525
283.525
283.525
283.525
283.525
283.525
283.525
283.525
283.525
283.525
283.525
283.525
283.525
283.525
283.525
283.525
283.525
283.525
283.525
283.525
283.525
283.525
283.525
283.525
283.525
283.525
283.525
283.525
283.525
283.525
283.525
283.525
283.525
283.525
283.525
283.525
283.525
283.525
283.525
283.525
283.525
283.525
283.525
283.525
283.525
283.525
283.525
283.525
283.525
283.525
283.525
283.525
283.525
283.525
283.525
283.525
283.525
283.525
283.525
283.525
283.525
283.525
283.525
283.525
283.525
283.525
283.525
283.525
283.525
283.525
283.525
283.525
283.525
283.525
283.525
283.525
283.525
283.525
283.525
283.525
283.525
283.525
283.525
283.525
283.525
283.525
283.525
283.525
283.525
283.525
283.525
283.525
283.525
283.525
283.525
283.525
283.525
283.525
283.525
283.525
283.525
283.525
283.525
283.525
283.525
283.525
283.525
283.525
283.525
283.525
283.525
283.525
283.525
283.525
283.525
283.525
283.525
283.525
283.525
283.525
283.525
283.525
283.525
283.525
283.525
283.525
283.525
283.525
283.525
283.525
283.525
283.525
283.525
283.525
283.525
283.525
283.525
283.525
283.525
283.525
283.525
283.525
283.525
283.525
283.525
276.615
276.615
283.525
283.525
283.525
283.525
283.525
283.525
283.525
283.525
283.525
283.525
283.525
283.525
283.525
283.525
283.525
283.525
283.525
283.525
283.525
283.525
283.525
283.525
283.525
283.525
283.525
283.525
283.525
283.525
283.525
283.525
283.525
283.525
283.525
283.525
283.525
283.525
283.525
283.525
283.525
283.525
283.525
283.525
283.525
283.525
283.525
283.525
283.525
283.525
283.525
283.525
283.525
283.525
283.525
283.525
283.525
283.525
283.525
283.525
283.525
283.525
283.525
281.295
281.295
283.525
283.525
283.525
283.525
283.525
283.525
283.525
283.525
283.525
283.525
283.525
283.525
283.525
283.525
283.525
283.525
283.525
283.525
283.525
283.525
283.525
283.525
283.525
283.525
283.525
283.525
283.525
283.525
283.525
283.525
283.525
283.525
283.525
283.525
283.525
283.525
283.525
283.525
283.525
283.525
283.525
283.525
283.525
283.525
283.525
283.525
283.525
283.525
283.525
283.525
283.525
283.525
283.525
283.525
283.525
283.525
283.525
283.525
283.525
283.525
283.525
283.525
283.525
283.525
283.525
283.525
283.525
283.525
283.525
283.525
283.525
283.525
283.525
283.525
283.525
283.525
283.525
283.525
283.525
283.525
283.525
283.525
283.525
283.525
283.525
283.525
283.525
283.525
283.525
283.525
283.525
283.525
283.525
283.525
283.525
283.525
283.525
283.525
283.525
283.525
283.525
283.525
283.525
283.525
283.525
283.525
283.525
283.525
283.525
283.525
283.525
283.525
283.525
283.525
283.525
283.525
283.525
283.525
283.525
283.525
283.525
283.525
283.525
283.525
283.525
283.525
283.525
283.525
283.525
283.525
283.525
283.525
283.525
283.525
283.525
283.525
283.525
283.525
