811.034
810.111
789.4
785.955
730.885
730.885
730.885
730.885
704.661
675.684
674.63
638.671
639.996
643.751
638.322
633.349
599.607
603.139
603.139
597.107
591.691
583.009
574.504
578.105
578.105
561.708
561.708
548.654
554.198
555.466
555.466
552.349
524.351
524.351
536.198
536.198
536.515
540.362
544.19
547.112
510.856
510.272
498.083
498.083
498.083
488.868
471.021
488.868
488.868
488.868
492.512
467.566
467.566
456.46
456.46
456.46
456.46
454.995
454.995
454.995
455.177
455.177
468.112
458.146
456.352
447.445
457.087
454.893
454.893
452.388
464.076
457.409
437.729
449.216
458.397
442.406
442.406
445.992
441.532
423.388
423.388
423.388
423.388
422.8
422.8
428.45
428.45
435.164
428.65
428.65
428.65
434.396
432.347
432.347
430.646
424.75
414.174
414.174
414.174
417.606
409.62
401.649
407.937
407.937
408.826
403.971
403.971
409.56
408.866
410.705
402.273
410.989
407.055
391.836
395.339
395.339
395.339
395.339
395.339
395.339
399.444
395.263
395.263
391.454
391.454
391.454
391.454
390.387
388.15
393.037
392.439
390.859
381.789
381.653
381.011
383.243
381.225
377.387
383.895
367.601
367.601
367.601
367.601
367.599
363.309
363.309
363.309
362.926
349.829
349.829
349.829
342.35
339.742
339.742
339.979
339.279
336.805
336.805
333.588
333.588
330.465
330.465
329.387
329.387
329.387
329.387
329.387
327.581
329.387
329.387
329.387
329.387
325.893
325.893
325.893
325.893
328.213
325.122
324.236
324.236
322.73
321.924
321.924
319.972
319.436
319.436
318.681
318.681
317.905
317.905
316.981
315.103
314.577
313.056
312.7
312.7
311.245
310.653
309.099
307.795
306.926
306.926
305.767
304.503
304.503
301.448
301.396
301.448
301.448
301.448
300.356
300.788
300.356
300.356
297.956
300.356
300.356
300.356
300.254
297.707
300.356
300.43
300.356
298.477
297.707
297.707
297.707
297.707
295.127
292.156
294.713
294.713
292.156
292.156
292.156
289.323
289.323
288.837
288.837
288.837
288.837
288.837
288.837
288.837
288.837
288.837
288.837
288.837
288.837
288.837
288.837
288.837
288.837
288.837
288.837
288.837
288.837
288.837
288.837
288.357
288.357
288.357
288.357
288.357
288.357
288.357
288.357
287.661
288.357
288.357
288.357
288.357
288.357
288.357
288.357
288.357
288.357
288.357
288.357
288.357
288.357
287.877
287.877
287.877
287.877
287.877
287.877
287.877
287.877
287.877
287.877
287.877
287.84
287.84
287.84
287.84
287.84
287.612
287.612
287.612
287.612
286.541
286.541
285.676
285.676
285.676
285.676
285.676
285.483
284.981
284.981
284.981
284.981
285.483
285.483
285.483
285.483
285.483
285.483
285.483
285.483
285.018
285.018
285.018
284.825
284.825
283.76
283.76
283.76
283.76
283.76
283.76
283.76
283.76
283.76
283.76
283.76
283.76
283.76
281.295
281.295
281.295
281.295
281.295
281.295
281.295
281.295
281.295
281.295
281.295
281.295
281.295
281.295
281.295
281.295
281.295
281.295
281.295
281.295
281.295
281.295
281.295
281.295
281.295
281.295
281.295
281.295
281.295
281.295
281.295
281.295
281.295
281.295
281.295
281.295
281.295
281.295
281.295
281.295
281.295
281.295
281.295
281.295
281.295
281.295
281.295
281.295
281.295
281.295
281.295
281.295
281.295
281.295
281.295
281.295
281.295
281.295
281.295
281.295
281.295
281.295
281.295
281.295
281.295
281.295
281.295
281.295
281.295
281.295
281.295
281.295
281.295
281.295
281.295
281.295
281.295
281.295
281.295
281.295
281.295
281.295
281.295
281.295
281.295
281.295
281.295
281.295
281.295
281.295
281.295
281.295
281.295
281.295
281.295
281.295
281.295
281.295
281.295
281.295
281.295
281.295
281.295
281.295
281.295
281.295
281.295
281.295
281.295
281.295
281.295
281.295
281.295
281.295
281.295
281.295
281.295
281.295
281.295
281.295
281.295
281.295
281.295
281.295
281.295
281.295
281.295
281.295
281.295
281.295
281.295
281.295
281.295
281.295
281.295
281.295
281.295
281.295
281.295
281.295
281.295
281.295
281.295
281.295
281.295
280.599
281.295
281.295
281.295
281.295
281.295
281.295
281.295
281.295
281.295
281.295
281.295
281.295
281.295
281.295
281.295
281.295
281.295
281.295
281.295
281.295
281.295
281.295
281.295
281.295
281.295
281.295
281.295
281.295
281.295
281.295
281.295
281.295
281.295
281.295
281.295
281.295
281.295
281.295
281.295
281.295
281.295
281.295
281.295
281.295
281.295
281.295
281.295
281.295
281.295
281.295
281.295
281.295
281.295
281.295
281.295
281.295
281.295
281.295
281.295
281.295
281.295
281.295
281.295
281.295
281.295
281.295
281.295
281.295
281.295
281.295
281.295
281.295
281.295
281.295
281.295
281.295
281.295
281.295
281.295
281.295
281.295
281.295
281.295
281.295
281.295
281.295
281.295
281.295
281.295
281.295
281.295
280.599
281.295
281.295
281.295
281.295
281.295
281.295
281.295
281.295
281.295
281.295
281.295
281.295
281.295
281.295
281.295
281.295
281.295
281.295
281.295
281.295
281.295
281.295
281.295
281.295
281.295
281.295
281.295
281.295
281.295
281.295
281.295
281.295
281.295
281.295
281.295
281.295
281.295
281.295
281.295
281.295
281.295
281.295
281.295
281.295
281.295
281.295
281.295
280.599
280.599
281.295
281.295
281.295
281.295
281.295
281.295
281.295
281.295
281.295
281.295
281.295
281.295
281.295
281.295
281.295
281.295
281.295
281.295
281.295
281.295
281.295
281.295
281.295
281.295
281.295
281.295
281.295
281.295
281.295
281.295
281.295
281.295
281.295
281.295
281.295
281.295
281.295
281.295
281.295
281.295
281.295
281.295
281.295
281.295
281.295
281.295
281.295
281.295
281.295
281.295
281.295
281.295
281.295
281.295
281.295
281.295
281.295
281.295
281.295
281.295
281.295
281.295
281.295
281.295
281.295
281.295
281.295
281.295
281.295
281.295
281.295
281.295
281.295
281.295
281.295
281.295
281.295
281.295
281.295
281.295
281.295
281.295
281.295
281.295
281.295
281.295
281.295
281.295
281.295
281.295
280.599
280.599
280.599
280.599
280.599
280.599
280.599
280.599
280.599
280.599
280.599
281.295
281.295
281.295
281.295
281.295
281.295
281.295
281.295
281.295
281.295
281.295
281.295
281.295
281.295
281.295
281.295
281.295
281.295
281.295
281.295
281.295
281.295
281.295
281.295
281.295
281.295
281.295
281.295
281.295
281.295
281.295
281.295
281.295
281.295
280.599
281.295
281.295
281.295
281.295
281.295
281.295
281.295
280.599
280.599
280.599
281.295
280.599
281.295
281.295
281.295
281.295
281.295
281.295
281.295
281.295
281.295
281.295
281.295
281.295
281.295
281.295
281.295
281.295
281.295
281.295
281.295
280.599
280.599
280.599
280.599
280.599
281.295
281.295
281.295
281.295
281.295
281.295
281.295
281.295
281.295
281.295
281.295
281.295
281.295
281.295
281.295
281.295
281.295
281.295
281.295
281.295
281.295
281.295
281.295
281.295
281.295
281.295
281.295
281.295
281.295
281.295
281.295
281.295
281.295
281.295
281.295
281.295
281.295
281.295
281.295
281.295
281.295
281.295
281.295
281.295
281.295
281.295
281.295
281.295
281.295
281.295
281.295
281.295
281.295
281.295
281.295
281.295
281.295
281.295
281.295
281.295
281.295
281.295
281.295
281.295
281.295
281.295
281.295
281.295
281.295
281.295
281.295
281.295
281.295
281.295
281.295
281.295
281.295
281.295
281.295
281.295
281.295
281.295
281.295
281.295
281.295
281.295
281.295
281.295
281.295
281.295
280.599
280.599
280.599
280.599
280.599
280.599
280.599
281.295
281.295
281.295
281.295
281.295
281.295
280.599
280.599
281.295
281.295
281.295
281.295
281.295
281.295
281.295
281.295
281.295
281.295
281.295
281.295
281.295
281.295
281.295
281.295
281.295
281.295
281.295
281.295
281.295
281.295
281.295
281.295
281.295
281.295
281.295
281.295
281.295
281.295
281.295
281.295
281.295
281.295
281.295
281.295
281.295
281.295
280.599
280.599
280.599
281.295
281.295
281.295
281.295
281.295
281.295
281.295
281.295
281.295
281.295
281.295
281.295
281.295
281.295
281.295
281.295
281.295
281.295
281.295
281.295
281.295
281.295
281.295
281.295
281.295
281.295
281.295
281.295
281.295
281.295
281.295
281.295
281.295
281.295
281.295
281.295
281.295
281.295
281.295
281.295
281.295
281.295
281.295
281.295
281.295
281.295
281.295
281.295
281.295
281.295
281.295
281.295
281.295
281.295
281.295
281.295
