811.034
810.111
789.4
785.955
730.885
730.885
730.885
730.885
704.661
675.684
674.63
638.671
639.996
643.751
638.322
633.349
599.607
603.139
603.139
597.107
593.796
590.853
577.294
565.897
579.066
557.725
573.514
555.497
554.372
532.955
526.287
526.287
512.927
512.927
521.174
519.881
517.197
521.437
521.049
516.004
508.971
504.733
481.003
481.003
472.343
464.209
471.067
465.525
465.525
465.525
457.3
457.3
446.894
438.144
446.894
446.894
451.494
449.911
454.986
436.893
430.701
423.782
416.645
416.645
414.255
414.255
412.005
411.971
411.971
412.162
409.067
412.747
412.747
408.934
408.934
409.98
393.603
389.87
389.87
370.366
375.961
375.961
362.715
362.843
355.326
352.163
355.188
350.325
344.511
344.511
344.8
339.685
329.724
323.047
323.047
323.881
321.108
314.291
314.291
311.879
311.879
311.879
311.879
311.426
309.551
309.551
309.551
309.201
307.897
307.897
307.897
304.262
304.262
304.262
302.73
302.609
302.609
301.076
301.076
300.485
300.485
300.485
300.485
299.345
298.754
299.345
299.345
299.345
298.835
298.835
297.351
297.351
297.351
297.351
297.223
297.223
297.223
297.351
297.351
297.03
297.03
296.636
297.03
296.621
296.314
296.314
296.007
296.314
295.102
295.102
295.102
294.08
294.08
294.08
295.102
294.387
294.387
294.963
294.963
294.963
294.963
294.387
294.387
294.387
294.387
294.387
294.248
294.248
294.248
294.268
294.248
293.751
293.751
293.751
293.751
293.751
293.751
293.546
293.616
293.546
293.546
292.981
292.161
292.161
291.526
290.96
290.96
290.96
290.96
289.683
289.683
289.683
289.683
289.683
289.683
289.683
289.683
289.683
289.683
289.683
289.683
289.683
289.683
289.683
289.683
289.683
289.683
289.683
289.683
289.683
289.683
289.683
289.683
289.683
289.683
289.683
289.683
288.422
288.422
288.422
288.422
288.422
287.558
287.558
287.558
287.558
287.558
287.558
287.558
287.558
287.558
287.558
287.558
287.558
287.558
287.558
287.558
287.558
287.558
284.38
284.38
284.38
284.38
284.38
284.38
284.38
284.38
284.38
284.38
284.38
284.38
284.38
284.38
284.38
284.38
284.38
284.38
284.38
284.38
284.38
284.38
284.38
284.38
284.38
284.38
284.38
284.38
284.38
284.38
284.38
284.38
284.38
284.38
284.38
284.38
284.38
284.38
284.38
284.38
284.38
284.38
284.38
284.38
284.38
284.38
284.38
284.38
284.38
284.38
284.38
284.38
284.38
284.38
284.38
284.38
284.38
284.38
284.38
284.38
284.38
284.38
284.38
284.38
284.38
284.38
284.38
284.38
284.38
284.38
284.38
284.38
284.38
282.628
282.628
282.628
280.403
280.403
280.403
280.403
280.233
280.233
280.233
280.233
280.233
280.233
280.233
280.233
280.233
280.233
280.233
280.233
280.233
280.233
280.233
280.233
280.233
280.233
280.233
280.233
280.233
280.233
280.233
280.233
280.233
280.233
280.233
280.233
280.233
280.233
280.233
280.233
280.233
280.233
280.233
280.233
280.233
280.233
280.233
280.233
280.233
280.233
280.233
280.233
280.233
280.233
280.233
280.233
280.233
280.233
280.233
280.233
280.233
280.233
280.233
280.233
280.233
280.233
280.233
280.233
280.233
280.233
280.233
280.233
280.233
280.233
280.233
280.233
280.233
280.233
280.233
280.233
280.233
280.233
280.233
280.233
280.233
280.233
280.233
280.233
280.233
280.233
280.233
280.233
280.233
280.233
280.233
280.233
280.233
280.233
280.233
280.233
280.233
280.233
280.233
280.233
280.233
277.474
277.474
277.474
277.474
277.474
276.781
276.781
276.781
276.781
276.781
276.781
276.781
276.781
276.781
276.615
276.781
276.781
276.615
276.615
276.615
276.615
276.615
276.615
276.615
276.615
276.615
276.615
276.615
276.615
276.615
276.615
276.615
276.615
276.615
276.615
276.615
276.615
276.615
276.615
276.615
276.615
276.615
276.615
276.615
276.615
276.615
276.615
276.615
276.615
276.615
276.615
276.615
276.615
276.615
276.615
276.615
276.615
276.615
276.615
276.615
276.615
276.615
276.615
276.615
276.615
276.615
276.615
276.615
276.615
276.615
276.615
276.615
276.615
276.615
276.615
276.615
276.615
276.615
276.615
276.615
276.615
276.615
276.615
276.615
276.615
276.615
276.615
276.615
276.615
276.615
276.615
276.615
276.615
276.615
276.615
276.615
276.615
276.615
276.615
276.615
276.615
276.615
276.615
276.615
276.615
276.615
276.615
276.615
276.615
276.615
276.615
276.615
276.615
276.615
276.615
276.615
276.615
276.615
276.615
276.615
276.615
276.615
276.615
276.615
276.615
276.615
276.615
276.615
276.615
276.615
276.615
276.615
276.615
276.615
276.615
276.615
276.615
276.615
276.615
276.615
276.615
276.615
276.615
276.615
276.615
276.615
276.615
276.615
276.615
276.615
276.615
276.615
276.615
276.615
276.615
276.615
276.615
276.615
276.615
276.615
276.615
276.615
276.615
276.615
276.615
276.615
276.615
276.615
276.615
276.615
276.615
276.615
276.615
276.615
276.615
276.615
276.615
276.615
276.615
276.615
276.615
276.615
276.615
276.615
276.615
276.615
276.615
276.615
276.615
276.615
276.615
276.615
276.615
276.615
276.615
276.615
276.615
276.615
276.615
276.615
276.615
276.615
276.615
276.615
276.615
276.615
276.615
276.615
276.615
276.615
276.615
276.615
276.615
276.615
276.615
276.615
276.615
276.615
276.615
276.615
276.615
276.615
276.615
276.615
276.615
276.615
276.615
276.615
276.615
276.615
276.615
276.615
276.615
276.615
276.615
276.615
276.615
276.615
276.615
276.615
276.615
276.615
276.615
276.615
276.615
276.615
276.615
276.615
276.615
276.615
276.615
276.615
276.615
276.615
276.615
276.615
276.615
276.615
276.615
276.615
276.615
276.615
276.615
276.615
276.615
276.615
276.615
276.615
276.615
276.615
276.615
276.615
276.615
276.615
276.615
276.615
276.615
276.615
276.615
276.615
276.615
276.615
276.615
276.615
276.615
276.615
276.615
276.615
276.615
276.615
276.615
276.615
276.615
276.615
276.615
276.615
276.615
276.615
276.615
276.615
276.615
276.615
276.615
276.615
276.615
276.615
276.615
276.615
276.615
276.615
276.615
276.615
276.615
276.615
276.615
276.615
276.615
276.615
276.615
276.615
276.615
276.615
276.615
276.615
276.615
276.615
276.615
276.615
276.615
276.615
276.615
276.615
276.615
276.615
276.615
276.615
276.615
276.615
276.615
276.615
276.615
276.615
276.615
276.615
276.615
276.615
276.615
276.615
276.615
276.615
276.615
276.615
276.615
276.615
276.615
276.615
276.615
276.615
276.615
276.615
276.615
276.615
276.615
276.615
276.615
276.615
276.615
276.615
276.615
276.615
276.615
276.615
276.615
276.615
276.615
276.615
276.615
276.615
276.615
276.615
276.615
276.615
276.615
276.615
276.615
276.615
276.615
276.615
276.615
276.615
276.615
276.615
276.615
276.615
276.615
276.615
276.615
276.615
276.615
276.615
276.615
276.615
276.615
276.615
276.615
276.615
276.615
276.615
276.615
276.615
276.615
276.615
276.615
276.615
276.615
276.615
276.615
276.615
276.615
276.615
276.615
276.615
276.615
276.615
276.615
276.615
276.615
276.615
276.615
276.615
276.615
276.615
276.615
276.615
276.615
276.615
276.615
276.615
276.615
276.615
276.615
276.615
276.615
276.615
276.615
276.615
276.615
276.615
276.615
276.615
276.615
276.615
276.615
276.615
276.615
276.615
276.615
276.615
276.615
276.615
276.615
276.615
276.615
276.615
276.615
276.615
276.615
276.615
276.615
276.615
276.615
276.615
276.615
276.615
276.615
276.615
276.615
276.615
276.615
276.615
276.615
276.615
276.615
276.615
276.615
276.615
276.615
276.615
276.615
276.615
276.615
276.615
276.615
276.615
276.615
276.615
276.615
276.615
276.615
276.615
276.615
276.615
276.615
276.615
276.615
276.615
276.615
276.615
276.615
276.615
276.615
276.615
276.615
276.615
276.615
276.615
276.615
276.615
276.615
276.615
276.615
276.615
276.615
276.615
276.615
276.615
276.615
276.615
276.615
276.615
276.615
276.615
276.615
276.615
276.615
276.615
276.615
276.615
276.615
276.615
276.615
276.615
276.615
276.615
276.615
276.615
276.615
276.615
276.615
276.615
276.615
276.615
276.615
276.615
276.615
276.615
276.615
276.615
276.615
276.615
276.615
276.615
276.615
276.615
276.615
276.615
276.615
276.615
276.615
276.615
276.615
276.615
276.615
276.615
276.615
276.615
276.615
276.615
276.615
276.615
276.615
276.615
276.615
276.615
