0      -0.166857      -0.166857              0
1      -0.249552      -0.208204      0.0413476
2      -0.225454      -0.213954      0.0245548
3      -0.291544      -0.233352      0.0260332
4      -0.321238      -0.250929      0.0267506
5      -0.131318      -0.230994      0.0295715
6       -0.24527      -0.233033      0.0250755
7        -0.2487      -0.234991      0.0218042
8      -0.258061      -0.237555      0.0193996
9      -0.365168      -0.250316       0.021539
10      -0.322588      -0.256886      0.0205607
11      -0.196531      -0.251857      0.0194315
12      -0.351647      -0.259533      0.0194529
13     -0.0963314      -0.247876      0.0214534
14     -0.0205071      -0.232718      0.0250728
15     -0.0656375      -0.222275      0.0256731
16      -0.027875       -0.21084      0.0266896
17      -0.252522      -0.213156      0.0252695
18      -0.269759      -0.216135      0.0240875
19      -0.132561      -0.211956      0.0232303
20      -0.150014      -0.209006      0.0222925
21      -0.254579      -0.211078      0.0213557
22      -0.235974       -0.21216      0.0204348
23      -0.283753      -0.215143      0.0197909
24       -0.18443      -0.213915      0.0190225
25      -0.107528      -0.209823      0.0187287
26      -0.223023      -0.210312      0.0180283
27      -0.216398      -0.210529      0.0173739
28      -0.243298      -0.211659      0.0168021
29      -0.205793      -0.211464      0.0162336
30      -0.312593      -0.214726      0.0160365
31       -0.32261      -0.218097       0.015889
32      -0.177574      -0.216869      0.0154489
33      -0.190497      -0.216094      0.0150077
34      -0.292786      -0.218285      0.0147364
35     -0.0393037      -0.213313      0.0151597
36       -0.31866       -0.21616      0.0150166
37      -0.323113      -0.218975      0.0148846
38      -0.103916      -0.216025      0.0147951
39      -0.166494      -0.214786      0.0144735
40       0.048552      -0.208364      0.0155087
41      -0.131168      -0.206526      0.0152461
42      -0.348407      -0.209825      0.0152486
43     -0.0305185       -0.20575      0.0154453
44      -0.370401      -0.209409      0.0155352
45       -0.14163      -0.207935       0.015265
46      -0.177989      -0.207298      0.0149503
47      -0.127998      -0.205646      0.0147284
48      0.0178245      -0.201086      0.0151285
49      -0.242578      -0.201915      0.0148461
50      -0.274698      -0.203343      0.0146219
51      -0.114902      -0.201642      0.0144384
52      -0.191812      -0.201456      0.0141646
53      -0.247427      -0.202308      0.0139259
54     -0.0896504      -0.200259      0.0138229
55      -0.142981      -0.199236      0.0136123
56      -0.228611      -0.199752      0.0133813
57      -0.121603      -0.198404      0.0132174
58      -0.135237      -0.197334      0.0130355
59      -0.343402      -0.199768      0.0130456
60     -0.0666176      -0.197585      0.0130143
61     -0.0979689      -0.195979      0.0129031
62      -0.354538      -0.198496      0.0129437
63      -0.147652      -0.197701      0.0127646
64      -0.239629      -0.198346      0.0125832
65      -0.389861      -0.201248      0.0127263
66      0.0247373      -0.197875      0.0129808
67      -0.377306      -0.200514      0.0130579
68       -0.39932      -0.203395      0.0131859
69     -0.0884652      -0.201753      0.0130994
70      -0.220124      -0.202012      0.0129162
71       0.129277      -0.197411      0.0135413
72      -0.297494      -0.198782      0.0134247
73      -0.209438      -0.198926      0.0132428
74      -0.249046      -0.199594      0.0130821
75       -0.27309      -0.200561       0.012945
76       -0.23147      -0.200962      0.0127821
77      -0.241485      -0.201482      0.0126278
78      -0.270668      -0.202358      0.0124977
79      -0.203572      -0.202373      0.0123405
80      -0.291114      -0.203468      0.0122363
81     -0.0608698      -0.201729      0.0122106
82      -0.324724      -0.203211      0.0121533
83      -0.158185      -0.202675      0.0120197
84      -0.147858       -0.20203       0.011895
85      -0.233829        -0.2024      0.0117617
86      -0.327305      -0.203836       0.011714
87       -0.19841      -0.203774      0.0115803
88       -0.24367      -0.204222      0.0114582
89      -0.228536      -0.204493      0.0113334
90      -0.192328      -0.204359      0.0112089
91     -0.0720325      -0.202921      0.0111794
92      -0.398258      -0.205021      0.0112562
93     -0.0240436      -0.203096       0.011301
94      -0.153937      -0.202578      0.0111934
95      -0.329906      -0.203905      0.0111553
96       -0.28065      -0.204696       0.011068
97       -0.31856      -0.205858      0.0110159
98      -0.252566      -0.206329      0.0109143
99      -0.107719      -0.205343      0.0108495
