              1      -0.189663       0.265646       0.689145      -0.996842
            2.5       -0.26821     0.00574378       0.753173      -0.501855
              4      -0.167354      0.0052442        0.56453       -1.05204
            5.5     -0.0644694     0.00440954       0.518388       -1.07757
              7      -0.243115      0.0057335       0.762446      -0.467375
            8.5      -0.407916     0.00298011       0.588738      -0.710454
             10      -0.132258     0.00710734       0.807995      -0.158144
           11.5      -0.228921      0.0078424       0.794951      -0.416568
             13      -0.107907      0.0070358       0.783141      -0.176384
           14.5      -0.245907      0.0071428       0.909438       -0.37269
             16      -0.286043     0.00659896       0.880199      -0.562696
           17.5      -0.266217      0.0075575       0.917456      -0.454335
             19      -0.133244     0.00655721        0.58427      -0.483575
           20.5      -0.320293     0.00376773       0.680065      -0.601004
             22      -0.365999     0.00580436       0.752695      -0.744867
           23.5      -0.399587      0.0045996       0.710294      -0.750441
             25      -0.374405     0.00572418       0.690055      -0.880364
           26.5      -0.410815     0.00267526       0.634898      -0.702797
             28      -0.437144     0.00394132       0.641044      -0.832059
           29.5      -0.439104     0.00204226       0.619654      -0.761366
             31      -0.391595     0.00555373        0.53713      -0.819491
           32.5      -0.396723     0.00570127       0.626758      -0.912429
             34       -0.35535     0.00719458       0.525421      -0.802333
           35.5      -0.423439     0.00252101       0.636097      -0.722842
             37      -0.413752     0.00398625       0.687485      -0.736651
           38.5      -0.198849      0.0103298        0.80092       -0.89918
             40        -0.3619     0.00978844         0.7422      -0.823219
           41.5      -0.419536     0.00333163       0.580368      -0.857078
             43      -0.420412     0.00358747       0.572035      -0.840233
           44.5      -0.425902     0.00255275       0.633596      -0.723583
             46      -0.393566     0.00523566       0.702686      -0.837877
           47.5       -0.42681     0.00266225       0.589624      -0.745569
             49      -0.444478     0.00330867       0.599587      -0.811561
           50.5      -0.433506     0.00268368       0.587886      -0.834429
             52      -0.422701     0.00336413       0.603246      -0.879704
           53.5       -0.44318     0.00237329       0.645852      -0.799581
             55      -0.370176     0.00617326       0.699746      -0.867558
           56.5       -0.43167     0.00296357       0.612369      -0.865564
             58      -0.406523     0.00331574       0.575027      -0.879685
           59.5      -0.428786     0.00377274       0.637489      -0.826567
             61      -0.390923     0.00512868       0.634709       -0.91417
           62.5      -0.379657     0.00427767       0.642052      -0.923917
             64      -0.428833     0.00415559       0.642613      -0.837118
           65.5      -0.441003      0.0024237       0.599171      -0.847493
             67      -0.439402     0.00293142       0.642663      -0.787981
           68.5      -0.422456     0.00326479        0.57146      -0.756917
             70      -0.437841     0.00298349       0.589329      -0.786727
           71.5      -0.434381     0.00235717       0.613292      -0.759132
             73      -0.438222     0.00306389       0.636788      -0.768349
           74.5      -0.427942     0.00307987       0.586147      -0.751644
             76      -0.426336     0.00300081       0.576442      -0.817195
           77.5      -0.441037     0.00293808       0.594716      -0.801125
             79      -0.434605     0.00336961       0.651869      -0.790396
           80.5      -0.438472     0.00278971       0.603731      -0.820433
             82      -0.444721     0.00265347       0.620108       -0.81691
           83.5      -0.430638     0.00367015       0.650415      -0.831731
             85      -0.444815     0.00266431       0.616992      -0.819169
           86.5      -0.439491     0.00276639       0.602127      -0.837055
             88      -0.434772     0.00362824       0.636715      -0.789484
           89.5      -0.428444     0.00313875       0.653747      -0.771843
             91      -0.440636     0.00274307       0.642177      -0.824927
           92.5      -0.441271     0.00307671       0.622891      -0.833967
             94      -0.440985     0.00280035       0.640434          -0.81
           95.5      -0.415002     0.00410512        0.66094      -0.862058
             97      -0.423482     0.00388849       0.639889      -0.860223
           98.5      -0.392231     0.00489064       0.664305      -0.881116
            100      -0.407816      0.0050215       0.650017      -0.875578
          101.5      -0.424106     0.00351655       0.582252      -0.867324
            103      -0.440463     0.00289987       0.602159      -0.831792
          104.5       -0.43735     0.00298271        0.60519      -0.836056
            106      -0.440771     0.00230437       0.606732       -0.82126
          107.5      -0.435321     0.00298166       0.646919      -0.794696
            109      -0.439539     0.00277968       0.608237      -0.775573
          110.5      -0.440846     0.00336484        0.61623      -0.821494
            112      -0.427204     0.00356085       0.573908      -0.836295
          113.5      -0.434844     0.00284387       0.584277      -0.816745
            115      -0.424869     0.00304389       0.604806      -0.863911
          116.5      -0.435621     0.00313075       0.621168      -0.832503
            118      -0.416185     0.00369454        0.67407        -0.8302
          119.5      -0.435914     0.00302808       0.632275      -0.841393
            121      -0.435298     0.00327588       0.596877      -0.849599
          122.5      -0.422684     0.00323433        0.60176      -0.871973
            124      -0.433836      0.0028378       0.608677      -0.856282
          125.5       -0.44688     0.00257171       0.621167      -0.822951
            127      -0.447019     0.00280861       0.608114      -0.819259
          128.5      -0.437564     0.00332682       0.589212      -0.771813
            130      -0.436566      0.0028499       0.588377      -0.773988
          131.5      -0.434387     0.00280688        0.58111      -0.792029
            133      -0.437781     0.00378471       0.649028      -0.792516
          134.5      -0.418764     0.00461602       0.674111      -0.814716
            136      -0.429435     0.00313842       0.668084      -0.785293
          137.5      -0.443415     0.00269004       0.612276      -0.773563
            139      -0.436522     0.00262647       0.623936      -0.756127
          140.5      -0.445553     0.00297452       0.605726      -0.799191
            142      -0.434694     0.00328422       0.588371      -0.787355
          143.5      -0.439336     0.00250537        0.61223      -0.764426
            145      -0.438429     0.00274341       0.586105      -0.785486
          146.5      -0.440246     0.00271618       0.618083      -0.769737
            148      -0.439405     0.00262743       0.591149      -0.772362
          149.5      -0.421628     0.00324668       0.569958      -0.771614
