0      -0.411347      -0.411347              0
1      -0.382299      -0.396823       0.014524
2      -0.419097      -0.404248      0.0112001
3      -0.377488      -0.397558       0.010367
4      -0.401838      -0.398414     0.00807575
5      -0.432984      -0.404176     0.00875648
6      -0.437304      -0.408908     0.00878446
7      -0.406529      -0.408611     0.00761337
8      -0.400155      -0.407671     0.00677978
9      -0.405645      -0.407469     0.00606741
10      -0.427738      -0.409311     0.00578926
11      -0.330997      -0.402785     0.00839769
12      -0.432738      -0.405089     0.00806104
13      -0.420651      -0.406201      0.0075454
14      -0.431838       -0.40791     0.00722933
15      -0.518513      -0.414823     0.00967037
16      -0.459123      -0.417429     0.00945013
17      -0.448284      -0.419143     0.00907307
18      -0.383759       -0.41728       0.008782
19      -0.412084      -0.417021     0.00833538
20      -0.482227      -0.420126     0.00851488
21      -0.411037      -0.419713     0.00812912
22      -0.408749      -0.419236     0.00778226
23      -0.424675      -0.419463     0.00745439
24      -0.402689      -0.418792     0.00718141
25      -0.387528      -0.417589     0.00700367
26      -0.451518      -0.418846     0.00685544
27       -0.39947      -0.418154     0.00664221
28      -0.384182      -0.416982     0.00651525
29      -0.410538      -0.416768       0.006298
30      -0.451627      -0.417892     0.00619437
31      -0.451986      -0.418958     0.00609157
32      -0.436133      -0.419478     0.00592699
33      -0.396878      -0.418813     0.00578832
34      -0.391433      -0.418031     0.00567469
35      -0.479245      -0.419731       0.005771
36      -0.458293      -0.420774      0.0057088
37      -0.427442      -0.420949      0.0055593
38      -0.402668       -0.42048     0.00543513
39      -0.464078       -0.42157     0.00540848
40      -0.321846      -0.419138     0.00580868
41      -0.439743      -0.419629     0.00568988
42      -0.412648      -0.419466     0.00555835
43      -0.438862      -0.419907     0.00544842
44      -0.405571      -0.419588     0.00533548
45      -0.360596      -0.418306     0.00537348
46      -0.444873      -0.418871     0.00528821
47      -0.550431      -0.421612     0.00585765
48      -0.405121      -0.421276     0.00574672
49      -0.424758      -0.421345     0.00563105
50      -0.408475      -0.421093      0.0055253
51      -0.414125      -0.420959     0.00541966
52      -0.445963      -0.421431     0.00533731
53      -0.360931       -0.42031     0.00535602
54      -0.427162      -0.420435     0.00525921
55      -0.446151      -0.420894     0.00518482
56      -0.472323      -0.421796     0.00517235
57      -0.404087      -0.421491     0.00509155
58      -0.403654      -0.421189     0.00501364
59      -0.411776      -0.421032     0.00493186
60      -0.435278      -0.421265     0.00485596
61       -0.44432      -0.421637     0.00479144
62      -0.417672      -0.421574      0.0047152
63      -0.431403      -0.421728     0.00464348
64      -0.407844      -0.421514     0.00457647
65      -0.462837       -0.42214     0.00454988
66      -0.425383      -0.422189     0.00448172
67      -0.418728      -0.422138     0.00441561
68      -0.442103      -0.422427     0.00436076
69      -0.428196       -0.42251      0.0042988
70      -0.475181      -0.423251     0.00430226
71      -0.400362      -0.422934     0.00425398
72      -0.404194      -0.422677     0.00420315
73      -0.416321      -0.422591     0.00414685
74      -0.398292      -0.422267       0.004104
75      -0.415502      -0.422178     0.00405061
76      -0.436478      -0.422364     0.00400197
77      -0.368362      -0.421671     0.00401054
78      -0.404596      -0.421455     0.00396535
79      -0.362054      -0.420713     0.00398525
80      -0.428197      -0.420805     0.00393682
81      -0.421033      -0.420808     0.00388852
82      -0.382775       -0.42035     0.00386862
83      -0.445758      -0.420652     0.00383424
84      -0.441903      -0.420902      0.0037971
85       -0.45538      -0.421303     0.00377404
86      -0.459081      -0.421737     0.00375559
87      -0.430882      -0.421841     0.00371413
88      -0.483365      -0.422532     0.00373666
89      -0.492219      -0.423307     0.00377516
90      -0.410237      -0.423163     0.00373621
91      -0.430763      -0.423246      0.0036963
92      -0.429499      -0.423313     0.00365695
93      -0.425544      -0.423337     0.00361792
94      -0.423938      -0.423343     0.00357964
95      -0.409605        -0.4232     0.00354504
96       -0.45197      -0.423497     0.00352082
97      -0.457847      -0.423847     0.00350229
98      -0.380479      -0.423409      0.0034943
99      -0.413751      -0.423312     0.00346053
