422.979
422.395
406.403
403.279
402.153
390.651
376.431
367.352
372.667
371.473
371.473
374.593
363.097
367.495
366.427
366.427
366.427
361.517
361.363
357.452
335.746
334.464
335.746
347.307
326.729
326.729
326.729
330.598
330.598
330.598
329.58
322.894
322.894
322.894
333.647
328.208
317.188
321.94
323.667
323.667
323.667
320.818
315.916
313.165
313.426
312.589
305.317
311.998
300.624
304.115
299.398
303.679
296.85
302.977
292.827
292.827
292.64
291.129
290.136
290.136
297.153
297.017
292.979
297.017
291.965
291.965
291.965
289.297
290.676
286.475
284.497
275.861
275.861
284.699
284.014
284.014
273.721
276.283
277.17
277.17
274.126
274.126
274.297
272.773
264.118
264.118
258.75
264.118
268.372
261.039
261.142
261.142
257.054
257.054
245.693
245.693
245.693
254.156
233.75
233.75
238.754
232.908
232.908
232.908
234.403
237.493
233.208
228.202
227.893
227.893
223.396
233.573
217.269
223.973
223.973
226.447
226.447
222.548
222.071
216.444
219.177
217.304
217.304
216.209
216.209
216.246
215.102
215.102
215.102
216.155
211.871
213.739
206.297
207.693
208.62
198.926
198.926
198.926
203.048
202.839
202.839
202.839
201.659
201.659
198.207
202.556
199.5
198.853
191.512
191.204
191.204
191.451
190.399
189.647
188.097
188.097
184.893
186.071
184.108
183.445
181.982
184.875
176.776
176.776
178.047
178.785
178.578
177.741
176.608
173.995
173.385
173.385
171.476
171.476
170.836
168.639
167.191
166.695
166.695
164.998
164.081
164.081
163.527
159.585
159.585
159.585
158.609
158.609
158.181
157.777
157.777
157.618
157.566
157.537
156.643
156.869
155.689
155.685
155.685
155.685
155.183
154.894
153.75
154.49
152.74
152.74
152.74
152.654
152.654
152.736
152.736
151.773
151.773
151.773
151.773
151.77
151.77
150.305
150.301
149.156
149.04
148.905
148.905
148.144
146.846
146.846
145.746
146.491
146.581
145.825
145.825
145.125
145.125
145.02
145.02
145.02
143.706
143.706
143.706
143.629
143.601
142.79
142.79
142.074
141.293
140.683
140.683
140.29
140.29
140.396
140.29
139.846
137.956
137.956
137.956
137.956
137.765
137.765
137.765
137.765
137.74
137.472
137.472
137.472
137.472
137.377
137.377
137.377
137.377
136.954
136.954
136.86
136.86
136.532
136.015
136.015
136.015
136.015
136
136
135.07
135.07
135.07
135.07
136
136
136
135.932
135.549
135.549
135.549
135.549
135.549
135.549
135.417
135.417
135.417
135.07
135.07
134.938
134.938
134.938
134.938
134.912
134.938
134.865
134.865
134.865
134.865
134.865
134.865
134.863
134.863
131.173
134.863
134.762
134.762
134.762
134.421
134.421
134.358
134.191
134.191
134.191
133.527
133.527
130.426
128.732
128.732
128.732
128.732
131.429
129.586
129.586
129.081
129.081
129.081
129.081
129.081
129.081
129.081
127.976
127.976
127.976
127.579
127.267
127.267
126.746
126.746
125.229
125.229
125.229
125.229
125.229
125.229
125.023
124.956
124.956
124.956
124.956
124.537
124.537
124.264
124.264
124.264
124.264
123.555
122.884
122.884
123.025
122.884
122.884
122.884
122.764
122.464
122.464
122.464
122.464
122.464
122.464
122.464
122.464
122.464
122.464
122.464
122.464
122.464
122.464
122.464
122.464
122.464
122.464
122.108
122.108
122.108
122.108
121.281
121.96
121.604
121.96
121.604
121.172
120.846
120.846
120.656
120.656
120.656
120.656
120.656
120.491
120.491
120.491
120.491
120.491
120.491
120.189
120.189
120.009
120.009
115.087
115.087
119.937
119.937
119.937
119.937
119.937
119.844
119.844
119.844
119.844
119.844
119.862
119.61
119.61
119.205
119.534
119.387
119.14
118.608
118.608
118.608
118.338
118.338
118.556
118.556
118.528
118.528
118.556
118.528
118.528
118.528
118.509
118.48
118.134
118.134
118.134
118.134
118.134
117.287
117.287
117.768
116.872
116.872
116.872
116.872
116.872
116.872
116.683
115.945
115.945
115.945
115.945
115.945
115.915
115.915
115.915
115.867
115.767
115.767
114.989
114.989
114.756
114.756
114.578
114.578
114.578
114.578
114.578
114.028
114.028
114.028
114.028
113.427
113.427
113.723
113.372
113.372
113.372
113.33
113.33
113.33
113.33
112.978
112.978
112.978
113.33
113.33
113.33
112.549
113.189
113.189
113.189
113.189
113.189
113.189
111.96
111.96
111.96
111.96
111.96
111.96
111.96
111.96
111.96
111.529
111.529
111.529
111.529
111.529
111.529
111.529
111.529
111.529
111.054
111.054
111.054
111.054
111.054
111.054
111.054
111.054
111.054
111.054
111.054
111.054
111.054
111.054
110.679
110.679
110.679
110.679
108.81
109.308
108.81
108.81
108.81
108.81
108.81
108.81
108.81
108.81
108.81
108.637
107.399
107.399
107.399
107.399
107.399
107.399
107.395
107.395
107.395
107.395
107.395
107.395
107.395
107.395
106.926
106.926
106.926
106.926
106.926
106.926
106.926
106.926
106.107
106.107
106.107
106.107
106.107
106.107
106.107
106.107
106.186
106.186
106.186
106.186
106.186
106.186
106.165
106.165
106.165
106.165
105.843
105.843
105.843
105.843
105.668
105.482
105.482
105.482
105.482
105.482
105.482
105.482
105.482
105.482
105.073
105.073
105.073
105.073
104.884
104.884
104.884
104.884
104.884
104.884
104.884
104.884
104.884
104.884
104.884
104.884
104.884
104.884
104.884
104.884
104.884
104.884
104.884
104.884
104.884
104.814
104.814
104.814
104.814
104.814
104.814
104.814
104.814
100.274
100.274
100.274
100.274
100.274
102.573
102.573
101.637
101.637
102.333
102.92
102.92
103.832
102.92
102.123
102.92
102.92
102.92
102.92
102.123
102.123
102.123
101.912
101.912
101.912
101.912
101.912
101.912
101.912
101.406
101.912
101.912
101.912
101.912
101.422
101.406
101.406
101.406
101.422
101.406
100.993
100.993
100.993
100.916
99.25
99.25
99.25
98.8881
98.8881
98.8881
98.3819
98.8881
98.8881
98.3819
98.3819
98.3819
98.3819
98.5614
98.5614
98.5614
98.3819
98.3819
98.2984
98.342
98.2282
98.2282
98.342
98.1991
97.5957
97.1608
97.1608
97.1608
96.951
96.951
96.951
96.8277
96.8277
96.8277
96.1717
96.1717
93.113
93.113
93.113
93.113
93.113
92.9897
92.9897
92.7003
92.7003
92.7003
92.577
92.577
92.3577
92.3577
92.1942
92.3577
92.3577
92.3577
92.3577
92.2857
91.8516
91.8516
92.2857
92.2857
92.2857
92.2857
92.1623
92.2857
91.7795
91.7795
92.2857
92.2857
92.2857
91.7795
91.7795
91.7795
92.2857
92.2857
91.9182
91.9182
91.9182
91.9182
91.9182
91.7549
91.7549
91.7549
91.412
91.7549
91.412
91.7549
91.7549
91.2488
91.7549
91.2488
91.7549
91.7549
91.2488
91.2488
91.7549
91.7549
91.7549
91.7549
91.2488
91.2488
91.2488
91.7549
91.7549
91.7549
91.66
91.2488
91.66
91.2488
91.66
91.2488
91.2488
91.2488
90.3415
90.3415
90.3415
90.3415
90.3415
90.3415
90.3415
90.3415
90.3415
89.8761
89.8761
89.8761
89.2554
89.1143
89.1143
88.6814
88.5757
88.5757
88.5757
88.5757
88.5757
88.5757
88.5757
88.5757
88.5757
88.5757
88.5757
88.5757
88.5757
88.3024
88.3024
88.3024
88.3024
88.3024
88.3024
88.3024
88.3024
88.3024
88.3024
88.3024
88.3024
88.3024
88.3024
88.3024
88.3024
88.3024
88.3024
88.3024
88.3024
88.3024
88.3024
88.3024
88.3024
88.3024
88.3024
88.3024
88.3024
88.3024
88.2956
88.2956
88.2956
88.2956
88.2956
88.2956
88.2351
88.2351
88.2351
88.2351
88.2351
88.2351
88.2351
88.2351
88.2351
88.2351
88.2351
88.2351
88.2351
88.2351
88.2351
88.2351
88.2351
88.2351
88.2351
88.2351
88.2351
88.2351
88.2351
88.2351
88.2351
88.2351
88.2351
88.2351
88.2351
88.2351
88.2351
88.2351
88.2351
88.2351
88.2351
88.0116
88.0116
88.0116
88.0116
88.0116
87.9564
87.9564
87.9564
87.9564
87.8541
87.8541
87.3539
87.3539
87.3539
86.9627
86.9627
86.9627
86.9627
86.9627
86.8604
86.8604
86.8604
86.8604
86.8604
86.8604
86.8604
86.8604
86.8604
86.8604
86.8604
86.8604
86.8604
86.8604
86.8604
86.8604
86.8604
86.8604
86.8604
86.8604
86.8604
86.8604
86.8604
86.8604
86.8604
86.8604
86.8604
86.8604
86.8604
86.8604
86.8604
86.8604
86.8604
86.8604
86.8604
86.8604
86.8604
86.8604
86.8604
86.8604
86.8604
86.8604
86.8604
86.8604
86.8604
86.8604
86.8604
86.8604
86.8144
86.8144
86.8604
86.8604
86.8604
86.8604
86.5532
86.5532
86.5532
86.5532
86.5532
86.5532
86.5532
86.5532
86.5532
86.5532
86.5532
86.5532
86.5532
86.5532
86.5532
86.5532
86.5532
86.5532
86.5532
86.5532
86.5532
86.5532
