422.979
422.635
399.127
386.365
387.391
378.967
380.209
377.171
380.836
378.357
373.112
368.982
357.617
369.912
360.428
363.84
335.494
335.494
335.494
325.242
325.242
325.242
325.242
325.242
320.315
330.761
329.597
326.153
326.619
313.684
320.961
318.261
321.45
315.94
314.709
314.308
314.085
314.709
299.736
299.736
302.163
290.284
290.284
290.284
290.284
298.497
296.344
290.219
281.613
282.997
288.67
282.416
282.416
290.718
284.495
284.495
290.346
282.145
276.334
276.334
267.427
262.318
262.318
262.318
262.318
262.318
262.318
257.007
273.396
272.612
267.687
266.22
266.22
266.22
265.605
258.283
258.283
258.283
262.502
261.157
261.157
261.157
252.674
252.674
252.674
249.126
249.126
249.126
248.307
248.307
244.763
244.763
244.763
243.899
243.899
243.899
243.899
248
243.8
245.223
245.223
246.397
246.591
236.105
238.776
246.591
234.654
234.654
234.654
237.855
237.855
232.312
237.855
231.742
226.355
226.355
226.355
226.355
226.355
226.355
228.759
228.759
228.759
238.877
233.624
240.259
227.724
227.724
235.897
236.508
235.109
222.612
224.963
224.963
226.496
226.496
228.939
228.198
228.198
221.282
223.732
223.732
223.99
223.99
223.99
230.331
225.798
219.691
223.045
221.179
216.116
218.251
216.176
213.4
210.619
210.619
208.079
208.079
208.079
214.306
214.306
214.306
218.42
217.099
218.42
218.42
218.42
219.347
215.854
215.854
210.384
210.384
210.384
211.911
211.911
211.911
211.911
208.719
211.662
213.292
210.432
210.432
210.432
214.245
214.245
208.237
208.237
217.669
211.833
211.833
207.278
213.507
206.098
206.098
206.332
206.332
206.332
211.246
211.246
211.246
211.246
211.507
213.004
205.504
205.504
210.058
212.259
210.111
209.525
209.525
209.525
205.327
210.111
210.111
208.018
209.174
208.511
208.241
201.736
201.736
201.736
201.736
201.736
203.131
199.374
199.374
199.374
200.626
200.626
200.626
198.716
198.716
198.716
198.716
200.8
201.082
200.825
200.17
200.825
196.695
192.173
192.173
192.173
192.173
192.875
192.875
192.875
198.277
196.768
196.768
196.768
196.768
196.768
196.768
196.768
197.012
196.392
186.3
197.165
194.036
196.572
196.572
197.913
195.652
195.652
195.652
195.652
195.652
198.709
198.709
198.709
196.26
196.247
196.247
192.681
194.891
195.002
190.811
190.811
192.518
192.971
195.002
196.289
198.729
198.729
202.192
199.03
200.57
198.401
198.401
200.423
198.481
195.174
195.174
198.555
201.255
198.327
198.327
198.327
199.638
194.294
194.294
194.294
194.294
194.294
197.499
196.009
196.009
194.772
194.772
196.009
194.886
194.886
196.009
190.688
194.27
199.518
199.518
199.503
196.494
199.337
190.794
197.779
198.266
198.266
198.266
197.31
192.922
195.9
195.831
197.139
191.491
191.491
191.491
191.491
191.344
191.344
185.185
185.185
185.185
185.185
185.185
185.185
189.215
184.604
184.604
183.948
183.722
176.175
176.175
176.175
180.492
185.232
182.199
182.199
182.199
185.648
181.73
181.73
181.73
186.721
186.721
184.158
185.031
183.289
183.289
186.068
185.214
183.509
185.753
186.082
184.825
184.541
186.082
185.224
185.224
185.224
183.164
184.819
184.819
186.663
188.037
185.777
188.037
190.078
188.472
188.472
187.992
189.37
187.573
184.336
184.336
185.355
182.789
182.259
176.57
176.57
181.356
182.744
181.552
181.552
181.552
185.158
179.497
179.497
179.497
174.53
174.53
174.53
174.53
175.809
172.207
172.207
174.161
172.985
172.985
168.833
171.853
176.411
176.14
175.303
172.994
171.573
173.803
171.07
166.509
166.509
171.955
164.736
164.736
164.736
164.736
160.11
160.11
161.717
161.717
161.717
161.717
159.962
159.962
158.549
158.549
158.549
156.074
152.858
152.647
154.211
154.211
153.355
151.761
151.604
150
148.85
148.85
148.797
148.797
146.306
144.935
145.491
144.8
143.377
143.742
142.669
142.344
142.435
141.332
141.332
140.444
138.276
138.276
138.276
138.107
137.486
136.934
136.075
135.592
135.357
135.264
134.125
133.718
133.159
133.159
132.923
132.214
132.084
131.985
131.985
130.135
129.557
127.888
127.09
125.299
123.843
123.843
123.843
123.843
123.009
122.661
121.074
121.214
120.646
120.061
120.01
119.044
119.044
118.02
118.02
118.02
117.72
118.017
117.36
115.613
114.991
114.962
114.438
114.438
114.135
114.135
114.135
114.135
114.135
114.036
113.757
113.817
113.817
113.706
113.682
113.605
113.605
113.512
113.512
113.257
113.257
113.208
112.827
112.827
111.866
110.561
110.561
110.561
110.451
110.04
110.04
109.721
109.962
109.42
109.42
109.551
109.42
108.886
108.886
108.669
108.371
108.177
108.177
108.177
108.085
108.085
107.998
107.851
107.422
107.422
107.422
107.244
106.472
105.576
105.576
105.576
105.576
105.483
105.396
105.396
105.396
105.396
105.017
105.303
105.303
105.049
104.956
104.956
103.86
103.86
103.86
103.333
103.333
103.72
103.72
103.72
103.72
103.207
103.333
103.333
103.333
103.207
103.207
103.207
103.127
103.127
103.127
103.127
103.127
103.127
103.086
103.006
103.006
102.358
102.358
102.093
102.093
102.093
101.74
101.74
101.74
101.475
101.475
101.475
101.475
101.315
101.315
100.697
100.697
100.697
99.6569
95.7723
95.7723
95.7723
96.4341
93.6378
93.6378
95.7991
95.0835
95.0835
93.1993
93.1993
93.1993
93.1993
93.1993
93.1993
93.1993
93.2819
92.4074
92.3644
92.1071
91.9162
91.495
91.495
91.1202
91.1202
90.9515
90.9515
90.9146
90.2268
90.2268
90.2268
90.2268
90.2268
90.1466
90.0605
90.0605
90.0605
90.0605
89.9803
89.7782
89.649
89.649
89.5629
88.7912
89.3023
89.1359
89.4826
89.1596
89.1359
88.7109
88.7109
88.2215
88.2215
88.2215
88.2215
87.9878
87.256
87.6647
87.6647
87.318
87.1853
87.1853
87.1853
87.1853
87.1754
86.6246
86.0678
86.0678
86.0678
85.5884
85.5884
85.5884
85.5884
85.5884
85.5884
85.5884
85.5884
85.5884
85.5884
85.3494
85.3494
85.3494
85.3494
85.3494
85.3494
85.3494
85.2168
85.2168
85.1983
85.1983
85.1983
85.0657
85.0657
85.0657
85.0657
85.0657
85.0657
84.9983
84.9983
84.9983
84.9983
84.9983
84.9983
84.9983
84.9983
84.9983
84.9983
84.9983
84.9983
84.9983
84.9983
84.9983
84.9983
84.973
84.973
84.973
84.973
84.973
84.973
84.973
84.884
84.884
84.884
84.884
84.884
84.884
84.884
84.884
84.5052
84.5052
84.5052
84.5052
84.5052
84.5052
84.5052
84.5052
84.5052
84.5052
84.5052
84.5052
84.5052
84.5052
84.5052
84.5052
84.5052
84.5052
84.074
84.074
84.074
84.074
84.074
84.074
84.074
84.074
84.074
84.074
84.074
84.074
84.074
84.074
84.074
84.074
84.074
84.074
84.074
84.074
84.074
84.074
84.074
84.074
84.074
84.074
84.074
84.074
84.074
84.074
84.074
84.074
84.074
84.074
83.461
83.461
83.461
83.461
83.461
83.461
83.461
83.461
83.461
83.461
83.461
83.461
83.461
83.461
83.461
83.461
83.461
83.461
83.461
83.461
83.461
83.461
83.461
83.461
83.461
83.461
83.461
83.461
83.461
83.461
83.461
83.461
83.461
83.461
83.461
83.461
83.0018
83.0018
83.0018
83.0018
82.8873
82.8873
82.8873
82.7961
82.7961
82.7961
82.7212
82.0949
82.0949
82.0949
81.8892
81.8143
81.8143
81.8892
81.8892
81.8892
81.8143
81.3303
81.3303
81.3303
81.3303
81.3159
81.3159
81.3159
81.2578
81.2578
81.2578
81.1653
80.977
80.977
80.977
80.631
80.631
80.631
80.631
80.5396
80.4544
80.4544
80.4091
80.4091
80.3177
80.3177
80.3177
80.3177
80.3177
80.3177
80.3177
80.3177
80.3177
80.3177
80.3177
80.3177
80.3177
80.3177
80.0282
80.0282
79.7276
79.7276
79.7276
79.7276
79.7276
78.8958
78.8958
78.8958
78.0857
77.7942
77.7942
77.7942
77.7942
77.5101
77.5101
77.5101
77.5101
77.5101
77.5101
77.5101
77.5101
77.5101
77.5101
77.5101
77.5101
77.5101
77.5101
77.5101
77.5101
77.5101
77.5101
77.5101
77.5101
77.5101
77.5101
77.5101
77.5101
77.5101
77.5101
77.5101
77.5101
77.5101
77.5101
77.4745
77.4745
77.0258
77.0258
77.0258
76.9318
76.9318
76.9318
76.9318
76.6716
76.6716
76.6716
76.5776
76.5776
76.5776
76.5776
76.5776
76.5776
76.5776
76.5776
76.5776
76.5776
76.5776
76.5776
76.5776
76.5776
76.5776
76.5776
76.5776
76.5776
76.5776
76.5776
76.5776
76.5776
76.5776
76.5776
76.5776
76.5776
76.5776
76.5776
76.5776
76.5776
76.5776
76.5776
76.5776
76.5776
76.5776
76.5776
76.5776
76.5776
76.5776
76.5776
76.5776
76.5776
76.5776
76.4897
76.5776
76.5776
76.5776
76.5776
76.5776
76.5776
76.5776
76.5776
76.5776
76.5693
76.5693
76.5693
76.5693
76.5693
76.5258
76.5258
76.5258
76.5258
76.5258
76.5258
76.5258
76.5258
76.5258
76.5258
76.5258
76.5258
76.5258
76.5258
76.5258
76.5258
76.5258
76.5258
76.5258
76.5258
76.5258
76.5258
76.5258
76.5258
76.5258
76.5258
76.5258
76.5258
76.5258
76.5258
76.5258
76.5258
76.5258
76.5258
76.5258
76.5258
76.5258
76.5258
76.5258
76.5258
76.5258
76.5258
76.5258
76.5258
76.5258
76.5258
76.5258
76.5258
76.5258
76.5258
76.5258
76.5258
76.5258
76.5258
76.5258
76.5258
76.5258
76.5258
76.5258
76.5258
76.5258
76.5258
76.5258
76.5258
76.5258
76.5258
76.5258
76.5258
76.5258
76.5258
76.5258
76.5258
76.5258
76.5258
76.5258
76.5258
76.5258
76.5258
76.5258
76.5258
76.5258
76.5258
76.5258
76.4379
76.4379
76.4379
76.4379
76.4379
76.4379
76.4379
76.4379
76.4379
76.4379
76.4379
76.4379
76.4379
76.4379
76.4379
76.4379
76.4379
76.4379
76.4379
76.4379
76.4379
76.4379
76.4379
76.4379
76.1561
76.1561
76.1561
76.1561
76.1561
76.1561
76.1561
76.1561
76.1561
76.1561
76.1561
76.1561
76.1561
76.1561
76.1561
76.1561
76.1561
76.1561
76.1561
76.1561
76.1561
76.1561
76.1561
76.1561
76.1561
76.1561
76.1561
76.1561
76.1561
76.1561
76.1561
76.1561
76.1561
76.1561
76.1561
76.1561
76.1561
76.1561
76.1561
76.1561
76.1561
76.1561
76.1561
76.1561
76.1561
76.1561
76.1561
76.1561
76.1561
76.1561
76.1561
76.1561
76.1561
76.1561
76.1561
76.1561
76.1561
76.1561
76.1561
76.1561
76.1561
76.1561
76.1561
76.1561
76.1561
76.1561
76.1561
76.1561
76.1561
76.1561
76.1561
76.1561
76.1561
76.1561
76.1561
76.1561
76.1561
76.1561
76.1561
76.1561
76.1561
76.1561
76.1561
76.1561
76.1561
76.1561
76.1561
76.1561
76.1561
76.1561
76.1561
76.1561
76.1561
76.1561
76.1561
76.1561
76.1561
76.1561
76.1561
76.1561
76.1561
76.1561
76.1561
76.1561
76.1561
76.1561
75.9421
76.1561
76.1561
76.1561
76.1561
76.1561
76.1561
76.1561
76.1561
76.1561
76.1561
76.1561
76.1561
76.1561
76.1561
76.1561
76.1561
76.1561
76.1561
76.1561
76.1561
76.1561
74.9522
74.9522
74.9522
74.9522
74.9522
74.9522
74.9522
74.9522
74.9522
74.9522
74.9522
74.9522
74.9522
74.9522
74.9522
74.9522
74.9522
74.9522
74.9522
74.9522
74.9522
74.9522
74.9522
74.9522
74.9522
74.9522
74.9522
74.9522
74.9522
74.9522
74.9522
74.9522
74.9522
74.9522
74.9522
74.9522
74.9522
74.9522
74.9522
74.9522
74.9522
74.9522
74.9522
74.9522
74.9522
74.9522
74.9522
74.9522
74.9522
74.9522
74.9522
74.7401
74.7401
74.7401
74.7401
74.7401
74.7401
74.7401
74.7401
74.7401
74.7401
74.7401
74.7401
74.7401
74.7401
74.7401
74.7401
74.7401
74.7401
74.7401
74.7401
74.7401
74.7401
74.7401
74.7401
74.7401
74.7401
74.7401
74.7401
74.7401
74.7401
74.7401
74.7401
74.7401
74.7401
74.7401
74.7401
74.7401
74.7401
74.7401
74.7401
74.7401
74.7401
74.7401
74.7401
74.7401
74.7401
74.7401
74.7401
74.7401
74.7401
74.7401
74.7401
74.7401
74.7401
74.7401
74.7401
74.7401
74.7401
74.7401
74.7401
74.7401
74.7401
74.7401
74.7401
74.7401
74.7401
74.7401
74.7401
74.7401
74.7401
74.7401
74.7401
74.7401
74.7401
74.7401
74.7401
74.7401
74.7401
74.7401
74.7401
74.7401
74.7401
74.7401
74.7401
74.7401
74.7401
74.7401
74.7401
74.7401
74.7401
74.7401
74.7401
74.7401
74.7401
74.7401
74.7401
74.7401
74.7401
74.7401
74.7401
74.7401
74.7401
74.7401
74.7401
74.7401
74.7401
74.7401
74.7401
74.7401
74.7401
74.7401
74.7401
74.7401
74.7401
74.7401
74.7401
74.7401
74.7401
74.7401
74.7401
74.7401
74.7401
74.7401
74.7401
74.7401
74.7401
74.7401
74.7401
74.7401
74.7401
74.7401
74.7401
74.7401
74.7401
74.7401
74.7401
74.7401
74.7401
74.7401
74.7401
74.7401
74.7401
74.7401
74.7401
74.7401
74.7401
74.7401
74.7401
74.7401
74.7401
74.7401
74.7401
74.7401
74.7401
74.7401
74.7401
74.7401
74.7401
74.7401
74.7401
74.7401
74.7401
74.7401
74.7401
74.7401
74.7401
74.7401
74.7401
74.7401
74.7401
74.7401
74.7401
74.7401
74.7401
74.7401
74.7401
74.7401
74.7401
74.7401
74.526
74.526
74.526
74.526
74.526
74.526
74.526
74.526
74.526
74.526
74.526
74.526
74.526
74.2008
74.526
74.526
74.526
74.526
74.526
74.526
74.526
74.526
74.526
74.526
74.526
74.526
74.526
74.526
74.526
74.526
74.526
74.526
74.526
74.526
74.526
74.526
74.526
74.526
74.526
74.526
74.526
74.526
74.526
74.526
74.526
74.526
74.526
74.526
74.526
74.526
74.526
74.526
74.526
74.526
74.526
73.7582
73.7582
73.7582
73.7582
73.7582
73.7582
73.7582
73.7582
73.7582
73.7582
73.7582
73.7582
73.7582
73.7582
73.7582
73.7582
73.7582
73.7582
73.7582
73.7582
73.7582
73.7582
73.7582
73.7582
73.7582
73.7582
73.7582
73.7582
73.7582
73.7582
73.7582
73.7582
73.7582
73.7582
73.7582
73.7582
73.7582
73.7582
73.7582
73.7582
73.7582
73.7582
73.7582
73.7582
73.7582
73.7582
73.7582
73.7582
73.7582
73.7582
73.7582
73.7582
73.7582
73.7582
73.7582
73.7582
73.7582
73.7582
73.7582
73.7582
73.7582
73.7582
73.7582
73.7582
73.7582
73.7582
73.7582
73.7582
73.7582
73.7582
73.7582
73.7582
73.7582
73.7582
73.7582
73.7582
73.7582
73.7582
73.7582
73.7582
73.7582
73.7582
73.7582
73.7582
73.7582
73.7582
73.7582
73.7582
73.7582
73.7582
73.7582
73.7582
73.7582
73.7582
73.7582
73.7582
73.7582
73.7582
73.7582
73.7582
73.7582
73.7582
73.7582
73.7582
73.7582
73.7582
73.7582
73.7582
73.7582
73.7582
73.7582
73.7582
73.7582
73.7582
73.7582
73.2127
73.2127
73.2127
73.2127
73.2127
73.2127
73.2127
73.2127
73.2127
73.2127
73.2127
73.2127
73.2127
73.2127
73.2127
73.2127
73.2127
73.2127
73.2127
73.2127
73.2127
73.2127
73.2127
73.2127
73.2127
73.2127
73.2127
73.2127
73.2127
73.2127
73.2127
73.2127
73.2127
73.2127
73.2127
73.2127
73.2127
73.2127
73.2127
73.2127
73.2127
73.2127
73.2127
73.2127
73.2127
73.2127
73.2127
73.2127
73.2127
73.2127
73.2127
73.2127
73.2127
73.2127
73.2127
73.2127
73.2127
73.2127
73.2127
73.2127
73.2127
73.2127
73.2127
73.2127
73.2127
73.2127
73.2127
73.2127
73.2127
73.2127
73.2127
73.2127
73.2127
73.2127
72.9013
72.9013
72.9013
72.9013
73.0165
73.0165
73.0165
73.0165
73.0165
73.0165
73.0165
73.0165
73.0165
73.0165
73.0165
73.0165
73.0165
73.0165
73.0165
73.0165
73.0165
73.0165
73.0165
73.0165
73.0165
73.0165
73.0165
73.0165
73.0165
73.0165
73.0165
73.0165
73.0165
73.0165
73.0165
73.0165
73.0165
73.0165
73.0165
73.0165
73.0165
73.0165
72.9013
72.9013
72.9013
73.0165
73.0165
73.0165
73.0165
73.0165
73.0165
73.0165
73.0165
73.0165
73.0165
73.0165
73.0165
73.0165
73.0165
73.0165
73.0165
73.0165
73.0165
73.0165
73.0165
73.0165
73.0165
73.0165
73.0165
73.0165
73.0165
73.0165
73.0165
73.0165
73.0165
73.0165
73.0165
73.0165
73.0165
73.0165
73.0165
73.0165
73.0165
73.0165
73.0165
73.0165
73.0165
73.0165
73.0165
73.0165
73.0165
73.0165
73.0165
73.0165
73.0165
73.0165
73.0165
73.0165
73.0165
73.0165
73.0165
73.0165
73.0165
73.0165
73.0165
73.0165
73.0165
73.0165
73.0165
73.0165
73.0165
73.0165
73.0165
73.0165
73.0165
73.0165
73.0165
73.0165
73.0165
73.0165
73.0165
73.0165
73.0165
73.0165
73.0165
73.0165
73.0165
73.0165
73.0165
73.0165
73.0165
73.0165
73.0165
73.0165
73.0165
73.0165
73.0165
73.0165
73.0165
73.0165
73.0165
73.0165
73.0165
73.0165
73.0165
73.0165
73.0165
73.0165
73.0165
73.0165
73.0165
73.0165
73.0165
73.0165
73.0165
73.0165
73.0165
73.0165
73.0165
73.0165
73.0165
73.0165
73.0165
73.0165
73.0165
73.0165
73.0165
73.0165
73.0165
73.0165
73.0165
73.0165
73.0165
73.0165
73.0165
73.0165
73.0165
73.0165
73.0165
73.0165
73.0165
73.0165
73.0165
73.0165
73.0165
73.0165
73.0165
73.0165
73.0165
73.0165
73.0165
73.0165
73.0165
73.0165
73.0165
73.0165
73.0165
73.0165
73.0165
73.0165
73.0165
73.0165
73.0165
73.0165
73.0165
73.0165
73.0165
73.0165
73.0165
73.0165
73.0165
73.0165
73.0165
73.0165
73.0165
73.0165
73.0165
73.0165
73.0165
73.0165
73.0165
73.0165
73.0165
73.0165
73.0165
73.0165
73.0165
73.0165
73.0165
73.0165
73.0165
73.0165
73.0165
73.0165
73.0165
73.0165
73.0165
73.0165
73.0165
73.0165
73.0165
73.0165
73.0165
73.0165
73.0165
73.0165
73.0165
73.0165
73.0165
73.0165
73.0165
73.0165
72.6879
72.6879
72.6879
72.6879
72.6879
72.6879
72.6879
72.6879
73.0165
73.0165
73.0165
73.0165
73.0165
73.0165
73.0165
73.0165
73.0165
73.0165
73.0165
73.0165
73.0165
73.0165
73.0165
73.0165
73.0165
73.0165
73.0165
422.979
422.635
399.127
386.365
387.391
378.967
380.209
377.171
380.836
378.357
373.112
368.982
357.617
369.912
360.428
363.84
335.494
335.494
335.494
325.242
325.242
325.242
325.242
325.242
320.315
330.761
329.597
326.153
326.619
313.684
320.961
318.261
321.45
315.94
314.709
314.308
314.085
314.709
299.736
299.736
302.163
290.284
290.284
290.284
290.284
298.497
296.344
290.219
290.219
298.467
296.864
292.825
292.825
281.256
287.045
287.045
279.792
279.792
279.792
283.471
278.318
274.622
283.088
283.088
274.278
273.64
273.64
273.64
281.017
275.754
268.743
277.463
275.182
275.182
277.463
277.463
272.591
270.167
272.591
282.725
272.897
275.352
266.668
263.329
263.329
271.716
273.542
255.692
274.198
265.214
265.214
267.186
261.363
269.961
267.684
267.684
266.955
266.955
260.805
260.805
260.805
260.805
260.805
266.573
263.318
263.318
261.237
261.237
259.641
259.641
259.641
259.641
257.474
257.474
260.424
260.936
255.142
257.895
253.32
250.454
255.73
257.238
261.748
257.507
257.507
249.959
249.922
249.922
247.317
247.317
247.317
247.317
249.299
253.014
255.575
249.947
249.947
248.031
249.947
249.947
238.516
238.516
240.006
240.006
238.947
243.195
244.471
246.454
244.596
242.381
247.965
244.515
242.245
240.354
244.19
244.19
242.741
235.869
244.19
244.269
246.414
246.414
248.777
237.068
237.068
237.068
238.829
244.892
234.86
234.86
234.86
247.142
250.219
250.219
239.879
239.879
239.879
239.879
244.847
244.847
243.336
243.336
243.336
246.562
246.562
240.519
240.138
250.138
243.091
239.1
239.74
239.74
244.222
234.613
231.751
231.751
231.751
231.751
235.644
235.644
235.644
230.647
230.647
221.995
221.995
223.02
223.02
223.02
228.188
228.188
228.188
228.489
227.853
227.853
228.489
218.452
218.452
218.452
217.562
217.562
217.562
217.683
217.683
217.683
224.423
222.005
222.005
225.783
223.938
223.938
218.944
218.944
218.944
218.944
218.944
221.908
226.288
226.288
226.288
226.967
226.22
223.019
223.019
222.877
216.222
216.222
422.979
422.635
399.127
386.365
387.391
378.967
380.209
377.171
380.836
378.357
373.112
368.982
357.617
369.912
360.428
363.84
335.494
335.494
335.494
325.242
325.242
325.242
325.242
325.242
320.315
330.761
329.597
326.153
326.619
313.684
320.961
318.261
321.45
315.94
314.709
314.308
314.085
314.709
299.736
299.736
302.163
290.284
290.284
290.284
290.284
298.497
296.344
290.219
290.219
298.467
296.864
292.825
292.825
281.256
287.045
287.045
279.792
279.792
279.792
283.471
278.318
274.622
283.088
283.088
274.278
273.64
273.64
273.64
281.017
275.754
268.743
277.463
275.182
275.182
277.463
277.463
272.591
270.167
272.591
282.725
272.897
275.352
266.668
263.329
263.329
271.716
273.542
255.692
274.198
265.214
265.214
267.186
261.363
269.961
267.684
267.684
266.955
266.955
260.805
260.805
260.805
260.805
260.805
266.573
263.318
263.318
261.237
261.237
259.641
259.641
259.641
259.641
257.474
257.474
260.424
260.936
255.142
257.895
253.32
250.454
255.73
257.238
261.748
257.507
257.507
249.959
249.922
249.922
247.317
247.317
247.317
247.317
249.299
253.014
255.575
249.947
249.947
248.031
249.947
249.947
238.516
238.516
240.006
240.006
238.947
243.195
244.471
246.454
244.596
242.381
247.965
244.515
242.245
240.354
244.19
244.19
242.741
235.869
244.19
244.269
246.414
246.414
248.777
237.068
237.068
237.068
238.829
244.892
234.86
234.86
234.86
247.142
250.219
250.219
239.879
239.879
239.879
239.879
244.847
244.847
243.336
243.336
243.336
246.562
246.562
240.519
240.138
250.138
243.091
239.1
239.74
239.74
244.222
234.613
231.751
231.751
231.751
231.751
235.644
235.644
235.644
230.647
230.647
221.995
221.995
223.02
223.02
223.02
228.188
228.188
228.188
228.489
227.853
227.853
228.489
218.452
218.452
218.452
217.562
217.562
217.562
217.683
217.683
217.683
224.423
222.005
222.005
225.783
223.938
223.938
218.944
218.944
218.944
218.944
218.944
221.908
226.288
226.288
226.288
226.967
226.22
223.019
223.019
222.877
216.222
216.222
219.596
213.136
213.762
220.432
220.132
214.61
214.61
222.413
223.589
223.589
218.439
218.439
218.439
219.607
219.58
217.895
217.103
217.895
203.313
204.637
204.637
204.637
202.855
208.86
211.159
209.925
209.299
216.359
216.359
216.359
215.429
209.671
207.888
209.671
214.402
213.205
213.587
213.328
209.067
212.306
212.306
212.306
212.306
212.23
207.153
210.277
208.687
208.651
208.651
208.651
201.543
201.767
203.501
203.501
203.017
202.297
201.964
203.374
203.239
202.251
203.239
203.239
206.57
204.435
204.435
196.936
205.343
201.81
200.833
202.885
197.459
194.805
194.805
198.376
201.299
196.415
196.415
201.257
200.263
201.257
196.246
193.192
195.369
194.225
189.163
189.163
193.948
188.599
190.357
194.995
193.566
191.004
192.213
190.683
190.683
189.822
186.498
186.498
186.498
188.68
188.68
185.47
187.668
186.075
184.806
186.325
186.286
181.267
186.496
186.496
186.68
186.68
187.689
185.411
184.928
182.932
178.935
182.279
181.032
177.548
176.576
177.458
170.196
177.458
177.458
174.702
174.513
174.513
169.489
173.111
170.172
173.346
172.671
172.227
170.664
168.565
169.578
170.419
167.173
166.236
166.836
168.939
168.523
167.978
164.659
164.659
164.659
161.655
162.92
161.662
162.158
159.464
162.92
157.219
157.219
157.219
157.219
159.781
158.422
154.126
154.842
155.753
156.167
154.518
151.737
153.242
150.936
150.936
148.506
148.506
148.737
148.737
147.512
147.825
147.559
147.343
146.304
145.936
146.011
143.753
141.397
141.891
141.563
141.543
139.892
139.892
139.297
139.214
138.939
137.152
133.859
133.246
133.246
133.246
133.246
133.739
133.739
133.354
133.354
133.354
132.274
131.725
131.725
131.725
131.11
131.401
130.073
130.005
129.764
128.802
129.081
128.893
128.111
126.669
127.336
126.115
125.893
125.861
124.47
124.47
125.078
125.078
123.229
123.229
123.229
123.347
124.737
123.093
123.093
122.807
122.807
123.1
122.598
122.598
122.598
122.598
122.598
121.368
122.298
122.235
120.718
120.718
120.224
120.224
120.224
120.224
121.513
121.484
120.052
119.523
119.523
118.927
118.927
119.523
119.781
119.781
119.781
119.397
119.943
118.285
118.216
117.707
118.216
117.632
117.365
117.096
117.096
115.672
116.499
115.095
114.746
114.68
114.553
114.553
114.553
114.553
116.84
114.371
114.553
114.296
114.684
114.218
114.218
114.218
114.218
114.218
113.858
113.858
114.258
114.258
113.439
113.439
113.439
113.82
111.803
111.803
111.803
111.803
111.803
111.803
111.277
111.277
111.277
111.277
111.277
111.277
111.277
112.623
111.277
111.277
111.277
111.277
111.574
110.493
110.493
109.604
111.292
109.604
108.824
110.46
108.748
102.075
108.277
107.739
108.824
107.293
108.211
105.7
105.694
105.443
105.443
105.443
105.443
105.715
105.721
105.721
105.27
105.27
105.27
105.27
105.27
105.27
105.27
105.27
105.27
104.85
104.85
104.85
104.85
104.85
104.85
103.39
104.569
104.207
103.919
103.353
103.347
103.136
100.805
102.531
101.056
102.605
102.934
101.056
100.805
100.805
100.805
100.805
100.391
100.391
100.391
100.386
100.901
100.391
99.998
100.386
100.337
100.126
99.998
99.7658
97.9474
97.9474
99.5898
97.2877
98.1267
98.1267
98.7672
98.2083
96.1916
96.1916
96.1916
97.9963
98.2055
97.8494
96.6758
97.9963
96.5774
95.6903
95.6903
95.6852
95.6852
94.8155
94.9479
95.6903
96.1534
94.9566
94.9566
94.9566
94.0144
94.9642
94.4244
93.1402
93.1402
93.1402
93.1402
93.1402
93.3426
93.2403
93.2403
93.3084
92.7134
92.7184
92.468
92.5681
92.5681
92.5681
92.3433
92.3433
92.3433
92.3433
92.3433
91.418
91.418
92.0348
91.1592
91.1592
91.1592
90.9385
90.7083
90.5877
90.5877
90.5877
90.1133
90.1133
90.0132
89.3035
89.3035
89.3035
89.3035
89.3035
89.3035
89.2232
89.3233
89.3233
89.3233
89.3035
89.2232
89.2232
89.1794
89.1794
89.1794
88.562
88.562
88.562
88.3791
88.3791
88.3791
88.1887
88.0497
88.1887
87.9851
87.8022
87.8022
87.7583
86.801
87.6889
86.518
86.518
86.4741
86.5742
86.4741
86.4741
86.4741
86.3608
86.3608
86.3608
85.9673
86.4609
86.3022
85.9673
86.0259
85.9673
86.126
86.3022
85.9543
85.7956
85.7909
85.6348
84.6286
85.6348
85.6348
85.4932
84.3507
84.3507
85.1354
84.3507
84.3507
84.3507
84.3507
84.487
84.3507
84.209
84.209
84.7338
83.9875
83.7096
83.7096
83.7096
83.7096
83.9875
83.9875
83.7096
83.522
83.522
83.522
83.522
83.4656
83.522
83.278
83.278
83.278
83.5559
83.278
83.278
82.589
82.589
82.589
82.589
82.589
82.589
82.589
82.589
82.589
82.8669
82.589
82.589
82.589
82.589
82.589
82.589
82.589
83.6131
82.589
82.589
82.589
82.8669
82.8669
82.589
82.589
82.589
82.589
82.589
82.589
82.589
82.589
82.589
82.589
82.589
82.589
82.589
82.8669
82.589
82.7481
82.4702
82.4702
82.4702
82.4702
82.4702
82.7481
82.7481
82.4702
82.7481
82.4702
82.4702
82.4702
82.4702
82.4702
82.4702
82.7481
82.4702
82.7481
82.7481
82.215
82.7481
82.215
82.7481
82.215
82.215
82.215
82.215
82.215
82.215
82.215
82.215
82.4929
82.215
82.215
82.215
82.215
82.215
82.215
82.4929
82.4929
82.215
83.4506
82.4929
82.215
82.215
82.1664
82.1664
82.1664
82.215
82.1664
83.3934
82.1664
82.4357
82.1092
82.1092
82.1092
82.1092
82.1092
82.3872
83.1334
82.1092
83.1334
82.3872
82.2459
82.2459
82.2459
82.1092
82.1092
82.1092
81.9679
81.9679
81.9679
81.9679
82.1335
82.1335
83.2403
81.9679
81.9679
83.0524
82.2341
81.9561
81.9561
82.2341
81.9561
81.9561
81.9561
83.0524
81.9561
81.9561
81.9561
81.9561
81.9561
81.9561
81.9561
82.2341
81.9561
82.2264
82.2264
81.9561
81.9485
81.9561
81.9485
81.9485
81.9485
81.9561
82.2264
81.9485
81.9485
81.8207
81.8207
81.9485
82.2264
82.2264
82.2264
82.2264
81.5427
81.5427
81.8207
81.1191
81.1191
81.7043
82.2116
81.1191
81.1191
81.1191
81.1191
81.1191
81.1191
81.2054
81.2054
81.2054
82.0237
80.9274
80.9274
80.9274
81.2054
80.9274
82.0237
80.9274
80.9274
81.2054
80.9274
81.2054
81.2054
80.9274
80.9274
80.9274
80.9274
80.9274
81.2054
81.2054
81.2054
81.2054
80.9274
80.9274
80.9274
80.9274
80.9274
80.9274
80.9274
80.9274
80.9274
80.9274
80.9274
80.9274
80.9274
80.9274
80.8565
80.8565
80.8565
80.8565
80.8565
80.8565
80.8565
80.8565
80.8565
80.8565
80.8565
80.8565
80.8565
80.8565
80.8565
80.8565
80.8565
80.8565
80.8565
80.8565
80.8565
80.8565
81.1344
80.8565
80.0948
80.2219
80.2219
80.0948
80.2219
81.5061
80.0948
80.0948
80.0948
80.2219
80.2219
80.2219
80.0948
80.0948
80.0948
80.0948
80.0948
80.7508
80.5135
80.7508
80.7508
79.3395
79.4666
79.4666
79.3395
79.3395
79.4666
80.7508
79.4666
79.3395
80.2061
79.3395
79.3395
79.3395
78.9219
78.7947
78.7947
78.7947
78.7947
77.9921
77.9921
78.7947
78.7947
78.7947
78.6692
78.6692
78.7963
78.6692
78.6542
78.6542
78.6542
78.6542
80.0655
78.6542
78.6542
78.6542
78.6542
78.6542
78.6542
78.6542
78.6542
78.6542
78.5952
78.5952
78.5952
78.5952
78.468
78.468
78.468
78.468
78.468
78.468
78.468
78.468
78.468
78.468
78.468
78.468
78.468
78.468
78.468
76.6233
78.5952
78.5952
78.5952
78.5952
78.468
78.5952
78.5952
78.5952
78.468
78.468
78.359
78.359
78.468
78.5952
78.468
78.468
78.468
78.468
78.468
78.468
78.468
78.468
78.468
78.468
78.5952
78.5952
78.5952
78.5952
78.5952
78.5952
78.468
78.468
78.468
78.468
78.468
78.468
78.468
78.468
78.468
78.468
78.468
78.468
78.468
79.8793
79.8793
78.468
78.468
78.468
78.468
78.468
78.468
78.468
78.468
78.468
78.468
78.468
78.468
78.468
78.468
78.468
78.468
78.468
76.6158
78.468
78.468
78.468
78.468
78.468
78.468
78.468
78.468
78.5952
79.7743
78.5952
78.468
78.5952
78.5952
78.363
78.363
78.363
78.363
78.4901
78.363
78.5952
78.4901
78.4901
79.7743
78.363
78.363
78.363
78.363
78.363
78.4901
78.4901
78.2693
78.2693
78.2693
78.1422
78.1422
78.3934
78.3934
78.0455
78.3934
78.1726
78.0455
78.1726
78.1726
78.1726
78.0455
78.0455
78.0455
78.0455
78.0455
78.0455
78.0455
78.0455
78.0455
79.4568
78.0455
78.0455
78.0455
78.0455
78.0455
78.0455
79.4568
76.2001
76.2001
76.2001
78.0455
78.0455
78.0455
78.1726
78.0455
78.1726
78.0455
78.0455
78.0455
78.0455
78.0455
78.0455
78.0455
78.0455
78.0455
78.0455
78.0455
78.0455
78.0455
78.0455
78.0455
78.1726
78.1726
78.0455
78.0455
78.0455
78.0455
78.0455
78.0455
78.0455
79.4568
79.4568
78.0455
78.0455
78.0455
78.0455
78.0455
78.0455
78.0455
78.0455
78.0455
78.0455
78.0455
78.0455
78.0455
78.0455
79.4568
78.1726
78.0455
78.0455
78.0455
78.0455
78.0455
78.0455
78.0455
78.0455
78.0455
78.0455
78.0455
78.0455
76.2001
78.7514
78.0455
78.0455
78.0455
78.0455
78.0455
78.1726
78.0455
78.0455
78.0455
78.0455
78.0455
78.0455
78.0455
78.0455
78.0455
78.0455
78.0455
78.0455
78.1726
78.0455
78.0455
78.0455
77.9412
77.9412
77.9412
77.9412
77.9412
77.9412
78.0455
78.0455
78.0455
77.9412
77.9412
77.8141
77.8141
77.8141
77.8141
77.8141
77.8141
77.8141
75.3122
75.3122
77.8141
77.8141
77.9412
77.8141
77.8141
77.8141
79.2254
76.6816
77.8141
77.8141
77.8141
77.8141
77.8141
77.8141
77.8141
77.8141
77.8141
77.8141
77.8141
77.8141
77.8141
77.8141
77.8141
77.8141
77.8141
77.8141
77.8141
77.8141
76.6816
77.8141
77.9412
77.8141
77.8141
77.9412
77.8141
77.9412
77.8141
77.9412
77.9412
77.8141
76.3185
77.9412
77.9412
77.8141
77.9412
77.8141
77.8141
77.9412
77.8065
77.8065
77.8065
77.8065
77.8065
77.8065
77.8065
79.2178
77.9336
77.9336
77.9336
79.2178
77.8065
77.8065
77.9336
77.8065
77.8065
77.9336
77.8065
77.8065
77.9336
77.8065
77.8065
77.8065
77.8065
77.8065
77.8065
77.8065
77.8065
77.8065
77.8065
77.5286
77.5286
77.5286
77.5286
77.5286
77.5286
77.5286
77.5286
77.5286
77.5286
77.5286
77.5286
77.5286
77.5286
77.5286
77.5286
77.5286
77.8065
77.5286
77.5286
77.5286
77.5286
77.5286
78.8128
78.8128
77.5286
77.5286
77.5286
77.8065
77.5286
77.5286
77.5286
77.8065
77.8065
77.5286
77.8065
77.5286
77.5286
77.5286
77.5286
77.5286
77.5286
77.5286
77.5286
77.8065
77.5286
77.5286
77.5286
77.8065
77.5286
77.5286
77.8065
77.5286
77.5286
77.5286
77.5286
77.5286
77.5286
77.5286
77.8065
77.5286
77.5286
77.5286
77.5286
77.5286
77.5286
77.5286
77.5286
77.5286
77.5286
77.5286
77.5286
77.5286
77.5286
77.5286
77.5286
77.3617
77.802
76.973
76.973
77.378
76.5178
76.5178
76.5178
76.5178
76.5178
76.5178
76.3509
76.3509
76.3509
76.3509
76.3509
76.3509
76.6289
76.3509
76.3509
76.3509
76.3509
76.3509
76.3509
76.3509
76.3509
76.3509
76.3509
76.3509
76.3509
76.6289
76.3509
76.3509
76.3509
76.3509
76.3509
76.3509
76.3509
76.3509
76.6289
76.6289
76.6289
76.6289
76.3509
76.6289
76.3509
77.6351
77.6351
76.6289
76.6289
76.3509
77.6351
76.6289
76.6289
76.3509
76.3509
76.3509
76.3509
76.3509
76.3509
76.6012
77.6074
76.6012
76.6012
76.6012
76.3232
76.3232
76.3232
76.3232
76.3232
76.3232
76.3232
76.6012
76.3232
76.3232
76.3232
76.6012
76.3232
77.6074
76.6012
76.6012
76.3232
76.3232
76.3232
76.3232
76.3232
76.3232
76.3232
76.3232
76.3232
76.3232
76.3232
76.3232
76.3232
76.3232
76.3232
76.3232
76.3232
76.3232
76.6012
76.3232
76.3232
76.3232
76.3232
76.2604
76.3232
76.5384
76.2604
76.2604
76.2604
76.2604
76.2604
76.2604
76.2604
76.5384
76.2604
76.5384
76.5384
76.5384
76.2604
76.2604
76.2604
76.2604
76.2604
76.2604
76.2604
76.2604
76.5384
76.5384
76.2604
76.2604
76.2604
76.5384
76.2604
76.0117
77.018
76.0117
75.0343
75.0343
75.0343
75.0343
75.0343
75.7338
75.7338
75.7338
75.7338
75.7338
77.018
76.0117
75.7338
77.018
75.7338
75.7338
75.7338
75.7338
75.7338
76.0117
76.0117
76.0117
76.0117
75.7338
75.7338
75.7338
75.7338
77.018
75.7338
75.7338
75.7338
75.7338
76.0117
75.7338
75.7338
75.7338
75.7338
75.7338
75.7338
75.7338
75.7338
76.0117
75.0343
75.0343
75.0343
75.7338
75.7338
75.7338
75.7338
75.7338
75.7338
75.7338
75.7338
75.7338
75.7338
75.7338
75.7338
75.7338
76.0117
75.7338
75.7338
76.0117
75.7338
75.0343
75.0343
75.0343
75.0343
75.0343
75.7338
76.0117
75.7338
75.7338
75.7338
75.7338
75.7338
75.7338
75.7338
75.7338
75.7338
75.7338
75.7338
75.7338
75.7338
75.7338
75.7338
75.7338
75.7338
75.7338
75.7338
75.7338
76.0117
75.7338
75.7338
75.7338
75.7338
75.7338
75.7338
75.7338
76.0117
75.7338
75.5729
76.0117
75.7338
75.7338
75.7338
75.5729
75.8509
75.5729
75.5729
75.5729
75.4762
75.4762
75.5729
75.4762
75.5729
75.4762
75.4762
75.4762
75.5729
75.4762
75.4762
75.4762
75.4762
75.4762
75.4762
75.4762
75.4762
75.4762
75.4762
75.4762
75.4762
75.4762
75.4762
75.7542
75.418
75.418
75.418
75.418
75.418
75.418
75.418
75.418
75.6959
75.6959
75.418
75.418
75.6959
75.6959
75.6959
75.418
75.418
75.6959
75.6959
75.418
75.418
75.6959
75.6959
75.6959
75.6959
75.418
75.418
75.418
75.6959
76.7021
75.418
75.418
75.418
75.418
75.0343
75.0343
75.0343
75.0343
75.0343
75.0343
75.418
75.418
75.418
75.418
75.418
75.418
75.418
75.418
75.418
75.418
75.418
75.418
75.6959
75.418
75.418
75.418
75.418
75.418
75.418
75.418
75.418
75.418
75.418
75.418
75.418
75.418
75.418
75.418
75.418
75.418
75.6959
76.7021
75.418
75.418
75.418
75.418
75.418
75.6959
75.6959
75.6959
75.418
75.418
75.418
75.418
75.418
75.418
75.418
75.418
75.418
75.418
75.418
75.418
75.418
75.418
75.418
75.418
75.418
75.0343
75.0343
75.418
75.418
75.418
75.6959
75.6959
75.6959
75.6959
75.6959
75.418
75.418
75.418
75.418
75.6959
76.6744
75.418
75.418
75.418
75.418
75.3903
75.3903
75.3903
75.3903
75.3903
75.3903
75.3903
75.3903
75.3903
75.3903
75.3903
75.3903
75.3903
75.3903
75.3903
75.6682
75.6682
75.6682
75.6682
75.6682
75.3903
75.3903
75.3903
75.6682
75.6682
75.3903
75.6682
75.6682
75.3903
76.6744
75.6682
75.3903
75.3903
75.3903
75.3903
75.3903
75.3903
75.3903
75.3903
75.3903
75.6682
75.6682
75.6682
75.3903
75.3903
75.3903
75.3903
75.3903
75.3903
75.3903
75.3903
75.3903
75.3903
75.3903
75.3903
75.3903
75.3903
75.3903
75.3903
75.3903
75.3903
75.3903
75.3903
75.3903
75.3903
75.3903
75.6682
75.6682
75.6682
76.6744
75.6682
75.3903
75.3903
75.3903
75.3903
75.3903
75.3903
75.3903
75.3903
75.6682
75.3903
75.6682
75.3903
75.3903
75.3903
75.3903
75.3903
75.3903
75.3903
75.3903
75.3903
75.3903
75.3903
75.6682
76.6744
75.3903
75.3903
75.3903
75.3903
75.3903
75.3903
76.6744
75.3903
75.3903
75.3903
75.3903
74.8029
75.3903
75.3903
75.3903
75.3903
75.3903
75.3903
75.6682
75.3903
75.3903
75.3903
75.3903
75.3903
75.3903
75.3903
75.3903
75.3903
75.3903
75.3903
75.3903
75.3903
75.3903
75.3903
75.3903
75.6682
75.3903
76.6744
