422.979
422.395
406.403
403.279
402.153
390.651
376.431
367.352
372.667
371.473
371.473
374.593
363.097
367.495
366.427
366.427
366.427
361.517
361.363
357.452
357.452
362.388
347.216
334.09
342.728
340.317
340.317
342.338
334.39
334.39
337.727
332.037
333.41
333.41
331.091
332.384
331.661
321.752
321.752
318.252
318.252
318.687
318.687
326.991
327.138
320.663
318.617
317.571
318.454
309.507
307.873
310.159
298.147
298.147
303.521
304.466
292.459
292.459
288.541
298.147
285.152
295.59
290.974
291.742
287.368
281.46
285.362
282.709
277.617
275.828
266.616
266.616
268.031
270.921
270.603
270.921
270.921
268.656
268.656
269.952
269.655
263.618
251.864
251.864
257.856
259.331
257.908
258.97
255.319
255.12
255.12
258.07
255.362
261.09
258.055
246.195
252.916
255.001
249.872
249.872
254.142
251.547
255.616
246.836
246.836
249.359
239.524
243.603
243.603
243.603
243.603
233.823
233.823
233.629
233.629
232.319
232.319
238.649
238.649
240.812
236.544
236.544
241.966
235.891
235.891
240.471
243.157
236.998
234.878
241.756
241.377
234.553
232.427
233.717
232.778
230.18
232.778
233.869
229.578
227.864
227.864
233.734
233.734
232.163
227.037
226.098
226.098
226.098
226.301
226.301
222.217
222.217
222.217
222.217
222.217
228.123
228.123
228.123
231.073
228.761
224.296
223.462
223.462
228.136
229.133
229.133
224.485
227.863
227.976
227.976
227.47
227.47
217.521
217.521
222.138
222.138
220.448
216.246
216.246
215.772
211.613
211.114
211.114
209.813
209.813
210.892
208.503
208.503
208.503
208.503
208.503
206.772
204.819
201.398
207.987
206.808
205.541
203.566
199.063
199.063
199.063
198.841
199.063
199.063
199.063
197.745
193.48
195.992
195.992
195.992
192.369
193.197
188.937
188.937
188.937
189.895
189.895
187.666
189.895
188.577
186.892
185.722
183.078
182.175
182.175
182.175
182.175
180.626
178.077
178.077
173.946
172.483
173.946
173.782
173.11
170.931
170.231
170.201
167.725
167.652
166.931
166.931
166.931
166.931
166.337
165.98
165.276
165.259
164.694
164.184
163.405
140.29
150.873
150.873
152.955
152.955
157.436
157.438
156.854
156.287
156.936
156.218
156.178
156.149
155.93
153.628
153.628
153.089
153.177
153.208
153.208
152.538
152.538
151.386
150.561
150.561
149.516
149.089
149.433
149.516
149.516
149.089
148.868
148.524
148.524
148.436
148.096
148.096
148.009
148.008
147.607
146.939
148.008
147.724
147.724
147.323
145.125
138.203
138.203
138.203
135.476
138.203
138.203
138.203
137.908
137.908
137.651
135.762
135.762
135.762
135.466
135.209
134.914
134.154
134.45
134.45
134.45
133.602
133.602
133.602
133.602
132.335
131.023
131.023
131.023
131.023
130.886
131.023
131.023
131.023
131.023
129.763
129.763
129.486
129.486
129.311
129.311
128.768
128.938
128.938
128.85
128.678
127.625
127.625
127.173
127.625
127.173
127.173
127.173
127.173
126.775
126.775
126.775
126.775
126.775
126.775
126.775
126.144
126.144
126.144
126.144
126.144
126.144
126.144
126.144
125.611
125.611
124.805
125.611
125.611
125.611
125.189
125.189
125.189
124.764
124.764
124.764
124.714
124.714
124.485
124.485
124.485
124.059
123.996
123.996
123.996
123.996
123.996
123.853
123.75
123.75
122.308
122.308
122.308
122.308
122.308
122.308
122.308
122.562
122.115
121.887
121.887
121.864
121.864
121.864
121.864
121.68
121.864
121.864
121.803
121.803
121.203
121.203
121.203
121.203
121.203
121.203
120.882
120.882
120.447
120.314
120.314
120.314
119.607
119.607
119.607
119.607
119.483
119.483
119.483
119.483
119.607
119.607
119.329
119.329
119.329
119.329
119.329
119.329
119.329
119.329
119.329
119.329
119.329
119.142
119.142
119.142
119.142
119.142
119.142
119.142
119.142
119.142
119.142
119.142
119.142
119.142
119.142
118.712
118.712
118.712
118.712
118.712
118.664
118.664
118.664
118.664
118.649
118.649
117.462
117.462
117.462
117.462
117.462
117.462
117.462
117.446
117.446
117.446
117.412
116.695
116.695
116.695
116.645
116.645
116.645
116.645
116.645
116.645
116.645
116.645
116.645
116.645
116.645
116.645
116.645
116.645
116.645
116.645
116.645
116.645
116.645
116.645
116.539
116.539
116.539
116.539
116.539
116.539
116.539
116.539
116.539
116.539
116.303
116.236
116.236
116.008
115.823
116.008
116.008
115.922
115.922
115.922
115.922
115.693
115.922
115.693
115.693
115.693
115.545
115.316
114.669
114.483
114.483
114.292
114.106
113.977
113.977
113.977
113.977
113.977
113.791
113.686
113.686
113.791
113.791
113.791
113.791
113.398
113.398
113.398
113.398
113.231
112.908
111.367
111.367
111.367
110.978
110.655
110.655
110.297
110.297
110.297
110.297
110.297
110.297
110.297
110.297
110.297
109.702
109.702
109.702
109.702
109.702
109.702
109.702
109.331
109.331
109.331
109.331
109.331
109.331
109.331
109.331
109.331
109.331
109.331
109.331
109.331
109.331
109.331
109.331
109.208
109.208
109.208
109.208
109.208
109.208
107.894
107.894
107.894
107.735
107.735
107.735
107.735
107.735
107.735
107.325
107.735
107.735
107.735
107.735
107.735
107.735
107.735
107.735
107.735
107.735
107.325
107.325
107.325
107.325
106.991
106.991
106.865
106.406
106.406
106.253
106.406
106.406
106.406
106.253
106.253
106.253
106.253
106.253
106.253
106.253
106.253
106.253
106.253
106.253
106.173
106.173
106.173
106.173
106.173
106.173
106.173
106.173
106.163
106.076
106.076
106.076
106.066
106.066
106.066
105.705
105.705
105.705
105.705
105.705
105.705
105.705
105.705
105.472
105.459
105.459
105.459
105.459
105.459
105.459
105.459
105.459
105.459
105.105
105.105
105.105
105.105
105.105
105.099
105.099
105.099
105.099
105.099
105.099
105.099
104.953
104.953
104.953
104.953
104.953
104.953
104.953
104.953
104.953
104.953
104.953
104.953
104.953
104.953
104.953
104.953
104.953
104.953
104.953
104.953
104.953
104.953
104.953
104.953
104.953
104.953
104.953
104.953
104.953
104.953
104.953
104.584
104.584
104.584
104.584
104.584
104.584
104.584
104.584
104.584
104.558
104.558
104.558
104.558
104.558
104.558
104.558
93.113
93.113
93.113
101.041
101.041
100.318
100.318
101.041
101.041
103.194
103.194
101.217
101.217
103.845
103.845
104.511
104.069
104.069
104.069
104.069
104.069
85.0852
104.069
104.069
104.067
104.067
104.067
104.067
104.055
104.055
104.055
104.055
104.055
104.055
103.97
103.97
103.97
103.97
103.97
103.97
103.97
103.97
102.215
103.97
103.97
103.97
103.97
103.95
103.95
103.95
103.95
103.95
103.95
103.95
103.95
103.95
103.95
103.95
103.95
103.95
103.95
103.95
103.95
103.95
103.95
103.95
103.95
103.95
103.95
103.95
103.642
103.642
103.642
103.642
103.541
103.541
103.541
103.541
103.541
103.541
103.541
103.541
103.315
103.315
103.315
103.315
103.315
103.315
103.315
103.315
103.315
103.315
103.315
103.315
103.315
103.315
102.8
102.8
102.8
102.8
102.8
102.8
102.8
102.8
102.8
102.8
102.8
102.8
101.83
101.83
101.83
101.83
101.83
101.83
101.83
101.83
101.83
101.83
101.83
101.83
101.83
101.83
101.83
101.83
101.83
101.83
101.83
101.83
101.83
101.83
101.83
101.83
101.83
101.83
101.83
101.83
101.83
101.83
101.83
101.83
101.83
101.83
101.83
101.83
101.83
101.83
101.83
101.83
101.83
101.83
101.83
101.83
101.83
101.83
101.83
101.83
101.83
101.83
101.83
101.83
101.83
101.83
101.83
101.83
101.83
101.83
101.83
101.83
101.83
101.83
101.83
101.83
101.83
101.257
101.257
101.257
101.257
101.257
101.257
101.257
101.257
101.257
101.257
101.257
101.257
101.257
101.257
100.934
100.934
100.772
100.772
100.772
100.772
100.772
100.772
100.772
100.772
100.772
100.772
100.772
100.772
100.772
100.772
100.772
100.772
100.772
100.772
100.772
100.772
100.762
100.772
100.772
100.772
100.772
100.772
100.772
100.516
100.516
100.516
100.516
100.516
100.516
100.516
100.516
100.516
100.516
100.516
100.516
100.516
100.516
100.516
100.516
100.516
100.516
100.516
100.516
100.516
100.516
100.516
100.516
100.516
100.516
100.516
100.516
100.516
100.516
100.516
100.516
100.516
100.516
100.516
100.516
100.516
100.516
100.516
100.516
100.516
100.516
100.516
100.516
100.516
100.516
100.516
100.516
100.516
100.516
