422.979
422.395
406.403
403.279
402.153
390.651
376.431
367.352
372.667
371.473
371.473
374.593
363.097
367.495
366.427
366.427
366.427
361.517
361.363
357.452
357.452
362.388
347.216
334.09
342.728
340.317
340.317
342.338
334.39
334.39
337.727
332.037
333.41
333.41
331.091
332.384
331.661
321.752
321.752
318.252
318.252
318.687
318.687
326.991
327.138
320.663
318.617
317.571
318.454
309.507
307.873
310.159
298.147
298.147
303.521
304.466
292.459
292.459
288.541
298.147
285.152
295.59
290.974
291.742
287.368
281.46
285.362
282.709
277.617
275.828
266.616
266.616
268.031
270.921
270.603
270.921
270.921
268.656
268.656
269.952
269.655
263.618
251.864
251.864
257.856
259.331
257.908
258.97
255.319
255.12
255.12
258.07
255.362
261.09
258.055
246.195
252.916
255.001
249.872
249.872
254.142
251.547
255.616
246.836
246.836
249.359
239.524
243.603
243.603
243.603
243.603
233.823
233.823
233.629
233.629
232.319
232.319
238.649
238.649
240.812
236.544
236.544
241.966
235.891
235.891
240.471
243.157
236.998
234.878
241.756
241.377
234.553
232.427
233.717
232.778
230.18
232.778
233.869
229.578
227.864
227.864
233.734
233.734
232.163
227.037
226.098
226.098
226.098
226.301
226.301
222.217
222.217
222.217
222.217
222.217
228.123
228.123
228.123
231.073
228.761
224.296
223.462
223.462
228.136
229.133
229.133
224.485
227.863
227.976
227.976
227.47
227.47
217.521
217.521
222.138
222.138
220.448
216.246
216.246
215.772
211.613
211.114
211.114
209.813
209.813
210.892
208.503
208.503
208.503
208.503
208.503
206.772
204.819
201.398
207.987
206.808
205.541
203.566
199.063
199.063
199.063
198.841
199.063
199.063
199.063
197.745
193.48
195.992
195.992
195.992
192.369
193.197
188.937
188.937
188.937
189.895
189.895
187.666
189.895
188.577
186.892
185.722
183.078
182.175
182.175
182.175
182.175
180.626
178.077
178.077
125.058
132.566
132.566
160.7
160.7
160.7
160.7
160.7
160.7
160.7
165.409
164.102
163.972
163.972
163.972
163.565
163.46
162.198
161.257
157.191
157.191
157.191
156.551
156.551
156.551
156.551
157.831
156.82
156.395
155.404
155.404
154.94
154.94
154.94
154.94
153.504
152.938
152.938
152.765
150.504
149.782
149.142
150.504
148.979
148.979
148.219
148.219
148.219
147.088
147.088
147.088
146.785
146.348
145.786
145.483
145.318
144.108
144.108
143.805
143.805
143.805
143.026
143.026
142.959
142.959
142.909
142.885
142.788
142.486
142.378
142.176
142.176
142.143
142.143
141.312
141.089
141.089
141.089
141.089
141.056
141.056
141.056
140.92
140.137
134.154
134.154
134.154
134.154
134.154
134.154
137.821
137.821
137.821
137.307
135.791
135.415
134.446
134.058
134.024
133.983
133.983
132.974
132.707
132.367
131.697
131.281
130.272
130.272
129.862
130.272
129.877
129.455
129.314
129.314
129.229
129.229
129.196
129.088
129.088
128.865
128.865
128.865
128.865
128.824
128.824
128.525
128.302
128.302
128.302
128.302
128.259
126.985
126.985
126.525
126.525
126.525
126.525
126.525
125.877
125.715
125.715
125.232
125.232
125.232
125.232
125.138
125.134
125.134
125.134
125.04
125.04
125.04
124.623
124.623
124.623
124.516
124.516
124.516
124.516
122.751
122.751
122.751
122.751
121.889
122.751
122.657
122.357
122.357
122.092
121.515
121.23
121.071
120.008
120.008
119.929
119.929
119.929
119.7
119.62
119.62
119.616
119.616
119.592
119.275
119.275
119.275
119.275
119.275
119.01
119.01
119.01
118.84
118.498
118.234
118.223
118.223
118.223
117.446
117.446
117.534
117.446
117.446
117.446
117.446
117.446
117.446
117.446
117.446
117.446
117.386
116.498
116.498
116.498
116.498
116.498
116.304
116.304
116.304
116.304
115.864
116.304
116.304
116.304
116.304
116.304
116.304
116.304
116.304
116.304
116.16
116.16
116.16
115.706
115.706
115.573
115.573
115.573
115.573
115.315
114.807
114.807
114.807
114.807
114.807
114.807
114.757
114.757
114.757
114.757
114.757
114.757
114.757
114.757
114.757
114.656
114.656
114.656
114.507
114.156
114.156
114.156
114.507
114.507
114.507
114.507
114.507
114.507
114.405
114.405
114.405
114.149
114.031
114.149
114.149
114.149
114.145
114.128
114.124
114.065
114.065
114.065
114.065
112.789
112.73
112.73
112.726
112.71
112.706
112.706
112.423
112.403
112.403
112.403
112.403
112.403
112.403
112.403
112.403
112.403
112.403
112.403
112.403
112.403
112.403
112.403
112.403
112.403
112.403
111.474
111.474
111.474
111.474
111.474
111.474
111.474
111.473
111.473
111.473
111.473
110.51
110.51
110.51
110.51
110.204
109.371
109.371
109.371
109.371
109.371
109.371
109.035
109.035
108.586
108.586
108.586
108.586
97.7051
108.03
108.586
108.193
108.193
108.193
108.193
108.141
108.141
108.118
107.959
108.118
108.118
107.623
107.572
107.572
106.783
107.572
107.572
107.572
107.572
107.572
107.572
107.572
107.572
107.572
107.572
107.572
107.572
107.572
107.572
107.572
107.572
106.787
106.787
106.787
106.787
106.787
106.787
106.787
106.787
106.631
106.631
106.631
106.631
106.506
106.446
106.323
106.323
106.164
106.164
106.164
106.164
106.164
106.098
106.098
106.098
106.098
106.098
105.756
105.756
105.756
105.756
105.756
105.756
105.756
105.756
105.756
105.756
105.756
105.756
105.756
105.756
105.756
105.756
105.756
105.756
105.756
105.756
105.378
105.378
105.378
105.378
105.378
105.197
105.197
105.197
105.197
105.197
105.197
105.197
105.197
105.197
105.197
105.197
105.197
105.197
104.543
105.197
104.543
104.543
104.543
104.543
104.543
104.543
104.543
104.543
104.543
104.543
104.398
104.398
104.283
104.398
104.283
104.283
104.237
104.283
104.237
103.744
103.744
103.672
103.672
103.672
103.495
103.495
103.423
86.323
93.769
93.769
94.6594
95.1984
100.457
100.457
100.457
100.362
100.457
101.945
100.738
100.738
100.463
100.463
100.463
102.841
101.511
102.841
102.841
102.841
102.841
102.989
102.989
102.989
102.989
102.989
102.989
102.989
102.989
102.989
102.989
102.962
102.962
102.962
102.962
102.962
102.962
102.962
102.935
102.814
102.814
102.814
102.814
102.814
102.814
102.741
102.741
102.741
102.741
102.741
102.741
102.741
102.741
102.741
102.741
102.741
102.741
102.741
102.741
102.741
102.741
102.741
102.741
102.741
102.741
102.741
102.654
102.654
102.654
102.654
102.654
102.654
102.654
102.654
102.654
102.654
102.654
102.654
102.654
102.654
102.654
102.6
102.6
102.6
102.481
102.328
102.328
102.328
102.328
102.328
102.156
101.732
101.732
101.732
101.732
101.572
101.505
101.505
101.505
101.505
101.505
101.505
101.505
100.126
100.126
100.126
100.126
100.126
99.4734
99.4734
99.4734
99.4734
99.4734
99.4734
99.4734
99.4734
99.4734
99.4734
99.4734
99.4734
99.4734
99.4734
99.4734
99.4734
99.4734
84.711
84.711
86.7492
95.0044
97.4976
98.3103
98.3103
98.3103
98.3103
99.4734
99.4734
99.4734
99.4734
99.4734
99.4734
99.4734
99.4734
99.4734
99.4734
99.4734
99.4734
99.4734
99.4734
99.4734
98.6426
98.6426
98.6426
98.6426
98.6426
98.6426
98.6426
98.6426
98.6426
98.6426
98.6426
98.6426
98.6426
98.6426
98.6426
98.6426
98.6426
98.3023
98.3023
98.3023
98.3023
98.3023
98.3023
98.3023
98.3023
98.3023
98.3023
98.3023
98.3023
98.3023
98.3023
98.3023
98.3023
98.3023
98.3023
98.3023
98.3023
98.3023
98.3023
98.3023
98.3023
98.3023
98.3023
98.3023
98.3023
98.3023
98.3023
98.3023
98.3023
98.3023
98.3023
98.3023
98.3023
98.3023
98.3023
98.3023
98.3023
98.3023
98.3023
98.3023
98.3023
98.3023
98.3023
98.3023
98.3023
98.3023
98.3023
98.3023
98.3023
98.3023
98.3023
98.3023
98.3023
98.3023
98.3023
98.3023
98.3023
98.3023
98.3023
98.3023
98.3023
98.3023
98.3023
98.3023
98.3023
98.0577
98.0577
98.0577
98.0577
98.0577
98.0577
98.0577
98.0577
98.0577
98.0577
98.0577
98.0577
97.9982
97.9982
97.9982
97.9982
97.9982
97.9982
97.9982
97.9982
97.9982
97.9982
97.9982
97.9982
97.9982
97.9982
97.9982
97.9982
97.9982
97.9982
97.9982
97.9982
97.9982
97.9982
97.9982
97.9982
97.9982
97.9982
97.9982
97.9982
97.9982
97.9982
97.9982
97.9982
97.9982
97.9982
97.9982
97.9982
97.9982
97.9982
97.9982
97.9982
97.9982
97.9982
97.9982
97.9982
97.9982
97.9982
97.9982
90.2513
90.2513
97.9982
97.9982
97.9982
97.9982
97.9982
97.9982
97.9982
97.9982
97.9982
97.9982
97.9982
97.9982
