0       0.229566       0.229566              0
1       0.455689       0.342628       0.113061
2       0.133859       0.273038      0.0954131
3       0.223772       0.260722      0.0685822
4        0.13604       0.235786       0.058685
5       0.771133        0.32501       0.101277
6       0.353084       0.329021      0.0856884
7         0.5231       0.353281      0.0780732
8       0.493676        0.36888       0.070599
9      -0.249659       0.307026      0.0883928
10      0.0721761       0.285676      0.0827558
11      0.0820496       0.268707      0.0774276
12       0.336033       0.273886      0.0714111
13       0.192773       0.268092      0.0663672
14        0.59515       0.289896       0.065519
15        0.71873       0.316698      0.0668917
16       0.113163       0.304726      0.0639643
17       0.452612       0.312942      0.0608632
18       0.514222       0.323535      0.0585374
19       0.268447       0.320781      0.0556017
20       0.120252       0.311232      0.0537429
21       0.420894       0.316217      0.0514837
22       0.440248       0.321609      0.0494891
23       0.116475       0.313062      0.0481469
24       0.381026       0.315781      0.0462609
25       0.271573        0.31408      0.0444785
26     -0.0264134       0.301469      0.0446187
27       0.438779       0.306373      0.0432744
28       0.769109        0.32233      0.0447005
29       0.179367       0.317564      0.0434469
30       0.360094       0.318936      0.0420444
31       0.325325       0.319136      0.0407098
32      0.0320927       0.310438      0.0404043
33       0.104183       0.304371      0.0396646
34        0.23261       0.302321      0.0385692
35       0.570398       0.309768       0.038215
36       0.231793        0.30766      0.0372275
37     -0.0686001       0.297759      0.0375631
38       0.189684       0.294987      0.0366921
39       0.263792       0.294207      0.0357715
40        0.26508       0.293497      0.0348954
41       0.206152       0.291417      0.0341179
42       0.221938       0.289802      0.0333541
43       0.239182       0.288651      0.0326076
44       0.392449       0.290958      0.0319581
45       0.150676       0.287908       0.031404
46       0.434405       0.291025      0.0308863
47      0.0729489       0.286482      0.0305754
48       0.445556       0.289728      0.0301204
49       0.690863       0.297751      0.0305828
50       0.253661       0.296886      0.0299897
51    -0.00413136       0.291098      0.0299716
52       0.172857       0.288867      0.0294852
53       0.127622       0.285881      0.0290877
54       0.437048       0.288629      0.0286859
55       0.825604       0.298218      0.0297563
56       0.650566         0.3044      0.0298761
57       0.080761       0.300544      0.0296086
58       0.267682       0.299987      0.0291078
59       0.307822       0.300117      0.0286188
60       0.325211       0.300529      0.0281488
61       0.722277       0.307331      0.0285143
62       0.315008       0.307453      0.0280583
63       0.160605       0.305158      0.0277116
64    -0.00881349       0.300328      0.0277062
65       0.345035       0.301005      0.0272916
66       0.621436       0.305788      0.0273033
67       0.281227       0.305427      0.0269012
68       0.138327       0.303005      0.0266189
69       0.366325        0.30391      0.0262515
70       0.152047       0.301771      0.0259673
71      0.0517942       0.298299      0.0258384
72       0.182578       0.296714      0.0255313
73       0.119305       0.294316      0.0252978
74      0.0540645       0.291113      0.0251629
75       0.205637       0.289988      0.0248551
76        0.62116       0.294289      0.0249043
77      0.0334469       0.290945      0.0248094
78       0.128002       0.288882        0.02458
79       0.176219       0.287474      0.0243117
80       0.300678       0.287637      0.0240102
81       0.391499       0.288904      0.0237494
82       0.316293       0.289234      0.0234638
83        0.27963       0.289119      0.0231831
84       0.750582       0.294548      0.0235432
85        0.54839         0.2975      0.0234543
86      0.0649497       0.294827      0.0233368
87      0.0837346       0.292428      0.0231944
88        1.25112         0.3032      0.0253362
89       0.643698       0.306983      0.0253372
90       0.524491       0.309374      0.0251709
91       0.426954       0.310652      0.0249286
92      0.0333633        0.30767      0.0248387
93       0.164034       0.306142      0.0246205
94       0.255978       0.305614      0.0243657
95       0.268082       0.305223      0.0241137
96       0.667861       0.308962      0.0241549
97       0.327733       0.309153      0.0239079
98        0.44676       0.310543       0.023706
99       0.101434       0.308452      0.0235607
