0      -0.168104      -0.168104              0
1      -0.139247      -0.153676      0.0144283
2     -0.0463649      -0.117906      0.0367275
3      -0.189725       -0.13586      0.0315726
4      -0.125188      -0.133726       0.024549
5      -0.238002      -0.151105      0.0265294
6      -0.220667      -0.161043      0.0245249
7     -0.0707321      -0.149754      0.0240529
8     -0.0832439      -0.142364       0.022463
9      -0.244009      -0.152528      0.0225164
10      -0.139858      -0.151377      0.0203994
11      -0.138075      -0.150268       0.018655
12      -0.116131      -0.147642      0.0173598
13      -0.201236       -0.15147      0.0165217
14      -0.261338      -0.158795      0.0170358
15     -0.0588882      -0.152551      0.0171152
16     -0.0686643      -0.147616      0.0168172
17     -0.0865593      -0.144224      0.0162142
18     -0.0408431      -0.138783      0.0162737
19      -0.161326       -0.13991      0.0154796
20     -0.0475846      -0.135514      0.0153664
21     -0.0796498      -0.132974      0.0148697
22      -0.220207      -0.136767       0.014706
23       -0.20328      -0.139538      0.0143501
24      -0.144778      -0.139748      0.0137657
25      -0.077757      -0.137364      0.0134389
26     -0.0719851      -0.134942      0.0131563
27       -0.15266      -0.135575      0.0126935
28     -0.0837949       -0.13379      0.0123775
29      -0.230339      -0.137008      0.0123833
30    -0.00695226      -0.132813      0.0126907
31      -0.194883      -0.134752      0.0124398
32      -0.145277      -0.135071      0.0120612
33     -0.0751594      -0.133309       0.011833
34      -0.170284      -0.134366      0.0115384
35     -0.0312651      -0.131502      0.0115733
36     -0.0357842      -0.128915      0.0115496
37      -0.201394      -0.130822      0.0114022
38       -0.12664      -0.130715      0.0111065
39      -0.135221      -0.130827      0.0108259
40      -0.132504      -0.130868      0.0105586
41      -0.115459      -0.130501      0.0103107
42      -0.103979      -0.129885      0.0100869
43      -0.117131      -0.129595     0.00985927
44      -0.132727      -0.129664     0.00963793
45      -0.135904        -0.1298     0.00942706
46      -0.132383      -0.129855     0.00922447
47      -0.205397      -0.131429     0.00916636
48     -0.0889991      -0.130563     0.00901901
49     -0.0814067       -0.12958     0.00889131
50      -0.133639      -0.129659     0.00871559
51     -0.0969063      -0.129029     0.00856952
52     -0.0446208      -0.127437     0.00855581
53      -0.100129      -0.126931     0.00841109
54      -0.238012      -0.128951     0.00850016
55      -0.246121      -0.131043     0.00860524
56      -0.109839      -0.130671      0.0084611
57     -0.0822925      -0.129837     0.00835568
58      -0.202122      -0.131062     0.00830372
59      -0.184865      -0.131959     0.00821325
60     -0.0965041      -0.131378     0.00809837
61     -0.0736247      -0.130446     0.00802095
62     -0.0430103      -0.129058      0.0080137
63      -0.230432      -0.130642     0.00804497
64      -0.199139      -0.131696     0.00799003
65      -0.109641      -0.131362     0.00787513
66     -0.0289329      -0.129833     0.00790592
67       -0.14872      -0.130111     0.00779374
68       -0.10145      -0.129695     0.00769118
69      -0.119314      -0.129547     0.00758196
70     -0.0318887      -0.128172     0.00759992
71    -0.00888379      -0.126515     0.00767458
72     -0.0781647      -0.125853     0.00759765
73      -0.148731      -0.126162     0.00750065
74     -0.0550606      -0.125214     0.00746044
75      -0.124616      -0.125206     0.00736163
76      -0.124316      -0.125194      0.0072654
77       -0.10591      -0.124947     0.00717591
78      -0.169891      -0.125516      0.0071073
79      -0.227205      -0.126787     0.00713208
80      -0.164043      -0.127247     0.00705848
81      -0.108716      -0.127021     0.00697554
82      -0.215229      -0.128084     0.00697245
83      -0.195753      -0.128889     0.00693589
84     -0.0692225      -0.128187     0.00688966
85      -0.130672      -0.128216     0.00680913
86      -0.062107      -0.127456     0.00677317
87      -0.216189      -0.128465     0.00677126
88      -0.172059      -0.128955     0.00671264
89     -0.0791524      -0.128401     0.00666066
90     -0.0842615      -0.127916      0.0066049
91     -0.0793982      -0.127389     0.00655396
92     -0.0777834      -0.126855     0.00650501
93      -0.168639        -0.1273     0.00645077
94      -0.152969       -0.12757     0.00638822
95      -0.160764      -0.127916     0.00633078
96      -0.203546      -0.128696      0.0063135
97      -0.139294      -0.128804     0.00624968
98     -0.0592294      -0.128101     0.00622602
99      0.0241655      -0.126578     0.00634875
