0     -0.0247759     -0.0247759              0
1    -0.00873751     -0.0167567     0.00801922
2     -0.0597356      -0.031083      0.0150559
3      0.0633128    -0.00748406      0.0258892
4    -0.00868855    -0.00772496      0.0200551
5       0.634595      0.0993284       0.108298
6       0.181901       0.111125      0.0922859
7        0.25298       0.128856      0.0818654
8      0.0332735       0.118236      0.0729754
9    -0.00870579       0.105542      0.0664941
10      -0.119374       0.085095      0.0635267
11       0.143648      0.0899745      0.0581966
12      -0.112055      0.0744338      0.0557432
13      -0.128199        0.05996      0.0535994
14      0.0434212      0.0588574      0.0499105
15      -0.222676      0.0412616      0.0498928
16       0.260651      0.0541668      0.0486105
17     -0.0196093      0.0500681      0.0460133
18      -0.146104      0.0397433      0.0447321
19      -0.139489      0.0307817      0.0433725
20       0.116136      0.0348462      0.0414552
21       0.115976      0.0385339      0.0396977
22      -0.049851      0.0346911      0.0381266
23       0.273317      0.0446338      0.0378333
24      -0.034548      0.0414666      0.0364264
25      -0.281592      0.0290412      0.0371376
26     0.00676631      0.0282162      0.0357452
27       0.298154      0.0378569      0.0357686
28       -0.19443       0.029847      0.0354305
29     -0.0807542      0.0261603      0.0344271
30      0.0527881      0.0270192      0.0333091
31       0.329692      0.0364778      0.0336098
32      -0.381226      0.0238201      0.0349481
33     -0.0922856      0.0204052      0.0340762
34        0.13582      0.0237028      0.0332522
35       0.188609      0.0282835      0.0326384
36       0.549917      0.0423817      0.0347338
37     -0.0583815        0.03973      0.0339113
38      0.0112114      0.0389988      0.0330384
39      0.0374309      0.0389596      0.0322019
40       0.124767      0.0410525      0.0314763
41    -0.00140924      0.0400415      0.0307344
42       -0.14613      0.0357119      0.0303218
43     -0.0340225       0.034127       0.029667
44        0.20243      0.0378671      0.0292404
45      -0.116769      0.0345054      0.0287946
46     -0.0818671      0.0320294      0.0282839
47       0.107343      0.0335985      0.0277328
48    -0.00134201      0.0328854      0.0271703
49       0.102537      0.0342784      0.0266577
50       0.106839      0.0357012      0.0261685
51      0.0340251      0.0356689      0.0256604
52       0.119438      0.0372495      0.0252211
53       -0.19518      0.0329452      0.0251211
54      0.0489944       0.033237      0.0246619
55       0.391357       0.039632      0.0250476
56       0.299911      0.0441984      0.0250244
57      0.0597922      0.0444672      0.0245906
58      0.0628033       0.044778      0.0241723
59     -0.0284877      0.0435569      0.0237973
60      -0.222651      0.0391928      0.0238073
61       0.644794      0.0489606      0.0253755
62      -0.186149      0.0452287      0.0252468
63      -0.133348      0.0424384      0.0250053
64       0.214383      0.0450837      0.0247594
65      0.0811564      0.0456303      0.0243875
66       0.348797      0.0501552      0.0244432
67      -0.100649      0.0479375      0.0241829
68      0.0580372      0.0480838      0.0238303
69      -0.245627       0.043888      0.0238593
70      0.0416202       0.043856      0.0235209
71     -0.0464762      0.0426014      0.0232258
72       -0.11034      0.0405063       0.023001
73     -0.0313263      0.0395356      0.0227088
74      -0.193598      0.0364271      0.0226186
75     -0.0929781      0.0347244      0.0223839
76      0.0593502      0.0350443      0.0220936
77     -0.0839852      0.0335182      0.0218618
78      -0.112201      0.0316737       0.021662
79      0.0182094      0.0315054      0.0213902
80     -0.0156475      0.0309233      0.0211324
81     -0.0564946      0.0298572      0.0209003
82      0.0426774      0.0300116      0.0206476
83       0.059556      0.0303634      0.0204033
84       0.143152      0.0316903      0.0202055
85     -0.0750249      0.0304494      0.0200077
86       0.254953      0.0330299       0.019944
87      -0.082133      0.0317212      0.0197594
88      -0.175266      0.0293955      0.0196741
89      0.0816984      0.0299767       0.019463
90      -0.137453      0.0281368      0.0193356
91       0.171007      0.0296897      0.0191873
92     -0.0721582      0.0285946      0.0190114
93      -0.162417      0.0265626      0.0189175
94     -0.0632029      0.0256177      0.0187411
95      -0.115128      0.0241516      0.0186028
96      0.0922555      0.0248537      0.0184234
97       0.210422      0.0267472      0.0183325
98     -0.0275632      0.0261986      0.0181546
99      -0.160714      0.0243295      0.0180691
