0        1.03112        1.03112              0
1        1.45608         1.2436       0.212478
2        0.96553        1.15091       0.153755
3       0.589024        1.01044        0.17763
4        1.17377         1.0431       0.141416
5        1.93214        1.19128        0.18785
6        1.47998        1.23252       0.164032
7       0.656184        1.16048       0.159279
8        1.69156        1.21949       0.152362
9        0.83133        1.18067       0.141697
10       0.844294        1.15009       0.131767
11       0.712308        1.11361       0.125697
12        1.13649        1.11537       0.115638
13        1.11762        1.11553        0.10706
14        1.35161        1.13127       0.100903
15        1.63136        1.16253      0.0994262
16       0.699291        1.13528      0.0972886
17         1.1872        1.13816      0.0917699
18       0.933881        1.12741       0.087469
19        1.20728         1.1314      0.0830764
20       0.819881        1.11657      0.0804018
21        1.48849        1.13347       0.078502
22       0.744407        1.11656       0.076895
23        1.47194        1.13137      0.0750958
24       0.731946        1.11539        0.07378
25       0.699743         1.0994      0.0726658
26        1.06328        1.09807      0.0699355
27        2.26248        1.13965      0.0791899
28       0.376069        1.11332      0.0808198
29        1.31765        1.12013      0.0783759
30        1.53092        1.13338      0.0769549
31        1.25822        1.13728      0.0746134
32       0.303842        1.11203      0.0766003
33        1.17845        1.11398      0.0743389
34        1.46511        1.12401      0.0728775
35       0.916695        1.11826      0.0710579
36        1.34746        1.12445      0.0693878
37       0.619287        1.11116      0.0688331
38       0.945391        1.10691      0.0671795
39        1.28518        1.11136        0.06563
40        1.50108        1.12087      0.0647112
41       0.887223        1.11531      0.0633962
42       0.823243        1.10851      0.0622758
43        1.39422        1.11501      0.0611895
44        1.37009        1.12067      0.0600823
45        1.28001        1.12414      0.0588636
46       0.983928        1.12116      0.0576748
47        1.11005        1.12092      0.0564609
48        1.60814        1.13087      0.0561835
49        1.23832        1.13302      0.0550903
50        1.59067        1.14199      0.0547399
51       0.605572        1.13167      0.0546591
52         1.3071        1.13498      0.0537199
53        0.77649        1.12835      0.0531321
54       0.917271        1.12451      0.0522981
55        2.39271        1.14715      0.0561273
56        1.68083        1.15652      0.0559232
57       0.789279        1.15019      0.0553141
58       0.762077        1.14361       0.054765
59        1.72183        1.15324      0.0547001
60        1.50138        1.15895      0.0540978
61        1.55616        1.16536      0.0536023
62        0.97012        1.16226      0.0528356
63       0.825073        1.15699      0.0522697
64       0.535696        1.14743      0.0523395
65        1.38989        1.15111      0.0516711
66       0.760848        1.14528      0.0512263
67        1.75083        1.15419       0.051247
68        1.28693        1.15611      0.0505354
69        1.50713        1.16112      0.0500601
70       0.754357         1.1554      0.0496814
71        1.02108        1.15353       0.049022
72        1.05532        1.15218      0.0483645
73        0.89868        1.14876      0.0478293
74        1.74179        1.15667      0.0478452
75        1.04026        1.15513      0.0472363
76        1.14189        1.15496      0.0466191
77        1.07167        1.15389        0.04603
78       0.654485        1.14757      0.0458812
79        1.11992        1.14723      0.0453053
80        1.33847        1.14959      0.0448048
81       0.606786        1.14297      0.0447473
82        1.03188        1.14163      0.0442252
83        0.80281         1.1376      0.0438813
84        1.44938        1.14126      0.0435168
85        1.38734        1.14413      0.0431029
86       0.679772        1.13879      0.0429376
87        1.17946        1.13925      0.0424494
88        2.56419        1.15526      0.0449199
89        1.28122        1.15666        0.04444
90        1.93191        1.16518       0.044767
91        1.34034        1.16708      0.0443187
92        1.25544        1.16803      0.0438498
93        1.78303        1.17458      0.0438714
94         1.3242        1.17615      0.0434357
95       0.910009        1.17338      0.0430702
96       0.784458        1.16937       0.042812
97       0.641956        1.16399      0.0427133
98        1.44357        1.16681      0.0423739
99        1.05922        1.16574      0.0419618
