0       0.673858       0.673858              0
1        0.97269       0.823274       0.149416
2        0.34042       0.662323       0.182612
3       0.441048       0.607004       0.140477
4       0.708327       0.627269       0.110684
5       0.678406       0.635792      0.0907738
6       0.922335       0.676726      0.0869557
7       0.408896       0.643248      0.0824124
8       0.802773       0.660973       0.074811
9       0.143804       0.609256      0.0845694
10       0.664046       0.614237      0.0766579
11        1.10228       0.654907      0.0809389
12       0.429006        0.63753      0.0764539
13       0.964937       0.660916      0.0745459
14        1.29405       0.703125      0.0812266
15       0.816223       0.710194      0.0763086
16        1.04208       0.729717      0.0742906
17       0.638288       0.724638      0.0702257
18       0.327771        0.70375      0.0696335
19       0.868668       0.711996      0.0665728
20       0.287498       0.691782      0.0664715
21       0.546752       0.685189      0.0637201
22       0.670081       0.684532      0.0608902
23       0.833574       0.690742      0.0586277
24        0.93223       0.700402      0.0570573
25       0.465336       0.691361      0.0555595
26       0.322916       0.677715      0.0551762
27        1.39335       0.703273      0.0589931
28       0.333038       0.690506      0.0583366
29        1.07998       0.703489      0.0578344
30       0.614143       0.700607      0.0560119
31       0.871816       0.705957      0.0544966
32       0.624116       0.703477      0.0528775
33         1.0617       0.714013      0.0523695
34       0.715935       0.714068      0.0508513
35        1.75792       0.743064      0.0572971
36       0.558071       0.738064      0.0559509
37       0.285122       0.726145      0.0557478
38       0.640077       0.723938      0.0543443
39        0.72256       0.723903      0.0529683
40       0.479098       0.717932      0.0520042
41       0.837337       0.720775      0.0508304
42       0.561801       0.717078      0.0497718
43        1.15159       0.726954        0.04962
44       0.978358        0.73254      0.0488255
45       0.507375       0.727645      0.0480025
46       0.234745       0.717158      0.0481266
47       0.361289       0.709744      0.0476931
48       0.772431       0.711024      0.0467271
49       0.778046       0.712364      0.0458027
50       0.540444       0.708993       0.045022
51       0.701927       0.708857      0.0441479
52       0.461734       0.704194      0.0435572
53       0.100076       0.693007      0.0441828
54       0.493137       0.689373       0.043524
55        1.41676       0.702362      0.0446699
56        1.33123       0.713395       0.045245
57        0.68593       0.712921      0.0444606
58       0.764076       0.713788      0.0437091
59       0.746522       0.714334      0.0429779
60        0.44359       0.709895      0.0424999
61        1.43776       0.721635      0.0434257
62       0.869512       0.723982      0.0427953
63       0.715379       0.723848      0.0421215
64       0.441784       0.719509      0.0416949
65       0.808013       0.720849      0.0410802
66       0.266304       0.714065      0.0410272
67       0.261058       0.707403      0.0409647
68       0.827044       0.709137      0.0404038
69       0.825626       0.710801      0.0398572
70       0.788421       0.711895       0.039307
71        1.15667       0.718072      0.0392465
72        1.00154       0.721955      0.0388994
73       0.456983       0.718375      0.0385369
74       0.638338       0.717307      0.0380346
75        0.31667       0.712036      0.0378992
76       0.158834       0.704851      0.0380875
77       0.326871       0.700006       0.037907
78       0.167887        0.69327      0.0380254
79       0.458597       0.690336      0.0376615
80        1.06047       0.694906      0.0374733
81        0.96416        0.69819      0.0371589
82       0.948437       0.701205       0.036832
83        0.42288       0.697891      0.0365414
84       0.673117         0.6976      0.0361102
85        0.73056       0.697983      0.0356899
86       0.401962        0.69458       0.035441
87       0.591731       0.693412      0.0350554
88        2.30945       0.711569      0.0391276
89        0.97548       0.714502      0.0388013
90       0.643293       0.713719      0.0383806
91       0.880833       0.715536      0.0380045
92       0.895254       0.717468      0.0376433
93       0.886909       0.719271      0.0372843
94        1.43396       0.726794       0.037649
95       0.406196       0.723454      0.0374041
96          0.578       0.721955      0.0370469
97       0.159077       0.716211       0.037114
98       0.959348       0.718667      0.0368192
99       0.262213       0.714102      0.0367339
