304.341
292.068
292.068
292.068
268.978
242.45
260.292
268.925
253.436
235.055
263.46
248.331
234.903
229.862
222.55
221.57
200.533
210.42
209.995
205.523
202.38
202.38
206.058
189.992
189.961
187.857
196.552
187.019
184.541
184.541
177.113
177.113
184.541
167.644
152.318
152.318
167.644
167.644
162.799
162.471
150.152
130.231
130.231
139.578
141.088
130.166
119.694
119.694
119.691
108.799
108.799
100.869
102.606
102.606
100.67
98.4687
100.67
96.385
96.385
89.8173
97.1162
91.9137
87.0625
87.0625
87.6162
80.3282
80.3282
80.3282
80.3282
82.6544
80.1536
80.1536
78.8174
78.8174
79.4174
78.9776
78.767
78.9438
78.6839
78.6839
78.6839
76.9131
77.2423
77.0676
77.0676
77.0676
77.0477
77.0477
77.0477
76.7442
76.8629
76.592
76.592
76.0938
76.1332
75.9585
75.9585
75.5049
75.4591
75.2051
75.2051
75.2051
75.2051
75.0575
74.9521
74.9286
74.9286
74.9286
74.9286
74.9286
74.9286
74.9286
74.9286
74.9286
74.8528
74.8528
74.8528
74.8528
74.8528
74.8528
74.8528
74.8528
74.8528
74.8528
74.8528
74.8528
74.8528
74.8528
74.8528
74.8528
74.8528
74.8528
74.8528
74.8528
74.8528
74.8528
74.8528
74.8528
74.8528
74.8528
74.8528
74.8528
74.8528
74.8528
74.8528
74.8528
74.8528
74.8528
74.8528
74.8528
74.8528
74.8528
74.8528
74.8528
74.8528
74.8528
74.8528
74.8528
74.8528
74.8528
74.8528
74.8528
74.8528
74.8528
74.8528
74.8528
74.8528
74.8528
74.8528
74.8528
74.8528
74.8528
74.8528
74.8528
74.8528
74.8528
74.8528
74.8528
74.8528
74.8528
74.8528
74.8528
74.8528
74.8528
74.8528
74.8528
74.8528
74.8528
74.8528
74.8528
74.8528
74.8528
74.8528
74.8528
74.8528
74.8528
74.8528
74.8528
74.8528
74.8528
74.8528
74.8528
74.8528
74.8528
74.8528
74.8528
74.8528
74.8528
74.8528
74.8528
74.8528
74.8528
74.8528
74.8528
74.8528
74.8528
74.8528
74.8528
74.8528
74.8528
74.8528
74.8528
74.8528
74.8528
74.8528
74.8528
74.8528
74.8528
74.8528
74.8528
74.8528
74.8528
74.8528
74.8528
74.8528
74.8528
74.8528
74.8528
74.8528
74.8528
74.8528
74.8528
74.8528
74.8528
74.8528
74.8528
74.8528
74.8528
74.8528
74.8528
74.8528
74.8528
74.8528
74.8528
74.8528
74.8528
74.8528
74.8528
74.8528
74.8528
74.8528
74.8528
74.8528
74.8528
74.8528
74.8528
74.8528
74.8528
74.8528
74.8528
74.8528
74.8528
74.8528
74.8528
74.8528
74.8528
74.8528
74.8528
74.8528
74.8528
74.8528
74.8528
74.8528
74.8528
74.8528
74.8528
74.8528
74.8528
74.8528
74.8528
74.8528
74.8528
74.8528
74.8528
74.8528
74.8528
74.8528
74.8528
74.8528
74.8528
74.8528
74.8528
74.8528
74.8528
74.8528
74.8528
74.8528
74.8528
74.8528
74.8528
74.8528
74.8528
74.8528
74.8528
74.8528
74.8528
74.8528
74.8528
74.8528
74.8528
74.8528
74.8528
74.8528
74.8528
74.8528
74.8528
74.8528
74.8528
74.8528
74.8528
74.8528
74.8528
74.8528
74.8528
74.8528
74.8528
74.8528
74.8528
74.8528
74.8528
74.8528
74.8528
74.8528
74.8528
74.8528
74.8528
74.8528
74.8528
74.8528
74.8528
74.8528
74.8528
74.8528
74.8528
74.8528
74.8528
74.8528
74.8528
74.8528
74.8528
74.8528
74.8528
74.8528
74.8528
74.8528
74.8528
74.8528
74.8528
74.8528
74.8528
74.8528
74.8528
74.8528
74.8528
74.8528
74.8528
74.8528
74.8528
74.8528
74.8528
74.8528
74.8528
74.8528
74.8528
74.8528
74.8528
74.8528
74.8528
74.8528
74.8528
74.8528
74.8528
74.8528
74.8528
74.8528
74.8528
74.8528
74.8528
74.8528
74.8528
74.8528
74.8528
74.8528
74.8528
74.8528
74.8528
74.8528
74.8528
74.8528
74.8528
74.8528
74.8528
74.8528
74.8528
74.8528
74.8528
74.8528
74.8528
74.8528
74.8528
74.8528
74.8528
74.8528
74.8528
74.8528
74.8528
74.8528
74.8528
74.8528
74.8528
74.8528
74.8528
74.8528
74.8528
74.8528
74.8528
74.8528
74.8528
74.8528
74.8528
74.8528
74.8528
74.8528
74.8528
74.8528
74.8528
74.8528
74.8528
74.8528
74.8528
74.8528
74.8528
74.8528
74.8528
74.8528
74.8528
74.8528
74.8528
74.8528
74.8528
74.8528
74.8528
74.8528
74.8528
74.8528
74.8528
74.8528
74.8528
74.8528
74.8528
74.8528
74.8528
74.8528
74.8528
74.8528
74.8528
74.8528
74.8528
74.8528
74.8528
74.8528
74.8528
74.8528
74.8528
74.8528
74.8528
74.8528
74.8528
74.8528
74.8528
74.8528
74.8528
74.8528
74.8528
74.8528
74.8528
74.8528
74.8528
74.8528
74.8528
74.8528
74.8528
74.8528
74.8528
74.8528
74.8528
74.8528
74.8528
74.8528
74.8528
74.8528
74.8528
74.8528
74.8528
74.8528
74.8528
74.8528
74.8528
74.8528
74.8528
74.8528
74.8528
74.8528
74.8528
74.8528
74.8528
74.8528
74.8528
74.8528
74.8528
74.8528
74.8528
74.8528
74.8528
74.8528
74.8528
74.8528
74.8528
74.8528
74.8528
74.8528
74.8528
74.8528
74.8528
74.8528
74.8528
74.8528
74.8528
74.8528
74.8528
74.8528
74.8528
74.8528
74.8528
74.8528
74.8528
74.8528
74.8528
74.8528
74.8528
74.8528
74.8528
74.8528
74.8528
74.8528
74.8528
74.8528
74.8528
74.8528
74.8528
74.8528
74.8528
74.8528
74.8528
74.8528
74.8528
74.8528
74.8528
74.8528
74.8528
74.8528
74.8528
74.8528
74.8528
74.8528
74.8528
74.8528
74.8528
74.8528
74.8528
74.8528
74.8528
74.8528
74.8528
74.8528
74.8528
74.8528
74.8528
74.8528
74.8528
74.8528
74.8528
74.8528
74.8528
74.8528
74.8528
74.8528
74.8528
74.8528
74.8528
74.8528
74.8528
74.8528
74.8528
74.8528
74.8528
74.8528
74.8528
74.8528
74.8528
74.8528
74.8528
74.8528
74.8528
74.8528
74.8528
74.8528
74.8528
74.8528
74.8528
74.8528
74.8528
74.8528
74.8528
74.8528
74.8528
74.8528
74.8528
74.8528
74.8528
74.8528
74.8528
74.8528
74.8528
74.8528
74.8528
74.8528
74.8528
74.8528
74.8528
74.8528
74.8528
74.8528
74.8528
74.8528
74.8528
74.8528
74.8528
74.8528
74.8528
74.8528
74.8528
74.8528
74.8528
74.8528
74.8528
74.8528
74.8528
74.8528
74.8528
74.8528
74.8528
74.8528
74.8528
74.8528
74.8528
74.8528
74.8528
74.8528
74.8528
74.8528
74.8528
74.8528
74.8528
74.8528
74.8528
74.8528
74.8528
74.8528
74.8528
74.8528
74.8528
74.8528
74.8528
74.8528
74.8528
74.8528
74.8528
74.8528
74.8528
74.8528
74.8528
74.8528
74.8528
74.8528
74.8528
74.8528
74.8528
74.8528
74.8528
74.8528
74.8528
74.8528
74.8528
74.8528
74.8528
74.8528
74.8528
74.8528
74.8528
74.8528
74.8528
74.8528
74.8528
74.8528
74.8528
74.8528
74.8528
74.8528
74.8528
74.8528
74.8528
74.8528
74.8528
74.8528
74.8528
74.8528
74.8528
74.8528
74.8528
74.8528
74.8528
74.8528
74.8528
74.8528
74.8528
74.8528
74.8528
74.8528
74.8528
74.8528
74.8528
74.8528
74.8528
74.8528
74.8528
74.8528
74.8528
74.8528
74.8528
74.8528
74.8528
74.8528
74.8528
74.8528
74.8528
74.8528
74.8528
74.8528
74.8528
74.8528
74.8528
74.8528
74.8528
74.8528
74.8528
74.8528
74.8528
74.8528
74.8528
74.8528
74.8528
74.8528
74.8528
74.8528
74.8528
74.8528
74.8528
74.8528
74.8528
74.8528
74.8528
74.8528
74.8528
74.8528
74.8528
74.8528
74.8528
74.8528
74.8528
74.8528
74.8528
74.8528
74.8528
74.8528
74.8528
74.8528
74.8528
74.8528
74.8528
74.8528
74.8528
74.8528
74.8528
74.8528
74.8528
74.8528
74.8528
74.8528
74.8528
74.8528
74.8528
74.8528
74.8528
74.8528
74.8528
74.8528
74.8528
74.8528
74.8528
74.8528
74.8528
74.8528
74.8528
74.8528
74.8528
74.8528
74.8528
74.8528
74.8528
74.8528
74.8528
74.8528
74.8528
74.8528
74.8528
74.8528
74.8528
74.8528
74.8528
74.8528
74.8528
74.8528
74.8528
74.8528
74.8528
74.8528
74.8528
74.8528
74.8528
74.8528
74.8528
74.8528
74.8528
74.8528
74.8528
74.8528
74.8528
74.8528
74.8528
74.8528
74.8528
74.8528
74.8528
74.8528
74.8528
74.8528
74.8528
74.8528
74.8528
74.8528
74.8528
74.8528
74.8528
74.8528
74.8528
74.8528
74.8528
74.8528
74.8528
74.8528
74.8528
74.8528
74.8528
74.8528
74.8528
74.8528
74.8528
74.8528
74.8528
74.8528
74.8528
74.8528
74.8528
74.8528
74.8528
74.8528
74.8528
74.8528
74.8528
74.8528
74.8528
74.8528
74.8528
74.8528
74.8528
74.8528
74.8528
74.8528
74.8528
74.8528
74.8528
74.8528
74.8528
74.8528
74.8528
74.8528
74.8528
74.8528
74.8528
74.8528
74.8528
74.8528
74.8528
74.8528
74.8528
74.8528
74.8528
74.8528
74.8528
74.8528
74.8528
74.8528
74.8528
74.8528
74.8528
74.8528
74.8528
74.8528
74.8528
74.8528
74.8528
74.8528
74.8528
74.8528
74.8528
74.8528
74.8528
74.8528
74.8528
74.8528
74.8528
74.8528
74.8528
74.8528
74.8528
74.8528
74.8528
74.8528
74.8528
74.8528
74.8528
74.8528
74.8528
74.8528
74.8528
74.8528
74.8528
74.8528
74.8528
74.8528
74.8528
74.8528
74.8528
74.8528
74.8528
74.8528
74.8528
74.8528
74.8528
74.8528
74.8528
74.8528
74.8528
74.8528
74.8528
74.8528
74.8528
74.8528
74.8528
