0.490473   0.38252   0.205952
0.483306   -0.0658665   -0.180932
-0.431111   -0.024158   0.145844
-0.233426   0.283465   0.149607
0.323421   0.0545711   0.381306
0.454112   0.0243319   -0.0087766
-0.487076   0.0111089   -0.193579
0.143791   -0.429219   0.212817
-0.380246   -0.0984929   0.145704
0.304842   0.426915   0.151797
0.281078   0.113941   0.27809
0.487033   0.474216   -0.318151
-0.304927   0.078508   0.235553
-0.388993   0.215446   0.343402
0.438201   0.26193   -0.135469
-0.360476   0.287349   0.19515
0.0318655   -0.281067   0.274989
0.157591   -0.219027   -0.243719
0.119231   -0.419142   0.374148
-0.498638   0.321007   -0.213053
0.024407   -0.1055   0.236297
0.16034   -0.257134   -0.355612
-0.370294   0.391683   -0.270426
0.211688   -0.432661   0.366333
0.360614   0.172382   0.295644
-0.00123434   -0.259398   0.485174
-0.325793   -0.0473124   0.0879245
0.335369   0.0764296   -0.412696
-0.306092   -0.180955   0.190943
-0.327526   -0.0320614   0.00707573
0.185911   -0.341911   -0.0972188
0.1551   0.0593503   0.418877
-0.159163   0.238817   -0.266763
0.458314   0.355985   -0.279747
-0.338063   0.369224   -0.0972216
-0.324596   -0.3394   -0.368746
-0.0831727   -0.281596   0.337532
0.182129   0.411341   -0.334569
-0.323973   0.299124   -0.334516
0.133433   -0.151912   -0.178846
0.419695   0.224752   -0.0191663
0.142735   -0.1579   -0.340785
0.431621   0.321462   0.240976
0.487882   -0.235345   -0.219817
-0.268698   0.269488   -0.457221
0.465389   -0.133195   -0.130182
0.349605   0.0849214   0.306965
-0.399385   -0.490899   0.0031208
0.350836   -0.346648   -0.328016
-0.424949   0.484691   -0.374292
0.241689   0.218869   0.185533
-0.123564   0.200313   0.140612
-0.289049   0.00990415   -0.0565261
-0.409696   -0.164301   0.101479
0.416457   0.327284   0.379379
0.29743   0.383197   0.0647348
0.416805   0.211593   0.180779
0.345242   0.326061   -0.403607
0.270858   0.199116   0.278195
0.376839   0.286847   0.102208
0.489708   0.288562   0.205393
-0.268917   0.371226   -0.0555703
-0.285424   0.350393   -0.437813
0.490463   -0.0789295   0.0446546
-0.143144   0.296648   0.123916
-0.148724   -0.0213106   -0.175235
-0.449498   0.363541   -0.276016
0.0407281   0.335856   0.0196591
0.440075   0.411398   0.339224
-0.406106   -0.370954   0.113434
-0.38394   0.2894   0.0421114
-0.00307172   -0.336867   -0.28816
0.332288   0.212614   0.196048
-0.457761   0.273777   0.392246
-0.414491   0.445205   -0.0492547
-0.163553   -0.420195   -0.0460504
0.480973   -0.477955   -0.462374
-0.280368   0.463097   0.0155344
-0.16433   -0.06913   0.180451
0.296419   0.289002   0.248081
-0.181811   0.0249269   -0.0921942
-0.227638   0.427093   -0.118115
0.347908   0.254844   0.0274205
0.406208   0.201337   0.0990369
-0.049504   -0.291944   -0.346162
0.0739935   0.0230029   -0.469804
-0.413218   -0.0868741   -0.0304623
0.37927   0.317659   -0.321259
-0.362314   0.0196873   0.113927
-0.338775   0.0592708   -0.262795
0.366198   -0.180446   -0.297758
-0.0649569   -0.397041   -0.41769
0.364542   0.290155   -0.243124
0.327126   0.248249   -0.366423
0.33471   0.29654   0.319824
0.0517517   0.30214   -0.448906
0.173238   0.228032   0.00597525
-0.330653   -0.119587   0.0196881
0.364805   -0.392218   0.370521
-0.114095   0.022752   -0.463548
-0.0811637   -0.38409   0.295096
-0.193013   -0.270591   0.322373
0.40325   0.0805299   -0.161118
0.436543   0.257061   0.326387
-0.24882   -0.122671   0.144683
-0.394401   0.437716   -0.180767
-0.479547   -0.171754   -0.034908
0.379575   0.261043   0.255581
