-0.709836   -0.100374   -0.871447
0.672482   0.18363   0.520455
0.153037   -0.296337   -0.456795
0.189917   -0.836424   0.697966
0.318616   0.663201   0.0611293
0.906777   0.352673   0.911785
0.710525   0.825398   1.11285
0.0837758   -0.367357   -0.209958
0.693712   0.00166505   -0.31843
0.570032   -1.33015   -1.25411
1.84697   0.979624   -0.62575
1.29855   0.315802   -0.791859
0.370136   0.487672   0.927997
0.915377   0.101577   0.769263
0.414973   -0.940896   -0.243223
0.320416   -0.905405   -0.901873
1.39819   0.487399   0.553398
-0.349955   0.42174   -0.324821
0.228751   -0.609645   -0.809781
-1.11068   0.77083   0.167551
-2.93373   0.872922   1.3283
-0.622878   -0.198215   0.704032
0.832023   -0.998599   -0.991225
-0.0507498   -1.37966   0.919062
1.25133   0.841566   -1.25794
0.158737   -0.0512873   -0.298818
-1.68217   0.660684   -1.15827
1.39838   -1.19233   -1.71048
-1.59683   0.321834   -0.0700914
-1.25903   -1.50979   -1.08904
-0.440032   -1.02902   -1.22352
0.657176   -0.56493   0.306363
-0.544873   0.924439   -1.75604
0.372881   1.46721   -0.384375
0.36665   0.199533   1.04505
0.23462   -0.430015   -1.21753
0.540869   2.60152   -0.430415
-0.772293   0.1547   -1.68173
-0.72672   0.877396   -0.540244
0.16125   0.691367   -1.307
0.859949   0.167814   -0.442183
0.731302   0.0697214   0.626196
-1.75936   -0.0241417   0.37022
-0.85817   -1.12218   1.50342
0.373981   -1.65761   -1.0733
0.676036   -0.66568   -0.731265
-0.44315   -0.920978   -1.79306
-0.936072   -0.278933   1.52776
0.0975678   1.6952   -0.888453
-0.556222   -0.169829   2.05917
-0.125406   1.24968   1.1734
-0.854849   0.43746   1.70861
1.48175   -0.0909401   -0.619758
-0.169692   -2.24908   -0.86659
0.380611   0.131736   -1.36314
1.05216   -1.37896   -0.81324
0.207877   1.67689   1.39694
-0.858506   0.626861   -0.296131
0.188318   1.055   0.914659
0.432435   -1.64956   -1.50694
-1.51677   2.06681   0.291567
0.324567   0.447535   1.10951
-1.97356   -0.997649   0.164366
0.583539   1.37395   1.33632
0.329025   -1.19143   0.468157
0.901243   -0.886935   0.799814
-0.0297676   -0.206936   -0.559384
0.845059   -0.625596   0.62772
0.151097   -0.605006   -1.19622
-1.15769   0.798295   -1.2563
-0.406432   0.55708   -1.24611
-1.20546   0.397968   0.894241
-0.551334   1.95535   -0.380982
-0.311805   0.0310854   -1.2025
-0.336098   -0.15793   0.415084
0.157831   0.416248   0.297583
-0.567876   -0.40423   0.965662
1.37104   -0.640614   -0.887116
1.90584   -1.98804   1.50062
-0.0102058   -0.499227   0.617042
-0.560876   1.53608   1.05321
-0.624618   0.0656368   1.88914
0.146785   0.276243   -0.187433
-0.320463   0.918277   1.50342
0.156973   -1.04886   -0.71875
-0.145612   0.325799   1.01921
0.00499783   2.50808   0.38799
1.27838   -1.51077   0.78675
-0.366399   -0.982651   0.248786
0.202516   1.2121   -0.370913
1.08404   -0.43564   -1.0871
-0.304256   0.190817   0.46943
-1.28445   -0.493236   1.03102
1.07167   1.01134   -0.904272
-0.486611   -0.859112   0.0371073
-0.53466   -0.707187   0.160855
-1.35804   0.631787   1.3033
-0.334998   -0.981116   -1.63089
0.436339   0.0652472   1.08182
0.779825   0.522928   -0.369822
0.248314   -0.866938   0.544816
-0.198029   -0.253895   0.628739
0.495159   -0.660676   0.62316
0.122817   0.321023   -1.17516
-2.33994   -0.106446   1.8785
1.29959   -0.0735822   -0.862526
-1.02557   0.140033   0.418424
-0.13211   0.0475693   0.495399
