              1       0.153429     0.00913883       0.670866      0.0665266
            2.5      -0.277608      0.0103734       0.838647       0.711569
              4      0.0141919     0.00904679       0.732507      0.0664407
            5.5       -0.10604     0.00805376       0.633583       0.422499
              7      -0.410743     0.00421222       0.695042       0.778338
            8.5      -0.399302     0.00437818        0.64469       0.893096
             10      -0.401636     0.00929848       0.548236       0.792139
           11.5      -0.132294      0.0100154       0.456256       0.632107
             13      -0.289929     0.00510728       0.704641       0.560195
           14.5      -0.195682      0.0134475        1.01603       0.452342
             16      -0.228056      0.0112261       0.940953       0.582199
           17.5      -0.355208     0.00511814       0.526726       0.730288
             19       -0.41203     0.00292509       0.614169       0.695102
           20.5      -0.407041     0.00631807       0.627603       0.900609
             22      -0.403046     0.00534439       0.674734        0.85719
           23.5      -0.415987     0.00443497       0.671007       0.732662
             25      -0.413336      0.0030422       0.569046       0.736304
           26.5      -0.420591     0.00412248       0.668202       0.782086
             28      -0.433728     0.00277558       0.588109        0.75216
           29.5      -0.415587     0.00379229       0.687286       0.779587
             31      -0.400515     0.00324095       0.564787       0.717632
           32.5      -0.393571     0.00371583        0.57871       0.899735
             34      -0.410315     0.00649451       0.698821       0.784405
           35.5        -0.4235      0.0031526       0.573407       0.749009
             37      -0.442854     0.00325712       0.631928       0.825959
           38.5      -0.433319     0.00347654       0.652186       0.778248
             40      -0.439708     0.00316896       0.650065       0.786304
           41.5      -0.446585      0.0024247       0.626054       0.781393
             43      -0.347304     0.00439132       0.550953       0.667574
           44.5      -0.299368     0.00510523       0.543658       0.622911
             46      -0.371291     0.00364679       0.641686       0.646272
           47.5      -0.435306     0.00246408       0.610911       0.747255
             49      -0.429525     0.00247512       0.610539       0.733237
           50.5      -0.435973     0.00305963       0.618186       0.850631
             52      -0.412873     0.00485771        0.64731       0.871611
           53.5       -0.44487     0.00423552       0.630244       0.796908
             55      -0.435689      0.0034567       0.655837       0.772277
           56.5      -0.435077      0.0026007       0.605821        0.82276
             58      -0.356971     0.00708858       0.682549       0.910572
           59.5        -0.3174     0.00734468       0.751404       0.844715
             61      -0.433749     0.00388571       0.644377       0.833199
           62.5      -0.428951     0.00324386       0.588218       0.846467
             64      -0.430119     0.00375362       0.658044       0.818856
           65.5      -0.436726     0.00347541       0.641029       0.836599
             67      -0.436181      0.0026395       0.632603       0.839928
           68.5      -0.437217     0.00404454       0.659109        0.80606
             70       -0.42642     0.00339685       0.667407       0.770026
           71.5      -0.414798     0.00302057       0.617777       0.708785
             73      -0.425695       0.002861       0.574648       0.773337
           74.5      -0.433747     0.00253134       0.641869       0.750165
             76      -0.409453      0.0043739        0.69107       0.755747
           77.5       -0.41668     0.00443371       0.681601       0.822964
             79      -0.404868     0.00554391       0.670738       0.856876
           80.5      -0.432657     0.00428871       0.663473       0.803114
             82      -0.439362     0.00303296       0.603139        0.83685
           83.5      -0.425047     0.00353709       0.570439        0.79392
             85      -0.434564     0.00338634       0.588887       0.797572
           86.5      -0.434889      0.0028236       0.649943       0.755678
             88      -0.439234     0.00407791       0.639873       0.797549
           89.5      -0.435928     0.00394127       0.649365       0.822145
             91      -0.440033     0.00237977       0.619502       0.759011
           92.5      -0.433282     0.00309572       0.584759       0.780584
             94      -0.441965     0.00249542       0.610566       0.827937
           95.5      -0.448011     0.00252772        0.61787       0.795535
             97      -0.437086     0.00296887       0.605287         0.8416
           98.5      -0.416094     0.00382514       0.562698       0.833913
            100      -0.448395     0.00261804       0.611604       0.783153
          101.5      -0.432203     0.00311732       0.575202       0.816804
            103      -0.437603     0.00329689       0.580558       0.818142
          104.5      -0.444707     0.00283318       0.613294        0.78949
            106       -0.44093     0.00267072       0.634924       0.800499
          107.5      -0.447131     0.00237218       0.604666       0.793339
            109      -0.434791     0.00290355       0.596348       0.855519
          110.5      -0.428678     0.00275443       0.584934       0.858552
            112      -0.447951     0.00275714       0.612277       0.821159
          113.5      -0.439271     0.00288236       0.593537       0.788547
            115      -0.443997     0.00304135       0.618186       0.824245
          116.5      -0.432099     0.00331316       0.597065       0.834415
            118      -0.418398     0.00341251       0.572675       0.841316
          119.5      -0.415049     0.00358471       0.594046       0.889199
            121      -0.410054     0.00365826       0.614741       0.897126
          122.5      -0.429563     0.00344559       0.640638       0.852882
            124      -0.419643     0.00377042       0.633827       0.873758
          125.5      -0.418687     0.00419092       0.603526       0.880688
            127      -0.449078     0.00249391       0.622424       0.821118
          128.5      -0.440403     0.00255748       0.643416        0.78178
            130      -0.437883     0.00263007       0.602111       0.779725
          131.5      -0.436338     0.00415773       0.645395       0.824639
            133       -0.44254     0.00282792       0.635351       0.774245
          134.5      -0.440474     0.00228396        0.62323       0.754545
            136      -0.440037     0.00272684       0.638095        0.78077
          137.5      -0.426207     0.00327219       0.573814       0.786194
            139      -0.440456     0.00252622       0.601278        0.78329
          140.5      -0.434766     0.00269691       0.593021       0.823299
            142      -0.431331     0.00369685       0.635589       0.836611
          143.5      -0.421367     0.00358964       0.576823       0.848472
            145      -0.432892     0.00326498       0.609763       0.850463
          146.5      -0.442339     0.00292362       0.622921       0.800792
            148      -0.444526     0.00353344       0.623164       0.802128
          149.5      -0.442402     0.00265633       0.626076       0.813744
