              1        17.1561       0.435802       -1.61391        1.58767
             11      -0.204232      0.0113092       -0.96994       0.574079
             21      -0.308209     0.00615908      -0.783024       0.581744
             31         -0.263      0.0081032      -0.909657       0.586922
             41      -0.254691     0.00521004       -0.72449       0.491367
             51      -0.246261     0.00479848      -0.736658       0.490204
             61      -0.393484     0.00275401      -0.661634       0.681569
             71      -0.435993     0.00483355      -0.655355       0.784915
             81      -0.432458     0.00224554      -0.612084       0.744067
             91       -0.42534     0.00328312      -0.665768       0.753029
            101       -0.42817     0.00366268      -0.661857       0.779109
            111      -0.434113     0.00254748      -0.654455       0.753848
            121      -0.435617     0.00237066      -0.638774       0.751383
            131      -0.444264     0.00245862       -0.61666       0.774866
            141      -0.445207      0.0029452      -0.635721       0.790118
            151       -0.44308     0.00245466      -0.626448       0.778378
            161      -0.439629     0.00293951      -0.591892       0.785742
            171      -0.443261     0.00222714      -0.611588       0.768697
            181      -0.438489     0.00236861      -0.620122       0.757538
            191      -0.433225     0.00227915      -0.634276       0.756359
            201      -0.440848     0.00214923      -0.619136       0.762428
            211       -0.43239     0.00309753      -0.646425       0.771353
            221      -0.436642     0.00275369      -0.643099       0.784855
            231      -0.448728     0.00302085      -0.624265       0.793448
            241      -0.444366     0.00240045      -0.619144       0.789533
            251      -0.443836      0.0028067      -0.632962       0.782107
            261      -0.446066     0.00231911      -0.620287       0.784773
            271      -0.442439     0.00370561      -0.612338       0.779763
            281      -0.440766      0.0024536       -0.61035       0.771363
            291       -0.44193     0.00278294      -0.602484       0.773425
            301      -0.442877      0.0028207      -0.603128        0.78658
            311      -0.441381     0.00245173      -0.598921       0.783421
            321      -0.444174     0.00230329      -0.604912       0.782582
            331      -0.439391     0.00260245      -0.589688       0.779212
            341      -0.442414      0.0027775      -0.593536       0.795212
            351      -0.439546     0.00284094      -0.594538        0.80103
            361       -0.44152     0.00266148      -0.600244       0.802863
            371      -0.443421     0.00267472      -0.598457       0.808474
            381       -0.44407     0.00260667      -0.595928       0.809827
            391      -0.441365     0.00304476       -0.61014       0.823321
            401      -0.442415     0.00237854      -0.610397       0.830159
            411       -0.43874     0.00316759      -0.603022       0.835883
            421      -0.432375     0.00300999      -0.590642       0.831081
            431      -0.433992     0.00251332      -0.594332       0.828162
            441      -0.434924     0.00340075       -0.60341       0.831514
            451      -0.442717     0.00275195      -0.600258       0.828782
            461      -0.442748     0.00246706        -0.5999       0.832525
            471      -0.436466     0.00315495      -0.593891       0.823859
            481      -0.436479     0.00222596      -0.591542       0.829726
            491      -0.441075     0.00232791      -0.591583       0.823437
            501       -0.43789     0.00305628      -0.590284       0.812956
            511       -0.44178     0.00324096      -0.591792        0.81291
            521        -0.4395     0.00255241      -0.598951       0.817972
            531       -0.44172      0.0023984      -0.602911       0.814024
            541      -0.443166     0.00259551      -0.614434       0.806564
            551       -0.44808     0.00258825      -0.609445       0.802577
            561      -0.442633     0.00287251      -0.611117       0.805805
            571      -0.441795      0.0026012      -0.615522       0.807905
            581      -0.445603     0.00302701      -0.606754       0.804382
            591      -0.445044     0.00298953      -0.615524       0.803258
            601      -0.440614     0.00235458      -0.611835       0.810815
            611        -0.4487      0.0024076      -0.615239       0.811362
            621      -0.446771     0.00233328       -0.61529       0.812051
            631      -0.444037     0.00242127      -0.618151       0.821491
            641      -0.441466     0.00315003      -0.626595        0.82519
            651      -0.441636     0.00250413      -0.629731       0.824626
            661      -0.437732     0.00324155      -0.634559       0.822386
            671      -0.443008     0.00244104      -0.636139       0.828636
            681        -0.4401     0.00306457       -0.63692       0.829208
            691      -0.436084      0.0030245      -0.641122       0.825764
            701      -0.439407     0.00260726      -0.641914       0.828047
            711      -0.433096      0.0042213        -0.6413       0.823665
            721      -0.434867     0.00357213      -0.652146        0.82327
            731      -0.442035     0.00472962      -0.643881       0.822228
            741       -0.43678     0.00260748      -0.640171       0.822186
            751      -0.438254     0.00350303      -0.639373       0.826268
            761      -0.437365     0.00353222      -0.641572       0.821841
            771      -0.443294     0.00283623      -0.642014       0.812603
            781      -0.440151      0.0034686       -0.64128        0.81872
            791      -0.436094     0.00479161      -0.638031        0.81868
            801      -0.440168      0.0030566      -0.634252       0.823615
            811      -0.437361     0.00428612      -0.632457       0.822691
            821      -0.442192     0.00346817      -0.632008       0.830275
            831      -0.435454     0.00372364      -0.634959       0.830209
            841      -0.440178     0.00371271      -0.636318       0.834972
            851      -0.439606     0.00381479      -0.637229       0.831841
            861      -0.443852     0.00279611      -0.632589       0.830173
            871      -0.439786     0.00381673      -0.633612       0.833137
            881      -0.437039     0.00319369      -0.638218       0.833474
            891      -0.437065     0.00362519      -0.644994       0.834755
            901      -0.433956     0.00315451       -0.65031       0.835571
            911      -0.431297     0.00412507      -0.654503       0.834458
            921      -0.432637      0.0036217      -0.652949       0.833617
            931      -0.432819     0.00349915      -0.650118       0.829972
            941      -0.426997     0.00399655      -0.655638       0.826519
            951      -0.434746     0.00370638      -0.655588       0.824572
            961      -0.441548     0.00406161      -0.649592       0.826218
            971      -0.436452     0.00313368      -0.650156       0.821363
            981      -0.432474     0.00416613      -0.651316       0.819881
            991      -0.439567     0.00414673      -0.651343       0.811702
