0      -0.423896      -0.423896              0
1      -0.453165      -0.438531      0.0146348
2      -0.474987      -0.450683      0.0148008
3      -0.442907      -0.448739      0.0106447
4       -0.42453      -0.443897     0.00956184
5      -0.445252      -0.444123     0.00781048
6      -0.445989      -0.444389     0.00660644
7      -0.396945      -0.438459     0.00824048
8      -0.443203      -0.438986     0.00728651
9      -0.429728       -0.43806     0.00658268
10      -0.434063      -0.437697     0.00596533
11      -0.415705      -0.435864     0.00574569
12      -0.428601      -0.435305     0.00531472
13      -0.429747      -0.434908     0.00493646
14      -0.370546      -0.430618     0.00628734
15      -0.481234      -0.433781      0.0066781
16       -0.46433      -0.435578     0.00652529
17      -0.455581      -0.436689     0.00625166
18      -0.406013      -0.435075     0.00612993
19      -0.438875      -0.435265     0.00581846
20      -0.418754      -0.434479     0.00559003
21      -0.422746      -0.433945      0.0053565
22      -0.378909      -0.431552     0.00565004
23      -0.385626      -0.429639     0.00573799
24      -0.458301      -0.430785     0.00562183
25      -0.452991      -0.431639     0.00546839
26      -0.461413      -0.432742     0.00537626
27      -0.462201      -0.433794     0.00528645
28      -0.408863      -0.432935     0.00517284
29      -0.451911      -0.433567     0.00503731
30      -0.477345      -0.434979     0.00507265
31      -0.426205      -0.434705     0.00491922
32       -0.45101      -0.435199     0.00479335
33      -0.490665      -0.436831     0.00492808
34       -0.44767       -0.43714     0.00479522
35      -0.402154      -0.436168     0.00476037
36      -0.433343      -0.436092     0.00463055
37      -0.444607      -0.436316     0.00451262
38      -0.468824       -0.43715     0.00447372
39      -0.464802      -0.437841      0.0044149
40      -0.453795       -0.43823     0.00432342
41      -0.456488      -0.438665     0.00424156
42      -0.387062      -0.437465      0.0043121
43      -0.442077       -0.43757     0.00421426
44      -0.425198      -0.437295     0.00412871
45      -0.426248      -0.437054     0.00404509
46      -0.418265      -0.436655     0.00397823
47      -0.408526      -0.436069     0.00393831
48      -0.393638      -0.435203     0.00395311
49      -0.361218      -0.433723     0.00414626
50      -0.397999      -0.433023     0.00412407
51      -0.476692      -0.433862     0.00413026
52      -0.424564      -0.433687     0.00405538
53      -0.392213      -0.432919     0.00405301
54       -0.41257      -0.432549      0.0039958
55      -0.466701      -0.433159     0.00397091
56      -0.455103      -0.433544     0.00391957
57      -0.453831      -0.433894     0.00386725
58      -0.431153      -0.433847     0.00380142
59      -0.483585      -0.434676     0.00382836
60      -0.482146      -0.435454     0.00384466
61      -0.453597      -0.435747     0.00379344
62      -0.464079      -0.436197     0.00375973
63      -0.427594      -0.436062     0.00370296
64      -0.451038      -0.436293     0.00365282
65      -0.376314      -0.435384     0.00371007
66      -0.440881      -0.435466      0.0036552
67      -0.362533      -0.434393     0.00375737
68      -0.489071      -0.435186     0.00378637
69      -0.489571      -0.435963      0.0038119
70      -0.444372      -0.436081      0.0037597
71      -0.406789      -0.435674     0.00372937
72      -0.492096      -0.436447     0.00375826
73      -0.417448       -0.43619     0.00371601
74      -0.424228      -0.436031     0.00366959
75      -0.524459      -0.437194     0.00380333
76      -0.458663      -0.437473     0.00376395
77      -0.470307      -0.437894     0.00373915
78      -0.458738      -0.438158     0.00370094
79      -0.430166      -0.438058     0.00365575
80      -0.408478      -0.437693     0.00362876
81      -0.413247      -0.437395     0.00359661
82      -0.386649      -0.436783     0.00360523
83      -0.407449      -0.436434     0.00357913
84      -0.458463      -0.436693     0.00354625
85      -0.456678      -0.436926     0.00351247
86       -0.39234      -0.436413     0.00350948
87      -0.467442      -0.436766     0.00348724
88      -0.456036      -0.436982     0.00345463
89      -0.434424      -0.436954     0.00341615
90      -0.441193      -0.437001     0.00337872
91      -0.456403      -0.437211     0.00334844
92      -0.410017      -0.436919     0.00332512
93      -0.443763      -0.436992     0.00329037
94       -0.46459      -0.437282     0.00326848
95      -0.499418       -0.43793     0.00329839
96      -0.446443      -0.438017     0.00326538
97       -0.40954      -0.437727     0.00324493
98      -0.464284      -0.437995     0.00322317
99       -0.42356      -0.437851     0.00319404
