step          sigma             mu

0       0.629767       0.818646
1       0.634317        0.81406
2       0.638072        0.81651
3       0.638072        0.81651
4       0.637296       0.812804
5       0.641422       0.815533
6       0.636072       0.816039
7       0.636791       0.820669
8       0.637043       0.818372
9       0.636472       0.815904
10       0.636472       0.815904
11       0.635331       0.819843
12        0.62936       0.817893
13        0.63158       0.812125
14        0.63158       0.812125
15       0.633115       0.813581
16       0.637241       0.807722
17       0.637241       0.807722
18       0.631441        0.80239
19       0.636134       0.801366
20       0.630059       0.803456
21       0.630185       0.801173
22       0.632258       0.802209
23       0.632258       0.802209
24       0.632258       0.802209
25       0.629627       0.798737
26       0.635076       0.798484
27       0.635871       0.797993
28       0.635871       0.797993
29       0.630419        0.79322
30       0.631835       0.794609
31       0.636461       0.796046
32       0.630494       0.796944
33       0.628179       0.799134
34       0.621873        0.79568
35        0.61939       0.801332
36        0.61424       0.796456
37        0.61424       0.796456
38       0.607967        0.79036
39       0.614056       0.784822
40       0.610686       0.780675
41       0.613375       0.775755
42       0.610616        0.77012
43       0.609235       0.770652
44       0.608493       0.773244
45       0.610236       0.777579
46       0.607892       0.779007
47       0.607892       0.779007
48       0.609189       0.781153
49       0.613965       0.779575
50       0.619817         0.7742
51       0.619817         0.7742
52       0.618582       0.768241
53       0.618582       0.768241
54         0.6144        0.76222
55         0.6144        0.76222
56        0.61585        0.76756
57       0.613768        0.76236
58        0.61778       0.765226
59        0.61778       0.765226
60       0.622859       0.768733
61       0.620647       0.768265
62       0.625699       0.761758
63       0.625699       0.761758
64       0.621097        0.76547
65       0.620419       0.771924
66       0.618816       0.775308
67       0.620654        0.77701
68       0.623397       0.776455
69       0.627436       0.776106
70       0.620894       0.772946
71       0.616543       0.772029
72       0.621185       0.770963
73       0.615701       0.768009
74       0.614415       0.764672
75       0.617829       0.771294
76       0.617829       0.771294
77       0.617829       0.771294
78       0.613591       0.772909
79       0.616202       0.768526
80       0.616202       0.768526
81        0.61715       0.769865
82       0.619074       0.770008
83       0.614488       0.770691
84       0.615971       0.766158
85       0.612063       0.759679
86       0.612063       0.759679
87        0.61297       0.757537
88       0.616633       0.754327
89       0.623104       0.759358
90       0.622572       0.753075
91       0.621887       0.749588
92       0.621887       0.749588
93       0.620536       0.755979
94       0.625616       0.758369
95       0.625616       0.758369
96        0.63213       0.759647
97        0.63213       0.759647
98       0.637573       0.755467
99        0.63651       0.758376
100       0.633968       0.758439
101       0.627401       0.752005
102       0.627401       0.752005
103       0.623418       0.749189
104       0.620892       0.742699
105       0.626922       0.745935
106       0.627438        0.74828
107       0.625173       0.747738
108       0.621379       0.741156
109       0.624442       0.745172
110       0.624442       0.745172
111       0.624124       0.739914
112       0.618664       0.742356
113       0.621769       0.748636
114       0.616568       0.744749
115       0.614025       0.745666
116       0.607841       0.740069
117       0.607841       0.740069
118       0.607841       0.740069
119       0.614304       0.735345
120       0.618306         0.7409
121       0.618306         0.7409
122       0.619723       0.735388
123       0.619309       0.736754
124       0.623182       0.730581
125       0.626515       0.736592
126       0.628432       0.741722
127        0.62923       0.740825
128       0.629789       0.744322
129        0.62444       0.740215
130       0.623013       0.737185
131       0.620974       0.738692
132       0.617879       0.745022
133       0.621197       0.742525
134       0.618216       0.739518
135       0.618216       0.739518
136       0.623934       0.737509
137       0.627828       0.737851
138       0.623141       0.737039
139       0.628897       0.732086
140       0.622499       0.729866
141       0.622499       0.729866
142       0.617458        0.72805
143       0.623607       0.722748
144       0.624125       0.718927
145       0.624125       0.718927
146       0.630061       0.718435
147       0.633819       0.723243
148       0.633819       0.723243
149       0.637603       0.722572
150       0.635735       0.721459
151       0.633308       0.716538
152       0.632628       0.710273
153       0.628253       0.707624
154       0.626366       0.710941
155       0.625051       0.707822
156       0.625051       0.707822
157       0.626987       0.706545
158       0.626597       0.708241
159       0.625025       0.713621
160       0.621687       0.710544
161       0.621459       0.715778
162       0.625096       0.714494
163       0.628854       0.716108
164       0.628067        0.71009
165       0.624358       0.709549
166       0.625125       0.704891
167       0.624047        0.70694
168       0.622741       0.706714
169       0.628332       0.703042
170       0.625427       0.705341
171       0.626312       0.704107
172       0.626526       0.710188
173       0.622501       0.704604
174       0.626459       0.710988
175       0.631627       0.706924
176       0.637643       0.710695
177       0.632816       0.717271
178       0.638876       0.711608
179       0.640922       0.715339
180        0.64532       0.720487
181       0.643797       0.719752
182       0.640141       0.714073
183       0.640141       0.714073
184       0.640786       0.710379
185       0.644983       0.716161
186       0.644983       0.716161
187        0.64759       0.713863
188       0.649055       0.718835
189       0.649055       0.718835
190       0.651504       0.716935
191       0.645299       0.717417
192       0.645299       0.717417
193       0.651131       0.720152
194       0.651131       0.720152
195       0.647651       0.714515
196       0.647651       0.714515
197       0.649222       0.711193
198        0.64722       0.715936
199        0.64722       0.715936
200       0.640742       0.721476
201       0.640742       0.721476
202       0.636093       0.716559
203       0.633818       0.721409
204       0.631532       0.723614
205       0.631532       0.723614
206       0.636117       0.729872
207       0.636117       0.729872
208       0.629506       0.732214
209       0.624064       0.727606
210       0.620811       0.727016
211        0.62242        0.72775
212       0.618257       0.724414
213       0.619489       0.721794
214       0.614621       0.720702
215       0.611317       0.724311
216       0.606285       0.729598
217       0.610917       0.724293
218       0.615762       0.723765
219       0.611783       0.722883
220       0.611783       0.722883
221       0.615372        0.72457
222       0.615357       0.728165
223       0.614013       0.727882
224       0.614013       0.727882
225       0.612692       0.721349
226        0.61814        0.72447
227        0.61814        0.72447
228       0.620195       0.727947
229       0.624793       0.730072
230       0.624793       0.730072
231       0.628644       0.730833
232       0.631135       0.728344
233       0.633381       0.730084
234       0.633175        0.73372
235       0.633175        0.73372
236       0.626885       0.733505
237       0.625619       0.727583
238       0.621567       0.727199
239       0.623487       0.726625
240       0.620247       0.730491
241       0.625018       0.734348
242        0.62679       0.739378
243       0.621936       0.733927
244       0.622897       0.732378
245       0.622897       0.732378
246       0.628439       0.736317
247       0.631223       0.739564
248       0.631223       0.739564
249       0.631223       0.739564
250       0.633668       0.742352
251       0.628353       0.746749
252       0.628353       0.746749
253       0.628484       0.752879
254       0.628484       0.752879
255       0.628484       0.752879
256       0.630616       0.748287
257       0.631386       0.754282
258       0.634667        0.75989
259       0.638144       0.755848
260       0.636231       0.755062
261       0.636231       0.755062
262       0.630369       0.749575
263       0.630369       0.749575
264       0.633108       0.748907
265       0.637789       0.742363
266       0.639938       0.748972
267       0.638987       0.744934
268       0.638486       0.745022
269       0.634417       0.740589
270       0.634948       0.744017
271        0.63858       0.738055
272       0.645026       0.742155
273       0.643183       0.738134
274       0.643183       0.738134
275       0.642479       0.741159
276       0.638765       0.741175
277       0.636925       0.741267
278       0.630845       0.737412
279       0.627577       0.737045
280       0.621862       0.741718
281       0.624566       0.742507
282       0.623694       0.748973
283       0.620853       0.755226
284       0.622982       0.754441
285       0.622982       0.754441
286       0.619045       0.753435
287       0.622996       0.758322
288       0.623706       0.760058
289       0.623706       0.760058
290       0.625448       0.762623
291       0.625448       0.762623
292       0.631299       0.761146
293       0.629336       0.764569
294       0.632618        0.76015
295        0.63837       0.758373
296       0.642258       0.756829
297       0.643677       0.762077
298       0.640729       0.755485
299       0.642475       0.750566
300       0.639144       0.752722
301       0.632693       0.751815
302       0.638807       0.754303
303       0.642042       0.753432
304       0.636548       0.747009
305       0.639369       0.745685
306       0.639778       0.750648
307       0.644802       0.753574
308       0.651218       0.748461
309       0.651218       0.748461
310       0.651218       0.748461
311       0.651218       0.748461
312       0.646084        0.74683
313       0.646084        0.74683
314       0.651165       0.747763
315       0.651165       0.747763
316       0.653743       0.741972
317       0.660056       0.748044
318       0.660056       0.748044
319       0.661809       0.748272
320       0.663844       0.746495
321       0.668997       0.752771
322       0.668997       0.752771
323       0.667918       0.757772
324       0.667918       0.757772
325       0.661775       0.762976
326       0.660791       0.760371
327       0.665993       0.753848
328       0.662839       0.753787
329       0.667921       0.749567
330        0.66292       0.753785
331       0.668882       0.751873
332       0.668882       0.751873
333       0.668882       0.751873
334       0.666685        0.75307
335       0.666685        0.75307
336        0.66244       0.750315
337       0.656386       0.752683
338       0.651266       0.749756
339       0.650222       0.747509
340       0.648567       0.742352
341       0.648567       0.742352
342        0.65484       0.740689
343          0.658       0.740858
344          0.658       0.740858
345       0.664602       0.737453
346       0.664977       0.743694
347        0.66864       0.749513
348       0.674313       0.752654
349       0.668019       0.757186
350       0.673328       0.753953
351       0.673328       0.753953
352         0.6671       0.748294
353       0.672272       0.753449
354       0.672272       0.753449
355       0.676218       0.750822
356       0.676218       0.750822
357       0.679929       0.755088
358       0.679929       0.755088
359       0.674177       0.748752
360       0.677615       0.745763
361       0.673164       0.747824
362       0.678127       0.746001
363       0.673791       0.746463
364       0.670932       0.752049
365       0.670932       0.752049
366       0.669451        0.75447
367       0.675612       0.756645
368       0.677206       0.758432
369       0.675917       0.756879
370        0.67897       0.751821
371       0.676071       0.746255
372       0.672631       0.741987
373       0.672631       0.741987
374       0.667794       0.744075
375       0.666581       0.750462
376       0.661097       0.749163
377       0.655769       0.745623
378       0.655769       0.745623
379       0.653502       0.751356
380       0.646947       0.756321
381        0.64864       0.754734
382       0.642821       0.758857
383        0.64745       0.754339
384       0.646271       0.760883
385       0.652262       0.764512
386       0.652262       0.764512
387        0.64858       0.759896
388       0.644364       0.755428
389       0.644364       0.755428
390        0.64666        0.76059
391       0.644652       0.760924
392        0.64426       0.761549
393       0.645966       0.762631
394       0.647551       0.763042
395       0.646823       0.759279
396       0.644042       0.765869
397       0.647834       0.760606
398       0.643559       0.766411
399       0.645508         0.7606
400       0.642494       0.763294
401       0.642647       0.769642
402       0.640465       0.764639
403       0.635835       0.768768
404       0.631984       0.772489
405          0.634       0.773891
406       0.639281       0.780473
407       0.639281       0.780473
408       0.636658       0.785631
409       0.637848       0.787999
410       0.637848       0.787999
411       0.632409        0.78507
412       0.634975       0.779367
413       0.634975       0.779367
414       0.631736       0.782147
415       0.631736       0.782147
416       0.631736       0.782147
417       0.627983       0.781766
418       0.627983       0.781766
419       0.632773       0.787188
420       0.627814       0.789381
421       0.630461       0.794177
422       0.625848       0.791243
423       0.630684       0.785969
424       0.633745       0.786579
425       0.639302       0.786679
426       0.640725       0.790642
427       0.634953       0.784124
428       0.636526       0.784676
429       0.634637       0.789265
430       0.630889       0.795791
431       0.625825       0.801169
432       0.622078       0.795164
433       0.623279       0.794155
434       0.629352       0.796236
435       0.634602       0.802506
436        0.63091        0.80331
437       0.633257        0.80697
438       0.626963        0.81071
439       0.621227       0.813412
440        0.61913       0.810433
441       0.617613       0.808994
442       0.621879       0.813629
443       0.621879       0.813629
444       0.626041       0.815877
445       0.623021       0.820878
446       0.625096       0.826436
447       0.625096       0.826436
448       0.622381       0.832379
449       0.619277       0.832191
450       0.625659       0.825569
451       0.625659       0.825569
452       0.631875       0.828151
453        0.62853       0.830279
454       0.628184        0.83566
455       0.628184        0.83566
456       0.633641       0.832473
457       0.633641       0.832473
458         0.6312       0.835952
459       0.625038       0.837373
460       0.626963       0.840178
461       0.626963       0.840178
462       0.622104       0.838697
463       0.617275        0.83403
464       0.617275        0.83403
465       0.619618       0.836324
466        0.61815       0.842049
467        0.62052       0.838619
468       0.620736        0.84185
469       0.618112       0.844772
470       0.619121       0.842404
471        0.62468       0.845869
472        0.62468       0.845869
473        0.62741       0.850388
474        0.62741       0.850388
475       0.632872       0.852585
476       0.632872       0.852585
477       0.636589       0.849875
478       0.633575       0.844854
479       0.633575       0.844854
480       0.631115       0.846815
481       0.625889       0.843575
482       0.625889       0.843575
483       0.624052       0.839981
484       0.624052       0.839981
485       0.625198       0.841929
486       0.628453       0.846119
487       0.628453       0.846119
488       0.624172       0.843553
489       0.624172       0.843553
490       0.618308       0.837285
491       0.620142       0.838887
492       0.622633       0.842827
493       0.617324       0.837079
494       0.612174        0.83939
495       0.609672       0.844467
496       0.608145       0.845245
497       0.608145       0.845245
498       0.605382       0.846607
499       0.604909        0.84228
500       0.605271       0.848635
501       0.610248       0.849243
502       0.610248       0.849243
503       0.615929       0.851606
504       0.616642       0.846477
505       0.613705       0.848991
506       0.613705       0.848991
507       0.613327       0.852789
508       0.613327       0.852789
509       0.617958       0.848917
510       0.613057       0.850634
511       0.619281       0.850472
512       0.614802        0.85509
513       0.614289       0.861603
514       0.617516         0.8555
515       0.617516         0.8555
516       0.617516         0.8555
517       0.619905       0.860486
518       0.618071       0.864462
519        0.62126       0.861446
520        0.62126       0.861446
521        0.62767       0.863161
522       0.623031       0.867164
523       0.623031       0.867164
524       0.617617       0.868344
525       0.617617       0.868344
526       0.621953       0.863112
527       0.627822        0.85689
528       0.633338       0.858789
529        0.63844       0.858708
530        0.63844       0.858708
531        0.64307        0.85508
532       0.648757       0.851505
533       0.648757       0.851505
534       0.651337       0.854206
535       0.649176       0.851301
536       0.654038        0.84932
537       0.659306       0.848929
538       0.659565       0.854282
539       0.656659       0.860623
540       0.654889       0.857642
541       0.657055       0.858084
542       0.652848       0.853605
543       0.649057       0.853719
544       0.642945        0.85472
545       0.642515       0.858135
546       0.644127       0.863355
547       0.647603       0.864052
548       0.650747       0.857451
549       0.654191       0.856788
550       0.652032       0.855448
551       0.652745       0.852919
552       0.652745       0.852919
553       0.649769       0.859084
554       0.649769       0.859084
555       0.646736       0.853308
556       0.646736       0.853308
557       0.646736       0.853308
558       0.642645       0.859189
559       0.649066       0.854718
560       0.649066       0.854718
561       0.652511        0.84865
562       0.650863       0.855083
563       0.650276       0.857183
564       0.649288       0.861365
565       0.651849       0.861563
566       0.653294       0.856283
567       0.653445       0.855221
568       0.653445       0.855221
569       0.656491       0.855071
570       0.656491       0.855071
571       0.656159       0.857074
572       0.656389       0.855828
573       0.656719       0.855079
574        0.65562       0.855547
575       0.662063       0.850559
576       0.662063       0.850559
577       0.666514       0.854438
578       0.671286       0.860967
579       0.667986       0.860811
580       0.665452       0.857669
581       0.663125       0.860697
582       0.666014       0.855456
583       0.664762       0.856173
584       0.664762       0.856173
585       0.669896       0.853237
586       0.669896       0.853237
587       0.671164       0.853722
588       0.671164       0.853722
589       0.675407       0.849964
590       0.676686       0.850849
591       0.676686       0.850849
592       0.671067       0.851934
593       0.671067       0.851934
594       0.671821        0.85471
595       0.671821        0.85471
596       0.667786       0.850638
597       0.664322       0.845412
598       0.659161       0.842825
599       0.659161       0.842825
600       0.659862       0.839826
601       0.658454       0.845216
602       0.658454       0.845216
603       0.656798       0.846964
604        0.65956       0.852787
605        0.65956       0.852787
606       0.661244       0.851116
607       0.661937       0.846938
608        0.65672       0.849391
609        0.65672       0.849391
610       0.653497       0.850667
611       0.648381       0.846941
612        0.64407       0.848239
613       0.638754       0.850417
614       0.638754       0.850417
615       0.637289       0.856534
616       0.634724       0.852073
617       0.637621       0.851879
618       0.637621       0.851879
619       0.631231       0.858476
620       0.629034       0.859966
621       0.624918       0.855671
622       0.628524       0.851437
623       0.629516       0.849739
624       0.632694       0.853636
625       0.632694       0.853636
626       0.631182       0.856736
627       0.626199       0.858548
628       0.626194       0.852392
629       0.627225       0.846344
630       0.627225       0.846344
631       0.626096       0.843838
632       0.626982       0.840162
633       0.626982       0.840162
634       0.622278       0.841616
635        0.62541       0.842095
636        0.62541       0.842095
637       0.624072       0.842149
638       0.629119       0.843549
639       0.629119       0.843549
640       0.627806       0.839355
641       0.627806       0.839355
642        0.62603       0.841305
643       0.620887       0.840855
644       0.616594        0.83713
645       0.621058       0.830577
646       0.618067       0.824953
647       0.622656       0.827511
648       0.618126       0.825537
649       0.613017       0.831813
650       0.609716       0.830834
651       0.615588       0.828158
652       0.615588       0.828158
653       0.621443       0.833109
654       0.627037       0.839148
655       0.627037       0.839148
656       0.632686        0.83314
657       0.632686        0.83314
658        0.63558       0.838026
659       0.632637       0.834972
660       0.638805       0.833462
661       0.635916       0.838407
662       0.635916       0.838407
663       0.631361       0.832738
664       0.631361       0.832738
665       0.637752       0.837283
666       0.634042       0.830847
667        0.63479       0.834052
668       0.640594       0.837645
669        0.63629        0.84142
670       0.633701       0.838813
671       0.638091       0.842046
672       0.636936       0.838516
673       0.632683       0.834417
674       0.630402       0.837371
675       0.630402       0.837371
676       0.632476       0.836934
677       0.634204       0.835497
678       0.640707       0.834583
679       0.636027       0.830314
680       0.640921       0.826681
681       0.636395       0.829695
682       0.636395       0.829695
683       0.633411       0.832587
684       0.632951        0.82722
685       0.632951        0.82722
686       0.632951        0.82722
687       0.632951        0.82722
688       0.635094       0.823411
689       0.633283       0.825544
690        0.63936       0.822008
691       0.635757       0.822748
692       0.635757       0.822748
693       0.634149       0.819979
694       0.631199       0.820619
695       0.633673       0.814287
696       0.630968       0.808976
697       0.626623       0.814208
698       0.621973       0.814922
699       0.616771        0.81326
700       0.614508       0.817128
701       0.614508       0.817128
702       0.610494       0.819678
703        0.61482       0.818661
704       0.611676       0.822834
705       0.608006       0.816833
706       0.603604        0.81074
707       0.600077       0.812285
708       0.599624       0.810191
709       0.603277       0.811353
710       0.603176       0.816165
711       0.600142       0.819972
712       0.605265       0.817917
713       0.607418       0.815106
714       0.613946       0.816351
715       0.614235       0.812334
716       0.614235       0.812334
717       0.609751       0.811747
718       0.608646        0.81461
719       0.605012       0.818591
720       0.605012       0.818591
721       0.611181       0.821037
722       0.613815       0.826032
723       0.613815       0.826032
724       0.607589       0.824739
725       0.611576       0.826829
726       0.611576       0.826829
727       0.614122       0.826803
728       0.614122       0.826803
729       0.619512       0.827572
730       0.615538       0.831562
731        0.61788       0.830182
732        0.61788       0.830182
733        0.61985       0.825404
734       0.621979       0.824747
735       0.622413       0.831252
736       0.620419       0.825379
737       0.620657       0.824457
738       0.620657       0.824457
739       0.619353       0.822361
740       0.615552       0.817863
741       0.611924        0.81691
742       0.611342       0.820572
743       0.611342       0.820572
744       0.608902       0.816153
745       0.606661       0.812036
746       0.606623        0.80678
747       0.611772       0.804873
748       0.611772       0.804873
749       0.617949       0.806726
750       0.614446       0.806422
751       0.609873       0.812607
752        0.61494       0.818004
753        0.61494       0.818004
754        0.61823       0.812516
755        0.61823       0.812516
756       0.618287       0.818494
757       0.618629       0.822534
758       0.612575       0.818549
759        0.61868       0.814968
760       0.612464       0.821158
761       0.612464       0.821158
762       0.612694       0.815015
763       0.612694       0.815015
764       0.606629        0.81683
765       0.601585        0.81625
766       0.601585        0.81625
767       0.600505       0.820218
768       0.601767       0.823094
769       0.601767       0.823094
770       0.595397       0.821825
771       0.595679       0.828217
772       0.595001       0.829145
773       0.592238       0.827393
774       0.593522       0.831232
775       0.592137       0.828924
776       0.588205        0.83154
777       0.585647       0.831026
778       0.585647       0.831026
779        0.57921       0.831818
780       0.578942       0.829368
781       0.579945       0.826311
782       0.585269       0.831786
783       0.580137       0.825691
784       0.580565       0.821076
785       0.576021       0.826371
786       0.576021       0.826371
787       0.574654       0.826497
788       0.574654       0.826497
789       0.575917       0.820957
790       0.575673       0.823691
791       0.570624       0.818245
792       0.572655        0.81332
793       0.572655        0.81332
794       0.575495       0.816823
795       0.580433       0.813002
796       0.582329       0.811158
797       0.584228       0.816777
798       0.589473          0.819
799       0.595556       0.823283
800       0.595556       0.823283
801       0.590866       0.824112
802       0.595433       0.819541
803       0.589046       0.818642
804       0.591223        0.81293
805       0.590469       0.807608
806        0.59156        0.80808
807        0.59156        0.80808
808       0.587563       0.810099
809       0.587563       0.810099
810       0.590256       0.804202
811       0.590304       0.805726
812       0.596705       0.811228
813       0.600725       0.811237
814       0.603774       0.817441
815       0.609404       0.812366
816       0.613383       0.812771
817       0.611051       0.809054
818       0.613887       0.807036
819        0.61537        0.80571
820       0.610074       0.803371
821       0.607781       0.800034
822       0.610083       0.805789
823       0.613442       0.808917
824       0.613442       0.808917
825       0.616653       0.813741
826       0.616653       0.813741
827       0.615348        0.81048
828       0.621474       0.808837
829       0.619892         0.8112
830        0.62095       0.810268
831       0.625452        0.80559
832       0.621346       0.802627
833       0.618749       0.798412
834       0.612852       0.801756
835       0.619425       0.803918
836       0.618553        0.81045
837       0.621266       0.815227
838       0.625499       0.810765
839       0.628422       0.804737
840       0.628422       0.804737
841        0.63423       0.806208
842       0.630047       0.803988
843       0.624207        0.80969
844       0.622887       0.806949
845       0.622887       0.806949
846       0.619758       0.810058
847       0.615023       0.804082
848       0.615023       0.804082
849       0.612387       0.806262
850       0.614851       0.811855
851       0.621138       0.816586
852       0.626305       0.821161
853       0.626305       0.821161
854       0.629924       0.822779
855       0.628566        0.82089
856        0.62197       0.826604
857       0.623209       0.831239
858       0.623209       0.831239
859        0.61779       0.827147
860        0.61779       0.827147
861        0.61779       0.827147
862       0.623623       0.827458
863       0.623623       0.827458
864       0.624251       0.821935
865       0.621472        0.81885
866       0.621472        0.81885
867       0.625806       0.814015
868       0.624489       0.812332
869       0.625658       0.814347
870       0.625094       0.807747
871       0.625094       0.807747
872       0.625094       0.807747
873       0.623329       0.810906
874       0.629745       0.813479
875         0.6288       0.810157
876       0.624259       0.812686
877        0.62994       0.817048
878       0.624265       0.815771
879       0.624265       0.815771
880       0.618951       0.813824
881        0.62097       0.809669
882       0.614634       0.805761
883       0.614634       0.805761
884       0.621008       0.807303
885       0.621008       0.807303
886       0.617656       0.808917
887       0.623246       0.814274
888       0.623246       0.814274
889       0.619878       0.817833
890       0.614074       0.822914
891       0.616359       0.819167
892       0.613198       0.817714
893       0.617528        0.82428
894       0.612311       0.830506
895       0.605975       0.830722
896       0.602472         0.8315
897       0.605117       0.835054
898        0.61107       0.834349
899        0.61328       0.831336
900       0.612062       0.836872
901       0.606446       0.840532
902       0.604658        0.84458
903       0.604658        0.84458
904        0.61065       0.845758
905        0.61065       0.845758
906       0.614893       0.840431
907       0.618727       0.842713
908       0.615993       0.839304
909       0.616631       0.838618
910       0.613716       0.836149
911       0.614868       0.833328
912        0.61954       0.830822
913        0.62392       0.837221
914        0.62392       0.837221
915       0.622803       0.842496
916       0.622209       0.842424
917        0.61745       0.836862
918        0.61943       0.831794
919        0.61943       0.831794
920       0.622198       0.835065
921       0.622688       0.836328
922       0.618371       0.836472
923       0.621243       0.835665
924       0.622246       0.838728
925       0.626746       0.837981
926       0.627514        0.83702
927       0.627278       0.834377
928       0.629228        0.83974
929       0.629228        0.83974
930       0.633687        0.84616
931       0.635802       0.842793
932        0.63453       0.841388
933        0.64111       0.841543
934       0.646806       0.844204
935        0.64818       0.843445
936       0.650661       0.844938
937       0.650661       0.844938
938       0.647039        0.84802
939       0.647039        0.84802
940       0.643707        0.85136
941       0.644364        0.85277
942       0.646739       0.848327
943       0.643587         0.8482
944       0.643587         0.8482
945       0.640983       0.853983
946       0.636142       0.858699
947       0.636142       0.858699
948       0.636142       0.858699
949       0.634599       0.854205
950       0.634599       0.854205
951       0.631351       0.852028
952       0.628843       0.852664
953       0.632395       0.851502
954       0.632456        0.84645
955        0.63502       0.840692
956       0.633716       0.846462
957       0.632949       0.842604
958       0.639339       0.838586
959       0.640802       0.842406
960       0.642141       0.841519
961       0.642736        0.83827
962       0.642736        0.83827
963          0.645       0.837467
964        0.64876       0.833298
965       0.646649       0.829661
966       0.647688       0.834779
967        0.64364        0.83894
968       0.640927        0.83386
969       0.640927        0.83386
970       0.646029       0.836168
971        0.65216       0.836189
972        0.65216       0.836189
973       0.656346       0.836109
974       0.658137       0.836764
975       0.652113       0.841874
976       0.652113       0.841874
977       0.652405       0.844022
978       0.653115       0.841953
979       0.649916       0.846329
980       0.652686       0.847928
981       0.654609       0.847495
982       0.649772       0.846965
983       0.646811       0.841619
984         0.6415       0.847614
985       0.646599       0.850679
986       0.646599       0.850679
987       0.645033       0.850872
988       0.641771       0.849231
989       0.646085       0.854318
990        0.64624       0.856158
991        0.64624       0.856158
992       0.642198       0.852669
993       0.642198       0.852669
994       0.638896       0.858884
995       0.640054       0.862332
996       0.640054       0.862332
997         0.6423       0.857608
998         0.6423       0.857608
999       0.643787       0.858999
