0      -0.290819      -0.290819              0
1      -0.314518      -0.302669      0.0118494
2      -0.243507      -0.282948      0.0208734
3      -0.312802      -0.290412      0.0165394
4      -0.306249      -0.293579      0.0131972
5      -0.260418      -0.288052      0.0121102
6      -0.285355      -0.287667      0.0102422
7       -0.29706      -0.288841     0.00894739
8      -0.294149      -0.289431     0.00791286
9      -0.293484      -0.289836     0.00708908
10      -0.287676       -0.28964     0.00641532
11      -0.339562        -0.2938      0.0071836
12      -0.187678      -0.285637      0.0105025
13      -0.269519      -0.284486     0.00979137
14      -0.307624      -0.286028     0.00924488
15      -0.255213      -0.284102     0.00885966
16      -0.276951      -0.283682     0.00833282
17      -0.343712      -0.287017     0.00853482
18       -0.26442      -0.285827     0.00816026
19      -0.271152      -0.285093      0.0077762
20      -0.223537      -0.282162     0.00795629
21      -0.266246      -0.281439     0.00762045
22      -0.254485      -0.280267     0.00737529
23      -0.253502      -0.279152     0.00714882
24      -0.235923      -0.277422     0.00707157
25      -0.263903      -0.276902     0.00681402
26      -0.227325      -0.275066     0.00680905
27      -0.355886      -0.277953      0.0071682
28      -0.190308       -0.27493     0.00754807
29      -0.251329      -0.274144     0.00733444
30      -0.283657      -0.274451     0.00710054
31      -0.318496      -0.275827     0.00701149
32      -0.219221      -0.274112     0.00700885
33      -0.169032      -0.271021     0.00746901
34      -0.237691      -0.270069     0.00731472
35      -0.199723      -0.268115     0.00737231
36      -0.313424      -0.269339     0.00727411
37      -0.240752      -0.268587     0.00711995
38       -0.32895      -0.270135     0.00710561
39      -0.293937       -0.27073     0.00695121
40      -0.215173      -0.269375     0.00691364
41      -0.260867      -0.269172     0.00675006
42      -0.247772      -0.268675     0.00660998
43      -0.311418      -0.269646     0.00653066
44      -0.287665      -0.270046     0.00639643
45      -0.261013       -0.26985     0.00625891
46      -0.329794      -0.271125     0.00625569
47      -0.282592      -0.271364     0.00612863
48       -0.25252       -0.27098     0.00601456
49      -0.249615      -0.270552     0.00590852
50      -0.243187      -0.270016     0.00581631
51      -0.318857      -0.270955     0.00578018
52       -0.29635      -0.271434     0.00569028
53      -0.337098       -0.27265     0.00571478
54      -0.267254      -0.272552     0.00561077
55      -0.304933       -0.27313     0.00553993
56      -0.231479        -0.2724     0.00549071
57      -0.267107      -0.272308     0.00539598
58      -0.189456      -0.270904      0.0054865
59      -0.126529      -0.268498     0.00590663
60      -0.246963      -0.268145     0.00581971
61      -0.339885      -0.269302     0.00584084
62      -0.313372      -0.270001     0.00578979
63      -0.323828      -0.270843     0.00576034
64       -0.23508      -0.270292     0.00569765
65      -0.243544      -0.269887     0.00562528
66      -0.318902      -0.270619     0.00558877
67      -0.313129      -0.271244     0.00554134
68      -0.292024      -0.271545     0.00546874
69      -0.359947      -0.272808     0.00553602
70      -0.195965      -0.271726     0.00556377
71      -0.274834      -0.271769     0.00548613
72      -0.288449      -0.271997     0.00541527
73       -0.23856      -0.271545     0.00536067
74      -0.274095      -0.271579     0.00528882
75      -0.300314      -0.271957     0.00523245
76      -0.298016      -0.272296     0.00517512
77      -0.236602      -0.271838      0.0051288
78      -0.255364       -0.27163     0.00506776
79      -0.214396      -0.270914     0.00505489
80      -0.316009      -0.271471     0.00502304
81      -0.166153      -0.270187     0.00512496
82      -0.292594      -0.270457     0.00507003
83      -0.284922      -0.270629     0.00501226
84      -0.325336      -0.271272     0.00499459
85      -0.271422      -0.271274     0.00493617
86      -0.301319      -0.271619     0.00489131
87      -0.292501      -0.271857     0.00484122
88      -0.269984      -0.271836     0.00478657
89      -0.321713       -0.27239     0.00476542
90      -0.303339       -0.27273     0.00472501
91      -0.152509      -0.271423     0.00485263
92      -0.242956      -0.271117     0.00480992
93      -0.271731      -0.271124     0.00475848
94      -0.287513      -0.271296     0.00471128
95      -0.338334      -0.271995     0.00471396
96      -0.287176      -0.272151     0.00466773
97      -0.314456      -0.272583     0.00463998
98      -0.283548      -0.272693     0.00459421
99      -0.237903      -0.272346     0.00456132
