Generation 0
Best distance: 811.034
Best path:
-86.3006 32.3777
-92.289 34.7466
-157.857 21.3074
-119.766 39.1639
-123.03 44.9385
-96.6997 40.8081
-97.7403 30.2747
-104.985 39.7392
-84.8754 38.1867
-112.018 46.5857
-97.5033 35.4922
-77.4336 37.5389
-78.6391 35.7804
-93.6037 41.5911
-100.783 46.8209
-71.0637 42.3582
-72.5805 44.2624
-76.4909 38.9788
-111.888 40.7775
-121.494 38.5767
-112.097 33.4481
-100.346 44.367
-116.2 43.6178
-134.42 58.3016
-86.7842 36.1658
-91.1874 30.4571
-81.6123 38.3362
-69.7817 44.3072
-82.9991 39.9613
-71.415 41.8309
-92.1729 38.5792
-105.94 35.6822
-122.905 47.0358
-86.1626 39.7686
-84.5553 42.7336
-72.6822 41.764
-75.5197 39.1573
-84.3882 33.749
-74.7699 40.2206
-71.538 43.2069
-89.655 39.7984
-84.2813 30.4381
-95.678 39.0482
-89.3844 43.0747
-81.0332 34.0003
-90.1821 32.3038
-76.8836 40.2644
-73.7579 42.6528
-93.1022 44.9551
-86.3006 32.3777

Generation 1
Best distance: 810.111
Best path:
-86.3006 32.3777
-97.7403 30.2747
-84.8754 38.1867
-112.018 46.5857
-84.5553 42.7336
-86.7842 36.1658
-84.2813 30.4381
-69.7817 44.3072
-93.6037 41.5911
-100.346 44.367
-95.678 39.0482
-74.7699 40.2206
-76.8836 40.2644
-86.1626 39.7686
-82.9991 39.9613
-157.857 21.3074
-116.2 43.6178
-122.905 47.0358
-71.538 43.2069
-71.415 41.8309
-92.289 34.7466
-134.42 58.3016
-89.655 39.7984
-81.0332 34.0003
-73.7579 42.6528
-77.4336 37.5389
-78.6391 35.7804
-90.1821 32.3038
-112.097 33.4481
-92.1729 38.5792
-97.5033 35.4922
-111.888 40.7775
-105.94 35.6822
-104.985 39.7392
-93.1022 44.9551
-84.3882 33.749
-100.783 46.8209
-96.6997 40.8081
-119.766 39.1639
-123.03 44.9385
-121.494 38.5767
-91.1874 30.4571
-72.5805 44.2624
-76.4909 38.9788
-71.0637 42.3582
-75.5197 39.1573
-72.6822 41.764
-81.6123 38.3362
-89.3844 43.0747
-86.3006 32.3777

Generation 10
Best distance: 674.63
Best path:
-86.3006 32.3777
-75.5197 39.1573
-72.5805 44.2624
-78.6391 35.7804
-76.4909 38.9788
-89.655 39.7984
-105.94 35.6822
-84.8754 38.1867
-86.7842 36.1658
-77.4336 37.5389
-81.6123 38.3362
-76.8836 40.2644
-71.415 41.8309
-92.1729 38.5792
-81.0332 34.0003
-84.2813 30.4381
-97.7403 30.2747
-92.289 34.7466
-95.678 39.0482
-134.42 58.3016
-122.905 47.0358
-104.985 39.7392
-112.018 46.5857
-74.7699 40.2206
-89.3844 43.0747
-93.6037 41.5911
-97.5033 35.4922
-73.7579 42.6528
-71.0637 42.3582
-72.6822 41.764
-84.5553 42.7336
-157.857 21.3074
-116.2 43.6178
-100.783 46.8209
-111.888 40.7775
-119.766 39.1639
-123.03 44.9385
-121.494 38.5767
-112.097 33.4481
-90.1821 32.3038
-91.1874 30.4571
-93.1022 44.9551
-84.3882 33.749
-71.538 43.2069
-69.7817 44.3072
-82.9991 39.9613
-86.1626 39.7686
-100.346 44.367
-96.6997 40.8081
-86.3006 32.3777

Generation 20
Best distance: 591.691
Best path:
-86.3006 32.3777
-81.6123 38.3362
-84.8754 38.1867
-84.2813 30.4381
-92.1729 38.5792
-89.655 39.7984
-75.5197 39.1573
-76.4909 38.9788
-91.1874 30.4571
-86.7842 36.1658
-97.5033 35.4922
-104.985 39.7392
-157.857 21.3074
-134.42 58.3016
-116.2 43.6178
-122.905 47.0358
-112.018 46.5857
-95.678 39.0482
-72.6822 41.764
-78.6391 35.7804
-92.289 34.7466
-81.0332 34.0003
-77.4336 37.5389
-73.7579 42.6528
-84.5553 42.7336
-112.097 33.4481
-105.94 35.6822
-97.7403 30.2747
-100.346 44.367
-90.1821 32.3038
-96.6997 40.8081
-100.783 46.8209
-111.888 40.7775
-119.766 39.1639
-123.03 44.9385
-121.494 38.5767
-93.1022 44.9551
-93.6037 41.5911
-89.3844 43.0747
-71.0637 42.3582
-82.9991 39.9613
-71.415 41.8309
-86.1626 39.7686
-76.8836 40.2644
-74.7699 40.2206
-69.7817 44.3072
-72.5805 44.2624
-71.538 43.2069
-84.3882 33.749
-86.3006 32.3777

Generation 30
Best distance: 555.466
Best path:
-86.3006 32.3777
-84.3882 33.749
-84.8754 38.1867
-73.7579 42.6528
-86.7842 36.1658
-84.2813 30.4381
-90.1821 32.3038
-91.1874 30.4571
-76.8836 40.2644
-74.7699 40.2206
-75.5197 39.1573
-71.0637 42.3582
-89.3844 43.0747
-93.6037 41.5911
-93.1022 44.9551
-100.783 46.8209
-96.6997 40.8081
-84.5553 42.7336
-77.4336 37.5389
-81.0332 34.0003
-78.6391 35.7804
-72.6822 41.764
-112.018 46.5857
-122.905 47.0358
-104.985 39.7392
-123.03 44.9385
-119.766 39.1639
-111.888 40.7775
-100.346 44.367
-95.678 39.0482
-92.289 34.7466
-97.7403 30.2747
-105.94 35.6822
-112.097 33.4481
-116.2 43.6178
-134.42 58.3016
-157.857 21.3074
-121.494 38.5767
-76.4909 38.9788
-71.415 41.8309
-92.1729 38.5792
-97.5033 35.4922
-89.655 39.7984
-86.1626 39.7686
-81.6123 38.3362
-82.9991 39.9613
-72.5805 44.2624
-71.538 43.2069
-69.7817 44.3072
-86.3006 32.3777

Generation 40
Best distance: 510.856
Best path:
-86.3006 32.3777
-84.2813 30.4381
-86.7842 36.1658
-93.6037 41.5911
-97.5033 35.4922
-72.5805 44.2624
-73.7579 42.6528
-84.8754 38.1867
-92.1729 38.5792
-116.2 43.6178
-157.857 21.3074
-134.42 58.3016
-122.905 47.0358
-112.018 46.5857
-105.94 35.6822
-112.097 33.4481
-100.783 46.8209
-111.888 40.7775
-119.766 39.1639
-123.03 44.9385
-121.494 38.5767
-104.985 39.7392
-93.1022 44.9551
-72.6822 41.764
-74.7699 40.2206
-75.5197 39.1573
-76.4909 38.9788
-78.6391 35.7804
-81.0332 34.0003
-97.7403 30.2747
-92.289 34.7466
-86.1626 39.7686
-95.678 39.0482
-100.346 44.367
-96.6997 40.8081
-84.3882 33.749
-90.1821 32.3038
-91.1874 30.4571
-81.6123 38.3362
-89.655 39.7984
-89.3844 43.0747
-82.9991 39.9613
-84.5553 42.7336
-76.8836 40.2644
-71.415 41.8309
-77.4336 37.5389
-71.538 43.2069
-71.0637 42.3582
-69.7817 44.3072
-86.3006 32.3777

Generation 50
Best distance: 492.512
Best path:
-86.3006 32.3777
-84.5553 42.7336
-92.289 34.7466
-97.7403 30.2747
-95.678 39.0482
-93.1022 44.9551
-72.6822 41.764
-69.7817 44.3072
-71.538 43.2069
-72.5805 44.2624
-96.6997 40.8081
-93.6037 41.5911
-100.346 44.367
-97.5033 35.4922
-81.0332 34.0003
-78.6391 35.7804
-74.7699 40.2206
-75.5197 39.1573
-81.6123 38.3362
-84.8754 38.1867
-86.1626 39.7686
-104.985 39.7392
-121.494 38.5767
-112.097 33.4481
-105.94 35.6822
-112.018 46.5857
-122.905 47.0358
-134.42 58.3016
-157.857 21.3074
-116.2 43.6178
-123.03 44.9385
-119.766 39.1639
-111.888 40.7775
-100.783 46.8209
-92.1729 38.5792
-89.3844 43.0747
-86.7842 36.1658
-84.2813 30.4381
-89.655 39.7984
-91.1874 30.4571
-90.1821 32.3038
-71.415 41.8309
-76.4909 38.9788
-76.8836 40.2644
-73.7579 42.6528
-77.4336 37.5389
-71.0637 42.3582
-82.9991 39.9613
-84.3882 33.749
-86.3006 32.3777

Generation 60
Best distance: 455.177
Best path:
-86.3006 32.3777
-92.289 34.7466
-97.7403 30.2747
-93.1022 44.9551
-100.346 44.367
-95.678 39.0482
-97.5033 35.4922
-100.783 46.8209
-84.5553 42.7336
-74.7699 40.2206
-75.5197 39.1573
-81.0332 34.0003
-91.1874 30.4571
-90.1821 32.3038
-72.6822 41.764
-69.7817 44.3072
-71.538 43.2069
-72.5805 44.2624
-78.6391 35.7804
-81.6123 38.3362
-84.8754 38.1867
-86.1626 39.7686
-104.985 39.7392
-121.494 38.5767
-112.097 33.4481
-105.94 35.6822
-112.018 46.5857
-122.905 47.0358
-134.42 58.3016
-157.857 21.3074
-116.2 43.6178
-123.03 44.9385
-119.766 39.1639
-111.888 40.7775
-96.6997 40.8081
-93.6037 41.5911
-92.1729 38.5792
-89.3844 43.0747
-86.7842 36.1658
-84.2813 30.4381
-89.655 39.7984
-76.4909 38.9788
-77.4336 37.5389
-71.415 41.8309
-71.0637 42.3582
-73.7579 42.6528
-76.8836 40.2644
-82.9991 39.9613
-84.3882 33.749
-86.3006 32.3777

Generation 70
Best distance: 464.076
Best path:
-86.3006 32.3777
-104.985 39.7392
-121.494 38.5767
-112.097 33.4481
-105.94 35.6822
-112.018 46.5857
-122.905 47.0358
-134.42 58.3016
-157.857 21.3074
-116.2 43.6178
-123.03 44.9385
-119.766 39.1639
-111.888 40.7775
-100.783 46.8209
-100.346 44.367
-97.5033 35.4922
-97.7403 30.2747
-91.1874 30.4571
-90.1821 32.3038
-92.289 34.7466
-89.655 39.7984
-92.1729 38.5792
-93.1022 44.9551
-95.678 39.0482
-96.6997 40.8081
-81.0332 34.0003
-81.6123 38.3362
-69.7817 44.3072
-84.5553 42.7336
-74.7699 40.2206
-75.5197 39.1573
-76.4909 38.9788
-78.6391 35.7804
-86.1626 39.7686
-72.6822 41.764
-71.538 43.2069
-72.5805 44.2624
-86.7842 36.1658
-89.3844 43.0747
-84.2813 30.4381
-84.8754 38.1867
-93.6037 41.5911
-82.9991 39.9613
-76.8836 40.2644
-77.4336 37.5389
-73.7579 42.6528
-71.415 41.8309
-71.0637 42.3582
-84.3882 33.749
-86.3006 32.3777

Generation 80
Best distance: 423.388
Best path:
-86.3006 32.3777
-90.1821 32.3038
-91.1874 30.4571
-95.678 39.0482
-93.1022 44.9551
-100.346 44.367
-97.5033 35.4922
-97.7403 30.2747
-86.1626 39.7686
-84.5553 42.7336
-84.8754 38.1867
-81.0332 34.0003
-78.6391 35.7804
-74.7699 40.2206
-75.5197 39.1573
-76.8836 40.2644
-81.6123 38.3362
-86.7842 36.1658
-84.2813 30.4381
-104.985 39.7392
-121.494 38.5767
-112.097 33.4481
-105.94 35.6822
-100.783 46.8209
-111.888 40.7775
-119.766 39.1639
-123.03 44.9385
-116.2 43.6178
-157.857 21.3074
-134.42 58.3016
-122.905 47.0358
-112.018 46.5857
-96.6997 40.8081
-93.6037 41.5911
-89.3844 43.0747
-92.289 34.7466
-92.1729 38.5792
-89.655 39.7984
-82.9991 39.9613
-76.4909 38.9788
-71.0637 42.3582
-72.6822 41.764
-69.7817 44.3072
-71.538 43.2069
-72.5805 44.2624
-71.415 41.8309
-77.4336 37.5389
-73.7579 42.6528
-84.3882 33.749
-86.3006 32.3777

Generation 90
Best distance: 428.65
Best path:
-86.3006 32.3777
-90.1821 32.3038
-91.1874 30.4571
-95.678 39.0482
-93.1022 44.9551
-100.346 44.367
-97.5033 35.4922
-97.7403 30.2747
-86.1626 39.7686
-84.5553 42.7336
-81.0332 34.0003
-78.6391 35.7804
-74.7699 40.2206
-75.5197 39.1573
-76.8836 40.2644
-86.7842 36.1658
-84.2813 30.4381
-92.289 34.7466
-104.985 39.7392
-121.494 38.5767
-112.097 33.4481
-105.94 35.6822
-100.783 46.8209
-111.888 40.7775
-119.766 39.1639
-123.03 44.9385
-116.2 43.6178
-157.857 21.3074
-134.42 58.3016
-122.905 47.0358
-112.018 46.5857
-96.6997 40.8081
-93.6037 41.5911
-89.3844 43.0747
-89.655 39.7984
-92.1729 38.5792
-84.8754 38.1867
-81.6123 38.3362
-72.5805 44.2624
-72.6822 41.764
-71.415 41.8309
-71.538 43.2069
-69.7817 44.3072
-77.4336 37.5389
-82.9991 39.9613
-76.4909 38.9788
-71.0637 42.3582
-73.7579 42.6528
-84.3882 33.749
-86.3006 32.3777

Generation 100
Best distance: 409.62
Best path:
-86.3006 32.3777
-90.1821 32.3038
-95.678 39.0482
-100.346 44.367
-93.1022 44.9551
-84.5553 42.7336
-86.1626 39.7686
-81.0332 34.0003
-78.6391 35.7804
-74.7699 40.2206
-75.5197 39.1573
-76.8836 40.2644
-89.655 39.7984
-97.5033 35.4922
-97.7403 30.2747
-91.1874 30.4571
-92.289 34.7466
-86.7842 36.1658
-84.2813 30.4381
-96.6997 40.8081
-89.3844 43.0747
-104.985 39.7392
-105.94 35.6822
-112.018 46.5857
-122.905 47.0358
-134.42 58.3016
-157.857 21.3074
-121.494 38.5767
-112.097 33.4481
-116.2 43.6178
-123.03 44.9385
-119.766 39.1639
-111.888 40.7775
-100.783 46.8209
-93.6037 41.5911
-92.1729 38.5792
-84.8754 38.1867
-81.6123 38.3362
-82.9991 39.9613
-76.4909 38.9788
-71.415 41.8309
-71.0637 42.3582
-69.7817 44.3072
-71.538 43.2069
-72.6822 41.764
-72.5805 44.2624
-77.4336 37.5389
-73.7579 42.6528
-84.3882 33.749
-86.3006 32.3777

Generation 110
Best distance: 402.273
Best path:
-86.3006 32.3777
-81.0332 34.0003
-78.6391 35.7804
-74.7699 40.2206
-75.5197 39.1573
-76.8836 40.2644
-76.4909 38.9788
-84.8754 38.1867
-97.7403 30.2747
-105.94 35.6822
-112.097 33.4481
-121.494 38.5767
-104.985 39.7392
-112.018 46.5857
-119.766 39.1639
-123.03 44.9385
-122.905 47.0358
-134.42 58.3016
-157.857 21.3074
-116.2 43.6178
-111.888 40.7775
-100.783 46.8209
-100.346 44.367
-97.5033 35.4922
-86.7842 36.1658
-81.6123 38.3362
-86.1626 39.7686
-82.9991 39.9613
-93.1022 44.9551
-95.678 39.0482
-91.1874 30.4571
-90.1821 32.3038
-84.2813 30.4381
-96.6997 40.8081
-93.6037 41.5911
-89.3844 43.0747
-92.1729 38.5792
-92.289 34.7466
-89.655 39.7984
-84.5553 42.7336
-71.0637 42.3582
-71.538 43.2069
-73.7579 42.6528
-72.5805 44.2624
-72.6822 41.764
-69.7817 44.3072
-71.415 41.8309
-77.4336 37.5389
-84.3882 33.749
-86.3006 32.3777

Generation 120
Best distance: 399.444
Best path:
-86.3006 32.3777
-89.655 39.7984
-92.1729 38.5792
-84.5553 42.7336
-84.8754 38.1867
-82.9991 39.9613
-81.0332 34.0003
-78.6391 35.7804
-97.7403 30.2747
-105.94 35.6822
-112.097 33.4481
-121.494 38.5767
-104.985 39.7392
-112.018 46.5857
-119.766 39.1639
-123.03 44.9385
-122.905 47.0358
-134.42 58.3016
-157.857 21.3074
-116.2 43.6178
-111.888 40.7775
-100.783 46.8209
-100.346 44.367
-97.5033 35.4922
-84.2813 30.4381
-90.1821 32.3038
-91.1874 30.4571
-86.7842 36.1658
-93.1022 44.9551
-95.678 39.0482
-96.6997 40.8081
-92.289 34.7466
-86.1626 39.7686
-93.6037 41.5911
-89.3844 43.0747
-81.6123 38.3362
-76.4909 38.9788
-74.7699 40.2206
-75.5197 39.1573
-76.8836 40.2644
-71.415 41.8309
-71.0637 42.3582
-73.7579 42.6528
-72.5805 44.2624
-72.6822 41.764
-69.7817 44.3072
-71.538 43.2069
-77.4336 37.5389
-84.3882 33.749
-86.3006 32.3777

Generation 130
Best distance: 392.439
Best path:
-86.3006 32.3777
-90.1821 32.3038
-91.1874 30.4571
-81.0332 34.0003
-84.2813 30.4381
-78.6391 35.7804
-76.8836 40.2644
-89.3844 43.0747
-95.678 39.0482
-92.289 34.7466
-89.655 39.7984
-84.5553 42.7336
-93.1022 44.9551
-96.6997 40.8081
-93.6037 41.5911
-97.5033 35.4922
-100.346 44.367
-100.783 46.8209
-111.888 40.7775
-116.2 43.6178
-157.857 21.3074
-134.42 58.3016
-122.905 47.0358
-123.03 44.9385
-119.766 39.1639
-112.018 46.5857
-104.985 39.7392
-121.494 38.5767
-112.097 33.4481
-105.94 35.6822
-97.7403 30.2747
-92.1729 38.5792
-84.8754 38.1867
-82.9991 39.9613
-86.1626 39.7686
-81.6123 38.3362
-86.7842 36.1658
-74.7699 40.2206
-75.5197 39.1573
-76.4909 38.9788
-71.415 41.8309
-71.0637 42.3582
-73.7579 42.6528
-72.5805 44.2624
-69.7817 44.3072
-72.6822 41.764
-71.538 43.2069
-77.4336 37.5389
-84.3882 33.749
-86.3006 32.3777

Generation 140
Best distance: 367.601
Best path:
-86.3006 32.3777
-81.0332 34.0003
-78.6391 35.7804
-76.8836 40.2644
-84.5553 42.7336
-95.678 39.0482
-97.5033 35.4922
-92.289 34.7466
-91.1874 30.4571
-90.1821 32.3038
-84.2813 30.4381
-97.7403 30.2747
-105.94 35.6822
-112.097 33.4481
-121.494 38.5767
-104.985 39.7392
-112.018 46.5857
-119.766 39.1639
-123.03 44.9385
-122.905 47.0358
-134.42 58.3016
-157.857 21.3074
-116.2 43.6178
-111.888 40.7775
-100.783 46.8209
-100.346 44.367
-93.1022 44.9551
-96.6997 40.8081
-93.6037 41.5911
-92.1729 38.5792
-84.8754 38.1867
-82.9991 39.9613
-89.655 39.7984
-89.3844 43.0747
-86.1626 39.7686
-86.7842 36.1658
-81.6123 38.3362
-76.4909 38.9788
-74.7699 40.2206
-75.5197 39.1573
-71.415 41.8309
-71.0637 42.3582
-73.7579 42.6528
-72.5805 44.2624
-72.6822 41.764
-69.7817 44.3072
-71.538 43.2069
-77.4336 37.5389
-84.3882 33.749
-86.3006 32.3777

Generation 150
Best distance: 349.829
Best path:
-86.3006 32.3777
-76.8836 40.2644
-78.6391 35.7804
-81.0332 34.0003
-84.2813 30.4381
-95.678 39.0482
-97.5033 35.4922
-92.289 34.7466
-91.1874 30.4571
-90.1821 32.3038
-84.5553 42.7336
-93.1022 44.9551
-96.6997 40.8081
-93.6037 41.5911
-100.346 44.367
-100.783 46.8209
-111.888 40.7775
-116.2 43.6178
-123.03 44.9385
-119.766 39.1639
-121.494 38.5767
-157.857 21.3074
-134.42 58.3016
-122.905 47.0358
-112.018 46.5857
-104.985 39.7392
-112.097 33.4481
-105.94 35.6822
-97.7403 30.2747
-92.1729 38.5792
-89.655 39.7984
-89.3844 43.0747
-86.1626 39.7686
-86.7842 36.1658
-84.8754 38.1867
-82.9991 39.9613
-81.6123 38.3362
-76.4909 38.9788
-74.7699 40.2206
-75.5197 39.1573
-71.415 41.8309
-71.0637 42.3582
-69.7817 44.3072
-72.5805 44.2624
-72.6822 41.764
-73.7579 42.6528
-71.538 43.2069
-77.4336 37.5389
-84.3882 33.749
-86.3006 32.3777

Generation 160
Best distance: 330.465
Best path:
-86.3006 32.3777
-81.0332 34.0003
-78.6391 35.7804
-76.8836 40.2644
-84.5553 42.7336
-84.2813 30.4381
-90.1821 32.3038
-91.1874 30.4571
-92.289 34.7466
-97.5033 35.4922
-95.678 39.0482
-93.1022 44.9551
-96.6997 40.8081
-93.6037 41.5911
-100.346 44.367
-100.783 46.8209
-111.888 40.7775
-116.2 43.6178
-119.766 39.1639
-121.494 38.5767
-157.857 21.3074
-134.42 58.3016
-122.905 47.0358
-123.03 44.9385
-112.018 46.5857
-104.985 39.7392
-112.097 33.4481
-105.94 35.6822
-97.7403 30.2747
-92.1729 38.5792
-89.655 39.7984
-89.3844 43.0747
-86.1626 39.7686
-86.7842 36.1658
-84.8754 38.1867
-82.9991 39.9613
-81.6123 38.3362
-76.4909 38.9788
-74.7699 40.2206
-75.5197 39.1573
-71.415 41.8309
-71.0637 42.3582
-69.7817 44.3072
-72.6822 41.764
-73.7579 42.6528
-72.5805 44.2624
-71.538 43.2069
-77.4336 37.5389
-84.3882 33.749
-86.3006 32.3777

Generation 170
Best distance: 329.387
Best path:
-86.3006 32.3777
-81.0332 34.0003
-78.6391 35.7804
-76.8836 40.2644
-84.5553 42.7336
-84.2813 30.4381
-90.1821 32.3038
-91.1874 30.4571
-92.289 34.7466
-97.5033 35.4922
-95.678 39.0482
-93.1022 44.9551
-96.6997 40.8081
-93.6037 41.5911
-100.346 44.367
-100.783 46.8209
-111.888 40.7775
-116.2 43.6178
-119.766 39.1639
-121.494 38.5767
-157.857 21.3074
-134.42 58.3016
-122.905 47.0358
-123.03 44.9385
-112.018 46.5857
-104.985 39.7392
-112.097 33.4481
-105.94 35.6822
-97.7403 30.2747
-92.1729 38.5792
-89.655 39.7984
-89.3844 43.0747
-86.1626 39.7686
-86.7842 36.1658
-84.8754 38.1867
-82.9991 39.9613
-81.6123 38.3362
-76.4909 38.9788
-74.7699 40.2206
-75.5197 39.1573
-71.415 41.8309
-71.0637 42.3582
-72.6822 41.764
-73.7579 42.6528
-72.5805 44.2624
-69.7817 44.3072
-71.538 43.2069
-77.4336 37.5389
-84.3882 33.749
-86.3006 32.3777

Generation 180
Best distance: 322.73
Best path:
-86.3006 32.3777
-81.0332 34.0003
-78.6391 35.7804
-84.5553 42.7336
-84.2813 30.4381
-90.1821 32.3038
-91.1874 30.4571
-92.289 34.7466
-97.5033 35.4922
-95.678 39.0482
-96.6997 40.8081
-93.1022 44.9551
-93.6037 41.5911
-100.346 44.367
-100.783 46.8209
-111.888 40.7775
-116.2 43.6178
-119.766 39.1639
-121.494 38.5767
-157.857 21.3074
-134.42 58.3016
-122.905 47.0358
-123.03 44.9385
-112.018 46.5857
-104.985 39.7392
-112.097 33.4481
-105.94 35.6822
-97.7403 30.2747
-92.1729 38.5792
-89.655 39.7984
-89.3844 43.0747
-86.1626 39.7686
-86.7842 36.1658
-84.8754 38.1867
-82.9991 39.9613
-81.6123 38.3362
-76.8836 40.2644
-76.4909 38.9788
-74.7699 40.2206
-75.5197 39.1573
-71.415 41.8309
-71.0637 42.3582
-72.6822 41.764
-73.7579 42.6528
-72.5805 44.2624
-69.7817 44.3072
-71.538 43.2069
-77.4336 37.5389
-84.3882 33.749
-86.3006 32.3777

Generation 190
Best distance: 316.981
Best path:
-86.3006 32.3777
-84.5553 42.7336
-78.6391 35.7804
-81.0332 34.0003
-84.2813 30.4381
-90.1821 32.3038
-91.1874 30.4571
-92.289 34.7466
-97.5033 35.4922
-95.678 39.0482
-93.6037 41.5911
-93.1022 44.9551
-96.6997 40.8081
-100.346 44.367
-100.783 46.8209
-111.888 40.7775
-116.2 43.6178
-119.766 39.1639
-121.494 38.5767
-157.857 21.3074
-134.42 58.3016
-122.905 47.0358
-123.03 44.9385
-112.018 46.5857
-104.985 39.7392
-112.097 33.4481
-105.94 35.6822
-97.7403 30.2747
-92.1729 38.5792
-89.655 39.7984
-89.3844 43.0747
-86.1626 39.7686
-86.7842 36.1658
-84.8754 38.1867
-82.9991 39.9613
-81.6123 38.3362
-76.8836 40.2644
-76.4909 38.9788
-75.5197 39.1573
-74.7699 40.2206
-71.415 41.8309
-71.0637 42.3582
-72.6822 41.764
-73.7579 42.6528
-72.5805 44.2624
-69.7817 44.3072
-71.538 43.2069
-77.4336 37.5389
-84.3882 33.749
-86.3006 32.3777

Generation 200
Best distance: 306.926
Best path:
-86.3006 32.3777
-78.6391 35.7804
-81.0332 34.0003
-84.2813 30.4381
-90.1821 32.3038
-91.1874 30.4571
-92.289 34.7466
-95.678 39.0482
-93.6037 41.5911
-93.1022 44.9551
-96.6997 40.8081
-100.346 44.367
-100.783 46.8209
-111.888 40.7775
-116.2 43.6178
-119.766 39.1639
-121.494 38.5767
-157.857 21.3074
-134.42 58.3016
-122.905 47.0358
-123.03 44.9385
-112.018 46.5857
-104.985 39.7392
-112.097 33.4481
-105.94 35.6822
-97.7403 30.2747
-97.5033 35.4922
-92.1729 38.5792
-89.655 39.7984
-89.3844 43.0747
-84.5553 42.7336
-86.1626 39.7686
-86.7842 36.1658
-84.8754 38.1867
-82.9991 39.9613
-81.6123 38.3362
-76.8836 40.2644
-76.4909 38.9788
-75.5197 39.1573
-74.7699 40.2206
-71.415 41.8309
-71.0637 42.3582
-72.6822 41.764
-73.7579 42.6528
-72.5805 44.2624
-69.7817 44.3072
-71.538 43.2069
-77.4336 37.5389
-84.3882 33.749
-86.3006 32.3777

Generation 210
Best distance: 300.356
Best path:
-86.3006 32.3777
-81.6123 38.3362
-82.9991 39.9613
-84.8754 38.1867
-86.7842 36.1658
-86.1626 39.7686
-84.5553 42.7336
-89.3844 43.0747
-89.655 39.7984
-92.1729 38.5792
-97.5033 35.4922
-97.7403 30.2747
-105.94 35.6822
-112.097 33.4481
-112.018 46.5857
-116.2 43.6178
-123.03 44.9385
-122.905 47.0358
-134.42 58.3016
-157.857 21.3074
-121.494 38.5767
-119.766 39.1639
-111.888 40.7775
-104.985 39.7392
-100.783 46.8209
-100.346 44.367
-96.6997 40.8081
-93.1022 44.9551
-93.6037 41.5911
-95.678 39.0482
-92.289 34.7466
-91.1874 30.4571
-90.1821 32.3038
-84.2813 30.4381
-81.0332 34.0003
-78.6391 35.7804
-76.8836 40.2644
-76.4909 38.9788
-75.5197 39.1573
-74.7699 40.2206
-71.415 41.8309
-71.0637 42.3582
-72.6822 41.764
-73.7579 42.6528
-72.5805 44.2624
-69.7817 44.3072
-71.538 43.2069
-77.4336 37.5389
-84.3882 33.749
-86.3006 32.3777

Generation 220
Best distance: 300.356
Best path:
-86.3006 32.3777
-81.6123 38.3362
-82.9991 39.9613
-84.8754 38.1867
-86.7842 36.1658
-86.1626 39.7686
-84.5553 42.7336
-89.3844 43.0747
-89.655 39.7984
-92.1729 38.5792
-97.5033 35.4922
-97.7403 30.2747
-105.94 35.6822
-112.097 33.4481
-112.018 46.5857
-116.2 43.6178
-123.03 44.9385
-122.905 47.0358
-134.42 58.3016
-157.857 21.3074
-121.494 38.5767
-119.766 39.1639
-111.888 40.7775
-104.985 39.7392
-100.783 46.8209
-100.346 44.367
-96.6997 40.8081
-93.1022 44.9551
-93.6037 41.5911
-95.678 39.0482
-92.289 34.7466
-91.1874 30.4571
-90.1821 32.3038
-84.2813 30.4381
-81.0332 34.0003
-78.6391 35.7804
-76.8836 40.2644
-76.4909 38.9788
-75.5197 39.1573
-74.7699 40.2206
-71.415 41.8309
-71.0637 42.3582
-72.6822 41.764
-73.7579 42.6528
-72.5805 44.2624
-69.7817 44.3072
-71.538 43.2069
-77.4336 37.5389
-84.3882 33.749
-86.3006 32.3777

Generation 230
Best distance: 294.713
Best path:
-86.3006 32.3777
-84.2813 30.4381
-90.1821 32.3038
-91.1874 30.4571
-92.289 34.7466
-93.6037 41.5911
-93.1022 44.9551
-96.6997 40.8081
-100.346 44.367
-100.783 46.8209
-104.985 39.7392
-111.888 40.7775
-119.766 39.1639
-121.494 38.5767
-157.857 21.3074
-134.42 58.3016
-122.905 47.0358
-123.03 44.9385
-116.2 43.6178
-112.018 46.5857
-112.097 33.4481
-105.94 35.6822
-97.7403 30.2747
-97.5033 35.4922
-95.678 39.0482
-92.1729 38.5792
-89.655 39.7984
-89.3844 43.0747
-84.5553 42.7336
-86.1626 39.7686
-86.7842 36.1658
-84.8754 38.1867
-82.9991 39.9613
-81.6123 38.3362
-81.0332 34.0003
-78.6391 35.7804
-76.8836 40.2644
-76.4909 38.9788
-75.5197 39.1573
-74.7699 40.2206
-71.415 41.8309
-71.0637 42.3582
-72.6822 41.764
-73.7579 42.6528
-72.5805 44.2624
-69.7817 44.3072
-71.538 43.2069
-77.4336 37.5389
-84.3882 33.749
-86.3006 32.3777

Generation 240
Best distance: 288.837
Best path:
-86.3006 32.3777
-84.2813 30.4381
-91.1874 30.4571
-90.1821 32.3038
-92.289 34.7466
-95.678 39.0482
-93.6037 41.5911
-93.1022 44.9551
-96.6997 40.8081
-100.346 44.367
-100.783 46.8209
-104.985 39.7392
-111.888 40.7775
-112.018 46.5857
-116.2 43.6178
-123.03 44.9385
-122.905 47.0358
-134.42 58.3016
-157.857 21.3074
-121.494 38.5767
-119.766 39.1639
-112.097 33.4481
-105.94 35.6822
-97.7403 30.2747
-97.5033 35.4922
-92.1729 38.5792
-89.655 39.7984
-89.3844 43.0747
-84.5553 42.7336
-86.1626 39.7686
-86.7842 36.1658
-84.8754 38.1867
-82.9991 39.9613
-81.6123 38.3362
-81.0332 34.0003
-78.6391 35.7804
-76.8836 40.2644
-76.4909 38.9788
-75.5197 39.1573
-74.7699 40.2206
-71.415 41.8309
-71.0637 42.3582
-72.6822 41.764
-73.7579 42.6528
-72.5805 44.2624
-69.7817 44.3072
-71.538 43.2069
-77.4336 37.5389
-84.3882 33.749
-86.3006 32.3777

Generation 250
Best distance: 288.837
Best path:
-86.3006 32.3777
-84.2813 30.4381
-91.1874 30.4571
-90.1821 32.3038
-92.289 34.7466
-95.678 39.0482
-93.6037 41.5911
-93.1022 44.9551
-96.6997 40.8081
-100.346 44.367
-100.783 46.8209
-104.985 39.7392
-111.888 40.7775
-112.018 46.5857
-116.2 43.6178
-123.03 44.9385
-122.905 47.0358
-134.42 58.3016
-157.857 21.3074
-121.494 38.5767
-119.766 39.1639
-112.097 33.4481
-105.94 35.6822
-97.7403 30.2747
-97.5033 35.4922
-92.1729 38.5792
-89.655 39.7984
-89.3844 43.0747
-84.5553 42.7336
-86.1626 39.7686
-86.7842 36.1658
-84.8754 38.1867
-82.9991 39.9613
-81.6123 38.3362
-81.0332 34.0003
-78.6391 35.7804
-76.8836 40.2644
-76.4909 38.9788
-75.5197 39.1573
-74.7699 40.2206
-71.415 41.8309
-71.0637 42.3582
-72.6822 41.764
-73.7579 42.6528
-72.5805 44.2624
-69.7817 44.3072
-71.538 43.2069
-77.4336 37.5389
-84.3882 33.749
-86.3006 32.3777

Generation 260
Best distance: 288.357
Best path:
-86.3006 32.3777
-84.2813 30.4381
-91.1874 30.4571
-90.1821 32.3038
-92.289 34.7466
-95.678 39.0482
-93.6037 41.5911
-93.1022 44.9551
-96.6997 40.8081
-100.346 44.367
-100.783 46.8209
-104.985 39.7392
-111.888 40.7775
-112.018 46.5857
-116.2 43.6178
-123.03 44.9385
-122.905 47.0358
-134.42 58.3016
-157.857 21.3074
-121.494 38.5767
-119.766 39.1639
-112.097 33.4481
-105.94 35.6822
-97.7403 30.2747
-97.5033 35.4922
-92.1729 38.5792
-89.655 39.7984
-89.3844 43.0747
-84.5553 42.7336
-86.1626 39.7686
-86.7842 36.1658
-84.8754 38.1867
-82.9991 39.9613
-81.6123 38.3362
-77.4336 37.5389
-78.6391 35.7804
-76.8836 40.2644
-76.4909 38.9788
-75.5197 39.1573
-74.7699 40.2206
-71.415 41.8309
-71.0637 42.3582
-72.6822 41.764
-73.7579 42.6528
-72.5805 44.2624
-69.7817 44.3072
-71.538 43.2069
-81.0332 34.0003
-84.3882 33.749
-86.3006 32.3777

Generation 270
Best distance: 288.357
Best path:
-86.3006 32.3777
-84.3882 33.749
-81.0332 34.0003
-71.538 43.2069
-69.7817 44.3072
-72.5805 44.2624
-73.7579 42.6528
-72.6822 41.764
-71.0637 42.3582
-71.415 41.8309
-74.7699 40.2206
-75.5197 39.1573
-76.4909 38.9788
-76.8836 40.2644
-78.6391 35.7804
-77.4336 37.5389
-81.6123 38.3362
-82.9991 39.9613
-84.8754 38.1867
-86.7842 36.1658
-86.1626 39.7686
-84.5553 42.7336
-89.3844 43.0747
-89.655 39.7984
-92.1729 38.5792
-97.5033 35.4922
-97.7403 30.2747
-105.94 35.6822
-112.097 33.4481
-119.766 39.1639
-121.494 38.5767
-157.857 21.3074
-134.42 58.3016
-122.905 47.0358
-123.03 44.9385
-116.2 43.6178
-112.018 46.5857
-111.888 40.7775
-104.985 39.7392
-100.783 46.8209
-100.346 44.367
-96.6997 40.8081
-93.1022 44.9551
-93.6037 41.5911
-95.678 39.0482
-92.289 34.7466
-90.1821 32.3038
-91.1874 30.4571
-84.2813 30.4381
-86.3006 32.3777

Generation 280
Best distance: 288.357
Best path:
-86.3006 32.3777
-84.3882 33.749
-81.0332 34.0003
-71.538 43.2069
-69.7817 44.3072
-72.5805 44.2624
-73.7579 42.6528
-72.6822 41.764
-71.0637 42.3582
-71.415 41.8309
-74.7699 40.2206
-75.5197 39.1573
-76.4909 38.9788
-76.8836 40.2644
-78.6391 35.7804
-77.4336 37.5389
-81.6123 38.3362
-82.9991 39.9613
-84.8754 38.1867
-86.7842 36.1658
-86.1626 39.7686
-84.5553 42.7336
-89.3844 43.0747
-89.655 39.7984
-92.1729 38.5792
-97.5033 35.4922
-97.7403 30.2747
-105.94 35.6822
-112.097 33.4481
-119.766 39.1639
-121.494 38.5767
-157.857 21.3074
-134.42 58.3016
-122.905 47.0358
-123.03 44.9385
-116.2 43.6178
-112.018 46.5857
-111.888 40.7775
-104.985 39.7392
-100.783 46.8209
-100.346 44.367
-96.6997 40.8081
-93.1022 44.9551
-93.6037 41.5911
-95.678 39.0482
-92.289 34.7466
-90.1821 32.3038
-91.1874 30.4571
-84.2813 30.4381
-86.3006 32.3777

Generation 290
Best distance: 287.877
Best path:
-86.3006 32.3777
-84.2813 30.4381
-91.1874 30.4571
-90.1821 32.3038
-92.289 34.7466
-92.1729 38.5792
-93.6037 41.5911
-93.1022 44.9551
-96.6997 40.8081
-100.346 44.367
-100.783 46.8209
-104.985 39.7392
-111.888 40.7775
-112.018 46.5857
-116.2 43.6178
-123.03 44.9385
-122.905 47.0358
-134.42 58.3016
-157.857 21.3074
-121.494 38.5767
-119.766 39.1639
-112.097 33.4481
-105.94 35.6822
-97.7403 30.2747
-97.5033 35.4922
-95.678 39.0482
-89.655 39.7984
-89.3844 43.0747
-84.5553 42.7336
-86.1626 39.7686
-86.7842 36.1658
-84.8754 38.1867
-82.9991 39.9613
-81.6123 38.3362
-77.4336 37.5389
-78.6391 35.7804
-76.8836 40.2644
-76.4909 38.9788
-75.5197 39.1573
-74.7699 40.2206
-71.415 41.8309
-71.0637 42.3582
-72.6822 41.764
-73.7579 42.6528
-72.5805 44.2624
-69.7817 44.3072
-71.538 43.2069
-81.0332 34.0003
-84.3882 33.749
-86.3006 32.3777

Generation 300
Best distance: 287.612
Best path:
-86.3006 32.3777
-84.2813 30.4381
-91.1874 30.4571
-90.1821 32.3038
-92.289 34.7466
-92.1729 38.5792
-93.6037 41.5911
-93.1022 44.9551
-96.6997 40.8081
-100.346 44.367
-100.783 46.8209
-104.985 39.7392
-111.888 40.7775
-112.018 46.5857
-116.2 43.6178
-123.03 44.9385
-122.905 47.0358
-134.42 58.3016
-157.857 21.3074
-121.494 38.5767
-119.766 39.1639
-112.097 33.4481
-105.94 35.6822
-97.7403 30.2747
-97.5033 35.4922
-95.678 39.0482
-89.655 39.7984
-89.3844 43.0747
-84.5553 42.7336
-86.1626 39.7686
-86.7842 36.1658
-84.8754 38.1867
-82.9991 39.9613
-81.6123 38.3362
-77.4336 37.5389
-78.6391 35.7804
-76.8836 40.2644
-76.4909 38.9788
-75.5197 39.1573
-74.7699 40.2206
-72.6822 41.764
-71.415 41.8309
-71.0637 42.3582
-73.7579 42.6528
-72.5805 44.2624
-69.7817 44.3072
-71.538 43.2069
-81.0332 34.0003
-84.3882 33.749
-86.3006 32.3777

Generation 310
Best distance: 284.981
Best path:
-86.3006 32.3777
-86.3006 32.3777
-91.1874 30.4571
-90.1821 32.3038
-92.289 34.7466
-92.1729 38.5792
-93.6037 41.5911
-93.1022 44.9551
-96.6997 40.8081
-100.346 44.367
-100.783 46.8209
-104.985 39.7392
-111.888 40.7775
-112.018 46.5857
-116.2 43.6178
-123.03 44.9385
-122.905 47.0358
-134.42 58.3016
-157.857 21.3074
-121.494 38.5767
-119.766 39.1639
-112.097 33.4481
-105.94 35.6822
-97.7403 30.2747
-97.5033 35.4922
-95.678 39.0482
-89.655 39.7984
-89.3844 43.0747
-84.5553 42.7336
-86.1626 39.7686
-86.7842 36.1658
-84.8754 38.1867
-82.9991 39.9613
-81.6123 38.3362
-77.4336 37.5389
-78.6391 35.7804
-76.8836 40.2644
-76.4909 38.9788
-75.5197 39.1573
-74.7699 40.2206
-72.6822 41.764
-71.415 41.8309
-71.0637 42.3582
-71.538 43.2069
-72.5805 44.2624
-69.7817 44.3072
-73.7579 42.6528
-81.0332 34.0003
-84.3882 33.749
-84.2813 30.4381

Generation 320
Best distance: 285.483
Best path:
-86.3006 32.3777
-84.2813 30.4381
-91.1874 30.4571
-90.1821 32.3038
-92.289 34.7466
-92.1729 38.5792
-93.6037 41.5911
-93.1022 44.9551
-96.6997 40.8081
-100.346 44.367
-100.783 46.8209
-104.985 39.7392
-111.888 40.7775
-112.018 46.5857
-116.2 43.6178
-123.03 44.9385
-122.905 47.0358
-134.42 58.3016
-157.857 21.3074
-121.494 38.5767
-119.766 39.1639
-112.097 33.4481
-105.94 35.6822
-97.7403 30.2747
-97.5033 35.4922
-95.678 39.0482
-89.655 39.7984
-89.3844 43.0747
-84.5553 42.7336
-86.1626 39.7686
-86.7842 36.1658
-84.8754 38.1867
-82.9991 39.9613
-81.6123 38.3362
-77.4336 37.5389
-78.6391 35.7804
-76.4909 38.9788
-76.8836 40.2644
-75.5197 39.1573
-74.7699 40.2206
-72.6822 41.764
-71.415 41.8309
-71.0637 42.3582
-71.538 43.2069
-72.5805 44.2624
-69.7817 44.3072
-73.7579 42.6528
-81.0332 34.0003
-84.3882 33.749
-86.3006 32.3777

Generation 330
Best distance: 283.76
Best path:
-86.3006 32.3777
-84.2813 30.4381
-91.1874 30.4571
-90.1821 32.3038
-92.289 34.7466
-92.1729 38.5792
-93.6037 41.5911
-93.1022 44.9551
-96.6997 40.8081
-100.346 44.367
-100.783 46.8209
-104.985 39.7392
-111.888 40.7775
-112.018 46.5857
-116.2 43.6178
-123.03 44.9385
-122.905 47.0358
-134.42 58.3016
-157.857 21.3074
-121.494 38.5767
-119.766 39.1639
-112.097 33.4481
-105.94 35.6822
-97.7403 30.2747
-97.5033 35.4922
-95.678 39.0482
-89.655 39.7984
-89.3844 43.0747
-84.5553 42.7336
-86.1626 39.7686
-86.7842 36.1658
-84.8754 38.1867
-82.9991 39.9613
-81.6123 38.3362
-77.4336 37.5389
-78.6391 35.7804
-76.4909 38.9788
-76.8836 40.2644
-75.5197 39.1573
-74.7699 40.2206
-72.6822 41.764
-71.415 41.8309
-71.0637 42.3582
-71.538 43.2069
-69.7817 44.3072
-72.5805 44.2624
-73.7579 42.6528
-81.0332 34.0003
-84.3882 33.749
-86.3006 32.3777

Generation 340
Best distance: 281.295
Best path:
-86.3006 32.3777
-84.2813 30.4381
-91.1874 30.4571
-90.1821 32.3038
-92.289 34.7466
-92.1729 38.5792
-93.6037 41.5911
-93.1022 44.9551
-96.6997 40.8081
-100.346 44.367
-100.783 46.8209
-104.985 39.7392
-111.888 40.7775
-112.018 46.5857
-116.2 43.6178
-123.03 44.9385
-122.905 47.0358
-134.42 58.3016
-157.857 21.3074
-121.494 38.5767
-119.766 39.1639
-112.097 33.4481
-105.94 35.6822
-97.7403 30.2747
-97.5033 35.4922
-95.678 39.0482
-89.655 39.7984
-89.3844 43.0747
-84.5553 42.7336
-86.1626 39.7686
-86.7842 36.1658
-84.8754 38.1867
-82.9991 39.9613
-81.6123 38.3362
-78.6391 35.7804
-77.4336 37.5389
-76.4909 38.9788
-76.8836 40.2644
-75.5197 39.1573
-74.7699 40.2206
-72.6822 41.764
-71.415 41.8309
-71.0637 42.3582
-71.538 43.2069
-69.7817 44.3072
-72.5805 44.2624
-73.7579 42.6528
-81.0332 34.0003
-84.3882 33.749
-86.3006 32.3777

Generation 350
Best distance: 281.295
Best path:
-86.3006 32.3777
-84.3882 33.749
-81.0332 34.0003
-73.7579 42.6528
-72.5805 44.2624
-69.7817 44.3072
-71.538 43.2069
-71.0637 42.3582
-71.415 41.8309
-72.6822 41.764
-74.7699 40.2206
-75.5197 39.1573
-76.8836 40.2644
-76.4909 38.9788
-77.4336 37.5389
-78.6391 35.7804
-81.6123 38.3362
-82.9991 39.9613
-84.8754 38.1867
-86.7842 36.1658
-86.1626 39.7686
-84.5553 42.7336
-89.3844 43.0747
-89.655 39.7984
-95.678 39.0482
-97.5033 35.4922
-97.7403 30.2747
-105.94 35.6822
-112.097 33.4481
-119.766 39.1639
-121.494 38.5767
-157.857 21.3074
-134.42 58.3016
-122.905 47.0358
-123.03 44.9385
-116.2 43.6178
-112.018 46.5857
-111.888 40.7775
-104.985 39.7392
-100.783 46.8209
-100.346 44.367
-96.6997 40.8081
-93.1022 44.9551
-93.6037 41.5911
-92.1729 38.5792
-92.289 34.7466
-90.1821 32.3038
-91.1874 30.4571
-84.2813 30.4381
-86.3006 32.3777

Generation 360
Best distance: 281.295
Best path:
-86.3006 32.3777
-84.3882 33.749
-81.0332 34.0003
-73.7579 42.6528
-72.5805 44.2624
-69.7817 44.3072
-71.538 43.2069
-71.0637 42.3582
-71.415 41.8309
-72.6822 41.764
-74.7699 40.2206
-75.5197 39.1573
-76.8836 40.2644
-76.4909 38.9788
-77.4336 37.5389
-78.6391 35.7804
-81.6123 38.3362
-82.9991 39.9613
-84.8754 38.1867
-86.7842 36.1658
-86.1626 39.7686
-84.5553 42.7336
-89.3844 43.0747
-89.655 39.7984
-95.678 39.0482
-97.5033 35.4922
-97.7403 30.2747
-105.94 35.6822
-112.097 33.4481
-119.766 39.1639
-121.494 38.5767
-157.857 21.3074
-134.42 58.3016
-122.905 47.0358
-123.03 44.9385
-116.2 43.6178
-112.018 46.5857
-111.888 40.7775
-104.985 39.7392
-100.783 46.8209
-100.346 44.367
-96.6997 40.8081
-93.1022 44.9551
-93.6037 41.5911
-92.1729 38.5792
-92.289 34.7466
-90.1821 32.3038
-91.1874 30.4571
-84.2813 30.4381
-86.3006 32.3777

Generation 370
Best distance: 281.295
Best path:
-86.3006 32.3777
-84.3882 33.749
-81.0332 34.0003
-73.7579 42.6528
-72.5805 44.2624
-69.7817 44.3072
-71.538 43.2069
-71.0637 42.3582
-71.415 41.8309
-72.6822 41.764
-74.7699 40.2206
-75.5197 39.1573
-76.8836 40.2644
-76.4909 38.9788
-77.4336 37.5389
-78.6391 35.7804
-81.6123 38.3362
-82.9991 39.9613
-84.8754 38.1867
-86.7842 36.1658
-86.1626 39.7686
-84.5553 42.7336
-89.3844 43.0747
-89.655 39.7984
-95.678 39.0482
-97.5033 35.4922
-97.7403 30.2747
-105.94 35.6822
-112.097 33.4481
-119.766 39.1639
-121.494 38.5767
-157.857 21.3074
-134.42 58.3016
-122.905 47.0358
-123.03 44.9385
-116.2 43.6178
-112.018 46.5857
-111.888 40.7775
-104.985 39.7392
-100.783 46.8209
-100.346 44.367
-96.6997 40.8081
-93.1022 44.9551
-93.6037 41.5911
-92.1729 38.5792
-92.289 34.7466
-90.1821 32.3038
-91.1874 30.4571
-84.2813 30.4381
-86.3006 32.3777

Generation 380
Best distance: 281.295
Best path:
-86.3006 32.3777
-84.3882 33.749
-81.0332 34.0003
-73.7579 42.6528
-72.5805 44.2624
-69.7817 44.3072
-71.538 43.2069
-71.0637 42.3582
-71.415 41.8309
-72.6822 41.764
-74.7699 40.2206
-75.5197 39.1573
-76.8836 40.2644
-76.4909 38.9788
-77.4336 37.5389
-78.6391 35.7804
-81.6123 38.3362
-82.9991 39.9613
-84.8754 38.1867
-86.7842 36.1658
-86.1626 39.7686
-84.5553 42.7336
-89.3844 43.0747
-89.655 39.7984
-95.678 39.0482
-97.5033 35.4922
-97.7403 30.2747
-105.94 35.6822
-112.097 33.4481
-119.766 39.1639
-121.494 38.5767
-157.857 21.3074
-134.42 58.3016
-122.905 47.0358
-123.03 44.9385
-116.2 43.6178
-112.018 46.5857
-111.888 40.7775
-104.985 39.7392
-100.783 46.8209
-100.346 44.367
-96.6997 40.8081
-93.1022 44.9551
-93.6037 41.5911
-92.1729 38.5792
-92.289 34.7466
-90.1821 32.3038
-91.1874 30.4571
-84.2813 30.4381
-86.3006 32.3777

Generation 390
Best distance: 281.295
Best path:
-86.3006 32.3777
-84.2813 30.4381
-91.1874 30.4571
-90.1821 32.3038
-92.289 34.7466
-92.1729 38.5792
-93.6037 41.5911
-93.1022 44.9551
-96.6997 40.8081
-100.346 44.367
-100.783 46.8209
-104.985 39.7392
-111.888 40.7775
-112.018 46.5857
-116.2 43.6178
-123.03 44.9385
-122.905 47.0358
-134.42 58.3016
-157.857 21.3074
-121.494 38.5767
-119.766 39.1639
-112.097 33.4481
-105.94 35.6822
-97.7403 30.2747
-97.5033 35.4922
-95.678 39.0482
-89.655 39.7984
-89.3844 43.0747
-84.5553 42.7336
-86.1626 39.7686
-86.7842 36.1658
-84.8754 38.1867
-82.9991 39.9613
-81.6123 38.3362
-78.6391 35.7804
-77.4336 37.5389
-76.4909 38.9788
-76.8836 40.2644
-75.5197 39.1573
-74.7699 40.2206
-72.6822 41.764
-71.415 41.8309
-71.0637 42.3582
-71.538 43.2069
-69.7817 44.3072
-72.5805 44.2624
-73.7579 42.6528
-81.0332 34.0003
-84.3882 33.749
-86.3006 32.3777

Generation 400
Best distance: 281.295
Best path:
-86.3006 32.3777
-84.3882 33.749
-81.0332 34.0003
-73.7579 42.6528
-72.5805 44.2624
-69.7817 44.3072
-71.538 43.2069
-71.0637 42.3582
-71.415 41.8309
-72.6822 41.764
-74.7699 40.2206
-75.5197 39.1573
-76.8836 40.2644
-76.4909 38.9788
-77.4336 37.5389
-78.6391 35.7804
-81.6123 38.3362
-82.9991 39.9613
-84.8754 38.1867
-86.7842 36.1658
-86.1626 39.7686
-84.5553 42.7336
-89.3844 43.0747
-89.655 39.7984
-95.678 39.0482
-97.5033 35.4922
-97.7403 30.2747
-105.94 35.6822
-112.097 33.4481
-119.766 39.1639
-121.494 38.5767
-157.857 21.3074
-134.42 58.3016
-122.905 47.0358
-123.03 44.9385
-116.2 43.6178
-112.018 46.5857
-111.888 40.7775
-104.985 39.7392
-100.783 46.8209
-100.346 44.367
-96.6997 40.8081
-93.1022 44.9551
-93.6037 41.5911
-92.1729 38.5792
-92.289 34.7466
-90.1821 32.3038
-91.1874 30.4571
-84.2813 30.4381
-86.3006 32.3777

Generation 410
Best distance: 281.295
Best path:
-86.3006 32.3777
-84.3882 33.749
-81.0332 34.0003
-73.7579 42.6528
-72.5805 44.2624
-69.7817 44.3072
-71.538 43.2069
-71.0637 42.3582
-71.415 41.8309
-72.6822 41.764
-74.7699 40.2206
-75.5197 39.1573
-76.8836 40.2644
-76.4909 38.9788
-77.4336 37.5389
-78.6391 35.7804
-81.6123 38.3362
-82.9991 39.9613
-84.8754 38.1867
-86.7842 36.1658
-86.1626 39.7686
-84.5553 42.7336
-89.3844 43.0747
-89.655 39.7984
-95.678 39.0482
-97.5033 35.4922
-97.7403 30.2747
-105.94 35.6822
-112.097 33.4481
-119.766 39.1639
-121.494 38.5767
-157.857 21.3074
-134.42 58.3016
-122.905 47.0358
-123.03 44.9385
-116.2 43.6178
-112.018 46.5857
-111.888 40.7775
-104.985 39.7392
-100.783 46.8209
-100.346 44.367
-96.6997 40.8081
-93.1022 44.9551
-93.6037 41.5911
-92.1729 38.5792
-92.289 34.7466
-90.1821 32.3038
-91.1874 30.4571
-84.2813 30.4381
-86.3006 32.3777

Generation 420
Best distance: 281.295
Best path:
-86.3006 32.3777
-84.3882 33.749
-81.0332 34.0003
-73.7579 42.6528
-72.5805 44.2624
-69.7817 44.3072
-71.538 43.2069
-71.0637 42.3582
-71.415 41.8309
-72.6822 41.764
-74.7699 40.2206
-75.5197 39.1573
-76.8836 40.2644
-76.4909 38.9788
-77.4336 37.5389
-78.6391 35.7804
-81.6123 38.3362
-82.9991 39.9613
-84.8754 38.1867
-86.7842 36.1658
-86.1626 39.7686
-84.5553 42.7336
-89.3844 43.0747
-89.655 39.7984
-95.678 39.0482
-97.5033 35.4922
-97.7403 30.2747
-105.94 35.6822
-112.097 33.4481
-119.766 39.1639
-121.494 38.5767
-157.857 21.3074
-134.42 58.3016
-122.905 47.0358
-123.03 44.9385
-116.2 43.6178
-112.018 46.5857
-111.888 40.7775
-104.985 39.7392
-100.783 46.8209
-100.346 44.367
-96.6997 40.8081
-93.1022 44.9551
-93.6037 41.5911
-92.1729 38.5792
-92.289 34.7466
-90.1821 32.3038
-91.1874 30.4571
-84.2813 30.4381
-86.3006 32.3777

Generation 430
Best distance: 281.295
Best path:
-86.3006 32.3777
-84.3882 33.749
-81.0332 34.0003
-73.7579 42.6528
-72.5805 44.2624
-69.7817 44.3072
-71.538 43.2069
-71.0637 42.3582
-71.415 41.8309
-72.6822 41.764
-74.7699 40.2206
-75.5197 39.1573
-76.8836 40.2644
-76.4909 38.9788
-77.4336 37.5389
-78.6391 35.7804
-81.6123 38.3362
-82.9991 39.9613
-84.8754 38.1867
-86.7842 36.1658
-86.1626 39.7686
-84.5553 42.7336
-89.3844 43.0747
-89.655 39.7984
-95.678 39.0482
-97.5033 35.4922
-97.7403 30.2747
-105.94 35.6822
-112.097 33.4481
-119.766 39.1639
-121.494 38.5767
-157.857 21.3074
-134.42 58.3016
-122.905 47.0358
-123.03 44.9385
-116.2 43.6178
-112.018 46.5857
-111.888 40.7775
-104.985 39.7392
-100.783 46.8209
-100.346 44.367
-96.6997 40.8081
-93.1022 44.9551
-93.6037 41.5911
-92.1729 38.5792
-92.289 34.7466
-90.1821 32.3038
-91.1874 30.4571
-84.2813 30.4381
-86.3006 32.3777

Generation 440
Best distance: 281.295
Best path:
-86.3006 32.3777
-84.3882 33.749
-81.0332 34.0003
-73.7579 42.6528
-72.5805 44.2624
-69.7817 44.3072
-71.538 43.2069
-71.0637 42.3582
-71.415 41.8309
-72.6822 41.764
-74.7699 40.2206
-75.5197 39.1573
-76.8836 40.2644
-76.4909 38.9788
-77.4336 37.5389
-78.6391 35.7804
-81.6123 38.3362
-82.9991 39.9613
-84.8754 38.1867
-86.7842 36.1658
-86.1626 39.7686
-84.5553 42.7336
-89.3844 43.0747
-89.655 39.7984
-95.678 39.0482
-97.5033 35.4922
-97.7403 30.2747
-105.94 35.6822
-112.097 33.4481
-119.766 39.1639
-121.494 38.5767
-157.857 21.3074
-134.42 58.3016
-122.905 47.0358
-123.03 44.9385
-116.2 43.6178
-112.018 46.5857
-111.888 40.7775
-104.985 39.7392
-100.783 46.8209
-100.346 44.367
-96.6997 40.8081
-93.1022 44.9551
-93.6037 41.5911
-92.1729 38.5792
-92.289 34.7466
-90.1821 32.3038
-91.1874 30.4571
-84.2813 30.4381
-86.3006 32.3777

Generation 450
Best distance: 281.295
Best path:
-86.3006 32.3777
-84.3882 33.749
-81.0332 34.0003
-73.7579 42.6528
-72.5805 44.2624
-69.7817 44.3072
-71.538 43.2069
-71.0637 42.3582
-71.415 41.8309
-72.6822 41.764
-74.7699 40.2206
-75.5197 39.1573
-76.8836 40.2644
-76.4909 38.9788
-77.4336 37.5389
-78.6391 35.7804
-81.6123 38.3362
-82.9991 39.9613
-84.8754 38.1867
-86.7842 36.1658
-86.1626 39.7686
-84.5553 42.7336
-89.3844 43.0747
-89.655 39.7984
-95.678 39.0482
-97.5033 35.4922
-97.7403 30.2747
-105.94 35.6822
-112.097 33.4481
-119.766 39.1639
-121.494 38.5767
-157.857 21.3074
-134.42 58.3016
-122.905 47.0358
-123.03 44.9385
-116.2 43.6178
-112.018 46.5857
-111.888 40.7775
-104.985 39.7392
-100.783 46.8209
-100.346 44.367
-96.6997 40.8081
-93.1022 44.9551
-93.6037 41.5911
-92.1729 38.5792
-92.289 34.7466
-90.1821 32.3038
-91.1874 30.4571
-84.2813 30.4381
-86.3006 32.3777

Generation 460
Best distance: 281.295
Best path:
-86.3006 32.3777
-84.3882 33.749
-81.0332 34.0003
-73.7579 42.6528
-72.5805 44.2624
-69.7817 44.3072
-71.538 43.2069
-71.0637 42.3582
-71.415 41.8309
-72.6822 41.764
-74.7699 40.2206
-75.5197 39.1573
-76.8836 40.2644
-76.4909 38.9788
-77.4336 37.5389
-78.6391 35.7804
-81.6123 38.3362
-82.9991 39.9613
-84.8754 38.1867
-86.7842 36.1658
-86.1626 39.7686
-84.5553 42.7336
-89.3844 43.0747
-89.655 39.7984
-95.678 39.0482
-97.5033 35.4922
-97.7403 30.2747
-105.94 35.6822
-112.097 33.4481
-119.766 39.1639
-121.494 38.5767
-157.857 21.3074
-134.42 58.3016
-122.905 47.0358
-123.03 44.9385
-116.2 43.6178
-112.018 46.5857
-111.888 40.7775
-104.985 39.7392
-100.783 46.8209
-100.346 44.367
-96.6997 40.8081
-93.1022 44.9551
-93.6037 41.5911
-92.1729 38.5792
-92.289 34.7466
-90.1821 32.3038
-91.1874 30.4571
-84.2813 30.4381
-86.3006 32.3777

Generation 470
Best distance: 281.295
Best path:
-86.3006 32.3777
-84.3882 33.749
-81.0332 34.0003
-73.7579 42.6528
-72.5805 44.2624
-69.7817 44.3072
-71.538 43.2069
-71.0637 42.3582
-71.415 41.8309
-72.6822 41.764
-74.7699 40.2206
-75.5197 39.1573
-76.8836 40.2644
-76.4909 38.9788
-77.4336 37.5389
-78.6391 35.7804
-81.6123 38.3362
-82.9991 39.9613
-84.8754 38.1867
-86.7842 36.1658
-86.1626 39.7686
-84.5553 42.7336
-89.3844 43.0747
-89.655 39.7984
-95.678 39.0482
-97.5033 35.4922
-97.7403 30.2747
-105.94 35.6822
-112.097 33.4481
-119.766 39.1639
-121.494 38.5767
-157.857 21.3074
-134.42 58.3016
-122.905 47.0358
-123.03 44.9385
-116.2 43.6178
-112.018 46.5857
-111.888 40.7775
-104.985 39.7392
-100.783 46.8209
-100.346 44.367
-96.6997 40.8081
-93.1022 44.9551
-93.6037 41.5911
-92.1729 38.5792
-92.289 34.7466
-90.1821 32.3038
-91.1874 30.4571
-84.2813 30.4381
-86.3006 32.3777

Generation 480
Best distance: 281.295
Best path:
-86.3006 32.3777
-84.3882 33.749
-81.0332 34.0003
-73.7579 42.6528
-72.5805 44.2624
-69.7817 44.3072
-71.538 43.2069
-71.0637 42.3582
-71.415 41.8309
-72.6822 41.764
-74.7699 40.2206
-75.5197 39.1573
-76.8836 40.2644
-76.4909 38.9788
-77.4336 37.5389
-78.6391 35.7804
-81.6123 38.3362
-82.9991 39.9613
-84.8754 38.1867
-86.7842 36.1658
-86.1626 39.7686
-84.5553 42.7336
-89.3844 43.0747
-89.655 39.7984
-95.678 39.0482
-97.5033 35.4922
-97.7403 30.2747
-105.94 35.6822
-112.097 33.4481
-119.766 39.1639
-121.494 38.5767
-157.857 21.3074
-134.42 58.3016
-122.905 47.0358
-123.03 44.9385
-116.2 43.6178
-112.018 46.5857
-111.888 40.7775
-104.985 39.7392
-100.783 46.8209
-100.346 44.367
-96.6997 40.8081
-93.1022 44.9551
-93.6037 41.5911
-92.1729 38.5792
-92.289 34.7466
-90.1821 32.3038
-91.1874 30.4571
-84.2813 30.4381
-86.3006 32.3777

Generation 490
Best distance: 281.295
Best path:
-86.3006 32.3777
-84.3882 33.749
-81.0332 34.0003
-73.7579 42.6528
-72.5805 44.2624
-69.7817 44.3072
-71.538 43.2069
-71.0637 42.3582
-71.415 41.8309
-72.6822 41.764
-74.7699 40.2206
-75.5197 39.1573
-76.8836 40.2644
-76.4909 38.9788
-77.4336 37.5389
-78.6391 35.7804
-81.6123 38.3362
-82.9991 39.9613
-84.8754 38.1867
-86.7842 36.1658
-86.1626 39.7686
-84.5553 42.7336
-89.3844 43.0747
-89.655 39.7984
-95.678 39.0482
-97.5033 35.4922
-97.7403 30.2747
-105.94 35.6822
-112.097 33.4481
-119.766 39.1639
-121.494 38.5767
-157.857 21.3074
-134.42 58.3016
-122.905 47.0358
-123.03 44.9385
-116.2 43.6178
-112.018 46.5857
-111.888 40.7775
-104.985 39.7392
-100.783 46.8209
-100.346 44.367
-96.6997 40.8081
-93.1022 44.9551
-93.6037 41.5911
-92.1729 38.5792
-92.289 34.7466
-90.1821 32.3038
-91.1874 30.4571
-84.2813 30.4381
-86.3006 32.3777

Generation 500
Best distance: 281.295
Best path:
-86.3006 32.3777
-84.3882 33.749
-81.0332 34.0003
-73.7579 42.6528
-72.5805 44.2624
-69.7817 44.3072
-71.538 43.2069
-71.0637 42.3582
-71.415 41.8309
-72.6822 41.764
-74.7699 40.2206
-75.5197 39.1573
-76.8836 40.2644
-76.4909 38.9788
-77.4336 37.5389
-78.6391 35.7804
-81.6123 38.3362
-82.9991 39.9613
-84.8754 38.1867
-86.7842 36.1658
-86.1626 39.7686
-84.5553 42.7336
-89.3844 43.0747
-89.655 39.7984
-95.678 39.0482
-97.5033 35.4922
-97.7403 30.2747
-105.94 35.6822
-112.097 33.4481
-119.766 39.1639
-121.494 38.5767
-157.857 21.3074
-134.42 58.3016
-122.905 47.0358
-123.03 44.9385
-116.2 43.6178
-112.018 46.5857
-111.888 40.7775
-104.985 39.7392
-100.783 46.8209
-100.346 44.367
-96.6997 40.8081
-93.1022 44.9551
-93.6037 41.5911
-92.1729 38.5792
-92.289 34.7466
-90.1821 32.3038
-91.1874 30.4571
-84.2813 30.4381
-86.3006 32.3777

Generation 510
Best distance: 281.295
Best path:
-86.3006 32.3777
-84.3882 33.749
-81.0332 34.0003
-73.7579 42.6528
-72.5805 44.2624
-69.7817 44.3072
-71.538 43.2069
-71.0637 42.3582
-71.415 41.8309
-72.6822 41.764
-74.7699 40.2206
-75.5197 39.1573
-76.8836 40.2644
-76.4909 38.9788
-77.4336 37.5389
-78.6391 35.7804
-81.6123 38.3362
-82.9991 39.9613
-84.8754 38.1867
-86.7842 36.1658
-86.1626 39.7686
-84.5553 42.7336
-89.3844 43.0747
-89.655 39.7984
-95.678 39.0482
-97.5033 35.4922
-97.7403 30.2747
-105.94 35.6822
-112.097 33.4481
-119.766 39.1639
-121.494 38.5767
-157.857 21.3074
-134.42 58.3016
-122.905 47.0358
-123.03 44.9385
-116.2 43.6178
-112.018 46.5857
-111.888 40.7775
-104.985 39.7392
-100.783 46.8209
-100.346 44.367
-96.6997 40.8081
-93.1022 44.9551
-93.6037 41.5911
-92.1729 38.5792
-92.289 34.7466
-90.1821 32.3038
-91.1874 30.4571
-84.2813 30.4381
-86.3006 32.3777

Generation 520
Best distance: 281.295
Best path:
-86.3006 32.3777
-84.3882 33.749
-81.0332 34.0003
-73.7579 42.6528
-72.5805 44.2624
-69.7817 44.3072
-71.538 43.2069
-71.0637 42.3582
-71.415 41.8309
-72.6822 41.764
-74.7699 40.2206
-75.5197 39.1573
-76.8836 40.2644
-76.4909 38.9788
-77.4336 37.5389
-78.6391 35.7804
-81.6123 38.3362
-82.9991 39.9613
-84.8754 38.1867
-86.7842 36.1658
-86.1626 39.7686
-84.5553 42.7336
-89.3844 43.0747
-89.655 39.7984
-95.678 39.0482
-97.5033 35.4922
-97.7403 30.2747
-105.94 35.6822
-112.097 33.4481
-119.766 39.1639
-121.494 38.5767
-157.857 21.3074
-134.42 58.3016
-122.905 47.0358
-123.03 44.9385
-116.2 43.6178
-112.018 46.5857
-111.888 40.7775
-104.985 39.7392
-100.783 46.8209
-100.346 44.367
-96.6997 40.8081
-93.1022 44.9551
-93.6037 41.5911
-92.1729 38.5792
-92.289 34.7466
-90.1821 32.3038
-91.1874 30.4571
-84.2813 30.4381
-86.3006 32.3777

Generation 530
Best distance: 281.295
Best path:
-86.3006 32.3777
-84.3882 33.749
-81.0332 34.0003
-73.7579 42.6528
-72.5805 44.2624
-69.7817 44.3072
-71.538 43.2069
-71.0637 42.3582
-71.415 41.8309
-72.6822 41.764
-74.7699 40.2206
-75.5197 39.1573
-76.8836 40.2644
-76.4909 38.9788
-77.4336 37.5389
-78.6391 35.7804
-81.6123 38.3362
-82.9991 39.9613
-84.8754 38.1867
-86.7842 36.1658
-86.1626 39.7686
-84.5553 42.7336
-89.3844 43.0747
-89.655 39.7984
-95.678 39.0482
-97.5033 35.4922
-97.7403 30.2747
-105.94 35.6822
-112.097 33.4481
-119.766 39.1639
-121.494 38.5767
-157.857 21.3074
-134.42 58.3016
-122.905 47.0358
-123.03 44.9385
-116.2 43.6178
-112.018 46.5857
-111.888 40.7775
-104.985 39.7392
-100.783 46.8209
-100.346 44.367
-96.6997 40.8081
-93.1022 44.9551
-93.6037 41.5911
-92.1729 38.5792
-92.289 34.7466
-90.1821 32.3038
-91.1874 30.4571
-84.2813 30.4381
-86.3006 32.3777

Generation 540
Best distance: 281.295
Best path:
-86.3006 32.3777
-84.3882 33.749
-81.0332 34.0003
-73.7579 42.6528
-72.5805 44.2624
-69.7817 44.3072
-71.538 43.2069
-71.0637 42.3582
-71.415 41.8309
-72.6822 41.764
-74.7699 40.2206
-75.5197 39.1573
-76.8836 40.2644
-76.4909 38.9788
-77.4336 37.5389
-78.6391 35.7804
-81.6123 38.3362
-82.9991 39.9613
-84.8754 38.1867
-86.7842 36.1658
-86.1626 39.7686
-84.5553 42.7336
-89.3844 43.0747
-89.655 39.7984
-95.678 39.0482
-97.5033 35.4922
-97.7403 30.2747
-105.94 35.6822
-112.097 33.4481
-119.766 39.1639
-121.494 38.5767
-157.857 21.3074
-134.42 58.3016
-122.905 47.0358
-123.03 44.9385
-116.2 43.6178
-112.018 46.5857
-111.888 40.7775
-104.985 39.7392
-100.783 46.8209
-100.346 44.367
-96.6997 40.8081
-93.1022 44.9551
-93.6037 41.5911
-92.1729 38.5792
-92.289 34.7466
-90.1821 32.3038
-91.1874 30.4571
-84.2813 30.4381
-86.3006 32.3777

Generation 550
Best distance: 281.295
Best path:
-86.3006 32.3777
-84.3882 33.749
-81.0332 34.0003
-73.7579 42.6528
-72.5805 44.2624
-69.7817 44.3072
-71.538 43.2069
-71.0637 42.3582
-71.415 41.8309
-72.6822 41.764
-74.7699 40.2206
-75.5197 39.1573
-76.8836 40.2644
-76.4909 38.9788
-77.4336 37.5389
-78.6391 35.7804
-81.6123 38.3362
-82.9991 39.9613
-84.8754 38.1867
-86.7842 36.1658
-86.1626 39.7686
-84.5553 42.7336
-89.3844 43.0747
-89.655 39.7984
-95.678 39.0482
-97.5033 35.4922
-97.7403 30.2747
-105.94 35.6822
-112.097 33.4481
-119.766 39.1639
-121.494 38.5767
-157.857 21.3074
-134.42 58.3016
-122.905 47.0358
-123.03 44.9385
-116.2 43.6178
-112.018 46.5857
-111.888 40.7775
-104.985 39.7392
-100.783 46.8209
-100.346 44.367
-96.6997 40.8081
-93.1022 44.9551
-93.6037 41.5911
-92.1729 38.5792
-92.289 34.7466
-90.1821 32.3038
-91.1874 30.4571
-84.2813 30.4381
-86.3006 32.3777

Generation 560
Best distance: 281.295
Best path:
-86.3006 32.3777
-84.3882 33.749
-81.0332 34.0003
-73.7579 42.6528
-72.5805 44.2624
-69.7817 44.3072
-71.538 43.2069
-71.0637 42.3582
-71.415 41.8309
-72.6822 41.764
-74.7699 40.2206
-75.5197 39.1573
-76.8836 40.2644
-76.4909 38.9788
-77.4336 37.5389
-78.6391 35.7804
-81.6123 38.3362
-82.9991 39.9613
-84.8754 38.1867
-86.7842 36.1658
-86.1626 39.7686
-84.5553 42.7336
-89.3844 43.0747
-89.655 39.7984
-95.678 39.0482
-97.5033 35.4922
-97.7403 30.2747
-105.94 35.6822
-112.097 33.4481
-119.766 39.1639
-121.494 38.5767
-157.857 21.3074
-134.42 58.3016
-122.905 47.0358
-123.03 44.9385
-116.2 43.6178
-112.018 46.5857
-111.888 40.7775
-104.985 39.7392
-100.783 46.8209
-100.346 44.367
-96.6997 40.8081
-93.1022 44.9551
-93.6037 41.5911
-92.1729 38.5792
-92.289 34.7466
-90.1821 32.3038
-91.1874 30.4571
-84.2813 30.4381
-86.3006 32.3777

Generation 570
Best distance: 281.295
Best path:
-86.3006 32.3777
-84.3882 33.749
-81.0332 34.0003
-73.7579 42.6528
-72.5805 44.2624
-69.7817 44.3072
-71.538 43.2069
-71.0637 42.3582
-71.415 41.8309
-72.6822 41.764
-74.7699 40.2206
-75.5197 39.1573
-76.8836 40.2644
-76.4909 38.9788
-77.4336 37.5389
-78.6391 35.7804
-81.6123 38.3362
-82.9991 39.9613
-84.8754 38.1867
-86.7842 36.1658
-86.1626 39.7686
-84.5553 42.7336
-89.3844 43.0747
-89.655 39.7984
-95.678 39.0482
-97.5033 35.4922
-97.7403 30.2747
-105.94 35.6822
-112.097 33.4481
-119.766 39.1639
-121.494 38.5767
-157.857 21.3074
-134.42 58.3016
-122.905 47.0358
-123.03 44.9385
-116.2 43.6178
-112.018 46.5857
-111.888 40.7775
-104.985 39.7392
-100.783 46.8209
-100.346 44.367
-96.6997 40.8081
-93.1022 44.9551
-93.6037 41.5911
-92.1729 38.5792
-92.289 34.7466
-90.1821 32.3038
-91.1874 30.4571
-84.2813 30.4381
-86.3006 32.3777

Generation 580
Best distance: 281.295
Best path:
-86.3006 32.3777
-84.2813 30.4381
-91.1874 30.4571
-90.1821 32.3038
-92.289 34.7466
-92.1729 38.5792
-93.6037 41.5911
-93.1022 44.9551
-96.6997 40.8081
-100.346 44.367
-100.783 46.8209
-104.985 39.7392
-111.888 40.7775
-112.018 46.5857
-116.2 43.6178
-123.03 44.9385
-122.905 47.0358
-134.42 58.3016
-157.857 21.3074
-121.494 38.5767
-119.766 39.1639
-112.097 33.4481
-105.94 35.6822
-97.7403 30.2747
-97.5033 35.4922
-95.678 39.0482
-89.655 39.7984
-89.3844 43.0747
-84.5553 42.7336
-86.1626 39.7686
-86.7842 36.1658
-84.8754 38.1867
-82.9991 39.9613
-81.6123 38.3362
-78.6391 35.7804
-77.4336 37.5389
-76.4909 38.9788
-76.8836 40.2644
-75.5197 39.1573
-74.7699 40.2206
-72.6822 41.764
-71.415 41.8309
-71.0637 42.3582
-71.538 43.2069
-69.7817 44.3072
-72.5805 44.2624
-73.7579 42.6528
-81.0332 34.0003
-84.3882 33.749
-86.3006 32.3777

Generation 590
Best distance: 281.295
Best path:
-86.3006 32.3777
-84.3882 33.749
-81.0332 34.0003
-73.7579 42.6528
-72.5805 44.2624
-69.7817 44.3072
-71.538 43.2069
-71.0637 42.3582
-71.415 41.8309
-72.6822 41.764
-74.7699 40.2206
-75.5197 39.1573
-76.8836 40.2644
-76.4909 38.9788
-77.4336 37.5389
-78.6391 35.7804
-81.6123 38.3362
-82.9991 39.9613
-84.8754 38.1867
-86.7842 36.1658
-86.1626 39.7686
-84.5553 42.7336
-89.3844 43.0747
-89.655 39.7984
-95.678 39.0482
-97.5033 35.4922
-97.7403 30.2747
-105.94 35.6822
-112.097 33.4481
-119.766 39.1639
-121.494 38.5767
-157.857 21.3074
-134.42 58.3016
-122.905 47.0358
-123.03 44.9385
-116.2 43.6178
-112.018 46.5857
-111.888 40.7775
-104.985 39.7392
-100.783 46.8209
-100.346 44.367
-96.6997 40.8081
-93.1022 44.9551
-93.6037 41.5911
-92.1729 38.5792
-92.289 34.7466
-90.1821 32.3038
-91.1874 30.4571
-84.2813 30.4381
-86.3006 32.3777

Generation 600
Best distance: 281.295
Best path:
-86.3006 32.3777
-84.3882 33.749
-81.0332 34.0003
-73.7579 42.6528
-72.5805 44.2624
-69.7817 44.3072
-71.538 43.2069
-71.0637 42.3582
-71.415 41.8309
-72.6822 41.764
-74.7699 40.2206
-75.5197 39.1573
-76.8836 40.2644
-76.4909 38.9788
-77.4336 37.5389
-78.6391 35.7804
-81.6123 38.3362
-82.9991 39.9613
-84.8754 38.1867
-86.7842 36.1658
-86.1626 39.7686
-84.5553 42.7336
-89.3844 43.0747
-89.655 39.7984
-95.678 39.0482
-97.5033 35.4922
-97.7403 30.2747
-105.94 35.6822
-112.097 33.4481
-119.766 39.1639
-121.494 38.5767
-157.857 21.3074
-134.42 58.3016
-122.905 47.0358
-123.03 44.9385
-116.2 43.6178
-112.018 46.5857
-111.888 40.7775
-104.985 39.7392
-100.783 46.8209
-100.346 44.367
-96.6997 40.8081
-93.1022 44.9551
-93.6037 41.5911
-92.1729 38.5792
-92.289 34.7466
-90.1821 32.3038
-91.1874 30.4571
-84.2813 30.4381
-86.3006 32.3777

Generation 610
Best distance: 281.295
Best path:
-86.3006 32.3777
-84.3882 33.749
-81.0332 34.0003
-73.7579 42.6528
-72.5805 44.2624
-69.7817 44.3072
-71.538 43.2069
-71.0637 42.3582
-71.415 41.8309
-72.6822 41.764
-74.7699 40.2206
-75.5197 39.1573
-76.8836 40.2644
-76.4909 38.9788
-77.4336 37.5389
-78.6391 35.7804
-81.6123 38.3362
-82.9991 39.9613
-84.8754 38.1867
-86.7842 36.1658
-86.1626 39.7686
-84.5553 42.7336
-89.3844 43.0747
-89.655 39.7984
-95.678 39.0482
-97.5033 35.4922
-97.7403 30.2747
-105.94 35.6822
-112.097 33.4481
-119.766 39.1639
-121.494 38.5767
-157.857 21.3074
-134.42 58.3016
-122.905 47.0358
-123.03 44.9385
-116.2 43.6178
-112.018 46.5857
-111.888 40.7775
-104.985 39.7392
-100.783 46.8209
-100.346 44.367
-96.6997 40.8081
-93.1022 44.9551
-93.6037 41.5911
-92.1729 38.5792
-92.289 34.7466
-90.1821 32.3038
-91.1874 30.4571
-84.2813 30.4381
-86.3006 32.3777

Generation 620
Best distance: 281.295
Best path:
-86.3006 32.3777
-84.3882 33.749
-81.0332 34.0003
-73.7579 42.6528
-72.5805 44.2624
-69.7817 44.3072
-71.538 43.2069
-71.0637 42.3582
-71.415 41.8309
-72.6822 41.764
-74.7699 40.2206
-75.5197 39.1573
-76.8836 40.2644
-76.4909 38.9788
-77.4336 37.5389
-78.6391 35.7804
-81.6123 38.3362
-82.9991 39.9613
-84.8754 38.1867
-86.7842 36.1658
-86.1626 39.7686
-84.5553 42.7336
-89.3844 43.0747
-89.655 39.7984
-95.678 39.0482
-97.5033 35.4922
-97.7403 30.2747
-105.94 35.6822
-112.097 33.4481
-119.766 39.1639
-121.494 38.5767
-157.857 21.3074
-134.42 58.3016
-122.905 47.0358
-123.03 44.9385
-116.2 43.6178
-112.018 46.5857
-111.888 40.7775
-104.985 39.7392
-100.783 46.8209
-100.346 44.367
-96.6997 40.8081
-93.1022 44.9551
-93.6037 41.5911
-92.1729 38.5792
-92.289 34.7466
-90.1821 32.3038
-91.1874 30.4571
-84.2813 30.4381
-86.3006 32.3777

Generation 630
Best distance: 281.295
Best path:
-86.3006 32.3777
-84.3882 33.749
-81.0332 34.0003
-73.7579 42.6528
-72.5805 44.2624
-69.7817 44.3072
-71.538 43.2069
-71.0637 42.3582
-71.415 41.8309
-72.6822 41.764
-74.7699 40.2206
-75.5197 39.1573
-76.8836 40.2644
-76.4909 38.9788
-77.4336 37.5389
-78.6391 35.7804
-81.6123 38.3362
-82.9991 39.9613
-84.8754 38.1867
-86.7842 36.1658
-86.1626 39.7686
-84.5553 42.7336
-89.3844 43.0747
-89.655 39.7984
-95.678 39.0482
-97.5033 35.4922
-97.7403 30.2747
-105.94 35.6822
-112.097 33.4481
-119.766 39.1639
-121.494 38.5767
-157.857 21.3074
-134.42 58.3016
-122.905 47.0358
-123.03 44.9385
-116.2 43.6178
-112.018 46.5857
-111.888 40.7775
-104.985 39.7392
-100.783 46.8209
-100.346 44.367
-96.6997 40.8081
-93.1022 44.9551
-93.6037 41.5911
-92.1729 38.5792
-92.289 34.7466
-90.1821 32.3038
-91.1874 30.4571
-84.2813 30.4381
-86.3006 32.3777

Generation 640
Best distance: 281.295
Best path:
-86.3006 32.3777
-84.3882 33.749
-81.0332 34.0003
-73.7579 42.6528
-72.5805 44.2624
-69.7817 44.3072
-71.538 43.2069
-71.0637 42.3582
-71.415 41.8309
-72.6822 41.764
-74.7699 40.2206
-75.5197 39.1573
-76.8836 40.2644
-76.4909 38.9788
-77.4336 37.5389
-78.6391 35.7804
-81.6123 38.3362
-82.9991 39.9613
-84.8754 38.1867
-86.7842 36.1658
-86.1626 39.7686
-84.5553 42.7336
-89.3844 43.0747
-89.655 39.7984
-95.678 39.0482
-97.5033 35.4922
-97.7403 30.2747
-105.94 35.6822
-112.097 33.4481
-119.766 39.1639
-121.494 38.5767
-157.857 21.3074
-134.42 58.3016
-122.905 47.0358
-123.03 44.9385
-116.2 43.6178
-112.018 46.5857
-111.888 40.7775
-104.985 39.7392
-100.783 46.8209
-100.346 44.367
-96.6997 40.8081
-93.1022 44.9551
-93.6037 41.5911
-92.1729 38.5792
-92.289 34.7466
-90.1821 32.3038
-91.1874 30.4571
-84.2813 30.4381
-86.3006 32.3777

Generation 650
Best distance: 281.295
Best path:
-86.3006 32.3777
-84.2813 30.4381
-91.1874 30.4571
-90.1821 32.3038
-92.289 34.7466
-92.1729 38.5792
-93.6037 41.5911
-93.1022 44.9551
-96.6997 40.8081
-100.346 44.367
-100.783 46.8209
-104.985 39.7392
-111.888 40.7775
-112.018 46.5857
-116.2 43.6178
-123.03 44.9385
-122.905 47.0358
-134.42 58.3016
-157.857 21.3074
-121.494 38.5767
-119.766 39.1639
-112.097 33.4481
-105.94 35.6822
-97.7403 30.2747
-97.5033 35.4922
-95.678 39.0482
-89.655 39.7984
-89.3844 43.0747
-84.5553 42.7336
-86.1626 39.7686
-86.7842 36.1658
-84.8754 38.1867
-82.9991 39.9613
-81.6123 38.3362
-78.6391 35.7804
-77.4336 37.5389
-76.4909 38.9788
-76.8836 40.2644
-75.5197 39.1573
-74.7699 40.2206
-72.6822 41.764
-71.415 41.8309
-71.0637 42.3582
-71.538 43.2069
-69.7817 44.3072
-72.5805 44.2624
-73.7579 42.6528
-81.0332 34.0003
-84.3882 33.749
-86.3006 32.3777

Generation 660
Best distance: 281.295
Best path:
-86.3006 32.3777
-84.3882 33.749
-81.0332 34.0003
-73.7579 42.6528
-72.5805 44.2624
-69.7817 44.3072
-71.538 43.2069
-71.0637 42.3582
-71.415 41.8309
-72.6822 41.764
-74.7699 40.2206
-75.5197 39.1573
-76.8836 40.2644
-76.4909 38.9788
-77.4336 37.5389
-78.6391 35.7804
-81.6123 38.3362
-82.9991 39.9613
-84.8754 38.1867
-86.7842 36.1658
-86.1626 39.7686
-84.5553 42.7336
-89.3844 43.0747
-89.655 39.7984
-95.678 39.0482
-97.5033 35.4922
-97.7403 30.2747
-105.94 35.6822
-112.097 33.4481
-119.766 39.1639
-121.494 38.5767
-157.857 21.3074
-134.42 58.3016
-122.905 47.0358
-123.03 44.9385
-116.2 43.6178
-112.018 46.5857
-111.888 40.7775
-104.985 39.7392
-100.783 46.8209
-100.346 44.367
-96.6997 40.8081
-93.1022 44.9551
-93.6037 41.5911
-92.1729 38.5792
-92.289 34.7466
-90.1821 32.3038
-91.1874 30.4571
-84.2813 30.4381
-86.3006 32.3777

Generation 670
Best distance: 281.295
Best path:
-86.3006 32.3777
-84.3882 33.749
-81.0332 34.0003
-73.7579 42.6528
-72.5805 44.2624
-69.7817 44.3072
-71.538 43.2069
-71.0637 42.3582
-71.415 41.8309
-72.6822 41.764
-74.7699 40.2206
-75.5197 39.1573
-76.8836 40.2644
-76.4909 38.9788
-77.4336 37.5389
-78.6391 35.7804
-81.6123 38.3362
-82.9991 39.9613
-84.8754 38.1867
-86.7842 36.1658
-86.1626 39.7686
-84.5553 42.7336
-89.3844 43.0747
-89.655 39.7984
-95.678 39.0482
-97.5033 35.4922
-97.7403 30.2747
-105.94 35.6822
-112.097 33.4481
-119.766 39.1639
-121.494 38.5767
-157.857 21.3074
-134.42 58.3016
-122.905 47.0358
-123.03 44.9385
-116.2 43.6178
-112.018 46.5857
-111.888 40.7775
-104.985 39.7392
-100.783 46.8209
-100.346 44.367
-96.6997 40.8081
-93.1022 44.9551
-93.6037 41.5911
-92.1729 38.5792
-92.289 34.7466
-90.1821 32.3038
-91.1874 30.4571
-84.2813 30.4381
-86.3006 32.3777

Generation 680
Best distance: 281.295
Best path:
-86.3006 32.3777
-84.3882 33.749
-81.0332 34.0003
-73.7579 42.6528
-72.5805 44.2624
-69.7817 44.3072
-71.538 43.2069
-71.0637 42.3582
-71.415 41.8309
-72.6822 41.764
-74.7699 40.2206
-75.5197 39.1573
-76.8836 40.2644
-76.4909 38.9788
-77.4336 37.5389
-78.6391 35.7804
-81.6123 38.3362
-82.9991 39.9613
-84.8754 38.1867
-86.7842 36.1658
-86.1626 39.7686
-84.5553 42.7336
-89.3844 43.0747
-89.655 39.7984
-95.678 39.0482
-97.5033 35.4922
-97.7403 30.2747
-105.94 35.6822
-112.097 33.4481
-119.766 39.1639
-121.494 38.5767
-157.857 21.3074
-134.42 58.3016
-122.905 47.0358
-123.03 44.9385
-116.2 43.6178
-112.018 46.5857
-111.888 40.7775
-104.985 39.7392
-100.783 46.8209
-100.346 44.367
-96.6997 40.8081
-93.1022 44.9551
-93.6037 41.5911
-92.1729 38.5792
-92.289 34.7466
-90.1821 32.3038
-91.1874 30.4571
-84.2813 30.4381
-86.3006 32.3777

Generation 690
Best distance: 281.295
Best path:
-86.3006 32.3777
-84.3882 33.749
-81.0332 34.0003
-73.7579 42.6528
-72.5805 44.2624
-69.7817 44.3072
-71.538 43.2069
-71.0637 42.3582
-71.415 41.8309
-72.6822 41.764
-74.7699 40.2206
-75.5197 39.1573
-76.8836 40.2644
-76.4909 38.9788
-77.4336 37.5389
-78.6391 35.7804
-81.6123 38.3362
-82.9991 39.9613
-84.8754 38.1867
-86.7842 36.1658
-86.1626 39.7686
-84.5553 42.7336
-89.3844 43.0747
-89.655 39.7984
-95.678 39.0482
-97.5033 35.4922
-97.7403 30.2747
-105.94 35.6822
-112.097 33.4481
-119.766 39.1639
-121.494 38.5767
-157.857 21.3074
-134.42 58.3016
-122.905 47.0358
-123.03 44.9385
-116.2 43.6178
-112.018 46.5857
-111.888 40.7775
-104.985 39.7392
-100.783 46.8209
-100.346 44.367
-96.6997 40.8081
-93.1022 44.9551
-93.6037 41.5911
-92.1729 38.5792
-92.289 34.7466
-90.1821 32.3038
-91.1874 30.4571
-84.2813 30.4381
-86.3006 32.3777

Generation 700
Best distance: 281.295
Best path:
-86.3006 32.3777
-84.3882 33.749
-81.0332 34.0003
-73.7579 42.6528
-72.5805 44.2624
-69.7817 44.3072
-71.538 43.2069
-71.0637 42.3582
-71.415 41.8309
-72.6822 41.764
-74.7699 40.2206
-75.5197 39.1573
-76.8836 40.2644
-76.4909 38.9788
-77.4336 37.5389
-78.6391 35.7804
-81.6123 38.3362
-82.9991 39.9613
-84.8754 38.1867
-86.7842 36.1658
-86.1626 39.7686
-84.5553 42.7336
-89.3844 43.0747
-89.655 39.7984
-95.678 39.0482
-97.5033 35.4922
-97.7403 30.2747
-105.94 35.6822
-112.097 33.4481
-119.766 39.1639
-121.494 38.5767
-157.857 21.3074
-134.42 58.3016
-122.905 47.0358
-123.03 44.9385
-116.2 43.6178
-112.018 46.5857
-111.888 40.7775
-104.985 39.7392
-100.783 46.8209
-100.346 44.367
-96.6997 40.8081
-93.1022 44.9551
-93.6037 41.5911
-92.1729 38.5792
-92.289 34.7466
-90.1821 32.3038
-91.1874 30.4571
-84.2813 30.4381
-86.3006 32.3777

Generation 710
Best distance: 281.295
Best path:
-86.3006 32.3777
-84.3882 33.749
-81.0332 34.0003
-73.7579 42.6528
-72.5805 44.2624
-69.7817 44.3072
-71.538 43.2069
-71.0637 42.3582
-71.415 41.8309
-72.6822 41.764
-74.7699 40.2206
-75.5197 39.1573
-76.8836 40.2644
-76.4909 38.9788
-77.4336 37.5389
-78.6391 35.7804
-81.6123 38.3362
-82.9991 39.9613
-84.8754 38.1867
-86.7842 36.1658
-86.1626 39.7686
-84.5553 42.7336
-89.3844 43.0747
-89.655 39.7984
-95.678 39.0482
-97.5033 35.4922
-97.7403 30.2747
-105.94 35.6822
-112.097 33.4481
-119.766 39.1639
-121.494 38.5767
-157.857 21.3074
-134.42 58.3016
-122.905 47.0358
-123.03 44.9385
-116.2 43.6178
-112.018 46.5857
-111.888 40.7775
-104.985 39.7392
-100.783 46.8209
-100.346 44.367
-96.6997 40.8081
-93.1022 44.9551
-93.6037 41.5911
-92.1729 38.5792
-92.289 34.7466
-90.1821 32.3038
-91.1874 30.4571
-84.2813 30.4381
-86.3006 32.3777

Generation 720
Best distance: 280.599
Best path:
-86.3006 32.3777
-86.3006 32.3777
-91.1874 30.4571
-90.1821 32.3038
-92.289 34.7466
-92.1729 38.5792
-93.6037 41.5911
-93.1022 44.9551
-96.6997 40.8081
-100.346 44.367
-100.783 46.8209
-104.985 39.7392
-111.888 40.7775
-112.018 46.5857
-116.2 43.6178
-123.03 44.9385
-122.905 47.0358
-134.42 58.3016
-157.857 21.3074
-121.494 38.5767
-119.766 39.1639
-112.097 33.4481
-105.94 35.6822
-97.7403 30.2747
-97.5033 35.4922
-95.678 39.0482
-89.655 39.7984
-89.3844 43.0747
-84.5553 42.7336
-86.1626 39.7686
-86.7842 36.1658
-84.8754 38.1867
-82.9991 39.9613
-81.6123 38.3362
-78.6391 35.7804
-77.4336 37.5389
-76.4909 38.9788
-76.8836 40.2644
-75.5197 39.1573
-74.7699 40.2206
-72.6822 41.764
-71.415 41.8309
-71.0637 42.3582
-71.538 43.2069
-69.7817 44.3072
-72.5805 44.2624
-73.7579 42.6528
-81.0332 34.0003
-84.3882 33.749
-84.2813 30.4381

Generation 730
Best distance: 281.295
Best path:
-86.3006 32.3777
-84.3882 33.749
-81.0332 34.0003
-73.7579 42.6528
-72.5805 44.2624
-69.7817 44.3072
-71.538 43.2069
-71.0637 42.3582
-71.415 41.8309
-72.6822 41.764
-74.7699 40.2206
-75.5197 39.1573
-76.8836 40.2644
-76.4909 38.9788
-77.4336 37.5389
-78.6391 35.7804
-81.6123 38.3362
-82.9991 39.9613
-84.8754 38.1867
-86.7842 36.1658
-86.1626 39.7686
-84.5553 42.7336
-89.3844 43.0747
-89.655 39.7984
-95.678 39.0482
-97.5033 35.4922
-97.7403 30.2747
-105.94 35.6822
-112.097 33.4481
-119.766 39.1639
-121.494 38.5767
-157.857 21.3074
-134.42 58.3016
-122.905 47.0358
-123.03 44.9385
-116.2 43.6178
-112.018 46.5857
-111.888 40.7775
-104.985 39.7392
-100.783 46.8209
-100.346 44.367
-96.6997 40.8081
-93.1022 44.9551
-93.6037 41.5911
-92.1729 38.5792
-92.289 34.7466
-90.1821 32.3038
-91.1874 30.4571
-84.2813 30.4381
-86.3006 32.3777

Generation 740
Best distance: 281.295
Best path:
-86.3006 32.3777
-84.3882 33.749
-81.0332 34.0003
-73.7579 42.6528
-72.5805 44.2624
-69.7817 44.3072
-71.538 43.2069
-71.0637 42.3582
-71.415 41.8309
-72.6822 41.764
-74.7699 40.2206
-75.5197 39.1573
-76.8836 40.2644
-76.4909 38.9788
-77.4336 37.5389
-78.6391 35.7804
-81.6123 38.3362
-82.9991 39.9613
-84.8754 38.1867
-86.7842 36.1658
-86.1626 39.7686
-84.5553 42.7336
-89.3844 43.0747
-89.655 39.7984
-95.678 39.0482
-97.5033 35.4922
-97.7403 30.2747
-105.94 35.6822
-112.097 33.4481
-119.766 39.1639
-121.494 38.5767
-157.857 21.3074
-134.42 58.3016
-122.905 47.0358
-123.03 44.9385
-116.2 43.6178
-112.018 46.5857
-111.888 40.7775
-104.985 39.7392
-100.783 46.8209
-100.346 44.367
-96.6997 40.8081
-93.1022 44.9551
-93.6037 41.5911
-92.1729 38.5792
-92.289 34.7466
-90.1821 32.3038
-91.1874 30.4571
-84.2813 30.4381
-86.3006 32.3777

Generation 750
Best distance: 281.295
Best path:
-86.3006 32.3777
-84.3882 33.749
-81.0332 34.0003
-73.7579 42.6528
-72.5805 44.2624
-69.7817 44.3072
-71.538 43.2069
-71.0637 42.3582
-71.415 41.8309
-72.6822 41.764
-74.7699 40.2206
-75.5197 39.1573
-76.8836 40.2644
-76.4909 38.9788
-77.4336 37.5389
-78.6391 35.7804
-81.6123 38.3362
-82.9991 39.9613
-84.8754 38.1867
-86.7842 36.1658
-86.1626 39.7686
-84.5553 42.7336
-89.3844 43.0747
-89.655 39.7984
-95.678 39.0482
-97.5033 35.4922
-97.7403 30.2747
-105.94 35.6822
-112.097 33.4481
-119.766 39.1639
-121.494 38.5767
-157.857 21.3074
-134.42 58.3016
-122.905 47.0358
-123.03 44.9385
-116.2 43.6178
-112.018 46.5857
-111.888 40.7775
-104.985 39.7392
-100.783 46.8209
-100.346 44.367
-96.6997 40.8081
-93.1022 44.9551
-93.6037 41.5911
-92.1729 38.5792
-92.289 34.7466
-90.1821 32.3038
-91.1874 30.4571
-84.2813 30.4381
-86.3006 32.3777

Generation 760
Best distance: 281.295
Best path:
-86.3006 32.3777
-84.2813 30.4381
-91.1874 30.4571
-90.1821 32.3038
-92.289 34.7466
-92.1729 38.5792
-93.6037 41.5911
-93.1022 44.9551
-96.6997 40.8081
-100.346 44.367
-100.783 46.8209
-104.985 39.7392
-111.888 40.7775
-112.018 46.5857
-116.2 43.6178
-123.03 44.9385
-122.905 47.0358
-134.42 58.3016
-157.857 21.3074
-121.494 38.5767
-119.766 39.1639
-112.097 33.4481
-105.94 35.6822
-97.7403 30.2747
-97.5033 35.4922
-95.678 39.0482
-89.655 39.7984
-89.3844 43.0747
-84.5553 42.7336
-86.1626 39.7686
-86.7842 36.1658
-84.8754 38.1867
-82.9991 39.9613
-81.6123 38.3362
-78.6391 35.7804
-77.4336 37.5389
-76.4909 38.9788
-76.8836 40.2644
-75.5197 39.1573
-74.7699 40.2206
-72.6822 41.764
-71.415 41.8309
-71.0637 42.3582
-71.538 43.2069
-69.7817 44.3072
-72.5805 44.2624
-73.7579 42.6528
-81.0332 34.0003
-84.3882 33.749
-86.3006 32.3777

Generation 770
Best distance: 280.599
Best path:
-86.3006 32.3777
-86.3006 32.3777
-91.1874 30.4571
-90.1821 32.3038
-92.289 34.7466
-92.1729 38.5792
-93.6037 41.5911
-93.1022 44.9551
-96.6997 40.8081
-100.346 44.367
-100.783 46.8209
-104.985 39.7392
-111.888 40.7775
-112.018 46.5857
-116.2 43.6178
-123.03 44.9385
-122.905 47.0358
-134.42 58.3016
-157.857 21.3074
-121.494 38.5767
-119.766 39.1639
-112.097 33.4481
-105.94 35.6822
-97.7403 30.2747
-97.5033 35.4922
-95.678 39.0482
-89.655 39.7984
-89.3844 43.0747
-84.5553 42.7336
-86.1626 39.7686
-86.7842 36.1658
-84.8754 38.1867
-82.9991 39.9613
-81.6123 38.3362
-78.6391 35.7804
-77.4336 37.5389
-76.4909 38.9788
-76.8836 40.2644
-75.5197 39.1573
-74.7699 40.2206
-72.6822 41.764
-71.415 41.8309
-71.0637 42.3582
-71.538 43.2069
-69.7817 44.3072
-72.5805 44.2624
-73.7579 42.6528
-81.0332 34.0003
-84.3882 33.749
-84.2813 30.4381

Generation 780
Best distance: 281.295
Best path:
-86.3006 32.3777
-84.2813 30.4381
-91.1874 30.4571
-90.1821 32.3038
-92.289 34.7466
-92.1729 38.5792
-93.6037 41.5911
-93.1022 44.9551
-96.6997 40.8081
-100.346 44.367
-100.783 46.8209
-104.985 39.7392
-111.888 40.7775
-112.018 46.5857
-116.2 43.6178
-123.03 44.9385
-122.905 47.0358
-134.42 58.3016
-157.857 21.3074
-121.494 38.5767
-119.766 39.1639
-112.097 33.4481
-105.94 35.6822
-97.7403 30.2747
-97.5033 35.4922
-95.678 39.0482
-89.655 39.7984
-89.3844 43.0747
-84.5553 42.7336
-86.1626 39.7686
-86.7842 36.1658
-84.8754 38.1867
-82.9991 39.9613
-81.6123 38.3362
-78.6391 35.7804
-77.4336 37.5389
-76.4909 38.9788
-76.8836 40.2644
-75.5197 39.1573
-74.7699 40.2206
-72.6822 41.764
-71.415 41.8309
-71.0637 42.3582
-71.538 43.2069
-69.7817 44.3072
-72.5805 44.2624
-73.7579 42.6528
-81.0332 34.0003
-84.3882 33.749
-86.3006 32.3777

Generation 790
Best distance: 281.295
Best path:
-86.3006 32.3777
-84.2813 30.4381
-91.1874 30.4571
-90.1821 32.3038
-92.289 34.7466
-92.1729 38.5792
-93.6037 41.5911
-93.1022 44.9551
-96.6997 40.8081
-100.346 44.367
-100.783 46.8209
-104.985 39.7392
-111.888 40.7775
-112.018 46.5857
-116.2 43.6178
-123.03 44.9385
-122.905 47.0358
-134.42 58.3016
-157.857 21.3074
-121.494 38.5767
-119.766 39.1639
-112.097 33.4481
-105.94 35.6822
-97.7403 30.2747
-97.5033 35.4922
-95.678 39.0482
-89.655 39.7984
-89.3844 43.0747
-84.5553 42.7336
-86.1626 39.7686
-86.7842 36.1658
-84.8754 38.1867
-82.9991 39.9613
-81.6123 38.3362
-78.6391 35.7804
-77.4336 37.5389
-76.4909 38.9788
-76.8836 40.2644
-75.5197 39.1573
-74.7699 40.2206
-72.6822 41.764
-71.415 41.8309
-71.0637 42.3582
-71.538 43.2069
-69.7817 44.3072
-72.5805 44.2624
-73.7579 42.6528
-81.0332 34.0003
-84.3882 33.749
-86.3006 32.3777

Generation 800
Best distance: 281.295
Best path:
-86.3006 32.3777
-84.2813 30.4381
-91.1874 30.4571
-90.1821 32.3038
-92.289 34.7466
-92.1729 38.5792
-93.6037 41.5911
-93.1022 44.9551
-96.6997 40.8081
-100.346 44.367
-100.783 46.8209
-104.985 39.7392
-111.888 40.7775
-112.018 46.5857
-116.2 43.6178
-123.03 44.9385
-122.905 47.0358
-134.42 58.3016
-157.857 21.3074
-121.494 38.5767
-119.766 39.1639
-112.097 33.4481
-105.94 35.6822
-97.7403 30.2747
-97.5033 35.4922
-95.678 39.0482
-89.655 39.7984
-89.3844 43.0747
-84.5553 42.7336
-86.1626 39.7686
-86.7842 36.1658
-84.8754 38.1867
-82.9991 39.9613
-81.6123 38.3362
-78.6391 35.7804
-77.4336 37.5389
-76.4909 38.9788
-76.8836 40.2644
-75.5197 39.1573
-74.7699 40.2206
-72.6822 41.764
-71.415 41.8309
-71.0637 42.3582
-71.538 43.2069
-69.7817 44.3072
-72.5805 44.2624
-73.7579 42.6528
-81.0332 34.0003
-84.3882 33.749
-86.3006 32.3777

Generation 810
Best distance: 281.295
Best path:
-86.3006 32.3777
-84.3882 33.749
-81.0332 34.0003
-73.7579 42.6528
-72.5805 44.2624
-69.7817 44.3072
-71.538 43.2069
-71.0637 42.3582
-71.415 41.8309
-72.6822 41.764
-74.7699 40.2206
-75.5197 39.1573
-76.8836 40.2644
-76.4909 38.9788
-77.4336 37.5389
-78.6391 35.7804
-81.6123 38.3362
-82.9991 39.9613
-84.8754 38.1867
-86.7842 36.1658
-86.1626 39.7686
-84.5553 42.7336
-89.3844 43.0747
-89.655 39.7984
-95.678 39.0482
-97.5033 35.4922
-97.7403 30.2747
-105.94 35.6822
-112.097 33.4481
-119.766 39.1639
-121.494 38.5767
-157.857 21.3074
-134.42 58.3016
-122.905 47.0358
-123.03 44.9385
-116.2 43.6178
-112.018 46.5857
-111.888 40.7775
-104.985 39.7392
-100.783 46.8209
-100.346 44.367
-96.6997 40.8081
-93.1022 44.9551
-93.6037 41.5911
-92.1729 38.5792
-92.289 34.7466
-90.1821 32.3038
-91.1874 30.4571
-84.2813 30.4381
-86.3006 32.3777

Generation 820
Best distance: 281.295
Best path:
-86.3006 32.3777
-84.3882 33.749
-81.0332 34.0003
-73.7579 42.6528
-72.5805 44.2624
-69.7817 44.3072
-71.538 43.2069
-71.0637 42.3582
-71.415 41.8309
-72.6822 41.764
-74.7699 40.2206
-75.5197 39.1573
-76.8836 40.2644
-76.4909 38.9788
-77.4336 37.5389
-78.6391 35.7804
-81.6123 38.3362
-82.9991 39.9613
-84.8754 38.1867
-86.7842 36.1658
-86.1626 39.7686
-84.5553 42.7336
-89.3844 43.0747
-89.655 39.7984
-95.678 39.0482
-97.5033 35.4922
-97.7403 30.2747
-105.94 35.6822
-112.097 33.4481
-119.766 39.1639
-121.494 38.5767
-157.857 21.3074
-134.42 58.3016
-122.905 47.0358
-123.03 44.9385
-116.2 43.6178
-112.018 46.5857
-111.888 40.7775
-104.985 39.7392
-100.783 46.8209
-100.346 44.367
-96.6997 40.8081
-93.1022 44.9551
-93.6037 41.5911
-92.1729 38.5792
-92.289 34.7466
-90.1821 32.3038
-91.1874 30.4571
-84.2813 30.4381
-86.3006 32.3777

Generation 830
Best distance: 281.295
Best path:
-86.3006 32.3777
-84.3882 33.749
-81.0332 34.0003
-73.7579 42.6528
-72.5805 44.2624
-69.7817 44.3072
-71.538 43.2069
-71.0637 42.3582
-71.415 41.8309
-72.6822 41.764
-74.7699 40.2206
-75.5197 39.1573
-76.8836 40.2644
-76.4909 38.9788
-77.4336 37.5389
-78.6391 35.7804
-81.6123 38.3362
-82.9991 39.9613
-84.8754 38.1867
-86.7842 36.1658
-86.1626 39.7686
-84.5553 42.7336
-89.3844 43.0747
-89.655 39.7984
-95.678 39.0482
-97.5033 35.4922
-97.7403 30.2747
-105.94 35.6822
-112.097 33.4481
-119.766 39.1639
-121.494 38.5767
-157.857 21.3074
-134.42 58.3016
-122.905 47.0358
-123.03 44.9385
-116.2 43.6178
-112.018 46.5857
-111.888 40.7775
-104.985 39.7392
-100.783 46.8209
-100.346 44.367
-96.6997 40.8081
-93.1022 44.9551
-93.6037 41.5911
-92.1729 38.5792
-92.289 34.7466
-90.1821 32.3038
-91.1874 30.4571
-84.2813 30.4381
-86.3006 32.3777

Generation 840
Best distance: 281.295
Best path:
-86.3006 32.3777
-84.3882 33.749
-81.0332 34.0003
-73.7579 42.6528
-72.5805 44.2624
-69.7817 44.3072
-71.538 43.2069
-71.0637 42.3582
-71.415 41.8309
-72.6822 41.764
-74.7699 40.2206
-75.5197 39.1573
-76.8836 40.2644
-76.4909 38.9788
-77.4336 37.5389
-78.6391 35.7804
-81.6123 38.3362
-82.9991 39.9613
-84.8754 38.1867
-86.7842 36.1658
-86.1626 39.7686
-84.5553 42.7336
-89.3844 43.0747
-89.655 39.7984
-95.678 39.0482
-97.5033 35.4922
-97.7403 30.2747
-105.94 35.6822
-112.097 33.4481
-119.766 39.1639
-121.494 38.5767
-157.857 21.3074
-134.42 58.3016
-122.905 47.0358
-123.03 44.9385
-116.2 43.6178
-112.018 46.5857
-111.888 40.7775
-104.985 39.7392
-100.783 46.8209
-100.346 44.367
-96.6997 40.8081
-93.1022 44.9551
-93.6037 41.5911
-92.1729 38.5792
-92.289 34.7466
-90.1821 32.3038
-91.1874 30.4571
-84.2813 30.4381
-86.3006 32.3777

Generation 850
Best distance: 281.295
Best path:
-86.3006 32.3777
-84.2813 30.4381
-91.1874 30.4571
-90.1821 32.3038
-92.289 34.7466
-92.1729 38.5792
-93.6037 41.5911
-93.1022 44.9551
-96.6997 40.8081
-100.346 44.367
-100.783 46.8209
-104.985 39.7392
-111.888 40.7775
-112.018 46.5857
-116.2 43.6178
-123.03 44.9385
-122.905 47.0358
-134.42 58.3016
-157.857 21.3074
-121.494 38.5767
-119.766 39.1639
-112.097 33.4481
-105.94 35.6822
-97.7403 30.2747
-97.5033 35.4922
-95.678 39.0482
-89.655 39.7984
-89.3844 43.0747
-84.5553 42.7336
-86.1626 39.7686
-86.7842 36.1658
-84.8754 38.1867
-82.9991 39.9613
-81.6123 38.3362
-78.6391 35.7804
-77.4336 37.5389
-76.4909 38.9788
-76.8836 40.2644
-75.5197 39.1573
-74.7699 40.2206
-72.6822 41.764
-71.415 41.8309
-71.0637 42.3582
-71.538 43.2069
-69.7817 44.3072
-72.5805 44.2624
-73.7579 42.6528
-81.0332 34.0003
-84.3882 33.749
-86.3006 32.3777

Generation 860
Best distance: 281.295
Best path:
-86.3006 32.3777
-84.3882 33.749
-81.0332 34.0003
-73.7579 42.6528
-72.5805 44.2624
-69.7817 44.3072
-71.538 43.2069
-71.0637 42.3582
-71.415 41.8309
-72.6822 41.764
-74.7699 40.2206
-75.5197 39.1573
-76.8836 40.2644
-76.4909 38.9788
-77.4336 37.5389
-78.6391 35.7804
-81.6123 38.3362
-82.9991 39.9613
-84.8754 38.1867
-86.7842 36.1658
-86.1626 39.7686
-84.5553 42.7336
-89.3844 43.0747
-89.655 39.7984
-95.678 39.0482
-97.5033 35.4922
-97.7403 30.2747
-105.94 35.6822
-112.097 33.4481
-119.766 39.1639
-121.494 38.5767
-157.857 21.3074
-134.42 58.3016
-122.905 47.0358
-123.03 44.9385
-116.2 43.6178
-112.018 46.5857
-111.888 40.7775
-104.985 39.7392
-100.783 46.8209
-100.346 44.367
-96.6997 40.8081
-93.1022 44.9551
-93.6037 41.5911
-92.1729 38.5792
-92.289 34.7466
-90.1821 32.3038
-91.1874 30.4571
-84.2813 30.4381
-86.3006 32.3777

Generation 870
Best distance: 281.295
Best path:
-86.3006 32.3777
-84.3882 33.749
-81.0332 34.0003
-73.7579 42.6528
-72.5805 44.2624
-69.7817 44.3072
-71.538 43.2069
-71.0637 42.3582
-71.415 41.8309
-72.6822 41.764
-74.7699 40.2206
-75.5197 39.1573
-76.8836 40.2644
-76.4909 38.9788
-77.4336 37.5389
-78.6391 35.7804
-81.6123 38.3362
-82.9991 39.9613
-84.8754 38.1867
-86.7842 36.1658
-86.1626 39.7686
-84.5553 42.7336
-89.3844 43.0747
-89.655 39.7984
-95.678 39.0482
-97.5033 35.4922
-97.7403 30.2747
-105.94 35.6822
-112.097 33.4481
-119.766 39.1639
-121.494 38.5767
-157.857 21.3074
-134.42 58.3016
-122.905 47.0358
-123.03 44.9385
-116.2 43.6178
-112.018 46.5857
-111.888 40.7775
-104.985 39.7392
-100.783 46.8209
-100.346 44.367
-96.6997 40.8081
-93.1022 44.9551
-93.6037 41.5911
-92.1729 38.5792
-92.289 34.7466
-90.1821 32.3038
-91.1874 30.4571
-84.2813 30.4381
-86.3006 32.3777

Generation 880
Best distance: 281.295
Best path:
-86.3006 32.3777
-84.3882 33.749
-81.0332 34.0003
-73.7579 42.6528
-72.5805 44.2624
-69.7817 44.3072
-71.538 43.2069
-71.0637 42.3582
-71.415 41.8309
-72.6822 41.764
-74.7699 40.2206
-75.5197 39.1573
-76.8836 40.2644
-76.4909 38.9788
-77.4336 37.5389
-78.6391 35.7804
-81.6123 38.3362
-82.9991 39.9613
-84.8754 38.1867
-86.7842 36.1658
-86.1626 39.7686
-84.5553 42.7336
-89.3844 43.0747
-89.655 39.7984
-95.678 39.0482
-97.5033 35.4922
-97.7403 30.2747
-105.94 35.6822
-112.097 33.4481
-119.766 39.1639
-121.494 38.5767
-157.857 21.3074
-134.42 58.3016
-122.905 47.0358
-123.03 44.9385
-116.2 43.6178
-112.018 46.5857
-111.888 40.7775
-104.985 39.7392
-100.783 46.8209
-100.346 44.367
-96.6997 40.8081
-93.1022 44.9551
-93.6037 41.5911
-92.1729 38.5792
-92.289 34.7466
-90.1821 32.3038
-91.1874 30.4571
-84.2813 30.4381
-86.3006 32.3777

Generation 890
Best distance: 280.599
Best path:
-86.3006 32.3777
-86.3006 32.3777
-91.1874 30.4571
-90.1821 32.3038
-92.289 34.7466
-92.1729 38.5792
-93.6037 41.5911
-93.1022 44.9551
-96.6997 40.8081
-100.346 44.367
-100.783 46.8209
-104.985 39.7392
-111.888 40.7775
-112.018 46.5857
-116.2 43.6178
-123.03 44.9385
-122.905 47.0358
-134.42 58.3016
-157.857 21.3074
-121.494 38.5767
-119.766 39.1639
-112.097 33.4481
-105.94 35.6822
-97.7403 30.2747
-97.5033 35.4922
-95.678 39.0482
-89.655 39.7984
-89.3844 43.0747
-84.5553 42.7336
-86.1626 39.7686
-86.7842 36.1658
-84.8754 38.1867
-82.9991 39.9613
-81.6123 38.3362
-78.6391 35.7804
-77.4336 37.5389
-76.4909 38.9788
-76.8836 40.2644
-75.5197 39.1573
-74.7699 40.2206
-72.6822 41.764
-71.415 41.8309
-71.0637 42.3582
-71.538 43.2069
-69.7817 44.3072
-72.5805 44.2624
-73.7579 42.6528
-81.0332 34.0003
-84.3882 33.749
-84.2813 30.4381

Generation 900
Best distance: 281.295
Best path:
-86.3006 32.3777
-84.3882 33.749
-81.0332 34.0003
-73.7579 42.6528
-72.5805 44.2624
-69.7817 44.3072
-71.538 43.2069
-71.0637 42.3582
-71.415 41.8309
-72.6822 41.764
-74.7699 40.2206
-75.5197 39.1573
-76.8836 40.2644
-76.4909 38.9788
-77.4336 37.5389
-78.6391 35.7804
-81.6123 38.3362
-82.9991 39.9613
-84.8754 38.1867
-86.7842 36.1658
-86.1626 39.7686
-84.5553 42.7336
-89.3844 43.0747
-89.655 39.7984
-95.678 39.0482
-97.5033 35.4922
-97.7403 30.2747
-105.94 35.6822
-112.097 33.4481
-119.766 39.1639
-121.494 38.5767
-157.857 21.3074
-134.42 58.3016
-122.905 47.0358
-123.03 44.9385
-116.2 43.6178
-112.018 46.5857
-111.888 40.7775
-104.985 39.7392
-100.783 46.8209
-100.346 44.367
-96.6997 40.8081
-93.1022 44.9551
-93.6037 41.5911
-92.1729 38.5792
-92.289 34.7466
-90.1821 32.3038
-91.1874 30.4571
-84.2813 30.4381
-86.3006 32.3777

Generation 910
Best distance: 281.295
Best path:
-86.3006 32.3777
-84.3882 33.749
-81.0332 34.0003
-73.7579 42.6528
-72.5805 44.2624
-69.7817 44.3072
-71.538 43.2069
-71.0637 42.3582
-71.415 41.8309
-72.6822 41.764
-74.7699 40.2206
-75.5197 39.1573
-76.8836 40.2644
-76.4909 38.9788
-77.4336 37.5389
-78.6391 35.7804
-81.6123 38.3362
-82.9991 39.9613
-84.8754 38.1867
-86.7842 36.1658
-86.1626 39.7686
-84.5553 42.7336
-89.3844 43.0747
-89.655 39.7984
-95.678 39.0482
-97.5033 35.4922
-97.7403 30.2747
-105.94 35.6822
-112.097 33.4481
-119.766 39.1639
-121.494 38.5767
-157.857 21.3074
-134.42 58.3016
-122.905 47.0358
-123.03 44.9385
-116.2 43.6178
-112.018 46.5857
-111.888 40.7775
-104.985 39.7392
-100.783 46.8209
-100.346 44.367
-96.6997 40.8081
-93.1022 44.9551
-93.6037 41.5911
-92.1729 38.5792
-92.289 34.7466
-90.1821 32.3038
-91.1874 30.4571
-84.2813 30.4381
-86.3006 32.3777

Generation 920
Best distance: 281.295
Best path:
-86.3006 32.3777
-84.3882 33.749
-81.0332 34.0003
-73.7579 42.6528
-72.5805 44.2624
-69.7817 44.3072
-71.538 43.2069
-71.0637 42.3582
-71.415 41.8309
-72.6822 41.764
-74.7699 40.2206
-75.5197 39.1573
-76.8836 40.2644
-76.4909 38.9788
-77.4336 37.5389
-78.6391 35.7804
-81.6123 38.3362
-82.9991 39.9613
-84.8754 38.1867
-86.7842 36.1658
-86.1626 39.7686
-84.5553 42.7336
-89.3844 43.0747
-89.655 39.7984
-95.678 39.0482
-97.5033 35.4922
-97.7403 30.2747
-105.94 35.6822
-112.097 33.4481
-119.766 39.1639
-121.494 38.5767
-157.857 21.3074
-134.42 58.3016
-122.905 47.0358
-123.03 44.9385
-116.2 43.6178
-112.018 46.5857
-111.888 40.7775
-104.985 39.7392
-100.783 46.8209
-100.346 44.367
-96.6997 40.8081
-93.1022 44.9551
-93.6037 41.5911
-92.1729 38.5792
-92.289 34.7466
-90.1821 32.3038
-91.1874 30.4571
-84.2813 30.4381
-86.3006 32.3777

Generation 930
Best distance: 281.295
Best path:
-86.3006 32.3777
-84.3882 33.749
-81.0332 34.0003
-73.7579 42.6528
-72.5805 44.2624
-69.7817 44.3072
-71.538 43.2069
-71.0637 42.3582
-71.415 41.8309
-72.6822 41.764
-74.7699 40.2206
-75.5197 39.1573
-76.8836 40.2644
-76.4909 38.9788
-77.4336 37.5389
-78.6391 35.7804
-81.6123 38.3362
-82.9991 39.9613
-84.8754 38.1867
-86.7842 36.1658
-86.1626 39.7686
-84.5553 42.7336
-89.3844 43.0747
-89.655 39.7984
-95.678 39.0482
-97.5033 35.4922
-97.7403 30.2747
-105.94 35.6822
-112.097 33.4481
-119.766 39.1639
-121.494 38.5767
-157.857 21.3074
-134.42 58.3016
-122.905 47.0358
-123.03 44.9385
-116.2 43.6178
-112.018 46.5857
-111.888 40.7775
-104.985 39.7392
-100.783 46.8209
-100.346 44.367
-96.6997 40.8081
-93.1022 44.9551
-93.6037 41.5911
-92.1729 38.5792
-92.289 34.7466
-90.1821 32.3038
-91.1874 30.4571
-84.2813 30.4381
-86.3006 32.3777

Generation 940
Best distance: 281.295
Best path:
-86.3006 32.3777
-84.3882 33.749
-81.0332 34.0003
-73.7579 42.6528
-72.5805 44.2624
-69.7817 44.3072
-71.538 43.2069
-71.0637 42.3582
-71.415 41.8309
-72.6822 41.764
-74.7699 40.2206
-75.5197 39.1573
-76.8836 40.2644
-76.4909 38.9788
-77.4336 37.5389
-78.6391 35.7804
-81.6123 38.3362
-82.9991 39.9613
-84.8754 38.1867
-86.7842 36.1658
-86.1626 39.7686
-84.5553 42.7336
-89.3844 43.0747
-89.655 39.7984
-95.678 39.0482
-97.5033 35.4922
-97.7403 30.2747
-105.94 35.6822
-112.097 33.4481
-119.766 39.1639
-121.494 38.5767
-157.857 21.3074
-134.42 58.3016
-122.905 47.0358
-123.03 44.9385
-116.2 43.6178
-112.018 46.5857
-111.888 40.7775
-104.985 39.7392
-100.783 46.8209
-100.346 44.367
-96.6997 40.8081
-93.1022 44.9551
-93.6037 41.5911
-92.1729 38.5792
-92.289 34.7466
-90.1821 32.3038
-91.1874 30.4571
-84.2813 30.4381
-86.3006 32.3777

Generation 950
Best distance: 281.295
Best path:
-86.3006 32.3777
-84.3882 33.749
-81.0332 34.0003
-73.7579 42.6528
-72.5805 44.2624
-69.7817 44.3072
-71.538 43.2069
-71.0637 42.3582
-71.415 41.8309
-72.6822 41.764
-74.7699 40.2206
-75.5197 39.1573
-76.8836 40.2644
-76.4909 38.9788
-77.4336 37.5389
-78.6391 35.7804
-81.6123 38.3362
-82.9991 39.9613
-84.8754 38.1867
-86.7842 36.1658
-86.1626 39.7686
-84.5553 42.7336
-89.3844 43.0747
-89.655 39.7984
-95.678 39.0482
-97.5033 35.4922
-97.7403 30.2747
-105.94 35.6822
-112.097 33.4481
-119.766 39.1639
-121.494 38.5767
-157.857 21.3074
-134.42 58.3016
-122.905 47.0358
-123.03 44.9385
-116.2 43.6178
-112.018 46.5857
-111.888 40.7775
-104.985 39.7392
-100.783 46.8209
-100.346 44.367
-96.6997 40.8081
-93.1022 44.9551
-93.6037 41.5911
-92.1729 38.5792
-92.289 34.7466
-90.1821 32.3038
-91.1874 30.4571
-84.2813 30.4381
-86.3006 32.3777

Generation 960
Best distance: 281.295
Best path:
-86.3006 32.3777
-84.3882 33.749
-81.0332 34.0003
-73.7579 42.6528
-72.5805 44.2624
-69.7817 44.3072
-71.538 43.2069
-71.0637 42.3582
-71.415 41.8309
-72.6822 41.764
-74.7699 40.2206
-75.5197 39.1573
-76.8836 40.2644
-76.4909 38.9788
-77.4336 37.5389
-78.6391 35.7804
-81.6123 38.3362
-82.9991 39.9613
-84.8754 38.1867
-86.7842 36.1658
-86.1626 39.7686
-84.5553 42.7336
-89.3844 43.0747
-89.655 39.7984
-95.678 39.0482
-97.5033 35.4922
-97.7403 30.2747
-105.94 35.6822
-112.097 33.4481
-119.766 39.1639
-121.494 38.5767
-157.857 21.3074
-134.42 58.3016
-122.905 47.0358
-123.03 44.9385
-116.2 43.6178
-112.018 46.5857
-111.888 40.7775
-104.985 39.7392
-100.783 46.8209
-100.346 44.367
-96.6997 40.8081
-93.1022 44.9551
-93.6037 41.5911
-92.1729 38.5792
-92.289 34.7466
-90.1821 32.3038
-91.1874 30.4571
-84.2813 30.4381
-86.3006 32.3777

Generation 970
Best distance: 281.295
Best path:
-86.3006 32.3777
-84.3882 33.749
-81.0332 34.0003
-73.7579 42.6528
-72.5805 44.2624
-69.7817 44.3072
-71.538 43.2069
-71.0637 42.3582
-71.415 41.8309
-72.6822 41.764
-74.7699 40.2206
-75.5197 39.1573
-76.8836 40.2644
-76.4909 38.9788
-77.4336 37.5389
-78.6391 35.7804
-81.6123 38.3362
-82.9991 39.9613
-84.8754 38.1867
-86.7842 36.1658
-86.1626 39.7686
-84.5553 42.7336
-89.3844 43.0747
-89.655 39.7984
-95.678 39.0482
-97.5033 35.4922
-97.7403 30.2747
-105.94 35.6822
-112.097 33.4481
-119.766 39.1639
-121.494 38.5767
-157.857 21.3074
-134.42 58.3016
-122.905 47.0358
-123.03 44.9385
-116.2 43.6178
-112.018 46.5857
-111.888 40.7775
-104.985 39.7392
-100.783 46.8209
-100.346 44.367
-96.6997 40.8081
-93.1022 44.9551
-93.6037 41.5911
-92.1729 38.5792
-92.289 34.7466
-90.1821 32.3038
-91.1874 30.4571
-84.2813 30.4381
-86.3006 32.3777

Generation 980
Best distance: 281.295
Best path:
-86.3006 32.3777
-84.2813 30.4381
-91.1874 30.4571
-90.1821 32.3038
-92.289 34.7466
-92.1729 38.5792
-93.6037 41.5911
-93.1022 44.9551
-96.6997 40.8081
-100.346 44.367
-100.783 46.8209
-104.985 39.7392
-111.888 40.7775
-112.018 46.5857
-116.2 43.6178
-123.03 44.9385
-122.905 47.0358
-134.42 58.3016
-157.857 21.3074
-121.494 38.5767
-119.766 39.1639
-112.097 33.4481
-105.94 35.6822
-97.7403 30.2747
-97.5033 35.4922
-95.678 39.0482
-89.655 39.7984
-89.3844 43.0747
-84.5553 42.7336
-86.1626 39.7686
-86.7842 36.1658
-84.8754 38.1867
-82.9991 39.9613
-81.6123 38.3362
-78.6391 35.7804
-77.4336 37.5389
-76.4909 38.9788
-76.8836 40.2644
-75.5197 39.1573
-74.7699 40.2206
-72.6822 41.764
-71.415 41.8309
-71.0637 42.3582
-71.538 43.2069
-69.7817 44.3072
-72.5805 44.2624
-73.7579 42.6528
-81.0332 34.0003
-84.3882 33.749
-86.3006 32.3777

Generation 990
Best distance: 281.295
Best path:
-86.3006 32.3777
-84.3882 33.749
-81.0332 34.0003
-73.7579 42.6528
-72.5805 44.2624
-69.7817 44.3072
-71.538 43.2069
-71.0637 42.3582
-71.415 41.8309
-72.6822 41.764
-74.7699 40.2206
-75.5197 39.1573
-76.8836 40.2644
-76.4909 38.9788
-77.4336 37.5389
-78.6391 35.7804
-81.6123 38.3362
-82.9991 39.9613
-84.8754 38.1867
-86.7842 36.1658
-86.1626 39.7686
-84.5553 42.7336
-89.3844 43.0747
-89.655 39.7984
-95.678 39.0482
-97.5033 35.4922
-97.7403 30.2747
-105.94 35.6822
-112.097 33.4481
-119.766 39.1639
-121.494 38.5767
-157.857 21.3074
-134.42 58.3016
-122.905 47.0358
-123.03 44.9385
-116.2 43.6178
-112.018 46.5857
-111.888 40.7775
-104.985 39.7392
-100.783 46.8209
-100.346 44.367
-96.6997 40.8081
-93.1022 44.9551
-93.6037 41.5911
-92.1729 38.5792
-92.289 34.7466
-90.1821 32.3038
-91.1874 30.4571
-84.2813 30.4381
-86.3006 32.3777

