Generation 0
Best distance: 811.034
Best path:
-86.3006 32.3777
-92.289 34.7466
-157.857 21.3074
-119.766 39.1639
-123.03 44.9385
-96.6997 40.8081
-97.7403 30.2747
-104.985 39.7392
-84.8754 38.1867
-112.018 46.5857
-97.5033 35.4922
-77.4336 37.5389
-78.6391 35.7804
-93.6037 41.5911
-100.783 46.8209
-71.0637 42.3582
-72.5805 44.2624
-76.4909 38.9788
-111.888 40.7775
-121.494 38.5767
-112.097 33.4481
-100.346 44.367
-116.2 43.6178
-134.42 58.3016
-86.7842 36.1658
-91.1874 30.4571
-81.6123 38.3362
-69.7817 44.3072
-82.9991 39.9613
-71.415 41.8309
-92.1729 38.5792
-105.94 35.6822
-122.905 47.0358
-86.1626 39.7686
-84.5553 42.7336
-72.6822 41.764
-75.5197 39.1573
-84.3882 33.749
-74.7699 40.2206
-71.538 43.2069
-89.655 39.7984
-84.2813 30.4381
-95.678 39.0482
-89.3844 43.0747
-81.0332 34.0003
-90.1821 32.3038
-76.8836 40.2644
-73.7579 42.6528
-93.1022 44.9551
-86.3006 32.3777

Generation 1
Best distance: 810.111
Best path:
-86.3006 32.3777
-97.7403 30.2747
-84.8754 38.1867
-112.018 46.5857
-84.5553 42.7336
-86.7842 36.1658
-84.2813 30.4381
-69.7817 44.3072
-93.6037 41.5911
-100.346 44.367
-95.678 39.0482
-74.7699 40.2206
-76.8836 40.2644
-86.1626 39.7686
-82.9991 39.9613
-157.857 21.3074
-116.2 43.6178
-122.905 47.0358
-71.538 43.2069
-71.415 41.8309
-92.289 34.7466
-134.42 58.3016
-89.655 39.7984
-81.0332 34.0003
-73.7579 42.6528
-77.4336 37.5389
-78.6391 35.7804
-90.1821 32.3038
-112.097 33.4481
-92.1729 38.5792
-97.5033 35.4922
-111.888 40.7775
-105.94 35.6822
-104.985 39.7392
-93.1022 44.9551
-84.3882 33.749
-100.783 46.8209
-96.6997 40.8081
-119.766 39.1639
-123.03 44.9385
-121.494 38.5767
-91.1874 30.4571
-72.5805 44.2624
-76.4909 38.9788
-71.0637 42.3582
-75.5197 39.1573
-72.6822 41.764
-81.6123 38.3362
-89.3844 43.0747
-86.3006 32.3777

Generation 10
Best distance: 674.63
Best path:
-86.3006 32.3777
-75.5197 39.1573
-72.5805 44.2624
-78.6391 35.7804
-76.4909 38.9788
-89.655 39.7984
-105.94 35.6822
-84.8754 38.1867
-86.7842 36.1658
-77.4336 37.5389
-81.6123 38.3362
-76.8836 40.2644
-71.415 41.8309
-92.1729 38.5792
-81.0332 34.0003
-84.2813 30.4381
-97.7403 30.2747
-92.289 34.7466
-95.678 39.0482
-134.42 58.3016
-122.905 47.0358
-104.985 39.7392
-112.018 46.5857
-74.7699 40.2206
-89.3844 43.0747
-93.6037 41.5911
-97.5033 35.4922
-73.7579 42.6528
-71.0637 42.3582
-72.6822 41.764
-84.5553 42.7336
-157.857 21.3074
-116.2 43.6178
-100.783 46.8209
-111.888 40.7775
-119.766 39.1639
-123.03 44.9385
-121.494 38.5767
-112.097 33.4481
-90.1821 32.3038
-91.1874 30.4571
-93.1022 44.9551
-84.3882 33.749
-71.538 43.2069
-69.7817 44.3072
-82.9991 39.9613
-86.1626 39.7686
-100.346 44.367
-96.6997 40.8081
-86.3006 32.3777

Generation 20
Best distance: 593.796
Best path:
-86.3006 32.3777
-84.3882 33.749
-84.8754 38.1867
-86.1626 39.7686
-69.7817 44.3072
-71.538 43.2069
-78.6391 35.7804
-76.4909 38.9788
-96.6997 40.8081
-84.5553 42.7336
-81.6123 38.3362
-84.2813 30.4381
-86.7842 36.1658
-92.1729 38.5792
-105.94 35.6822
-82.9991 39.9613
-73.7579 42.6528
-89.655 39.7984
-76.8836 40.2644
-74.7699 40.2206
-75.5197 39.1573
-71.415 41.8309
-77.4336 37.5389
-97.7403 30.2747
-95.678 39.0482
-97.5033 35.4922
-100.346 44.367
-93.6037 41.5911
-104.985 39.7392
-157.857 21.3074
-134.42 58.3016
-116.2 43.6178
-122.905 47.0358
-112.018 46.5857
-92.289 34.7466
-81.0332 34.0003
-100.783 46.8209
-111.888 40.7775
-119.766 39.1639
-123.03 44.9385
-121.494 38.5767
-112.097 33.4481
-90.1821 32.3038
-91.1874 30.4571
-89.3844 43.0747
-72.6822 41.764
-72.5805 44.2624
-71.0637 42.3582
-93.1022 44.9551
-86.3006 32.3777

Generation 30
Best distance: 526.287
Best path:
-86.3006 32.3777
-84.5553 42.7336
-86.7842 36.1658
-93.6037 41.5911
-86.1626 39.7686
-89.3844 43.0747
-69.7817 44.3072
-72.5805 44.2624
-71.538 43.2069
-72.6822 41.764
-84.2813 30.4381
-78.6391 35.7804
-81.0332 34.0003
-71.0637 42.3582
-71.415 41.8309
-76.4909 38.9788
-75.5197 39.1573
-74.7699 40.2206
-76.8836 40.2644
-73.7579 42.6528
-97.5033 35.4922
-95.678 39.0482
-89.655 39.7984
-93.1022 44.9551
-91.1874 30.4571
-92.289 34.7466
-92.1729 38.5792
-111.888 40.7775
-119.766 39.1639
-97.7403 30.2747
-100.346 44.367
-104.985 39.7392
-157.857 21.3074
-134.42 58.3016
-116.2 43.6178
-122.905 47.0358
-112.018 46.5857
-123.03 44.9385
-121.494 38.5767
-112.097 33.4481
-90.1821 32.3038
-96.6997 40.8081
-100.783 46.8209
-105.94 35.6822
-84.3882 33.749
-81.6123 38.3362
-82.9991 39.9613
-77.4336 37.5389
-84.8754 38.1867
-86.3006 32.3777

Generation 40
Best distance: 508.971
Best path:
-86.3006 32.3777
-75.5197 39.1573
-73.7579 42.6528
-71.0637 42.3582
-72.5805 44.2624
-71.538 43.2069
-72.6822 41.764
-81.0332 34.0003
-92.289 34.7466
-81.6123 38.3362
-84.5553 42.7336
-93.1022 44.9551
-93.6037 41.5911
-84.3882 33.749
-100.346 44.367
-119.766 39.1639
-121.494 38.5767
-157.857 21.3074
-123.03 44.9385
-97.7403 30.2747
-97.5033 35.4922
-95.678 39.0482
-92.1729 38.5792
-90.1821 32.3038
-100.783 46.8209
-122.905 47.0358
-134.42 58.3016
-112.018 46.5857
-116.2 43.6178
-111.888 40.7775
-112.097 33.4481
-105.94 35.6822
-104.985 39.7392
-96.6997 40.8081
-91.1874 30.4571
-86.7842 36.1658
-89.655 39.7984
-84.2813 30.4381
-71.415 41.8309
-74.7699 40.2206
-69.7817 44.3072
-76.8836 40.2644
-86.1626 39.7686
-76.4909 38.9788
-89.3844 43.0747
-82.9991 39.9613
-84.8754 38.1867
-77.4336 37.5389
-78.6391 35.7804
-86.3006 32.3777

Generation 50
Best distance: 457.3
Best path:
-86.3006 32.3777
-89.3844 43.0747
-69.7817 44.3072
-76.4909 38.9788
-75.5197 39.1573
-76.8836 40.2644
-73.7579 42.6528
-71.0637 42.3582
-74.7699 40.2206
-71.538 43.2069
-72.6822 41.764
-71.415 41.8309
-72.5805 44.2624
-78.6391 35.7804
-84.8754 38.1867
-86.1626 39.7686
-81.0332 34.0003
-81.6123 38.3362
-84.5553 42.7336
-86.7842 36.1658
-89.655 39.7984
-93.1022 44.9551
-84.2813 30.4381
-77.4336 37.5389
-82.9991 39.9613
-105.94 35.6822
-96.6997 40.8081
-95.678 39.0482
-100.346 44.367
-119.766 39.1639
-157.857 21.3074
-134.42 58.3016
-122.905 47.0358
-112.018 46.5857
-123.03 44.9385
-116.2 43.6178
-111.888 40.7775
-112.097 33.4481
-121.494 38.5767
-104.985 39.7392
-97.5033 35.4922
-91.1874 30.4571
-90.1821 32.3038
-97.7403 30.2747
-92.289 34.7466
-92.1729 38.5792
-93.6037 41.5911
-100.783 46.8209
-84.3882 33.749
-86.3006 32.3777

Generation 60
Best distance: 430.701
Best path:
-86.3006 32.3777
-84.2813 30.4381
-73.7579 42.6528
-76.8836 40.2644
-74.7699 40.2206
-84.8754 38.1867
-86.1626 39.7686
-84.5553 42.7336
-69.7817 44.3072
-71.0637 42.3582
-72.5805 44.2624
-71.538 43.2069
-71.415 41.8309
-72.6822 41.764
-76.4909 38.9788
-75.5197 39.1573
-78.6391 35.7804
-81.0332 34.0003
-92.289 34.7466
-91.1874 30.4571
-82.9991 39.9613
-93.1022 44.9551
-93.6037 41.5911
-89.3844 43.0747
-100.346 44.367
-119.766 39.1639
-121.494 38.5767
-157.857 21.3074
-123.03 44.9385
-122.905 47.0358
-134.42 58.3016
-112.018 46.5857
-116.2 43.6178
-111.888 40.7775
-97.7403 30.2747
-97.5033 35.4922
-95.678 39.0482
-89.655 39.7984
-92.1729 38.5792
-84.3882 33.749
-90.1821 32.3038
-100.783 46.8209
-112.097 33.4481
-105.94 35.6822
-104.985 39.7392
-96.6997 40.8081
-86.7842 36.1658
-81.6123 38.3362
-77.4336 37.5389
-86.3006 32.3777

Generation 70
Best distance: 409.067
Best path:
-86.3006 32.3777
-77.4336 37.5389
-75.5197 39.1573
-76.8836 40.2644
-69.7817 44.3072
-71.0637 42.3582
-74.7699 40.2206
-76.4909 38.9788
-73.7579 42.6528
-72.5805 44.2624
-71.538 43.2069
-71.415 41.8309
-72.6822 41.764
-78.6391 35.7804
-84.8754 38.1867
-82.9991 39.9613
-81.6123 38.3362
-92.289 34.7466
-84.5553 42.7336
-84.3882 33.749
-84.2813 30.4381
-91.1874 30.4571
-86.1626 39.7686
-81.0332 34.0003
-90.1821 32.3038
-86.7842 36.1658
-97.7403 30.2747
-97.5033 35.4922
-95.678 39.0482
-93.1022 44.9551
-93.6037 41.5911
-89.3844 43.0747
-89.655 39.7984
-92.1729 38.5792
-100.346 44.367
-119.766 39.1639
-121.494 38.5767
-157.857 21.3074
-123.03 44.9385
-122.905 47.0358
-134.42 58.3016
-112.018 46.5857
-116.2 43.6178
-111.888 40.7775
-100.783 46.8209
-112.097 33.4481
-105.94 35.6822
-104.985 39.7392
-96.6997 40.8081
-86.3006 32.3777

Generation 80
Best distance: 375.961
Best path:
-86.3006 32.3777
-84.3882 33.749
-81.0332 34.0003
-78.6391 35.7804
-75.5197 39.1573
-76.4909 38.9788
-72.6822 41.764
-71.0637 42.3582
-69.7817 44.3072
-72.5805 44.2624
-71.415 41.8309
-73.7579 42.6528
-71.538 43.2069
-74.7699 40.2206
-76.8836 40.2644
-92.289 34.7466
-84.5553 42.7336
-81.6123 38.3362
-82.9991 39.9613
-84.8754 38.1867
-77.4336 37.5389
-84.2813 30.4381
-91.1874 30.4571
-86.1626 39.7686
-90.1821 32.3038
-86.7842 36.1658
-97.7403 30.2747
-97.5033 35.4922
-95.678 39.0482
-93.6037 41.5911
-89.3844 43.0747
-89.655 39.7984
-92.1729 38.5792
-93.1022 44.9551
-100.783 46.8209
-100.346 44.367
-119.766 39.1639
-121.494 38.5767
-157.857 21.3074
-123.03 44.9385
-122.905 47.0358
-134.42 58.3016
-112.018 46.5857
-116.2 43.6178
-111.888 40.7775
-112.097 33.4481
-105.94 35.6822
-104.985 39.7392
-96.6997 40.8081
-86.3006 32.3777

Generation 90
Best distance: 344.8
Best path:
-86.3006 32.3777
-81.0332 34.0003
-82.9991 39.9613
-84.5553 42.7336
-84.8754 38.1867
-86.1626 39.7686
-92.289 34.7466
-78.6391 35.7804
-75.5197 39.1573
-76.4909 38.9788
-72.6822 41.764
-71.0637 42.3582
-69.7817 44.3072
-72.5805 44.2624
-71.415 41.8309
-73.7579 42.6528
-71.538 43.2069
-74.7699 40.2206
-76.8836 40.2644
-77.4336 37.5389
-81.6123 38.3362
-84.2813 30.4381
-91.1874 30.4571
-90.1821 32.3038
-84.3882 33.749
-86.7842 36.1658
-97.7403 30.2747
-97.5033 35.4922
-95.678 39.0482
-93.1022 44.9551
-93.6037 41.5911
-89.3844 43.0747
-89.655 39.7984
-92.1729 38.5792
-100.346 44.367
-100.783 46.8209
-112.018 46.5857
-116.2 43.6178
-119.766 39.1639
-121.494 38.5767
-123.03 44.9385
-122.905 47.0358
-134.42 58.3016
-157.857 21.3074
-111.888 40.7775
-112.097 33.4481
-105.94 35.6822
-104.985 39.7392
-96.6997 40.8081
-86.3006 32.3777

Generation 100
Best distance: 311.879
Best path:
-86.3006 32.3777
-81.6123 38.3362
-76.8836 40.2644
-76.4909 38.9788
-75.5197 39.1573
-72.5805 44.2624
-71.0637 42.3582
-69.7817 44.3072
-71.538 43.2069
-73.7579 42.6528
-72.6822 41.764
-71.415 41.8309
-74.7699 40.2206
-77.4336 37.5389
-78.6391 35.7804
-81.0332 34.0003
-84.3882 33.749
-84.2813 30.4381
-86.1626 39.7686
-84.5553 42.7336
-82.9991 39.9613
-84.8754 38.1867
-86.7842 36.1658
-92.289 34.7466
-91.1874 30.4571
-90.1821 32.3038
-97.7403 30.2747
-97.5033 35.4922
-95.678 39.0482
-93.6037 41.5911
-93.1022 44.9551
-89.3844 43.0747
-89.655 39.7984
-92.1729 38.5792
-100.346 44.367
-100.783 46.8209
-112.018 46.5857
-116.2 43.6178
-111.888 40.7775
-119.766 39.1639
-121.494 38.5767
-123.03 44.9385
-122.905 47.0358
-134.42 58.3016
-157.857 21.3074
-112.097 33.4481
-105.94 35.6822
-104.985 39.7392
-96.6997 40.8081
-86.3006 32.3777

Generation 110
Best distance: 307.897
Best path:
-86.3006 32.3777
-81.0332 34.0003
-78.6391 35.7804
-76.4909 38.9788
-75.5197 39.1573
-72.6822 41.764
-71.0637 42.3582
-69.7817 44.3072
-72.5805 44.2624
-71.538 43.2069
-73.7579 42.6528
-71.415 41.8309
-74.7699 40.2206
-76.8836 40.2644
-77.4336 37.5389
-81.6123 38.3362
-86.1626 39.7686
-84.5553 42.7336
-82.9991 39.9613
-84.8754 38.1867
-84.3882 33.749
-84.2813 30.4381
-86.7842 36.1658
-92.289 34.7466
-91.1874 30.4571
-90.1821 32.3038
-97.7403 30.2747
-97.5033 35.4922
-95.678 39.0482
-93.6037 41.5911
-93.1022 44.9551
-89.3844 43.0747
-89.655 39.7984
-92.1729 38.5792
-100.346 44.367
-100.783 46.8209
-112.018 46.5857
-111.888 40.7775
-116.2 43.6178
-119.766 39.1639
-121.494 38.5767
-123.03 44.9385
-122.905 47.0358
-134.42 58.3016
-157.857 21.3074
-112.097 33.4481
-105.94 35.6822
-104.985 39.7392
-96.6997 40.8081
-86.3006 32.3777

Generation 120
Best distance: 300.485
Best path:
-86.3006 32.3777
-81.0332 34.0003
-78.6391 35.7804
-76.4909 38.9788
-75.5197 39.1573
-72.6822 41.764
-71.0637 42.3582
-69.7817 44.3072
-72.5805 44.2624
-73.7579 42.6528
-71.538 43.2069
-71.415 41.8309
-74.7699 40.2206
-76.8836 40.2644
-77.4336 37.5389
-81.6123 38.3362
-86.1626 39.7686
-84.5553 42.7336
-82.9991 39.9613
-84.8754 38.1867
-86.7842 36.1658
-84.3882 33.749
-84.2813 30.4381
-91.1874 30.4571
-90.1821 32.3038
-92.289 34.7466
-97.7403 30.2747
-97.5033 35.4922
-95.678 39.0482
-93.6037 41.5911
-93.1022 44.9551
-89.3844 43.0747
-89.655 39.7984
-92.1729 38.5792
-96.6997 40.8081
-100.346 44.367
-100.783 46.8209
-112.018 46.5857
-111.888 40.7775
-116.2 43.6178
-119.766 39.1639
-121.494 38.5767
-123.03 44.9385
-122.905 47.0358
-134.42 58.3016
-157.857 21.3074
-112.097 33.4481
-105.94 35.6822
-104.985 39.7392
-86.3006 32.3777

Generation 130
Best distance: 297.351
Best path:
-86.3006 32.3777
-86.7842 36.1658
-84.8754 38.1867
-82.9991 39.9613
-84.5553 42.7336
-86.1626 39.7686
-81.6123 38.3362
-77.4336 37.5389
-76.8836 40.2644
-74.7699 40.2206
-73.7579 42.6528
-71.415 41.8309
-71.538 43.2069
-72.5805 44.2624
-69.7817 44.3072
-71.0637 42.3582
-72.6822 41.764
-75.5197 39.1573
-76.4909 38.9788
-78.6391 35.7804
-81.0332 34.0003
-84.3882 33.749
-84.2813 30.4381
-91.1874 30.4571
-90.1821 32.3038
-92.289 34.7466
-97.7403 30.2747
-97.5033 35.4922
-95.678 39.0482
-93.6037 41.5911
-93.1022 44.9551
-89.3844 43.0747
-89.655 39.7984
-92.1729 38.5792
-96.6997 40.8081
-100.346 44.367
-100.783 46.8209
-112.018 46.5857
-111.888 40.7775
-116.2 43.6178
-119.766 39.1639
-121.494 38.5767
-123.03 44.9385
-122.905 47.0358
-134.42 58.3016
-157.857 21.3074
-112.097 33.4481
-105.94 35.6822
-104.985 39.7392
-86.3006 32.3777

Generation 140
Best distance: 297.03
Best path:
-86.3006 32.3777
-86.7842 36.1658
-84.8754 38.1867
-82.9991 39.9613
-84.5553 42.7336
-86.1626 39.7686
-81.6123 38.3362
-77.4336 37.5389
-76.8836 40.2644
-74.7699 40.2206
-73.7579 42.6528
-72.5805 44.2624
-71.538 43.2069
-71.415 41.8309
-69.7817 44.3072
-71.0637 42.3582
-72.6822 41.764
-75.5197 39.1573
-76.4909 38.9788
-78.6391 35.7804
-81.0332 34.0003
-84.3882 33.749
-84.2813 30.4381
-91.1874 30.4571
-90.1821 32.3038
-92.289 34.7466
-97.7403 30.2747
-97.5033 35.4922
-95.678 39.0482
-93.6037 41.5911
-93.1022 44.9551
-89.3844 43.0747
-89.655 39.7984
-92.1729 38.5792
-96.6997 40.8081
-100.346 44.367
-100.783 46.8209
-112.018 46.5857
-111.888 40.7775
-116.2 43.6178
-119.766 39.1639
-121.494 38.5767
-123.03 44.9385
-122.905 47.0358
-134.42 58.3016
-157.857 21.3074
-112.097 33.4481
-105.94 35.6822
-104.985 39.7392
-86.3006 32.3777

Generation 150
Best distance: 295.102
Best path:
-86.3006 32.3777
-86.7842 36.1658
-84.8754 38.1867
-82.9991 39.9613
-84.5553 42.7336
-86.1626 39.7686
-81.6123 38.3362
-76.8836 40.2644
-74.7699 40.2206
-73.7579 42.6528
-72.5805 44.2624
-71.538 43.2069
-71.415 41.8309
-69.7817 44.3072
-71.0637 42.3582
-72.6822 41.764
-75.5197 39.1573
-76.4909 38.9788
-77.4336 37.5389
-78.6391 35.7804
-81.0332 34.0003
-84.3882 33.749
-84.2813 30.4381
-91.1874 30.4571
-90.1821 32.3038
-92.289 34.7466
-97.7403 30.2747
-97.5033 35.4922
-95.678 39.0482
-93.6037 41.5911
-93.1022 44.9551
-89.3844 43.0747
-89.655 39.7984
-92.1729 38.5792
-96.6997 40.8081
-100.346 44.367
-100.783 46.8209
-112.018 46.5857
-111.888 40.7775
-116.2 43.6178
-119.766 39.1639
-121.494 38.5767
-123.03 44.9385
-122.905 47.0358
-134.42 58.3016
-157.857 21.3074
-112.097 33.4481
-105.94 35.6822
-104.985 39.7392
-86.3006 32.3777

Generation 160
Best distance: 294.963
Best path:
-86.3006 32.3777
-86.7842 36.1658
-84.8754 38.1867
-82.9991 39.9613
-84.5553 42.7336
-86.1626 39.7686
-81.6123 38.3362
-76.8836 40.2644
-74.7699 40.2206
-73.7579 42.6528
-72.5805 44.2624
-71.538 43.2069
-71.415 41.8309
-69.7817 44.3072
-71.0637 42.3582
-72.6822 41.764
-75.5197 39.1573
-76.4909 38.9788
-77.4336 37.5389
-78.6391 35.7804
-81.0332 34.0003
-84.3882 33.749
-84.2813 30.4381
-91.1874 30.4571
-90.1821 32.3038
-92.289 34.7466
-97.7403 30.2747
-97.5033 35.4922
-95.678 39.0482
-93.6037 41.5911
-93.1022 44.9551
-104.985 39.7392
-105.94 35.6822
-112.097 33.4481
-157.857 21.3074
-134.42 58.3016
-122.905 47.0358
-123.03 44.9385
-121.494 38.5767
-119.766 39.1639
-116.2 43.6178
-111.888 40.7775
-112.018 46.5857
-100.783 46.8209
-100.346 44.367
-96.6997 40.8081
-92.1729 38.5792
-89.655 39.7984
-89.3844 43.0747
-86.3006 32.3777

Generation 170
Best distance: 294.248
Best path:
-86.3006 32.3777
-84.2813 30.4381
-84.3882 33.749
-81.0332 34.0003
-78.6391 35.7804
-77.4336 37.5389
-76.4909 38.9788
-75.5197 39.1573
-72.6822 41.764
-71.0637 42.3582
-69.7817 44.3072
-71.415 41.8309
-71.538 43.2069
-72.5805 44.2624
-73.7579 42.6528
-74.7699 40.2206
-76.8836 40.2644
-81.6123 38.3362
-86.1626 39.7686
-84.5553 42.7336
-82.9991 39.9613
-84.8754 38.1867
-86.7842 36.1658
-91.1874 30.4571
-90.1821 32.3038
-92.289 34.7466
-97.7403 30.2747
-97.5033 35.4922
-95.678 39.0482
-93.6037 41.5911
-93.1022 44.9551
-104.985 39.7392
-105.94 35.6822
-112.097 33.4481
-157.857 21.3074
-134.42 58.3016
-122.905 47.0358
-123.03 44.9385
-121.494 38.5767
-119.766 39.1639
-116.2 43.6178
-111.888 40.7775
-112.018 46.5857
-100.783 46.8209
-100.346 44.367
-96.6997 40.8081
-92.1729 38.5792
-89.655 39.7984
-89.3844 43.0747
-86.3006 32.3777

Generation 180
Best distance: 293.546
Best path:
-86.3006 32.3777
-84.2813 30.4381
-84.3882 33.749
-81.0332 34.0003
-78.6391 35.7804
-77.4336 37.5389
-76.4909 38.9788
-75.5197 39.1573
-74.7699 40.2206
-73.7579 42.6528
-72.5805 44.2624
-71.538 43.2069
-71.415 41.8309
-69.7817 44.3072
-71.0637 42.3582
-72.6822 41.764
-76.8836 40.2644
-81.6123 38.3362
-86.1626 39.7686
-84.5553 42.7336
-82.9991 39.9613
-84.8754 38.1867
-86.7842 36.1658
-91.1874 30.4571
-90.1821 32.3038
-92.289 34.7466
-97.7403 30.2747
-97.5033 35.4922
-95.678 39.0482
-93.6037 41.5911
-93.1022 44.9551
-104.985 39.7392
-105.94 35.6822
-112.097 33.4481
-157.857 21.3074
-134.42 58.3016
-122.905 47.0358
-123.03 44.9385
-121.494 38.5767
-119.766 39.1639
-116.2 43.6178
-111.888 40.7775
-112.018 46.5857
-100.783 46.8209
-100.346 44.367
-96.6997 40.8081
-92.1729 38.5792
-89.3844 43.0747
-89.655 39.7984
-86.3006 32.3777

Generation 190
Best distance: 289.683
Best path:
-86.3006 32.3777
-84.2813 30.4381
-84.3882 33.749
-81.0332 34.0003
-78.6391 35.7804
-77.4336 37.5389
-76.4909 38.9788
-75.5197 39.1573
-74.7699 40.2206
-72.6822 41.764
-71.0637 42.3582
-71.415 41.8309
-71.538 43.2069
-69.7817 44.3072
-72.5805 44.2624
-73.7579 42.6528
-76.8836 40.2644
-81.6123 38.3362
-86.1626 39.7686
-84.5553 42.7336
-82.9991 39.9613
-84.8754 38.1867
-86.7842 36.1658
-92.289 34.7466
-90.1821 32.3038
-91.1874 30.4571
-97.7403 30.2747
-97.5033 35.4922
-95.678 39.0482
-93.6037 41.5911
-93.1022 44.9551
-104.985 39.7392
-105.94 35.6822
-112.097 33.4481
-157.857 21.3074
-134.42 58.3016
-122.905 47.0358
-123.03 44.9385
-121.494 38.5767
-119.766 39.1639
-116.2 43.6178
-111.888 40.7775
-112.018 46.5857
-100.783 46.8209
-100.346 44.367
-96.6997 40.8081
-92.1729 38.5792
-89.3844 43.0747
-89.655 39.7984
-86.3006 32.3777

Generation 200
Best distance: 289.683
Best path:
-86.3006 32.3777
-84.2813 30.4381
-84.3882 33.749
-81.0332 34.0003
-78.6391 35.7804
-77.4336 37.5389
-76.4909 38.9788
-75.5197 39.1573
-74.7699 40.2206
-72.6822 41.764
-71.0637 42.3582
-71.415 41.8309
-71.538 43.2069
-69.7817 44.3072
-72.5805 44.2624
-73.7579 42.6528
-76.8836 40.2644
-81.6123 38.3362
-86.1626 39.7686
-84.5553 42.7336
-82.9991 39.9613
-84.8754 38.1867
-86.7842 36.1658
-92.289 34.7466
-90.1821 32.3038
-91.1874 30.4571
-97.7403 30.2747
-97.5033 35.4922
-95.678 39.0482
-93.6037 41.5911
-93.1022 44.9551
-104.985 39.7392
-105.94 35.6822
-112.097 33.4481
-157.857 21.3074
-134.42 58.3016
-122.905 47.0358
-123.03 44.9385
-121.494 38.5767
-119.766 39.1639
-116.2 43.6178
-111.888 40.7775
-112.018 46.5857
-100.783 46.8209
-100.346 44.367
-96.6997 40.8081
-92.1729 38.5792
-89.3844 43.0747
-89.655 39.7984
-86.3006 32.3777

Generation 210
Best distance: 289.683
Best path:
-86.3006 32.3777
-84.2813 30.4381
-84.3882 33.749
-81.0332 34.0003
-78.6391 35.7804
-77.4336 37.5389
-76.4909 38.9788
-75.5197 39.1573
-74.7699 40.2206
-72.6822 41.764
-71.0637 42.3582
-71.415 41.8309
-71.538 43.2069
-69.7817 44.3072
-72.5805 44.2624
-73.7579 42.6528
-76.8836 40.2644
-81.6123 38.3362
-86.1626 39.7686
-84.5553 42.7336
-82.9991 39.9613
-84.8754 38.1867
-86.7842 36.1658
-92.289 34.7466
-90.1821 32.3038
-91.1874 30.4571
-97.7403 30.2747
-97.5033 35.4922
-95.678 39.0482
-93.6037 41.5911
-93.1022 44.9551
-104.985 39.7392
-105.94 35.6822
-112.097 33.4481
-157.857 21.3074
-134.42 58.3016
-122.905 47.0358
-123.03 44.9385
-121.494 38.5767
-119.766 39.1639
-116.2 43.6178
-111.888 40.7775
-112.018 46.5857
-100.783 46.8209
-100.346 44.367
-96.6997 40.8081
-92.1729 38.5792
-89.3844 43.0747
-89.655 39.7984
-86.3006 32.3777

Generation 220
Best distance: 288.422
Best path:
-86.3006 32.3777
-84.2813 30.4381
-84.3882 33.749
-81.0332 34.0003
-78.6391 35.7804
-77.4336 37.5389
-76.4909 38.9788
-75.5197 39.1573
-74.7699 40.2206
-72.6822 41.764
-71.0637 42.3582
-71.415 41.8309
-71.538 43.2069
-69.7817 44.3072
-72.5805 44.2624
-73.7579 42.6528
-76.8836 40.2644
-81.6123 38.3362
-86.1626 39.7686
-84.5553 42.7336
-82.9991 39.9613
-84.8754 38.1867
-86.7842 36.1658
-92.289 34.7466
-90.1821 32.3038
-91.1874 30.4571
-97.7403 30.2747
-97.5033 35.4922
-95.678 39.0482
-93.6037 41.5911
-96.6997 40.8081
-104.985 39.7392
-105.94 35.6822
-112.097 33.4481
-157.857 21.3074
-134.42 58.3016
-122.905 47.0358
-123.03 44.9385
-121.494 38.5767
-119.766 39.1639
-116.2 43.6178
-111.888 40.7775
-112.018 46.5857
-100.783 46.8209
-100.346 44.367
-93.1022 44.9551
-92.1729 38.5792
-89.3844 43.0747
-89.655 39.7984
-86.3006 32.3777

Generation 230
Best distance: 287.558
Best path:
-86.3006 32.3777
-89.655 39.7984
-89.3844 43.0747
-92.1729 38.5792
-93.1022 44.9551
-100.346 44.367
-100.783 46.8209
-112.018 46.5857
-111.888 40.7775
-116.2 43.6178
-119.766 39.1639
-121.494 38.5767
-123.03 44.9385
-122.905 47.0358
-134.42 58.3016
-157.857 21.3074
-112.097 33.4481
-105.94 35.6822
-104.985 39.7392
-96.6997 40.8081
-93.6037 41.5911
-95.678 39.0482
-97.5033 35.4922
-97.7403 30.2747
-91.1874 30.4571
-90.1821 32.3038
-92.289 34.7466
-86.7842 36.1658
-84.8754 38.1867
-82.9991 39.9613
-84.5553 42.7336
-86.1626 39.7686
-81.6123 38.3362
-76.8836 40.2644
-73.7579 42.6528
-72.5805 44.2624
-69.7817 44.3072
-71.538 43.2069
-71.0637 42.3582
-71.415 41.8309
-72.6822 41.764
-74.7699 40.2206
-75.5197 39.1573
-76.4909 38.9788
-77.4336 37.5389
-78.6391 35.7804
-81.0332 34.0003
-84.3882 33.749
-84.2813 30.4381
-86.3006 32.3777

Generation 240
Best distance: 284.38
Best path:
-86.3006 32.3777
-84.2813 30.4381
-84.3882 33.749
-81.0332 34.0003
-78.6391 35.7804
-77.4336 37.5389
-76.4909 38.9788
-75.5197 39.1573
-74.7699 40.2206
-72.6822 41.764
-71.415 41.8309
-71.0637 42.3582
-71.538 43.2069
-69.7817 44.3072
-72.5805 44.2624
-73.7579 42.6528
-76.8836 40.2644
-81.6123 38.3362
-82.9991 39.9613
-84.5553 42.7336
-86.1626 39.7686
-84.8754 38.1867
-86.7842 36.1658
-92.289 34.7466
-90.1821 32.3038
-91.1874 30.4571
-97.7403 30.2747
-97.5033 35.4922
-95.678 39.0482
-93.6037 41.5911
-96.6997 40.8081
-104.985 39.7392
-105.94 35.6822
-112.097 33.4481
-157.857 21.3074
-134.42 58.3016
-122.905 47.0358
-123.03 44.9385
-121.494 38.5767
-119.766 39.1639
-116.2 43.6178
-111.888 40.7775
-112.018 46.5857
-100.783 46.8209
-100.346 44.367
-93.1022 44.9551
-92.1729 38.5792
-89.3844 43.0747
-89.655 39.7984
-86.3006 32.3777

Generation 250
Best distance: 284.38
Best path:
-86.3006 32.3777
-84.2813 30.4381
-84.3882 33.749
-81.0332 34.0003
-78.6391 35.7804
-77.4336 37.5389
-76.4909 38.9788
-75.5197 39.1573
-74.7699 40.2206
-72.6822 41.764
-71.415 41.8309
-71.0637 42.3582
-71.538 43.2069
-69.7817 44.3072
-72.5805 44.2624
-73.7579 42.6528
-76.8836 40.2644
-81.6123 38.3362
-82.9991 39.9613
-84.5553 42.7336
-86.1626 39.7686
-84.8754 38.1867
-86.7842 36.1658
-92.289 34.7466
-90.1821 32.3038
-91.1874 30.4571
-97.7403 30.2747
-97.5033 35.4922
-95.678 39.0482
-93.6037 41.5911
-96.6997 40.8081
-104.985 39.7392
-105.94 35.6822
-112.097 33.4481
-157.857 21.3074
-134.42 58.3016
-122.905 47.0358
-123.03 44.9385
-121.494 38.5767
-119.766 39.1639
-116.2 43.6178
-111.888 40.7775
-112.018 46.5857
-100.783 46.8209
-100.346 44.367
-93.1022 44.9551
-92.1729 38.5792
-89.3844 43.0747
-89.655 39.7984
-86.3006 32.3777

Generation 260
Best distance: 284.38
Best path:
-86.3006 32.3777
-84.2813 30.4381
-84.3882 33.749
-81.0332 34.0003
-78.6391 35.7804
-77.4336 37.5389
-76.4909 38.9788
-75.5197 39.1573
-74.7699 40.2206
-72.6822 41.764
-71.415 41.8309
-71.0637 42.3582
-71.538 43.2069
-69.7817 44.3072
-72.5805 44.2624
-73.7579 42.6528
-76.8836 40.2644
-81.6123 38.3362
-82.9991 39.9613
-84.5553 42.7336
-86.1626 39.7686
-84.8754 38.1867
-86.7842 36.1658
-92.289 34.7466
-90.1821 32.3038
-91.1874 30.4571
-97.7403 30.2747
-97.5033 35.4922
-95.678 39.0482
-93.6037 41.5911
-96.6997 40.8081
-104.985 39.7392
-105.94 35.6822
-112.097 33.4481
-157.857 21.3074
-134.42 58.3016
-122.905 47.0358
-123.03 44.9385
-121.494 38.5767
-119.766 39.1639
-116.2 43.6178
-111.888 40.7775
-112.018 46.5857
-100.783 46.8209
-100.346 44.367
-93.1022 44.9551
-92.1729 38.5792
-89.3844 43.0747
-89.655 39.7984
-86.3006 32.3777

Generation 270
Best distance: 284.38
Best path:
-86.3006 32.3777
-84.2813 30.4381
-84.3882 33.749
-81.0332 34.0003
-78.6391 35.7804
-77.4336 37.5389
-76.4909 38.9788
-75.5197 39.1573
-74.7699 40.2206
-72.6822 41.764
-71.415 41.8309
-71.0637 42.3582
-71.538 43.2069
-69.7817 44.3072
-72.5805 44.2624
-73.7579 42.6528
-76.8836 40.2644
-81.6123 38.3362
-82.9991 39.9613
-84.5553 42.7336
-86.1626 39.7686
-84.8754 38.1867
-86.7842 36.1658
-92.289 34.7466
-90.1821 32.3038
-91.1874 30.4571
-97.7403 30.2747
-97.5033 35.4922
-95.678 39.0482
-93.6037 41.5911
-96.6997 40.8081
-104.985 39.7392
-105.94 35.6822
-112.097 33.4481
-157.857 21.3074
-134.42 58.3016
-122.905 47.0358
-123.03 44.9385
-121.494 38.5767
-119.766 39.1639
-116.2 43.6178
-111.888 40.7775
-112.018 46.5857
-100.783 46.8209
-100.346 44.367
-93.1022 44.9551
-92.1729 38.5792
-89.3844 43.0747
-89.655 39.7984
-86.3006 32.3777

Generation 280
Best distance: 284.38
Best path:
-86.3006 32.3777
-84.2813 30.4381
-84.3882 33.749
-81.0332 34.0003
-78.6391 35.7804
-77.4336 37.5389
-76.4909 38.9788
-75.5197 39.1573
-74.7699 40.2206
-72.6822 41.764
-71.415 41.8309
-71.0637 42.3582
-71.538 43.2069
-69.7817 44.3072
-72.5805 44.2624
-73.7579 42.6528
-76.8836 40.2644
-81.6123 38.3362
-82.9991 39.9613
-84.5553 42.7336
-86.1626 39.7686
-84.8754 38.1867
-86.7842 36.1658
-92.289 34.7466
-90.1821 32.3038
-91.1874 30.4571
-97.7403 30.2747
-97.5033 35.4922
-95.678 39.0482
-93.6037 41.5911
-96.6997 40.8081
-104.985 39.7392
-105.94 35.6822
-112.097 33.4481
-157.857 21.3074
-134.42 58.3016
-122.905 47.0358
-123.03 44.9385
-121.494 38.5767
-119.766 39.1639
-116.2 43.6178
-111.888 40.7775
-112.018 46.5857
-100.783 46.8209
-100.346 44.367
-93.1022 44.9551
-92.1729 38.5792
-89.3844 43.0747
-89.655 39.7984
-86.3006 32.3777

Generation 290
Best distance: 284.38
Best path:
-86.3006 32.3777
-84.2813 30.4381
-84.3882 33.749
-81.0332 34.0003
-78.6391 35.7804
-77.4336 37.5389
-76.4909 38.9788
-75.5197 39.1573
-74.7699 40.2206
-72.6822 41.764
-71.415 41.8309
-71.0637 42.3582
-71.538 43.2069
-69.7817 44.3072
-72.5805 44.2624
-73.7579 42.6528
-76.8836 40.2644
-81.6123 38.3362
-82.9991 39.9613
-84.5553 42.7336
-86.1626 39.7686
-84.8754 38.1867
-86.7842 36.1658
-92.289 34.7466
-90.1821 32.3038
-91.1874 30.4571
-97.7403 30.2747
-97.5033 35.4922
-95.678 39.0482
-93.6037 41.5911
-96.6997 40.8081
-104.985 39.7392
-105.94 35.6822
-112.097 33.4481
-157.857 21.3074
-134.42 58.3016
-122.905 47.0358
-123.03 44.9385
-121.494 38.5767
-119.766 39.1639
-116.2 43.6178
-111.888 40.7775
-112.018 46.5857
-100.783 46.8209
-100.346 44.367
-93.1022 44.9551
-92.1729 38.5792
-89.3844 43.0747
-89.655 39.7984
-86.3006 32.3777

Generation 300
Best distance: 284.38
Best path:
-86.3006 32.3777
-84.2813 30.4381
-84.3882 33.749
-81.0332 34.0003
-78.6391 35.7804
-77.4336 37.5389
-76.4909 38.9788
-75.5197 39.1573
-74.7699 40.2206
-72.6822 41.764
-71.415 41.8309
-71.0637 42.3582
-71.538 43.2069
-69.7817 44.3072
-72.5805 44.2624
-73.7579 42.6528
-76.8836 40.2644
-81.6123 38.3362
-82.9991 39.9613
-84.5553 42.7336
-86.1626 39.7686
-84.8754 38.1867
-86.7842 36.1658
-92.289 34.7466
-90.1821 32.3038
-91.1874 30.4571
-97.7403 30.2747
-97.5033 35.4922
-95.678 39.0482
-93.6037 41.5911
-96.6997 40.8081
-104.985 39.7392
-105.94 35.6822
-112.097 33.4481
-157.857 21.3074
-134.42 58.3016
-122.905 47.0358
-123.03 44.9385
-121.494 38.5767
-119.766 39.1639
-116.2 43.6178
-111.888 40.7775
-112.018 46.5857
-100.783 46.8209
-100.346 44.367
-93.1022 44.9551
-92.1729 38.5792
-89.3844 43.0747
-89.655 39.7984
-86.3006 32.3777

Generation 310
Best distance: 284.38
Best path:
-86.3006 32.3777
-84.2813 30.4381
-84.3882 33.749
-81.0332 34.0003
-78.6391 35.7804
-77.4336 37.5389
-76.4909 38.9788
-75.5197 39.1573
-74.7699 40.2206
-72.6822 41.764
-71.415 41.8309
-71.0637 42.3582
-71.538 43.2069
-69.7817 44.3072
-72.5805 44.2624
-73.7579 42.6528
-76.8836 40.2644
-81.6123 38.3362
-82.9991 39.9613
-84.5553 42.7336
-86.1626 39.7686
-84.8754 38.1867
-86.7842 36.1658
-92.289 34.7466
-90.1821 32.3038
-91.1874 30.4571
-97.7403 30.2747
-97.5033 35.4922
-95.678 39.0482
-93.6037 41.5911
-96.6997 40.8081
-104.985 39.7392
-105.94 35.6822
-112.097 33.4481
-157.857 21.3074
-134.42 58.3016
-122.905 47.0358
-123.03 44.9385
-121.494 38.5767
-119.766 39.1639
-116.2 43.6178
-111.888 40.7775
-112.018 46.5857
-100.783 46.8209
-100.346 44.367
-93.1022 44.9551
-92.1729 38.5792
-89.3844 43.0747
-89.655 39.7984
-86.3006 32.3777

Generation 320
Best distance: 280.233
Best path:
-86.3006 32.3777
-84.2813 30.4381
-84.3882 33.749
-81.0332 34.0003
-78.6391 35.7804
-77.4336 37.5389
-76.4909 38.9788
-75.5197 39.1573
-74.7699 40.2206
-72.6822 41.764
-71.415 41.8309
-71.0637 42.3582
-71.538 43.2069
-69.7817 44.3072
-72.5805 44.2624
-73.7579 42.6528
-76.8836 40.2644
-81.6123 38.3362
-82.9991 39.9613
-84.5553 42.7336
-86.1626 39.7686
-84.8754 38.1867
-86.7842 36.1658
-92.289 34.7466
-90.1821 32.3038
-91.1874 30.4571
-97.7403 30.2747
-97.5033 35.4922
-95.678 39.0482
-96.6997 40.8081
-104.985 39.7392
-105.94 35.6822
-112.097 33.4481
-157.857 21.3074
-134.42 58.3016
-122.905 47.0358
-123.03 44.9385
-121.494 38.5767
-119.766 39.1639
-116.2 43.6178
-111.888 40.7775
-112.018 46.5857
-100.783 46.8209
-100.346 44.367
-93.1022 44.9551
-93.6037 41.5911
-92.1729 38.5792
-89.3844 43.0747
-89.655 39.7984
-86.3006 32.3777

Generation 330
Best distance: 280.233
Best path:
-86.3006 32.3777
-84.2813 30.4381
-84.3882 33.749
-81.0332 34.0003
-78.6391 35.7804
-77.4336 37.5389
-76.4909 38.9788
-75.5197 39.1573
-74.7699 40.2206
-72.6822 41.764
-71.415 41.8309
-71.0637 42.3582
-71.538 43.2069
-69.7817 44.3072
-72.5805 44.2624
-73.7579 42.6528
-76.8836 40.2644
-81.6123 38.3362
-82.9991 39.9613
-84.5553 42.7336
-86.1626 39.7686
-84.8754 38.1867
-86.7842 36.1658
-92.289 34.7466
-90.1821 32.3038
-91.1874 30.4571
-97.7403 30.2747
-97.5033 35.4922
-95.678 39.0482
-96.6997 40.8081
-104.985 39.7392
-105.94 35.6822
-112.097 33.4481
-157.857 21.3074
-134.42 58.3016
-122.905 47.0358
-123.03 44.9385
-121.494 38.5767
-119.766 39.1639
-116.2 43.6178
-111.888 40.7775
-112.018 46.5857
-100.783 46.8209
-100.346 44.367
-93.1022 44.9551
-93.6037 41.5911
-92.1729 38.5792
-89.3844 43.0747
-89.655 39.7984
-86.3006 32.3777

Generation 340
Best distance: 280.233
Best path:
-86.3006 32.3777
-84.2813 30.4381
-84.3882 33.749
-81.0332 34.0003
-78.6391 35.7804
-77.4336 37.5389
-76.4909 38.9788
-75.5197 39.1573
-74.7699 40.2206
-72.6822 41.764
-71.415 41.8309
-71.0637 42.3582
-71.538 43.2069
-69.7817 44.3072
-72.5805 44.2624
-73.7579 42.6528
-76.8836 40.2644
-81.6123 38.3362
-82.9991 39.9613
-84.5553 42.7336
-86.1626 39.7686
-84.8754 38.1867
-86.7842 36.1658
-92.289 34.7466
-90.1821 32.3038
-91.1874 30.4571
-97.7403 30.2747
-97.5033 35.4922
-95.678 39.0482
-96.6997 40.8081
-104.985 39.7392
-105.94 35.6822
-112.097 33.4481
-157.857 21.3074
-134.42 58.3016
-122.905 47.0358
-123.03 44.9385
-121.494 38.5767
-119.766 39.1639
-116.2 43.6178
-111.888 40.7775
-112.018 46.5857
-100.783 46.8209
-100.346 44.367
-93.1022 44.9551
-93.6037 41.5911
-92.1729 38.5792
-89.3844 43.0747
-89.655 39.7984
-86.3006 32.3777

Generation 350
Best distance: 280.233
Best path:
-86.3006 32.3777
-84.2813 30.4381
-84.3882 33.749
-81.0332 34.0003
-78.6391 35.7804
-77.4336 37.5389
-76.4909 38.9788
-75.5197 39.1573
-74.7699 40.2206
-72.6822 41.764
-71.415 41.8309
-71.0637 42.3582
-71.538 43.2069
-69.7817 44.3072
-72.5805 44.2624
-73.7579 42.6528
-76.8836 40.2644
-81.6123 38.3362
-82.9991 39.9613
-84.5553 42.7336
-86.1626 39.7686
-84.8754 38.1867
-86.7842 36.1658
-92.289 34.7466
-90.1821 32.3038
-91.1874 30.4571
-97.7403 30.2747
-97.5033 35.4922
-95.678 39.0482
-96.6997 40.8081
-104.985 39.7392
-105.94 35.6822
-112.097 33.4481
-157.857 21.3074
-134.42 58.3016
-122.905 47.0358
-123.03 44.9385
-121.494 38.5767
-119.766 39.1639
-116.2 43.6178
-111.888 40.7775
-112.018 46.5857
-100.783 46.8209
-100.346 44.367
-93.1022 44.9551
-93.6037 41.5911
-92.1729 38.5792
-89.3844 43.0747
-89.655 39.7984
-86.3006 32.3777

Generation 360
Best distance: 280.233
Best path:
-86.3006 32.3777
-84.2813 30.4381
-84.3882 33.749
-81.0332 34.0003
-78.6391 35.7804
-77.4336 37.5389
-76.4909 38.9788
-75.5197 39.1573
-74.7699 40.2206
-72.6822 41.764
-71.415 41.8309
-71.0637 42.3582
-71.538 43.2069
-69.7817 44.3072
-72.5805 44.2624
-73.7579 42.6528
-76.8836 40.2644
-81.6123 38.3362
-82.9991 39.9613
-84.5553 42.7336
-86.1626 39.7686
-84.8754 38.1867
-86.7842 36.1658
-92.289 34.7466
-90.1821 32.3038
-91.1874 30.4571
-97.7403 30.2747
-97.5033 35.4922
-95.678 39.0482
-96.6997 40.8081
-104.985 39.7392
-105.94 35.6822
-112.097 33.4481
-157.857 21.3074
-134.42 58.3016
-122.905 47.0358
-123.03 44.9385
-121.494 38.5767
-119.766 39.1639
-116.2 43.6178
-111.888 40.7775
-112.018 46.5857
-100.783 46.8209
-100.346 44.367
-93.1022 44.9551
-93.6037 41.5911
-92.1729 38.5792
-89.3844 43.0747
-89.655 39.7984
-86.3006 32.3777

Generation 370
Best distance: 280.233
Best path:
-86.3006 32.3777
-84.2813 30.4381
-84.3882 33.749
-81.0332 34.0003
-78.6391 35.7804
-77.4336 37.5389
-76.4909 38.9788
-75.5197 39.1573
-74.7699 40.2206
-72.6822 41.764
-71.415 41.8309
-71.0637 42.3582
-71.538 43.2069
-69.7817 44.3072
-72.5805 44.2624
-73.7579 42.6528
-76.8836 40.2644
-81.6123 38.3362
-82.9991 39.9613
-84.5553 42.7336
-86.1626 39.7686
-84.8754 38.1867
-86.7842 36.1658
-92.289 34.7466
-90.1821 32.3038
-91.1874 30.4571
-97.7403 30.2747
-97.5033 35.4922
-95.678 39.0482
-96.6997 40.8081
-104.985 39.7392
-105.94 35.6822
-112.097 33.4481
-157.857 21.3074
-134.42 58.3016
-122.905 47.0358
-123.03 44.9385
-121.494 38.5767
-119.766 39.1639
-116.2 43.6178
-111.888 40.7775
-112.018 46.5857
-100.783 46.8209
-100.346 44.367
-93.1022 44.9551
-93.6037 41.5911
-92.1729 38.5792
-89.3844 43.0747
-89.655 39.7984
-86.3006 32.3777

Generation 380
Best distance: 280.233
Best path:
-86.3006 32.3777
-84.2813 30.4381
-84.3882 33.749
-81.0332 34.0003
-78.6391 35.7804
-77.4336 37.5389
-76.4909 38.9788
-75.5197 39.1573
-74.7699 40.2206
-72.6822 41.764
-71.415 41.8309
-71.0637 42.3582
-71.538 43.2069
-69.7817 44.3072
-72.5805 44.2624
-73.7579 42.6528
-76.8836 40.2644
-81.6123 38.3362
-82.9991 39.9613
-84.5553 42.7336
-86.1626 39.7686
-84.8754 38.1867
-86.7842 36.1658
-92.289 34.7466
-90.1821 32.3038
-91.1874 30.4571
-97.7403 30.2747
-97.5033 35.4922
-95.678 39.0482
-96.6997 40.8081
-104.985 39.7392
-105.94 35.6822
-112.097 33.4481
-157.857 21.3074
-134.42 58.3016
-122.905 47.0358
-123.03 44.9385
-121.494 38.5767
-119.766 39.1639
-116.2 43.6178
-111.888 40.7775
-112.018 46.5857
-100.783 46.8209
-100.346 44.367
-93.1022 44.9551
-93.6037 41.5911
-92.1729 38.5792
-89.3844 43.0747
-89.655 39.7984
-86.3006 32.3777

Generation 390
Best distance: 280.233
Best path:
-86.3006 32.3777
-84.2813 30.4381
-84.3882 33.749
-81.0332 34.0003
-78.6391 35.7804
-77.4336 37.5389
-76.4909 38.9788
-75.5197 39.1573
-74.7699 40.2206
-72.6822 41.764
-71.415 41.8309
-71.0637 42.3582
-71.538 43.2069
-69.7817 44.3072
-72.5805 44.2624
-73.7579 42.6528
-76.8836 40.2644
-81.6123 38.3362
-82.9991 39.9613
-84.5553 42.7336
-86.1626 39.7686
-84.8754 38.1867
-86.7842 36.1658
-92.289 34.7466
-90.1821 32.3038
-91.1874 30.4571
-97.7403 30.2747
-97.5033 35.4922
-95.678 39.0482
-96.6997 40.8081
-104.985 39.7392
-105.94 35.6822
-112.097 33.4481
-157.857 21.3074
-134.42 58.3016
-122.905 47.0358
-123.03 44.9385
-121.494 38.5767
-119.766 39.1639
-116.2 43.6178
-111.888 40.7775
-112.018 46.5857
-100.783 46.8209
-100.346 44.367
-93.1022 44.9551
-93.6037 41.5911
-92.1729 38.5792
-89.3844 43.0747
-89.655 39.7984
-86.3006 32.3777

Generation 400
Best distance: 280.233
Best path:
-86.3006 32.3777
-84.2813 30.4381
-84.3882 33.749
-81.0332 34.0003
-78.6391 35.7804
-77.4336 37.5389
-76.4909 38.9788
-75.5197 39.1573
-74.7699 40.2206
-72.6822 41.764
-71.415 41.8309
-71.0637 42.3582
-71.538 43.2069
-69.7817 44.3072
-72.5805 44.2624
-73.7579 42.6528
-76.8836 40.2644
-81.6123 38.3362
-82.9991 39.9613
-84.5553 42.7336
-86.1626 39.7686
-84.8754 38.1867
-86.7842 36.1658
-92.289 34.7466
-90.1821 32.3038
-91.1874 30.4571
-97.7403 30.2747
-97.5033 35.4922
-95.678 39.0482
-96.6997 40.8081
-104.985 39.7392
-105.94 35.6822
-112.097 33.4481
-157.857 21.3074
-134.42 58.3016
-122.905 47.0358
-123.03 44.9385
-121.494 38.5767
-119.766 39.1639
-116.2 43.6178
-111.888 40.7775
-112.018 46.5857
-100.783 46.8209
-100.346 44.367
-93.1022 44.9551
-93.6037 41.5911
-92.1729 38.5792
-89.3844 43.0747
-89.655 39.7984
-86.3006 32.3777

Generation 410
Best distance: 280.233
Best path:
-86.3006 32.3777
-84.2813 30.4381
-84.3882 33.749
-81.0332 34.0003
-78.6391 35.7804
-77.4336 37.5389
-76.4909 38.9788
-75.5197 39.1573
-74.7699 40.2206
-72.6822 41.764
-71.415 41.8309
-71.0637 42.3582
-71.538 43.2069
-69.7817 44.3072
-72.5805 44.2624
-73.7579 42.6528
-76.8836 40.2644
-81.6123 38.3362
-82.9991 39.9613
-84.5553 42.7336
-86.1626 39.7686
-84.8754 38.1867
-86.7842 36.1658
-92.289 34.7466
-90.1821 32.3038
-91.1874 30.4571
-97.7403 30.2747
-97.5033 35.4922
-95.678 39.0482
-96.6997 40.8081
-104.985 39.7392
-105.94 35.6822
-112.097 33.4481
-157.857 21.3074
-134.42 58.3016
-122.905 47.0358
-123.03 44.9385
-121.494 38.5767
-119.766 39.1639
-116.2 43.6178
-111.888 40.7775
-112.018 46.5857
-100.783 46.8209
-100.346 44.367
-93.1022 44.9551
-93.6037 41.5911
-92.1729 38.5792
-89.3844 43.0747
-89.655 39.7984
-86.3006 32.3777

Generation 420
Best distance: 277.474
Best path:
-86.3006 32.3777
-84.2813 30.4381
-84.3882 33.749
-81.0332 34.0003
-78.6391 35.7804
-77.4336 37.5389
-76.4909 38.9788
-75.5197 39.1573
-74.7699 40.2206
-72.6822 41.764
-71.415 41.8309
-71.0637 42.3582
-71.538 43.2069
-69.7817 44.3072
-72.5805 44.2624
-73.7579 42.6528
-76.8836 40.2644
-81.6123 38.3362
-82.9991 39.9613
-84.5553 42.7336
-86.1626 39.7686
-84.8754 38.1867
-86.7842 36.1658
-89.655 39.7984
-89.3844 43.0747
-92.1729 38.5792
-93.6037 41.5911
-93.1022 44.9551
-100.346 44.367
-100.783 46.8209
-112.018 46.5857
-111.888 40.7775
-116.2 43.6178
-119.766 39.1639
-121.494 38.5767
-123.03 44.9385
-122.905 47.0358
-134.42 58.3016
-157.857 21.3074
-112.097 33.4481
-105.94 35.6822
-104.985 39.7392
-96.6997 40.8081
-95.678 39.0482
-97.5033 35.4922
-97.7403 30.2747
-91.1874 30.4571
-90.1821 32.3038
-92.289 34.7466
-86.3006 32.3777

Generation 430
Best distance: 276.615
Best path:
-86.3006 32.3777
-84.2813 30.4381
-84.3882 33.749
-81.0332 34.0003
-78.6391 35.7804
-77.4336 37.5389
-76.4909 38.9788
-75.5197 39.1573
-74.7699 40.2206
-72.6822 41.764
-71.415 41.8309
-71.0637 42.3582
-71.538 43.2069
-69.7817 44.3072
-72.5805 44.2624
-73.7579 42.6528
-76.8836 40.2644
-81.6123 38.3362
-82.9991 39.9613
-84.5553 42.7336
-86.1626 39.7686
-84.8754 38.1867
-86.7842 36.1658
-89.655 39.7984
-89.3844 43.0747
-92.1729 38.5792
-93.6037 41.5911
-93.1022 44.9551
-100.346 44.367
-100.783 46.8209
-112.018 46.5857
-111.888 40.7775
-116.2 43.6178
-119.766 39.1639
-121.494 38.5767
-123.03 44.9385
-122.905 47.0358
-134.42 58.3016
-157.857 21.3074
-112.097 33.4481
-105.94 35.6822
-104.985 39.7392
-96.6997 40.8081
-95.678 39.0482
-97.5033 35.4922
-97.7403 30.2747
-92.289 34.7466
-91.1874 30.4571
-90.1821 32.3038
-86.3006 32.3777

Generation 440
Best distance: 276.615
Best path:
-86.3006 32.3777
-84.2813 30.4381
-84.3882 33.749
-81.0332 34.0003
-78.6391 35.7804
-77.4336 37.5389
-76.4909 38.9788
-75.5197 39.1573
-74.7699 40.2206
-72.6822 41.764
-71.415 41.8309
-71.0637 42.3582
-71.538 43.2069
-69.7817 44.3072
-72.5805 44.2624
-73.7579 42.6528
-76.8836 40.2644
-81.6123 38.3362
-82.9991 39.9613
-84.5553 42.7336
-86.1626 39.7686
-84.8754 38.1867
-86.7842 36.1658
-89.655 39.7984
-89.3844 43.0747
-92.1729 38.5792
-93.6037 41.5911
-93.1022 44.9551
-100.346 44.367
-100.783 46.8209
-112.018 46.5857
-111.888 40.7775
-116.2 43.6178
-119.766 39.1639
-121.494 38.5767
-123.03 44.9385
-122.905 47.0358
-134.42 58.3016
-157.857 21.3074
-112.097 33.4481
-105.94 35.6822
-104.985 39.7392
-96.6997 40.8081
-95.678 39.0482
-97.5033 35.4922
-97.7403 30.2747
-92.289 34.7466
-91.1874 30.4571
-90.1821 32.3038
-86.3006 32.3777

Generation 450
Best distance: 276.615
Best path:
-86.3006 32.3777
-84.2813 30.4381
-84.3882 33.749
-81.0332 34.0003
-78.6391 35.7804
-77.4336 37.5389
-76.4909 38.9788
-75.5197 39.1573
-74.7699 40.2206
-72.6822 41.764
-71.415 41.8309
-71.0637 42.3582
-71.538 43.2069
-69.7817 44.3072
-72.5805 44.2624
-73.7579 42.6528
-76.8836 40.2644
-81.6123 38.3362
-82.9991 39.9613
-84.5553 42.7336
-86.1626 39.7686
-84.8754 38.1867
-86.7842 36.1658
-89.655 39.7984
-89.3844 43.0747
-92.1729 38.5792
-93.6037 41.5911
-93.1022 44.9551
-100.346 44.367
-100.783 46.8209
-112.018 46.5857
-111.888 40.7775
-116.2 43.6178
-119.766 39.1639
-121.494 38.5767
-123.03 44.9385
-122.905 47.0358
-134.42 58.3016
-157.857 21.3074
-112.097 33.4481
-105.94 35.6822
-104.985 39.7392
-96.6997 40.8081
-95.678 39.0482
-97.5033 35.4922
-97.7403 30.2747
-92.289 34.7466
-91.1874 30.4571
-90.1821 32.3038
-86.3006 32.3777

Generation 460
Best distance: 276.615
Best path:
-86.3006 32.3777
-84.2813 30.4381
-84.3882 33.749
-81.0332 34.0003
-78.6391 35.7804
-77.4336 37.5389
-76.4909 38.9788
-75.5197 39.1573
-74.7699 40.2206
-72.6822 41.764
-71.415 41.8309
-71.0637 42.3582
-71.538 43.2069
-69.7817 44.3072
-72.5805 44.2624
-73.7579 42.6528
-76.8836 40.2644
-81.6123 38.3362
-82.9991 39.9613
-84.5553 42.7336
-86.1626 39.7686
-84.8754 38.1867
-86.7842 36.1658
-89.655 39.7984
-89.3844 43.0747
-92.1729 38.5792
-93.6037 41.5911
-93.1022 44.9551
-100.346 44.367
-100.783 46.8209
-112.018 46.5857
-111.888 40.7775
-116.2 43.6178
-119.766 39.1639
-121.494 38.5767
-123.03 44.9385
-122.905 47.0358
-134.42 58.3016
-157.857 21.3074
-112.097 33.4481
-105.94 35.6822
-104.985 39.7392
-96.6997 40.8081
-95.678 39.0482
-97.5033 35.4922
-97.7403 30.2747
-92.289 34.7466
-91.1874 30.4571
-90.1821 32.3038
-86.3006 32.3777

Generation 470
Best distance: 276.615
Best path:
-86.3006 32.3777
-84.2813 30.4381
-84.3882 33.749
-81.0332 34.0003
-78.6391 35.7804
-77.4336 37.5389
-76.4909 38.9788
-75.5197 39.1573
-74.7699 40.2206
-72.6822 41.764
-71.415 41.8309
-71.0637 42.3582
-71.538 43.2069
-69.7817 44.3072
-72.5805 44.2624
-73.7579 42.6528
-76.8836 40.2644
-81.6123 38.3362
-82.9991 39.9613
-84.5553 42.7336
-86.1626 39.7686
-84.8754 38.1867
-86.7842 36.1658
-89.655 39.7984
-89.3844 43.0747
-92.1729 38.5792
-93.6037 41.5911
-93.1022 44.9551
-100.346 44.367
-100.783 46.8209
-112.018 46.5857
-111.888 40.7775
-116.2 43.6178
-119.766 39.1639
-121.494 38.5767
-123.03 44.9385
-122.905 47.0358
-134.42 58.3016
-157.857 21.3074
-112.097 33.4481
-105.94 35.6822
-104.985 39.7392
-96.6997 40.8081
-95.678 39.0482
-97.5033 35.4922
-97.7403 30.2747
-92.289 34.7466
-91.1874 30.4571
-90.1821 32.3038
-86.3006 32.3777

Generation 480
Best distance: 276.615
Best path:
-86.3006 32.3777
-84.2813 30.4381
-84.3882 33.749
-81.0332 34.0003
-78.6391 35.7804
-77.4336 37.5389
-76.4909 38.9788
-75.5197 39.1573
-74.7699 40.2206
-72.6822 41.764
-71.415 41.8309
-71.0637 42.3582
-71.538 43.2069
-69.7817 44.3072
-72.5805 44.2624
-73.7579 42.6528
-76.8836 40.2644
-81.6123 38.3362
-82.9991 39.9613
-84.5553 42.7336
-86.1626 39.7686
-84.8754 38.1867
-86.7842 36.1658
-89.655 39.7984
-89.3844 43.0747
-92.1729 38.5792
-93.6037 41.5911
-93.1022 44.9551
-100.346 44.367
-100.783 46.8209
-112.018 46.5857
-111.888 40.7775
-116.2 43.6178
-119.766 39.1639
-121.494 38.5767
-123.03 44.9385
-122.905 47.0358
-134.42 58.3016
-157.857 21.3074
-112.097 33.4481
-105.94 35.6822
-104.985 39.7392
-96.6997 40.8081
-95.678 39.0482
-97.5033 35.4922
-97.7403 30.2747
-92.289 34.7466
-91.1874 30.4571
-90.1821 32.3038
-86.3006 32.3777

Generation 490
Best distance: 276.615
Best path:
-86.3006 32.3777
-84.2813 30.4381
-84.3882 33.749
-81.0332 34.0003
-78.6391 35.7804
-77.4336 37.5389
-76.4909 38.9788
-75.5197 39.1573
-74.7699 40.2206
-72.6822 41.764
-71.415 41.8309
-71.0637 42.3582
-71.538 43.2069
-69.7817 44.3072
-72.5805 44.2624
-73.7579 42.6528
-76.8836 40.2644
-81.6123 38.3362
-82.9991 39.9613
-84.5553 42.7336
-86.1626 39.7686
-84.8754 38.1867
-86.7842 36.1658
-89.655 39.7984
-89.3844 43.0747
-92.1729 38.5792
-93.6037 41.5911
-93.1022 44.9551
-100.346 44.367
-100.783 46.8209
-112.018 46.5857
-111.888 40.7775
-116.2 43.6178
-119.766 39.1639
-121.494 38.5767
-123.03 44.9385
-122.905 47.0358
-134.42 58.3016
-157.857 21.3074
-112.097 33.4481
-105.94 35.6822
-104.985 39.7392
-96.6997 40.8081
-95.678 39.0482
-97.5033 35.4922
-97.7403 30.2747
-92.289 34.7466
-91.1874 30.4571
-90.1821 32.3038
-86.3006 32.3777

Generation 500
Best distance: 276.615
Best path:
-86.3006 32.3777
-84.2813 30.4381
-84.3882 33.749
-81.0332 34.0003
-78.6391 35.7804
-77.4336 37.5389
-76.4909 38.9788
-75.5197 39.1573
-74.7699 40.2206
-72.6822 41.764
-71.415 41.8309
-71.0637 42.3582
-71.538 43.2069
-69.7817 44.3072
-72.5805 44.2624
-73.7579 42.6528
-76.8836 40.2644
-81.6123 38.3362
-82.9991 39.9613
-84.5553 42.7336
-86.1626 39.7686
-84.8754 38.1867
-86.7842 36.1658
-89.655 39.7984
-89.3844 43.0747
-92.1729 38.5792
-93.6037 41.5911
-93.1022 44.9551
-100.346 44.367
-100.783 46.8209
-112.018 46.5857
-111.888 40.7775
-116.2 43.6178
-119.766 39.1639
-121.494 38.5767
-123.03 44.9385
-122.905 47.0358
-134.42 58.3016
-157.857 21.3074
-112.097 33.4481
-105.94 35.6822
-104.985 39.7392
-96.6997 40.8081
-95.678 39.0482
-97.5033 35.4922
-97.7403 30.2747
-92.289 34.7466
-91.1874 30.4571
-90.1821 32.3038
-86.3006 32.3777

Generation 510
Best distance: 276.615
Best path:
-86.3006 32.3777
-84.2813 30.4381
-84.3882 33.749
-81.0332 34.0003
-78.6391 35.7804
-77.4336 37.5389
-76.4909 38.9788
-75.5197 39.1573
-74.7699 40.2206
-72.6822 41.764
-71.415 41.8309
-71.0637 42.3582
-71.538 43.2069
-69.7817 44.3072
-72.5805 44.2624
-73.7579 42.6528
-76.8836 40.2644
-81.6123 38.3362
-82.9991 39.9613
-84.5553 42.7336
-86.1626 39.7686
-84.8754 38.1867
-86.7842 36.1658
-89.655 39.7984
-89.3844 43.0747
-92.1729 38.5792
-93.6037 41.5911
-93.1022 44.9551
-100.346 44.367
-100.783 46.8209
-112.018 46.5857
-111.888 40.7775
-116.2 43.6178
-119.766 39.1639
-121.494 38.5767
-123.03 44.9385
-122.905 47.0358
-134.42 58.3016
-157.857 21.3074
-112.097 33.4481
-105.94 35.6822
-104.985 39.7392
-96.6997 40.8081
-95.678 39.0482
-97.5033 35.4922
-97.7403 30.2747
-92.289 34.7466
-91.1874 30.4571
-90.1821 32.3038
-86.3006 32.3777

Generation 520
Best distance: 276.615
Best path:
-86.3006 32.3777
-84.2813 30.4381
-84.3882 33.749
-81.0332 34.0003
-78.6391 35.7804
-77.4336 37.5389
-76.4909 38.9788
-75.5197 39.1573
-74.7699 40.2206
-72.6822 41.764
-71.415 41.8309
-71.0637 42.3582
-71.538 43.2069
-69.7817 44.3072
-72.5805 44.2624
-73.7579 42.6528
-76.8836 40.2644
-81.6123 38.3362
-82.9991 39.9613
-84.5553 42.7336
-86.1626 39.7686
-84.8754 38.1867
-86.7842 36.1658
-89.655 39.7984
-89.3844 43.0747
-92.1729 38.5792
-93.6037 41.5911
-93.1022 44.9551
-100.346 44.367
-100.783 46.8209
-112.018 46.5857
-111.888 40.7775
-116.2 43.6178
-119.766 39.1639
-121.494 38.5767
-123.03 44.9385
-122.905 47.0358
-134.42 58.3016
-157.857 21.3074
-112.097 33.4481
-105.94 35.6822
-104.985 39.7392
-96.6997 40.8081
-95.678 39.0482
-97.5033 35.4922
-97.7403 30.2747
-92.289 34.7466
-91.1874 30.4571
-90.1821 32.3038
-86.3006 32.3777

Generation 530
Best distance: 276.615
Best path:
-86.3006 32.3777
-84.2813 30.4381
-84.3882 33.749
-81.0332 34.0003
-78.6391 35.7804
-77.4336 37.5389
-76.4909 38.9788
-75.5197 39.1573
-74.7699 40.2206
-72.6822 41.764
-71.415 41.8309
-71.0637 42.3582
-71.538 43.2069
-69.7817 44.3072
-72.5805 44.2624
-73.7579 42.6528
-76.8836 40.2644
-81.6123 38.3362
-82.9991 39.9613
-84.5553 42.7336
-86.1626 39.7686
-84.8754 38.1867
-86.7842 36.1658
-89.655 39.7984
-89.3844 43.0747
-92.1729 38.5792
-93.6037 41.5911
-93.1022 44.9551
-100.346 44.367
-100.783 46.8209
-112.018 46.5857
-111.888 40.7775
-116.2 43.6178
-119.766 39.1639
-121.494 38.5767
-123.03 44.9385
-122.905 47.0358
-134.42 58.3016
-157.857 21.3074
-112.097 33.4481
-105.94 35.6822
-104.985 39.7392
-96.6997 40.8081
-95.678 39.0482
-97.5033 35.4922
-97.7403 30.2747
-92.289 34.7466
-91.1874 30.4571
-90.1821 32.3038
-86.3006 32.3777

Generation 540
Best distance: 276.615
Best path:
-86.3006 32.3777
-84.2813 30.4381
-84.3882 33.749
-81.0332 34.0003
-78.6391 35.7804
-77.4336 37.5389
-76.4909 38.9788
-75.5197 39.1573
-74.7699 40.2206
-72.6822 41.764
-71.415 41.8309
-71.0637 42.3582
-71.538 43.2069
-69.7817 44.3072
-72.5805 44.2624
-73.7579 42.6528
-76.8836 40.2644
-81.6123 38.3362
-82.9991 39.9613
-84.5553 42.7336
-86.1626 39.7686
-84.8754 38.1867
-86.7842 36.1658
-89.655 39.7984
-89.3844 43.0747
-92.1729 38.5792
-93.6037 41.5911
-93.1022 44.9551
-100.346 44.367
-100.783 46.8209
-112.018 46.5857
-111.888 40.7775
-116.2 43.6178
-119.766 39.1639
-121.494 38.5767
-123.03 44.9385
-122.905 47.0358
-134.42 58.3016
-157.857 21.3074
-112.097 33.4481
-105.94 35.6822
-104.985 39.7392
-96.6997 40.8081
-95.678 39.0482
-97.5033 35.4922
-97.7403 30.2747
-92.289 34.7466
-91.1874 30.4571
-90.1821 32.3038
-86.3006 32.3777

Generation 550
Best distance: 276.615
Best path:
-86.3006 32.3777
-84.2813 30.4381
-84.3882 33.749
-81.0332 34.0003
-78.6391 35.7804
-77.4336 37.5389
-76.4909 38.9788
-75.5197 39.1573
-74.7699 40.2206
-72.6822 41.764
-71.415 41.8309
-71.0637 42.3582
-71.538 43.2069
-69.7817 44.3072
-72.5805 44.2624
-73.7579 42.6528
-76.8836 40.2644
-81.6123 38.3362
-82.9991 39.9613
-84.5553 42.7336
-86.1626 39.7686
-84.8754 38.1867
-86.7842 36.1658
-89.655 39.7984
-89.3844 43.0747
-92.1729 38.5792
-93.6037 41.5911
-93.1022 44.9551
-100.346 44.367
-100.783 46.8209
-112.018 46.5857
-111.888 40.7775
-116.2 43.6178
-119.766 39.1639
-121.494 38.5767
-123.03 44.9385
-122.905 47.0358
-134.42 58.3016
-157.857 21.3074
-112.097 33.4481
-105.94 35.6822
-104.985 39.7392
-96.6997 40.8081
-95.678 39.0482
-97.5033 35.4922
-97.7403 30.2747
-92.289 34.7466
-91.1874 30.4571
-90.1821 32.3038
-86.3006 32.3777

Generation 560
Best distance: 276.615
Best path:
-86.3006 32.3777
-84.2813 30.4381
-84.3882 33.749
-81.0332 34.0003
-78.6391 35.7804
-77.4336 37.5389
-76.4909 38.9788
-75.5197 39.1573
-74.7699 40.2206
-72.6822 41.764
-71.415 41.8309
-71.0637 42.3582
-71.538 43.2069
-69.7817 44.3072
-72.5805 44.2624
-73.7579 42.6528
-76.8836 40.2644
-81.6123 38.3362
-82.9991 39.9613
-84.5553 42.7336
-86.1626 39.7686
-84.8754 38.1867
-86.7842 36.1658
-89.655 39.7984
-89.3844 43.0747
-92.1729 38.5792
-93.6037 41.5911
-93.1022 44.9551
-100.346 44.367
-100.783 46.8209
-112.018 46.5857
-111.888 40.7775
-116.2 43.6178
-119.766 39.1639
-121.494 38.5767
-123.03 44.9385
-122.905 47.0358
-134.42 58.3016
-157.857 21.3074
-112.097 33.4481
-105.94 35.6822
-104.985 39.7392
-96.6997 40.8081
-95.678 39.0482
-97.5033 35.4922
-97.7403 30.2747
-92.289 34.7466
-91.1874 30.4571
-90.1821 32.3038
-86.3006 32.3777

Generation 570
Best distance: 276.615
Best path:
-86.3006 32.3777
-84.2813 30.4381
-84.3882 33.749
-81.0332 34.0003
-78.6391 35.7804
-77.4336 37.5389
-76.4909 38.9788
-75.5197 39.1573
-74.7699 40.2206
-72.6822 41.764
-71.415 41.8309
-71.0637 42.3582
-71.538 43.2069
-69.7817 44.3072
-72.5805 44.2624
-73.7579 42.6528
-76.8836 40.2644
-81.6123 38.3362
-82.9991 39.9613
-84.5553 42.7336
-86.1626 39.7686
-84.8754 38.1867
-86.7842 36.1658
-89.655 39.7984
-89.3844 43.0747
-92.1729 38.5792
-93.6037 41.5911
-93.1022 44.9551
-100.346 44.367
-100.783 46.8209
-112.018 46.5857
-111.888 40.7775
-116.2 43.6178
-119.766 39.1639
-121.494 38.5767
-123.03 44.9385
-122.905 47.0358
-134.42 58.3016
-157.857 21.3074
-112.097 33.4481
-105.94 35.6822
-104.985 39.7392
-96.6997 40.8081
-95.678 39.0482
-97.5033 35.4922
-97.7403 30.2747
-92.289 34.7466
-91.1874 30.4571
-90.1821 32.3038
-86.3006 32.3777

Generation 580
Best distance: 276.615
Best path:
-86.3006 32.3777
-84.2813 30.4381
-84.3882 33.749
-81.0332 34.0003
-78.6391 35.7804
-77.4336 37.5389
-76.4909 38.9788
-75.5197 39.1573
-74.7699 40.2206
-72.6822 41.764
-71.415 41.8309
-71.0637 42.3582
-71.538 43.2069
-69.7817 44.3072
-72.5805 44.2624
-73.7579 42.6528
-76.8836 40.2644
-81.6123 38.3362
-82.9991 39.9613
-84.5553 42.7336
-86.1626 39.7686
-84.8754 38.1867
-86.7842 36.1658
-89.655 39.7984
-89.3844 43.0747
-92.1729 38.5792
-93.6037 41.5911
-93.1022 44.9551
-100.346 44.367
-100.783 46.8209
-112.018 46.5857
-111.888 40.7775
-116.2 43.6178
-119.766 39.1639
-121.494 38.5767
-123.03 44.9385
-122.905 47.0358
-134.42 58.3016
-157.857 21.3074
-112.097 33.4481
-105.94 35.6822
-104.985 39.7392
-96.6997 40.8081
-95.678 39.0482
-97.5033 35.4922
-97.7403 30.2747
-92.289 34.7466
-91.1874 30.4571
-90.1821 32.3038
-86.3006 32.3777

Generation 590
Best distance: 276.615
Best path:
-86.3006 32.3777
-84.2813 30.4381
-84.3882 33.749
-81.0332 34.0003
-78.6391 35.7804
-77.4336 37.5389
-76.4909 38.9788
-75.5197 39.1573
-74.7699 40.2206
-72.6822 41.764
-71.415 41.8309
-71.0637 42.3582
-71.538 43.2069
-69.7817 44.3072
-72.5805 44.2624
-73.7579 42.6528
-76.8836 40.2644
-81.6123 38.3362
-82.9991 39.9613
-84.5553 42.7336
-86.1626 39.7686
-84.8754 38.1867
-86.7842 36.1658
-89.655 39.7984
-89.3844 43.0747
-92.1729 38.5792
-93.6037 41.5911
-93.1022 44.9551
-100.346 44.367
-100.783 46.8209
-112.018 46.5857
-111.888 40.7775
-116.2 43.6178
-119.766 39.1639
-121.494 38.5767
-123.03 44.9385
-122.905 47.0358
-134.42 58.3016
-157.857 21.3074
-112.097 33.4481
-105.94 35.6822
-104.985 39.7392
-96.6997 40.8081
-95.678 39.0482
-97.5033 35.4922
-97.7403 30.2747
-92.289 34.7466
-91.1874 30.4571
-90.1821 32.3038
-86.3006 32.3777

Generation 600
Best distance: 276.615
Best path:
-86.3006 32.3777
-84.2813 30.4381
-84.3882 33.749
-81.0332 34.0003
-78.6391 35.7804
-77.4336 37.5389
-76.4909 38.9788
-75.5197 39.1573
-74.7699 40.2206
-72.6822 41.764
-71.415 41.8309
-71.0637 42.3582
-71.538 43.2069
-69.7817 44.3072
-72.5805 44.2624
-73.7579 42.6528
-76.8836 40.2644
-81.6123 38.3362
-82.9991 39.9613
-84.5553 42.7336
-86.1626 39.7686
-84.8754 38.1867
-86.7842 36.1658
-89.655 39.7984
-89.3844 43.0747
-92.1729 38.5792
-93.6037 41.5911
-93.1022 44.9551
-100.346 44.367
-100.783 46.8209
-112.018 46.5857
-111.888 40.7775
-116.2 43.6178
-119.766 39.1639
-121.494 38.5767
-123.03 44.9385
-122.905 47.0358
-134.42 58.3016
-157.857 21.3074
-112.097 33.4481
-105.94 35.6822
-104.985 39.7392
-96.6997 40.8081
-95.678 39.0482
-97.5033 35.4922
-97.7403 30.2747
-92.289 34.7466
-91.1874 30.4571
-90.1821 32.3038
-86.3006 32.3777

Generation 610
Best distance: 276.615
Best path:
-86.3006 32.3777
-84.2813 30.4381
-84.3882 33.749
-81.0332 34.0003
-78.6391 35.7804
-77.4336 37.5389
-76.4909 38.9788
-75.5197 39.1573
-74.7699 40.2206
-72.6822 41.764
-71.415 41.8309
-71.0637 42.3582
-71.538 43.2069
-69.7817 44.3072
-72.5805 44.2624
-73.7579 42.6528
-76.8836 40.2644
-81.6123 38.3362
-82.9991 39.9613
-84.5553 42.7336
-86.1626 39.7686
-84.8754 38.1867
-86.7842 36.1658
-89.655 39.7984
-89.3844 43.0747
-92.1729 38.5792
-93.6037 41.5911
-93.1022 44.9551
-100.346 44.367
-100.783 46.8209
-112.018 46.5857
-111.888 40.7775
-116.2 43.6178
-119.766 39.1639
-121.494 38.5767
-123.03 44.9385
-122.905 47.0358
-134.42 58.3016
-157.857 21.3074
-112.097 33.4481
-105.94 35.6822
-104.985 39.7392
-96.6997 40.8081
-95.678 39.0482
-97.5033 35.4922
-97.7403 30.2747
-92.289 34.7466
-91.1874 30.4571
-90.1821 32.3038
-86.3006 32.3777

Generation 620
Best distance: 276.615
Best path:
-86.3006 32.3777
-84.2813 30.4381
-84.3882 33.749
-81.0332 34.0003
-78.6391 35.7804
-77.4336 37.5389
-76.4909 38.9788
-75.5197 39.1573
-74.7699 40.2206
-72.6822 41.764
-71.415 41.8309
-71.0637 42.3582
-71.538 43.2069
-69.7817 44.3072
-72.5805 44.2624
-73.7579 42.6528
-76.8836 40.2644
-81.6123 38.3362
-82.9991 39.9613
-84.5553 42.7336
-86.1626 39.7686
-84.8754 38.1867
-86.7842 36.1658
-89.655 39.7984
-89.3844 43.0747
-92.1729 38.5792
-93.6037 41.5911
-93.1022 44.9551
-100.346 44.367
-100.783 46.8209
-112.018 46.5857
-111.888 40.7775
-116.2 43.6178
-119.766 39.1639
-121.494 38.5767
-123.03 44.9385
-122.905 47.0358
-134.42 58.3016
-157.857 21.3074
-112.097 33.4481
-105.94 35.6822
-104.985 39.7392
-96.6997 40.8081
-95.678 39.0482
-97.5033 35.4922
-97.7403 30.2747
-92.289 34.7466
-91.1874 30.4571
-90.1821 32.3038
-86.3006 32.3777

Generation 630
Best distance: 276.615
Best path:
-86.3006 32.3777
-84.2813 30.4381
-84.3882 33.749
-81.0332 34.0003
-78.6391 35.7804
-77.4336 37.5389
-76.4909 38.9788
-75.5197 39.1573
-74.7699 40.2206
-72.6822 41.764
-71.415 41.8309
-71.0637 42.3582
-71.538 43.2069
-69.7817 44.3072
-72.5805 44.2624
-73.7579 42.6528
-76.8836 40.2644
-81.6123 38.3362
-82.9991 39.9613
-84.5553 42.7336
-86.1626 39.7686
-84.8754 38.1867
-86.7842 36.1658
-89.655 39.7984
-89.3844 43.0747
-92.1729 38.5792
-93.6037 41.5911
-93.1022 44.9551
-100.346 44.367
-100.783 46.8209
-112.018 46.5857
-111.888 40.7775
-116.2 43.6178
-119.766 39.1639
-121.494 38.5767
-123.03 44.9385
-122.905 47.0358
-134.42 58.3016
-157.857 21.3074
-112.097 33.4481
-105.94 35.6822
-104.985 39.7392
-96.6997 40.8081
-95.678 39.0482
-97.5033 35.4922
-97.7403 30.2747
-92.289 34.7466
-91.1874 30.4571
-90.1821 32.3038
-86.3006 32.3777

Generation 640
Best distance: 276.615
Best path:
-86.3006 32.3777
-84.2813 30.4381
-84.3882 33.749
-81.0332 34.0003
-78.6391 35.7804
-77.4336 37.5389
-76.4909 38.9788
-75.5197 39.1573
-74.7699 40.2206
-72.6822 41.764
-71.415 41.8309
-71.0637 42.3582
-71.538 43.2069
-69.7817 44.3072
-72.5805 44.2624
-73.7579 42.6528
-76.8836 40.2644
-81.6123 38.3362
-82.9991 39.9613
-84.5553 42.7336
-86.1626 39.7686
-84.8754 38.1867
-86.7842 36.1658
-89.655 39.7984
-89.3844 43.0747
-92.1729 38.5792
-93.6037 41.5911
-93.1022 44.9551
-100.346 44.367
-100.783 46.8209
-112.018 46.5857
-111.888 40.7775
-116.2 43.6178
-119.766 39.1639
-121.494 38.5767
-123.03 44.9385
-122.905 47.0358
-134.42 58.3016
-157.857 21.3074
-112.097 33.4481
-105.94 35.6822
-104.985 39.7392
-96.6997 40.8081
-95.678 39.0482
-97.5033 35.4922
-97.7403 30.2747
-92.289 34.7466
-91.1874 30.4571
-90.1821 32.3038
-86.3006 32.3777

Generation 650
Best distance: 276.615
Best path:
-86.3006 32.3777
-84.2813 30.4381
-84.3882 33.749
-81.0332 34.0003
-78.6391 35.7804
-77.4336 37.5389
-76.4909 38.9788
-75.5197 39.1573
-74.7699 40.2206
-72.6822 41.764
-71.415 41.8309
-71.0637 42.3582
-71.538 43.2069
-69.7817 44.3072
-72.5805 44.2624
-73.7579 42.6528
-76.8836 40.2644
-81.6123 38.3362
-82.9991 39.9613
-84.5553 42.7336
-86.1626 39.7686
-84.8754 38.1867
-86.7842 36.1658
-89.655 39.7984
-89.3844 43.0747
-92.1729 38.5792
-93.6037 41.5911
-93.1022 44.9551
-100.346 44.367
-100.783 46.8209
-112.018 46.5857
-111.888 40.7775
-116.2 43.6178
-119.766 39.1639
-121.494 38.5767
-123.03 44.9385
-122.905 47.0358
-134.42 58.3016
-157.857 21.3074
-112.097 33.4481
-105.94 35.6822
-104.985 39.7392
-96.6997 40.8081
-95.678 39.0482
-97.5033 35.4922
-97.7403 30.2747
-92.289 34.7466
-91.1874 30.4571
-90.1821 32.3038
-86.3006 32.3777

Generation 660
Best distance: 276.615
Best path:
-86.3006 32.3777
-84.2813 30.4381
-84.3882 33.749
-81.0332 34.0003
-78.6391 35.7804
-77.4336 37.5389
-76.4909 38.9788
-75.5197 39.1573
-74.7699 40.2206
-72.6822 41.764
-71.415 41.8309
-71.0637 42.3582
-71.538 43.2069
-69.7817 44.3072
-72.5805 44.2624
-73.7579 42.6528
-76.8836 40.2644
-81.6123 38.3362
-82.9991 39.9613
-84.5553 42.7336
-86.1626 39.7686
-84.8754 38.1867
-86.7842 36.1658
-89.655 39.7984
-89.3844 43.0747
-92.1729 38.5792
-93.6037 41.5911
-93.1022 44.9551
-100.346 44.367
-100.783 46.8209
-112.018 46.5857
-111.888 40.7775
-116.2 43.6178
-119.766 39.1639
-121.494 38.5767
-123.03 44.9385
-122.905 47.0358
-134.42 58.3016
-157.857 21.3074
-112.097 33.4481
-105.94 35.6822
-104.985 39.7392
-96.6997 40.8081
-95.678 39.0482
-97.5033 35.4922
-97.7403 30.2747
-92.289 34.7466
-91.1874 30.4571
-90.1821 32.3038
-86.3006 32.3777

Generation 670
Best distance: 276.615
Best path:
-86.3006 32.3777
-84.2813 30.4381
-84.3882 33.749
-81.0332 34.0003
-78.6391 35.7804
-77.4336 37.5389
-76.4909 38.9788
-75.5197 39.1573
-74.7699 40.2206
-72.6822 41.764
-71.415 41.8309
-71.0637 42.3582
-71.538 43.2069
-69.7817 44.3072
-72.5805 44.2624
-73.7579 42.6528
-76.8836 40.2644
-81.6123 38.3362
-82.9991 39.9613
-84.5553 42.7336
-86.1626 39.7686
-84.8754 38.1867
-86.7842 36.1658
-89.655 39.7984
-89.3844 43.0747
-92.1729 38.5792
-93.6037 41.5911
-93.1022 44.9551
-100.346 44.367
-100.783 46.8209
-112.018 46.5857
-111.888 40.7775
-116.2 43.6178
-119.766 39.1639
-121.494 38.5767
-123.03 44.9385
-122.905 47.0358
-134.42 58.3016
-157.857 21.3074
-112.097 33.4481
-105.94 35.6822
-104.985 39.7392
-96.6997 40.8081
-95.678 39.0482
-97.5033 35.4922
-97.7403 30.2747
-92.289 34.7466
-91.1874 30.4571
-90.1821 32.3038
-86.3006 32.3777

Generation 680
Best distance: 276.615
Best path:
-86.3006 32.3777
-84.2813 30.4381
-84.3882 33.749
-81.0332 34.0003
-78.6391 35.7804
-77.4336 37.5389
-76.4909 38.9788
-75.5197 39.1573
-74.7699 40.2206
-72.6822 41.764
-71.415 41.8309
-71.0637 42.3582
-71.538 43.2069
-69.7817 44.3072
-72.5805 44.2624
-73.7579 42.6528
-76.8836 40.2644
-81.6123 38.3362
-82.9991 39.9613
-84.5553 42.7336
-86.1626 39.7686
-84.8754 38.1867
-86.7842 36.1658
-89.655 39.7984
-89.3844 43.0747
-92.1729 38.5792
-93.6037 41.5911
-93.1022 44.9551
-100.346 44.367
-100.783 46.8209
-112.018 46.5857
-111.888 40.7775
-116.2 43.6178
-119.766 39.1639
-121.494 38.5767
-123.03 44.9385
-122.905 47.0358
-134.42 58.3016
-157.857 21.3074
-112.097 33.4481
-105.94 35.6822
-104.985 39.7392
-96.6997 40.8081
-95.678 39.0482
-97.5033 35.4922
-97.7403 30.2747
-92.289 34.7466
-91.1874 30.4571
-90.1821 32.3038
-86.3006 32.3777

Generation 690
Best distance: 276.615
Best path:
-86.3006 32.3777
-84.2813 30.4381
-84.3882 33.749
-81.0332 34.0003
-78.6391 35.7804
-77.4336 37.5389
-76.4909 38.9788
-75.5197 39.1573
-74.7699 40.2206
-72.6822 41.764
-71.415 41.8309
-71.0637 42.3582
-71.538 43.2069
-69.7817 44.3072
-72.5805 44.2624
-73.7579 42.6528
-76.8836 40.2644
-81.6123 38.3362
-82.9991 39.9613
-84.5553 42.7336
-86.1626 39.7686
-84.8754 38.1867
-86.7842 36.1658
-89.655 39.7984
-89.3844 43.0747
-92.1729 38.5792
-93.6037 41.5911
-93.1022 44.9551
-100.346 44.367
-100.783 46.8209
-112.018 46.5857
-111.888 40.7775
-116.2 43.6178
-119.766 39.1639
-121.494 38.5767
-123.03 44.9385
-122.905 47.0358
-134.42 58.3016
-157.857 21.3074
-112.097 33.4481
-105.94 35.6822
-104.985 39.7392
-96.6997 40.8081
-95.678 39.0482
-97.5033 35.4922
-97.7403 30.2747
-92.289 34.7466
-91.1874 30.4571
-90.1821 32.3038
-86.3006 32.3777

Generation 700
Best distance: 276.615
Best path:
-86.3006 32.3777
-84.2813 30.4381
-84.3882 33.749
-81.0332 34.0003
-78.6391 35.7804
-77.4336 37.5389
-76.4909 38.9788
-75.5197 39.1573
-74.7699 40.2206
-72.6822 41.764
-71.415 41.8309
-71.0637 42.3582
-71.538 43.2069
-69.7817 44.3072
-72.5805 44.2624
-73.7579 42.6528
-76.8836 40.2644
-81.6123 38.3362
-82.9991 39.9613
-84.5553 42.7336
-86.1626 39.7686
-84.8754 38.1867
-86.7842 36.1658
-89.655 39.7984
-89.3844 43.0747
-92.1729 38.5792
-93.6037 41.5911
-93.1022 44.9551
-100.346 44.367
-100.783 46.8209
-112.018 46.5857
-111.888 40.7775
-116.2 43.6178
-119.766 39.1639
-121.494 38.5767
-123.03 44.9385
-122.905 47.0358
-134.42 58.3016
-157.857 21.3074
-112.097 33.4481
-105.94 35.6822
-104.985 39.7392
-96.6997 40.8081
-95.678 39.0482
-97.5033 35.4922
-97.7403 30.2747
-92.289 34.7466
-91.1874 30.4571
-90.1821 32.3038
-86.3006 32.3777

Generation 710
Best distance: 276.615
Best path:
-86.3006 32.3777
-84.2813 30.4381
-84.3882 33.749
-81.0332 34.0003
-78.6391 35.7804
-77.4336 37.5389
-76.4909 38.9788
-75.5197 39.1573
-74.7699 40.2206
-72.6822 41.764
-71.415 41.8309
-71.0637 42.3582
-71.538 43.2069
-69.7817 44.3072
-72.5805 44.2624
-73.7579 42.6528
-76.8836 40.2644
-81.6123 38.3362
-82.9991 39.9613
-84.5553 42.7336
-86.1626 39.7686
-84.8754 38.1867
-86.7842 36.1658
-89.655 39.7984
-89.3844 43.0747
-92.1729 38.5792
-93.6037 41.5911
-93.1022 44.9551
-100.346 44.367
-100.783 46.8209
-112.018 46.5857
-111.888 40.7775
-116.2 43.6178
-119.766 39.1639
-121.494 38.5767
-123.03 44.9385
-122.905 47.0358
-134.42 58.3016
-157.857 21.3074
-112.097 33.4481
-105.94 35.6822
-104.985 39.7392
-96.6997 40.8081
-95.678 39.0482
-97.5033 35.4922
-97.7403 30.2747
-92.289 34.7466
-91.1874 30.4571
-90.1821 32.3038
-86.3006 32.3777

Generation 720
Best distance: 276.615
Best path:
-86.3006 32.3777
-84.2813 30.4381
-84.3882 33.749
-81.0332 34.0003
-78.6391 35.7804
-77.4336 37.5389
-76.4909 38.9788
-75.5197 39.1573
-74.7699 40.2206
-72.6822 41.764
-71.415 41.8309
-71.0637 42.3582
-71.538 43.2069
-69.7817 44.3072
-72.5805 44.2624
-73.7579 42.6528
-76.8836 40.2644
-81.6123 38.3362
-82.9991 39.9613
-84.5553 42.7336
-86.1626 39.7686
-84.8754 38.1867
-86.7842 36.1658
-89.655 39.7984
-89.3844 43.0747
-92.1729 38.5792
-93.6037 41.5911
-93.1022 44.9551
-100.346 44.367
-100.783 46.8209
-112.018 46.5857
-111.888 40.7775
-116.2 43.6178
-119.766 39.1639
-121.494 38.5767
-123.03 44.9385
-122.905 47.0358
-134.42 58.3016
-157.857 21.3074
-112.097 33.4481
-105.94 35.6822
-104.985 39.7392
-96.6997 40.8081
-95.678 39.0482
-97.5033 35.4922
-97.7403 30.2747
-92.289 34.7466
-91.1874 30.4571
-90.1821 32.3038
-86.3006 32.3777

Generation 730
Best distance: 276.615
Best path:
-86.3006 32.3777
-84.2813 30.4381
-84.3882 33.749
-81.0332 34.0003
-78.6391 35.7804
-77.4336 37.5389
-76.4909 38.9788
-75.5197 39.1573
-74.7699 40.2206
-72.6822 41.764
-71.415 41.8309
-71.0637 42.3582
-71.538 43.2069
-69.7817 44.3072
-72.5805 44.2624
-73.7579 42.6528
-76.8836 40.2644
-81.6123 38.3362
-82.9991 39.9613
-84.5553 42.7336
-86.1626 39.7686
-84.8754 38.1867
-86.7842 36.1658
-89.655 39.7984
-89.3844 43.0747
-92.1729 38.5792
-93.6037 41.5911
-93.1022 44.9551
-100.346 44.367
-100.783 46.8209
-112.018 46.5857
-111.888 40.7775
-116.2 43.6178
-119.766 39.1639
-121.494 38.5767
-123.03 44.9385
-122.905 47.0358
-134.42 58.3016
-157.857 21.3074
-112.097 33.4481
-105.94 35.6822
-104.985 39.7392
-96.6997 40.8081
-95.678 39.0482
-97.5033 35.4922
-97.7403 30.2747
-92.289 34.7466
-91.1874 30.4571
-90.1821 32.3038
-86.3006 32.3777

Generation 740
Best distance: 276.615
Best path:
-86.3006 32.3777
-84.2813 30.4381
-84.3882 33.749
-81.0332 34.0003
-78.6391 35.7804
-77.4336 37.5389
-76.4909 38.9788
-75.5197 39.1573
-74.7699 40.2206
-72.6822 41.764
-71.415 41.8309
-71.0637 42.3582
-71.538 43.2069
-69.7817 44.3072
-72.5805 44.2624
-73.7579 42.6528
-76.8836 40.2644
-81.6123 38.3362
-82.9991 39.9613
-84.5553 42.7336
-86.1626 39.7686
-84.8754 38.1867
-86.7842 36.1658
-89.655 39.7984
-89.3844 43.0747
-92.1729 38.5792
-93.6037 41.5911
-93.1022 44.9551
-100.346 44.367
-100.783 46.8209
-112.018 46.5857
-111.888 40.7775
-116.2 43.6178
-119.766 39.1639
-121.494 38.5767
-123.03 44.9385
-122.905 47.0358
-134.42 58.3016
-157.857 21.3074
-112.097 33.4481
-105.94 35.6822
-104.985 39.7392
-96.6997 40.8081
-95.678 39.0482
-97.5033 35.4922
-97.7403 30.2747
-92.289 34.7466
-91.1874 30.4571
-90.1821 32.3038
-86.3006 32.3777

Generation 750
Best distance: 276.615
Best path:
-86.3006 32.3777
-84.2813 30.4381
-84.3882 33.749
-81.0332 34.0003
-78.6391 35.7804
-77.4336 37.5389
-76.4909 38.9788
-75.5197 39.1573
-74.7699 40.2206
-72.6822 41.764
-71.415 41.8309
-71.0637 42.3582
-71.538 43.2069
-69.7817 44.3072
-72.5805 44.2624
-73.7579 42.6528
-76.8836 40.2644
-81.6123 38.3362
-82.9991 39.9613
-84.5553 42.7336
-86.1626 39.7686
-84.8754 38.1867
-86.7842 36.1658
-89.655 39.7984
-89.3844 43.0747
-92.1729 38.5792
-93.6037 41.5911
-93.1022 44.9551
-100.346 44.367
-100.783 46.8209
-112.018 46.5857
-111.888 40.7775
-116.2 43.6178
-119.766 39.1639
-121.494 38.5767
-123.03 44.9385
-122.905 47.0358
-134.42 58.3016
-157.857 21.3074
-112.097 33.4481
-105.94 35.6822
-104.985 39.7392
-96.6997 40.8081
-95.678 39.0482
-97.5033 35.4922
-97.7403 30.2747
-92.289 34.7466
-91.1874 30.4571
-90.1821 32.3038
-86.3006 32.3777

Generation 760
Best distance: 276.615
Best path:
-86.3006 32.3777
-84.2813 30.4381
-84.3882 33.749
-81.0332 34.0003
-78.6391 35.7804
-77.4336 37.5389
-76.4909 38.9788
-75.5197 39.1573
-74.7699 40.2206
-72.6822 41.764
-71.415 41.8309
-71.0637 42.3582
-71.538 43.2069
-69.7817 44.3072
-72.5805 44.2624
-73.7579 42.6528
-76.8836 40.2644
-81.6123 38.3362
-82.9991 39.9613
-84.5553 42.7336
-86.1626 39.7686
-84.8754 38.1867
-86.7842 36.1658
-89.655 39.7984
-89.3844 43.0747
-92.1729 38.5792
-93.6037 41.5911
-93.1022 44.9551
-100.346 44.367
-100.783 46.8209
-112.018 46.5857
-111.888 40.7775
-116.2 43.6178
-119.766 39.1639
-121.494 38.5767
-123.03 44.9385
-122.905 47.0358
-134.42 58.3016
-157.857 21.3074
-112.097 33.4481
-105.94 35.6822
-104.985 39.7392
-96.6997 40.8081
-95.678 39.0482
-97.5033 35.4922
-97.7403 30.2747
-92.289 34.7466
-91.1874 30.4571
-90.1821 32.3038
-86.3006 32.3777

Generation 770
Best distance: 276.615
Best path:
-86.3006 32.3777
-84.2813 30.4381
-84.3882 33.749
-81.0332 34.0003
-78.6391 35.7804
-77.4336 37.5389
-76.4909 38.9788
-75.5197 39.1573
-74.7699 40.2206
-72.6822 41.764
-71.415 41.8309
-71.0637 42.3582
-71.538 43.2069
-69.7817 44.3072
-72.5805 44.2624
-73.7579 42.6528
-76.8836 40.2644
-81.6123 38.3362
-82.9991 39.9613
-84.5553 42.7336
-86.1626 39.7686
-84.8754 38.1867
-86.7842 36.1658
-89.655 39.7984
-89.3844 43.0747
-92.1729 38.5792
-93.6037 41.5911
-93.1022 44.9551
-100.346 44.367
-100.783 46.8209
-112.018 46.5857
-111.888 40.7775
-116.2 43.6178
-119.766 39.1639
-121.494 38.5767
-123.03 44.9385
-122.905 47.0358
-134.42 58.3016
-157.857 21.3074
-112.097 33.4481
-105.94 35.6822
-104.985 39.7392
-96.6997 40.8081
-95.678 39.0482
-97.5033 35.4922
-97.7403 30.2747
-92.289 34.7466
-91.1874 30.4571
-90.1821 32.3038
-86.3006 32.3777

Generation 780
Best distance: 276.615
Best path:
-86.3006 32.3777
-84.2813 30.4381
-84.3882 33.749
-81.0332 34.0003
-78.6391 35.7804
-77.4336 37.5389
-76.4909 38.9788
-75.5197 39.1573
-74.7699 40.2206
-72.6822 41.764
-71.415 41.8309
-71.0637 42.3582
-71.538 43.2069
-69.7817 44.3072
-72.5805 44.2624
-73.7579 42.6528
-76.8836 40.2644
-81.6123 38.3362
-82.9991 39.9613
-84.5553 42.7336
-86.1626 39.7686
-84.8754 38.1867
-86.7842 36.1658
-89.655 39.7984
-89.3844 43.0747
-92.1729 38.5792
-93.6037 41.5911
-93.1022 44.9551
-100.346 44.367
-100.783 46.8209
-112.018 46.5857
-111.888 40.7775
-116.2 43.6178
-119.766 39.1639
-121.494 38.5767
-123.03 44.9385
-122.905 47.0358
-134.42 58.3016
-157.857 21.3074
-112.097 33.4481
-105.94 35.6822
-104.985 39.7392
-96.6997 40.8081
-95.678 39.0482
-97.5033 35.4922
-97.7403 30.2747
-92.289 34.7466
-91.1874 30.4571
-90.1821 32.3038
-86.3006 32.3777

Generation 790
Best distance: 276.615
Best path:
-86.3006 32.3777
-84.2813 30.4381
-84.3882 33.749
-81.0332 34.0003
-78.6391 35.7804
-77.4336 37.5389
-76.4909 38.9788
-75.5197 39.1573
-74.7699 40.2206
-72.6822 41.764
-71.415 41.8309
-71.0637 42.3582
-71.538 43.2069
-69.7817 44.3072
-72.5805 44.2624
-73.7579 42.6528
-76.8836 40.2644
-81.6123 38.3362
-82.9991 39.9613
-84.5553 42.7336
-86.1626 39.7686
-84.8754 38.1867
-86.7842 36.1658
-89.655 39.7984
-89.3844 43.0747
-92.1729 38.5792
-93.6037 41.5911
-93.1022 44.9551
-100.346 44.367
-100.783 46.8209
-112.018 46.5857
-111.888 40.7775
-116.2 43.6178
-119.766 39.1639
-121.494 38.5767
-123.03 44.9385
-122.905 47.0358
-134.42 58.3016
-157.857 21.3074
-112.097 33.4481
-105.94 35.6822
-104.985 39.7392
-96.6997 40.8081
-95.678 39.0482
-97.5033 35.4922
-97.7403 30.2747
-92.289 34.7466
-91.1874 30.4571
-90.1821 32.3038
-86.3006 32.3777

Generation 800
Best distance: 276.615
Best path:
-86.3006 32.3777
-84.2813 30.4381
-84.3882 33.749
-81.0332 34.0003
-78.6391 35.7804
-77.4336 37.5389
-76.4909 38.9788
-75.5197 39.1573
-74.7699 40.2206
-72.6822 41.764
-71.415 41.8309
-71.0637 42.3582
-71.538 43.2069
-69.7817 44.3072
-72.5805 44.2624
-73.7579 42.6528
-76.8836 40.2644
-81.6123 38.3362
-82.9991 39.9613
-84.5553 42.7336
-86.1626 39.7686
-84.8754 38.1867
-86.7842 36.1658
-89.655 39.7984
-89.3844 43.0747
-92.1729 38.5792
-93.6037 41.5911
-93.1022 44.9551
-100.346 44.367
-100.783 46.8209
-112.018 46.5857
-111.888 40.7775
-116.2 43.6178
-119.766 39.1639
-121.494 38.5767
-123.03 44.9385
-122.905 47.0358
-134.42 58.3016
-157.857 21.3074
-112.097 33.4481
-105.94 35.6822
-104.985 39.7392
-96.6997 40.8081
-95.678 39.0482
-97.5033 35.4922
-97.7403 30.2747
-92.289 34.7466
-91.1874 30.4571
-90.1821 32.3038
-86.3006 32.3777

Generation 810
Best distance: 276.615
Best path:
-86.3006 32.3777
-84.2813 30.4381
-84.3882 33.749
-81.0332 34.0003
-78.6391 35.7804
-77.4336 37.5389
-76.4909 38.9788
-75.5197 39.1573
-74.7699 40.2206
-72.6822 41.764
-71.415 41.8309
-71.0637 42.3582
-71.538 43.2069
-69.7817 44.3072
-72.5805 44.2624
-73.7579 42.6528
-76.8836 40.2644
-81.6123 38.3362
-82.9991 39.9613
-84.5553 42.7336
-86.1626 39.7686
-84.8754 38.1867
-86.7842 36.1658
-89.655 39.7984
-89.3844 43.0747
-92.1729 38.5792
-93.6037 41.5911
-93.1022 44.9551
-100.346 44.367
-100.783 46.8209
-112.018 46.5857
-111.888 40.7775
-116.2 43.6178
-119.766 39.1639
-121.494 38.5767
-123.03 44.9385
-122.905 47.0358
-134.42 58.3016
-157.857 21.3074
-112.097 33.4481
-105.94 35.6822
-104.985 39.7392
-96.6997 40.8081
-95.678 39.0482
-97.5033 35.4922
-97.7403 30.2747
-92.289 34.7466
-91.1874 30.4571
-90.1821 32.3038
-86.3006 32.3777

Generation 820
Best distance: 276.615
Best path:
-86.3006 32.3777
-84.2813 30.4381
-84.3882 33.749
-81.0332 34.0003
-78.6391 35.7804
-77.4336 37.5389
-76.4909 38.9788
-75.5197 39.1573
-74.7699 40.2206
-72.6822 41.764
-71.415 41.8309
-71.0637 42.3582
-71.538 43.2069
-69.7817 44.3072
-72.5805 44.2624
-73.7579 42.6528
-76.8836 40.2644
-81.6123 38.3362
-82.9991 39.9613
-84.5553 42.7336
-86.1626 39.7686
-84.8754 38.1867
-86.7842 36.1658
-89.655 39.7984
-89.3844 43.0747
-92.1729 38.5792
-93.6037 41.5911
-93.1022 44.9551
-100.346 44.367
-100.783 46.8209
-112.018 46.5857
-111.888 40.7775
-116.2 43.6178
-119.766 39.1639
-121.494 38.5767
-123.03 44.9385
-122.905 47.0358
-134.42 58.3016
-157.857 21.3074
-112.097 33.4481
-105.94 35.6822
-104.985 39.7392
-96.6997 40.8081
-95.678 39.0482
-97.5033 35.4922
-97.7403 30.2747
-92.289 34.7466
-91.1874 30.4571
-90.1821 32.3038
-86.3006 32.3777

Generation 830
Best distance: 276.615
Best path:
-86.3006 32.3777
-84.2813 30.4381
-84.3882 33.749
-81.0332 34.0003
-78.6391 35.7804
-77.4336 37.5389
-76.4909 38.9788
-75.5197 39.1573
-74.7699 40.2206
-72.6822 41.764
-71.415 41.8309
-71.0637 42.3582
-71.538 43.2069
-69.7817 44.3072
-72.5805 44.2624
-73.7579 42.6528
-76.8836 40.2644
-81.6123 38.3362
-82.9991 39.9613
-84.5553 42.7336
-86.1626 39.7686
-84.8754 38.1867
-86.7842 36.1658
-89.655 39.7984
-89.3844 43.0747
-92.1729 38.5792
-93.6037 41.5911
-93.1022 44.9551
-100.346 44.367
-100.783 46.8209
-112.018 46.5857
-111.888 40.7775
-116.2 43.6178
-119.766 39.1639
-121.494 38.5767
-123.03 44.9385
-122.905 47.0358
-134.42 58.3016
-157.857 21.3074
-112.097 33.4481
-105.94 35.6822
-104.985 39.7392
-96.6997 40.8081
-95.678 39.0482
-97.5033 35.4922
-97.7403 30.2747
-92.289 34.7466
-91.1874 30.4571
-90.1821 32.3038
-86.3006 32.3777

Generation 840
Best distance: 276.615
Best path:
-86.3006 32.3777
-84.2813 30.4381
-84.3882 33.749
-81.0332 34.0003
-78.6391 35.7804
-77.4336 37.5389
-76.4909 38.9788
-75.5197 39.1573
-74.7699 40.2206
-72.6822 41.764
-71.415 41.8309
-71.0637 42.3582
-71.538 43.2069
-69.7817 44.3072
-72.5805 44.2624
-73.7579 42.6528
-76.8836 40.2644
-81.6123 38.3362
-82.9991 39.9613
-84.5553 42.7336
-86.1626 39.7686
-84.8754 38.1867
-86.7842 36.1658
-89.655 39.7984
-89.3844 43.0747
-92.1729 38.5792
-93.6037 41.5911
-93.1022 44.9551
-100.346 44.367
-100.783 46.8209
-112.018 46.5857
-111.888 40.7775
-116.2 43.6178
-119.766 39.1639
-121.494 38.5767
-123.03 44.9385
-122.905 47.0358
-134.42 58.3016
-157.857 21.3074
-112.097 33.4481
-105.94 35.6822
-104.985 39.7392
-96.6997 40.8081
-95.678 39.0482
-97.5033 35.4922
-97.7403 30.2747
-92.289 34.7466
-91.1874 30.4571
-90.1821 32.3038
-86.3006 32.3777

Generation 850
Best distance: 276.615
Best path:
-86.3006 32.3777
-84.2813 30.4381
-84.3882 33.749
-81.0332 34.0003
-78.6391 35.7804
-77.4336 37.5389
-76.4909 38.9788
-75.5197 39.1573
-74.7699 40.2206
-72.6822 41.764
-71.415 41.8309
-71.0637 42.3582
-71.538 43.2069
-69.7817 44.3072
-72.5805 44.2624
-73.7579 42.6528
-76.8836 40.2644
-81.6123 38.3362
-82.9991 39.9613
-84.5553 42.7336
-86.1626 39.7686
-84.8754 38.1867
-86.7842 36.1658
-89.655 39.7984
-89.3844 43.0747
-92.1729 38.5792
-93.6037 41.5911
-93.1022 44.9551
-100.346 44.367
-100.783 46.8209
-112.018 46.5857
-111.888 40.7775
-116.2 43.6178
-119.766 39.1639
-121.494 38.5767
-123.03 44.9385
-122.905 47.0358
-134.42 58.3016
-157.857 21.3074
-112.097 33.4481
-105.94 35.6822
-104.985 39.7392
-96.6997 40.8081
-95.678 39.0482
-97.5033 35.4922
-97.7403 30.2747
-92.289 34.7466
-91.1874 30.4571
-90.1821 32.3038
-86.3006 32.3777

Generation 860
Best distance: 276.615
Best path:
-86.3006 32.3777
-84.2813 30.4381
-84.3882 33.749
-81.0332 34.0003
-78.6391 35.7804
-77.4336 37.5389
-76.4909 38.9788
-75.5197 39.1573
-74.7699 40.2206
-72.6822 41.764
-71.415 41.8309
-71.0637 42.3582
-71.538 43.2069
-69.7817 44.3072
-72.5805 44.2624
-73.7579 42.6528
-76.8836 40.2644
-81.6123 38.3362
-82.9991 39.9613
-84.5553 42.7336
-86.1626 39.7686
-84.8754 38.1867
-86.7842 36.1658
-89.655 39.7984
-89.3844 43.0747
-92.1729 38.5792
-93.6037 41.5911
-93.1022 44.9551
-100.346 44.367
-100.783 46.8209
-112.018 46.5857
-111.888 40.7775
-116.2 43.6178
-119.766 39.1639
-121.494 38.5767
-123.03 44.9385
-122.905 47.0358
-134.42 58.3016
-157.857 21.3074
-112.097 33.4481
-105.94 35.6822
-104.985 39.7392
-96.6997 40.8081
-95.678 39.0482
-97.5033 35.4922
-97.7403 30.2747
-92.289 34.7466
-91.1874 30.4571
-90.1821 32.3038
-86.3006 32.3777

Generation 870
Best distance: 276.615
Best path:
-86.3006 32.3777
-84.2813 30.4381
-84.3882 33.749
-81.0332 34.0003
-78.6391 35.7804
-77.4336 37.5389
-76.4909 38.9788
-75.5197 39.1573
-74.7699 40.2206
-72.6822 41.764
-71.415 41.8309
-71.0637 42.3582
-71.538 43.2069
-69.7817 44.3072
-72.5805 44.2624
-73.7579 42.6528
-76.8836 40.2644
-81.6123 38.3362
-82.9991 39.9613
-84.5553 42.7336
-86.1626 39.7686
-84.8754 38.1867
-86.7842 36.1658
-89.655 39.7984
-89.3844 43.0747
-92.1729 38.5792
-93.6037 41.5911
-93.1022 44.9551
-100.346 44.367
-100.783 46.8209
-112.018 46.5857
-111.888 40.7775
-116.2 43.6178
-119.766 39.1639
-121.494 38.5767
-123.03 44.9385
-122.905 47.0358
-134.42 58.3016
-157.857 21.3074
-112.097 33.4481
-105.94 35.6822
-104.985 39.7392
-96.6997 40.8081
-95.678 39.0482
-97.5033 35.4922
-97.7403 30.2747
-92.289 34.7466
-91.1874 30.4571
-90.1821 32.3038
-86.3006 32.3777

Generation 880
Best distance: 276.615
Best path:
-86.3006 32.3777
-84.2813 30.4381
-84.3882 33.749
-81.0332 34.0003
-78.6391 35.7804
-77.4336 37.5389
-76.4909 38.9788
-75.5197 39.1573
-74.7699 40.2206
-72.6822 41.764
-71.415 41.8309
-71.0637 42.3582
-71.538 43.2069
-69.7817 44.3072
-72.5805 44.2624
-73.7579 42.6528
-76.8836 40.2644
-81.6123 38.3362
-82.9991 39.9613
-84.5553 42.7336
-86.1626 39.7686
-84.8754 38.1867
-86.7842 36.1658
-89.655 39.7984
-89.3844 43.0747
-92.1729 38.5792
-93.6037 41.5911
-93.1022 44.9551
-100.346 44.367
-100.783 46.8209
-112.018 46.5857
-111.888 40.7775
-116.2 43.6178
-119.766 39.1639
-121.494 38.5767
-123.03 44.9385
-122.905 47.0358
-134.42 58.3016
-157.857 21.3074
-112.097 33.4481
-105.94 35.6822
-104.985 39.7392
-96.6997 40.8081
-95.678 39.0482
-97.5033 35.4922
-97.7403 30.2747
-92.289 34.7466
-91.1874 30.4571
-90.1821 32.3038
-86.3006 32.3777

Generation 890
Best distance: 276.615
Best path:
-86.3006 32.3777
-84.2813 30.4381
-84.3882 33.749
-81.0332 34.0003
-78.6391 35.7804
-77.4336 37.5389
-76.4909 38.9788
-75.5197 39.1573
-74.7699 40.2206
-72.6822 41.764
-71.415 41.8309
-71.0637 42.3582
-71.538 43.2069
-69.7817 44.3072
-72.5805 44.2624
-73.7579 42.6528
-76.8836 40.2644
-81.6123 38.3362
-82.9991 39.9613
-84.5553 42.7336
-86.1626 39.7686
-84.8754 38.1867
-86.7842 36.1658
-89.655 39.7984
-89.3844 43.0747
-92.1729 38.5792
-93.6037 41.5911
-93.1022 44.9551
-100.346 44.367
-100.783 46.8209
-112.018 46.5857
-111.888 40.7775
-116.2 43.6178
-119.766 39.1639
-121.494 38.5767
-123.03 44.9385
-122.905 47.0358
-134.42 58.3016
-157.857 21.3074
-112.097 33.4481
-105.94 35.6822
-104.985 39.7392
-96.6997 40.8081
-95.678 39.0482
-97.5033 35.4922
-97.7403 30.2747
-92.289 34.7466
-91.1874 30.4571
-90.1821 32.3038
-86.3006 32.3777

Generation 900
Best distance: 276.615
Best path:
-86.3006 32.3777
-84.2813 30.4381
-84.3882 33.749
-81.0332 34.0003
-78.6391 35.7804
-77.4336 37.5389
-76.4909 38.9788
-75.5197 39.1573
-74.7699 40.2206
-72.6822 41.764
-71.415 41.8309
-71.0637 42.3582
-71.538 43.2069
-69.7817 44.3072
-72.5805 44.2624
-73.7579 42.6528
-76.8836 40.2644
-81.6123 38.3362
-82.9991 39.9613
-84.5553 42.7336
-86.1626 39.7686
-84.8754 38.1867
-86.7842 36.1658
-89.655 39.7984
-89.3844 43.0747
-92.1729 38.5792
-93.6037 41.5911
-93.1022 44.9551
-100.346 44.367
-100.783 46.8209
-112.018 46.5857
-111.888 40.7775
-116.2 43.6178
-119.766 39.1639
-121.494 38.5767
-123.03 44.9385
-122.905 47.0358
-134.42 58.3016
-157.857 21.3074
-112.097 33.4481
-105.94 35.6822
-104.985 39.7392
-96.6997 40.8081
-95.678 39.0482
-97.5033 35.4922
-97.7403 30.2747
-92.289 34.7466
-91.1874 30.4571
-90.1821 32.3038
-86.3006 32.3777

Generation 910
Best distance: 276.615
Best path:
-86.3006 32.3777
-84.2813 30.4381
-84.3882 33.749
-81.0332 34.0003
-78.6391 35.7804
-77.4336 37.5389
-76.4909 38.9788
-75.5197 39.1573
-74.7699 40.2206
-72.6822 41.764
-71.415 41.8309
-71.0637 42.3582
-71.538 43.2069
-69.7817 44.3072
-72.5805 44.2624
-73.7579 42.6528
-76.8836 40.2644
-81.6123 38.3362
-82.9991 39.9613
-84.5553 42.7336
-86.1626 39.7686
-84.8754 38.1867
-86.7842 36.1658
-89.655 39.7984
-89.3844 43.0747
-92.1729 38.5792
-93.6037 41.5911
-93.1022 44.9551
-100.346 44.367
-100.783 46.8209
-112.018 46.5857
-111.888 40.7775
-116.2 43.6178
-119.766 39.1639
-121.494 38.5767
-123.03 44.9385
-122.905 47.0358
-134.42 58.3016
-157.857 21.3074
-112.097 33.4481
-105.94 35.6822
-104.985 39.7392
-96.6997 40.8081
-95.678 39.0482
-97.5033 35.4922
-97.7403 30.2747
-92.289 34.7466
-91.1874 30.4571
-90.1821 32.3038
-86.3006 32.3777

Generation 920
Best distance: 276.615
Best path:
-86.3006 32.3777
-84.2813 30.4381
-84.3882 33.749
-81.0332 34.0003
-78.6391 35.7804
-77.4336 37.5389
-76.4909 38.9788
-75.5197 39.1573
-74.7699 40.2206
-72.6822 41.764
-71.415 41.8309
-71.0637 42.3582
-71.538 43.2069
-69.7817 44.3072
-72.5805 44.2624
-73.7579 42.6528
-76.8836 40.2644
-81.6123 38.3362
-82.9991 39.9613
-84.5553 42.7336
-86.1626 39.7686
-84.8754 38.1867
-86.7842 36.1658
-89.655 39.7984
-89.3844 43.0747
-92.1729 38.5792
-93.6037 41.5911
-93.1022 44.9551
-100.346 44.367
-100.783 46.8209
-112.018 46.5857
-111.888 40.7775
-116.2 43.6178
-119.766 39.1639
-121.494 38.5767
-123.03 44.9385
-122.905 47.0358
-134.42 58.3016
-157.857 21.3074
-112.097 33.4481
-105.94 35.6822
-104.985 39.7392
-96.6997 40.8081
-95.678 39.0482
-97.5033 35.4922
-97.7403 30.2747
-92.289 34.7466
-91.1874 30.4571
-90.1821 32.3038
-86.3006 32.3777

Generation 930
Best distance: 276.615
Best path:
-86.3006 32.3777
-84.2813 30.4381
-84.3882 33.749
-81.0332 34.0003
-78.6391 35.7804
-77.4336 37.5389
-76.4909 38.9788
-75.5197 39.1573
-74.7699 40.2206
-72.6822 41.764
-71.415 41.8309
-71.0637 42.3582
-71.538 43.2069
-69.7817 44.3072
-72.5805 44.2624
-73.7579 42.6528
-76.8836 40.2644
-81.6123 38.3362
-82.9991 39.9613
-84.5553 42.7336
-86.1626 39.7686
-84.8754 38.1867
-86.7842 36.1658
-89.655 39.7984
-89.3844 43.0747
-92.1729 38.5792
-93.6037 41.5911
-93.1022 44.9551
-100.346 44.367
-100.783 46.8209
-112.018 46.5857
-111.888 40.7775
-116.2 43.6178
-119.766 39.1639
-121.494 38.5767
-123.03 44.9385
-122.905 47.0358
-134.42 58.3016
-157.857 21.3074
-112.097 33.4481
-105.94 35.6822
-104.985 39.7392
-96.6997 40.8081
-95.678 39.0482
-97.5033 35.4922
-97.7403 30.2747
-92.289 34.7466
-91.1874 30.4571
-90.1821 32.3038
-86.3006 32.3777

Generation 940
Best distance: 276.615
Best path:
-86.3006 32.3777
-84.2813 30.4381
-84.3882 33.749
-81.0332 34.0003
-78.6391 35.7804
-77.4336 37.5389
-76.4909 38.9788
-75.5197 39.1573
-74.7699 40.2206
-72.6822 41.764
-71.415 41.8309
-71.0637 42.3582
-71.538 43.2069
-69.7817 44.3072
-72.5805 44.2624
-73.7579 42.6528
-76.8836 40.2644
-81.6123 38.3362
-82.9991 39.9613
-84.5553 42.7336
-86.1626 39.7686
-84.8754 38.1867
-86.7842 36.1658
-89.655 39.7984
-89.3844 43.0747
-92.1729 38.5792
-93.6037 41.5911
-93.1022 44.9551
-100.346 44.367
-100.783 46.8209
-112.018 46.5857
-111.888 40.7775
-116.2 43.6178
-119.766 39.1639
-121.494 38.5767
-123.03 44.9385
-122.905 47.0358
-134.42 58.3016
-157.857 21.3074
-112.097 33.4481
-105.94 35.6822
-104.985 39.7392
-96.6997 40.8081
-95.678 39.0482
-97.5033 35.4922
-97.7403 30.2747
-92.289 34.7466
-91.1874 30.4571
-90.1821 32.3038
-86.3006 32.3777

Generation 950
Best distance: 276.615
Best path:
-86.3006 32.3777
-84.2813 30.4381
-84.3882 33.749
-81.0332 34.0003
-78.6391 35.7804
-77.4336 37.5389
-76.4909 38.9788
-75.5197 39.1573
-74.7699 40.2206
-72.6822 41.764
-71.415 41.8309
-71.0637 42.3582
-71.538 43.2069
-69.7817 44.3072
-72.5805 44.2624
-73.7579 42.6528
-76.8836 40.2644
-81.6123 38.3362
-82.9991 39.9613
-84.5553 42.7336
-86.1626 39.7686
-84.8754 38.1867
-86.7842 36.1658
-89.655 39.7984
-89.3844 43.0747
-92.1729 38.5792
-93.6037 41.5911
-93.1022 44.9551
-100.346 44.367
-100.783 46.8209
-112.018 46.5857
-111.888 40.7775
-116.2 43.6178
-119.766 39.1639
-121.494 38.5767
-123.03 44.9385
-122.905 47.0358
-134.42 58.3016
-157.857 21.3074
-112.097 33.4481
-105.94 35.6822
-104.985 39.7392
-96.6997 40.8081
-95.678 39.0482
-97.5033 35.4922
-97.7403 30.2747
-92.289 34.7466
-91.1874 30.4571
-90.1821 32.3038
-86.3006 32.3777

Generation 960
Best distance: 276.615
Best path:
-86.3006 32.3777
-84.2813 30.4381
-84.3882 33.749
-81.0332 34.0003
-78.6391 35.7804
-77.4336 37.5389
-76.4909 38.9788
-75.5197 39.1573
-74.7699 40.2206
-72.6822 41.764
-71.415 41.8309
-71.0637 42.3582
-71.538 43.2069
-69.7817 44.3072
-72.5805 44.2624
-73.7579 42.6528
-76.8836 40.2644
-81.6123 38.3362
-82.9991 39.9613
-84.5553 42.7336
-86.1626 39.7686
-84.8754 38.1867
-86.7842 36.1658
-89.655 39.7984
-89.3844 43.0747
-92.1729 38.5792
-93.6037 41.5911
-93.1022 44.9551
-100.346 44.367
-100.783 46.8209
-112.018 46.5857
-111.888 40.7775
-116.2 43.6178
-119.766 39.1639
-121.494 38.5767
-123.03 44.9385
-122.905 47.0358
-134.42 58.3016
-157.857 21.3074
-112.097 33.4481
-105.94 35.6822
-104.985 39.7392
-96.6997 40.8081
-95.678 39.0482
-97.5033 35.4922
-97.7403 30.2747
-92.289 34.7466
-91.1874 30.4571
-90.1821 32.3038
-86.3006 32.3777

Generation 970
Best distance: 276.615
Best path:
-86.3006 32.3777
-84.2813 30.4381
-84.3882 33.749
-81.0332 34.0003
-78.6391 35.7804
-77.4336 37.5389
-76.4909 38.9788
-75.5197 39.1573
-74.7699 40.2206
-72.6822 41.764
-71.415 41.8309
-71.0637 42.3582
-71.538 43.2069
-69.7817 44.3072
-72.5805 44.2624
-73.7579 42.6528
-76.8836 40.2644
-81.6123 38.3362
-82.9991 39.9613
-84.5553 42.7336
-86.1626 39.7686
-84.8754 38.1867
-86.7842 36.1658
-89.655 39.7984
-89.3844 43.0747
-92.1729 38.5792
-93.6037 41.5911
-93.1022 44.9551
-100.346 44.367
-100.783 46.8209
-112.018 46.5857
-111.888 40.7775
-116.2 43.6178
-119.766 39.1639
-121.494 38.5767
-123.03 44.9385
-122.905 47.0358
-134.42 58.3016
-157.857 21.3074
-112.097 33.4481
-105.94 35.6822
-104.985 39.7392
-96.6997 40.8081
-95.678 39.0482
-97.5033 35.4922
-97.7403 30.2747
-92.289 34.7466
-91.1874 30.4571
-90.1821 32.3038
-86.3006 32.3777

Generation 980
Best distance: 276.615
Best path:
-86.3006 32.3777
-84.2813 30.4381
-84.3882 33.749
-81.0332 34.0003
-78.6391 35.7804
-77.4336 37.5389
-76.4909 38.9788
-75.5197 39.1573
-74.7699 40.2206
-72.6822 41.764
-71.415 41.8309
-71.0637 42.3582
-71.538 43.2069
-69.7817 44.3072
-72.5805 44.2624
-73.7579 42.6528
-76.8836 40.2644
-81.6123 38.3362
-82.9991 39.9613
-84.5553 42.7336
-86.1626 39.7686
-84.8754 38.1867
-86.7842 36.1658
-89.655 39.7984
-89.3844 43.0747
-92.1729 38.5792
-93.6037 41.5911
-93.1022 44.9551
-100.346 44.367
-100.783 46.8209
-112.018 46.5857
-111.888 40.7775
-116.2 43.6178
-119.766 39.1639
-121.494 38.5767
-123.03 44.9385
-122.905 47.0358
-134.42 58.3016
-157.857 21.3074
-112.097 33.4481
-105.94 35.6822
-104.985 39.7392
-96.6997 40.8081
-95.678 39.0482
-97.5033 35.4922
-97.7403 30.2747
-92.289 34.7466
-91.1874 30.4571
-90.1821 32.3038
-86.3006 32.3777

Generation 990
Best distance: 276.615
Best path:
-86.3006 32.3777
-84.2813 30.4381
-84.3882 33.749
-81.0332 34.0003
-78.6391 35.7804
-77.4336 37.5389
-76.4909 38.9788
-75.5197 39.1573
-74.7699 40.2206
-72.6822 41.764
-71.415 41.8309
-71.0637 42.3582
-71.538 43.2069
-69.7817 44.3072
-72.5805 44.2624
-73.7579 42.6528
-76.8836 40.2644
-81.6123 38.3362
-82.9991 39.9613
-84.5553 42.7336
-86.1626 39.7686
-84.8754 38.1867
-86.7842 36.1658
-89.655 39.7984
-89.3844 43.0747
-92.1729 38.5792
-93.6037 41.5911
-93.1022 44.9551
-100.346 44.367
-100.783 46.8209
-112.018 46.5857
-111.888 40.7775
-116.2 43.6178
-119.766 39.1639
-121.494 38.5767
-123.03 44.9385
-122.905 47.0358
-134.42 58.3016
-157.857 21.3074
-112.097 33.4481
-105.94 35.6822
-104.985 39.7392
-96.6997 40.8081
-95.678 39.0482
-97.5033 35.4922
-97.7403 30.2747
-92.289 34.7466
-91.1874 30.4571
-90.1821 32.3038
-86.3006 32.3777

