0       0.307586       0.307586              0
1       0.253877       0.280732      0.0268544
2       0.537306       0.366257      0.0869188
3       0.379582       0.369588      0.0615511
4       0.414883       0.378647      0.0485303
5        0.23677       0.355001       0.046144
6       0.312087        0.34887      0.0394777
7        0.30821       0.343788      0.0345644
8       0.445906       0.355134      0.0325261
9       0.319535       0.351574      0.0293093
10       0.353945        0.35179      0.0265121
11       0.448738       0.359869       0.025515
12       0.398349       0.362829      0.0236563
13       0.347775       0.361754      0.0219278
14      0.0212229       0.339052      0.0305304
15       0.503307       0.349318      0.0303476
16       0.407034       0.352713      0.0287081
17       0.298723       0.349713       0.027232
18       0.338951       0.349147      0.0257651
19       0.309999       0.347189      0.0245211
20       0.539004       0.356323       0.025049
21       0.216949       0.349988      0.0247092
22        0.51503       0.357164      0.0246768
23       0.466886       0.361736      0.0240645
24       0.211775       0.355737      0.0238486
25       0.531152       0.362484      0.0238856
26       0.424961       0.364798      0.0231001
27       0.182538       0.358289      0.0231921
28        0.40195       0.359794      0.0224286
29       0.210894       0.354831      0.0222293
30       0.381986       0.355707      0.0215181
31       0.155412       0.349448      0.0217547
32       0.240485       0.346146      0.0213421
33       0.148179       0.340323       0.021508
34       0.397611        0.34196      0.0209485
35       0.408905        0.34382      0.0204431
36      0.0183028       0.335022      0.0217423
37       0.376535       0.336114      0.0211906
38       0.219244       0.333118      0.0208565
39       0.323469       0.332876      0.0203299
40       0.395931       0.334414      0.0198874
41       0.315643       0.333967      0.0194132
42       0.471824       0.337173      0.0192256
43       0.289297       0.336085       0.018815
44       0.269455       0.334605      0.0184517
45       0.375404       0.335491      0.0180679
46        0.33398       0.335459      0.0176793
47       0.287634       0.334463      0.0173357
48       0.487961       0.337596      0.0172648
49       0.535099       0.341546      0.0173711
50       0.380501       0.342309      0.0170442
51       0.141027       0.338439      0.0171556
52       0.305335       0.337814      0.0168404
53       0.369962       0.338409      0.0165363
54      0.0858119       0.333817        0.01687
55       0.173904       0.330961      0.0168104
56       0.238507       0.329339      0.0165923
57        0.18573       0.326863      0.0164906
58       0.592299       0.331362      0.0168215
59       0.371718       0.332035      0.0165524
60       0.358151       0.332463      0.0162845
61       0.552362        0.33601      0.0164076
62       0.497569       0.338574      0.0163474
63       0.323923       0.338345      0.0160916
64       0.285677       0.337535      0.0158628
65       0.344696       0.337643       0.015621
66      0.0274447       0.333013      0.0160676
67       0.276239       0.332179      0.0158515
68       0.352298        0.33247      0.0156228
69       0.365614       0.332944      0.0154053
70       0.513783       0.335491      0.0153989
71       0.297443       0.334962      0.0151927
72       0.334461       0.334955      0.0149831
73       0.296692       0.334438      0.0147883
74       0.471437       0.336265      0.0147037
75        0.25948       0.335255      0.0145441
76       0.333507       0.335232       0.014354
77       0.393028       0.335973      0.0141881
78       0.533027       0.338467      0.0142277
79       0.277341       0.337703      0.0140695
80       0.481751       0.339481      0.0140081
81        0.26213       0.338538      0.0138683
82       0.286421        0.33791      0.0137146
83       0.233407       0.336666      0.0136073
84       0.366606       0.337018      0.0134509
85       0.696256       0.341196      0.0139344
86       0.293818       0.340651      0.0137841
87        0.30219       0.340214      0.0136335
88       0.521013       0.342245      0.0136317
89       0.160115       0.340222      0.0136305
90       0.369184        0.34054      0.0134836
91       0.356157        0.34071      0.0133373
92       0.495158        0.34237      0.0132972
93       0.299223       0.341911       0.013163
94       0.273528       0.341192      0.0130436
95       0.224646       0.339978       0.012964
96       0.580088       0.342453      0.0130663
97        0.43585       0.343406      0.0129673
98       0.219699       0.342156      0.0128963
99       0.374862       0.342484      0.0127709
